HUGE_NEGATIVE -> -1000.0
HUGE_POSITIVE -> 1000.0
STOP_TIME -> 0
STOP_ITERATIONS -> 1
STOP_FMCALLS -> 2
CUSTOM_HEURISTIC -> 0
ADVANCED_HEURISTIC -> 1
epsilon -> 1.0E-6
K -> 1.4142135623730951
rollout_depth -> 12
heuristic_method -> 0
stop_type -> 1
num_iterations -> 350
num_fmcalls -> 2000
num_time -> 40
SAFE_PLACE_DEFAULT -> 0
SAFE_PLACE_ADVANCED -> 1
SAFE_PLACE_EARLY_STOP -> 2
safe_place_method -> 0
UCT_UCB1 -> 0
UCT_UCB1_TURNED -> 1
uct_method -> 0
uctBias -> 0.0
progressiveUnpruningEnable -> false
progressiveUnpruningT -> 30
progressiveUnpruningKInit -> 4
progressiveUnpruningA -> 50.0
progressiveUnpruningB -> 1.3
WARNING: Invalid agent ID: 7
0-10-4--1-0-7-0-5 [DoNothing,MCV2,DoNothing,MCTS]
1636282537673, 60743, 0/40, [LOSS (0), WIN (2), LOSS (0), LOSS (0)]
1636282568753, 60743, 1/40, [LOSS (0), LOSS (2), LOSS (0), WIN (0)]
1636282593596, 60743, 2/40, [LOSS (0), WIN (2), LOSS (0), LOSS (0)]
1636282617359, 60743, 3/40, [LOSS (0), TIE (2), LOSS (0), TIE (0)]
1636282644592, 97782, 4/40, [LOSS (0), LOSS (2), LOSS (0), WIN (0)]
1636282666786, 97782, 5/40, [LOSS (0), LOSS (2), LOSS (0), WIN (0)]
1636282695231, 97782, 6/40, [LOSS (0), TIE (2), LOSS (0), TIE (0)]
1636282750256, 97782, 7/40, [LOSS (0), TIE (2), LOSS (0), TIE (0)]
1636282788000, 86486, 8/40, [LOSS (0), WIN (2), LOSS (0), LOSS (0)]
1636282822793, 86486, 9/40, [LOSS (0), TIE (2), LOSS (0), TIE (0)]
1636282849956, 86486, 10/40, [LOSS (0), WIN (2), LOSS (0), LOSS (0)]
1636282872402, 86486, 11/40, [LOSS (0), TIE (2), LOSS (0), TIE (0)]
1636282900342, 84599, 12/40, [LOSS (0), TIE (2), LOSS (0), TIE (0)]
1636282935236, 84599, 13/40, [LOSS (0), TIE (2), LOSS (0), TIE (0)]
1636282967220, 84599, 14/40, [LOSS (0), LOSS (2), LOSS (0), WIN (0)]
1636282995834, 84599, 15/40, [LOSS (0), LOSS (2), LOSS (0), WIN (0)]
1636283027581, 38196, 16/40, [LOSS (0), TIE (2), LOSS (0), TIE (0)]
1636283066281, 38196, 17/40, [LOSS (0), LOSS (2), LOSS (0), WIN (0)]
1636283099860, 38196, 18/40, [LOSS (0), WIN (2), LOSS (0), LOSS (0)]
1636283141144, 38196, 19/40, [LOSS (0), WIN (2), LOSS (0), LOSS (0)]
1636283178485, 98741, 20/40, [LOSS (0), LOSS (2), LOSS (0), WIN (0)]
1636283205749, 98741, 21/40, [LOSS (0), LOSS (2), LOSS (0), WIN (0)]
1636283232714, 98741, 22/40, [LOSS (0), TIE (2), LOSS (0), TIE (0)]
1636283261689, 98741, 23/40, [LOSS (0), TIE (2), LOSS (0), TIE (0)]
1636283290187, 6796, 24/40, [LOSS (0), WIN (2), LOSS (0), LOSS (0)]
1636283321373, 6796, 25/40, [LOSS (0), LOSS (2), LOSS (0), WIN (0)]
1636283348658, 6796, 26/40, [LOSS (0), WIN (2), LOSS (0), LOSS (0)]
1636283373593, 6796, 27/40, [LOSS (0), WIN (2), LOSS (0), LOSS (0)]
1636283400730, 92520, 28/40, [LOSS (0), WIN (2), LOSS (0), LOSS (0)]
1636283436788, 92520, 29/40, [LOSS (0), WIN (2), LOSS (0), LOSS (0)]
1636283462717, 92520, 30/40, [LOSS (0), WIN (2), LOSS (0), LOSS (0)]
1636283493149, 92520, 31/40, [LOSS (0), TIE (2), LOSS (0), TIE (0)]
1636283523155, 96959, 32/40, [LOSS (0), TIE (2), LOSS (0), TIE (0)]
1636283549744, 96959, 33/40, [LOSS (0), TIE (2), LOSS (0), TIE (0)]
1636283575150, 96959, 34/40, [LOSS (0), TIE (2), LOSS (0), TIE (0)]
1636283601113, 96959, 35/40, [LOSS (0), TIE (2), LOSS (0), TIE (0)]
1636283639841, 26485, 36/40, [LOSS (0), LOSS (2), LOSS (0), WIN (0)]
1636283669583, 26485, 37/40, [LOSS (0), LOSS (2), LOSS (0), WIN (0)]
1636283700456, 26485, 38/40, [LOSS (0), WIN (2), LOSS (0), LOSS (0)]
1636283727485, 26485, 39/40, [LOSS (0), LOSS (2), LOSS (0), WIN (0)]
N 	Win 	Tie 	Loss 	Player (overtime average)
40	0.0%	0.0%	100.0%	players.DoNothingPlayer (0.0)
40	32.5%	37.5%	30.0%	players.mcts_v2.mcts.MCTSPlayer_V2 (2.0)
40	0.0%	0.0%	100.0%	players.DoNothingPlayer (0.0)
40	30.0%	37.5%	32.5%	players.mcts.MCTSPlayer (0.0)
java -jar out/eval/java-pommerman.jar 0 10 4 -1 0 7 0 5 350 12 UCT_UCB1 SAFE_PLACE_DEFAULT CUSTOM_HEURISTIC 0 false 30 4 50.0 1.3
