HUGE_NEGATIVE -> -1000.0
HUGE_POSITIVE -> 1000.0
STOP_TIME -> 0
STOP_ITERATIONS -> 1
STOP_FMCALLS -> 2
CUSTOM_HEURISTIC -> 0
ADVANCED_HEURISTIC -> 1
epsilon -> 1.0E-6
K -> 1.4142135623730951
rollout_depth -> 12
heuristic_method -> 1
stop_type -> 1
num_iterations -> 200
num_fmcalls -> 2000
num_time -> 40
SAFE_PLACE_DEFAULT -> 0
SAFE_PLACE_ADVANCED -> 1
SAFE_PLACE_EARLY_STOP -> 2
safe_place_method -> 0
UCT_UCB1 -> 0
UCT_UCB1_TURNED -> 1
uct_method -> 0
uctBias -> 0.0
progressiveUnpruningEnable -> false
progressiveUnpruningT -> 30
progressiveUnpruningKInit -> 4
progressiveUnpruningA -> 50.0
progressiveUnpruningB -> 1.3
WARNING: Invalid agent ID: 7
0-10-4--1-0-7-0-5 [DoNothing,MCV2,DoNothing,MCTS]
1636281779066, 16807, 0/40, [LOSS (0), TIE (1), LOSS (0), TIE (0)]
1636281819801, 16807, 1/40, [LOSS (0), WIN (1), LOSS (0), LOSS (0)]
1636281846204, 16807, 2/40, [LOSS (0), LOSS (1), LOSS (0), WIN (0)]
1636281868703, 16807, 3/40, [LOSS (0), LOSS (1), LOSS (0), WIN (0)]
1636281893647, 80559, 4/40, [LOSS (0), TIE (1), LOSS (0), TIE (0)]
1636281916711, 80559, 5/40, [LOSS (0), TIE (1), LOSS (0), TIE (0)]
1636281937701, 80559, 6/40, [LOSS (0), TIE (1), LOSS (0), TIE (0)]
1636281958922, 80559, 7/40, [LOSS (0), TIE (1), LOSS (0), TIE (0)]
1636281982124, 91600, 8/40, [LOSS (0), LOSS (1), LOSS (0), WIN (0)]
1636282007917, 91600, 9/40, [LOSS (0), LOSS (1), LOSS (0), WIN (0)]
1636282032220, 91600, 10/40, [LOSS (0), LOSS (1), LOSS (0), WIN (0)]
1636282054391, 91600, 11/40, [LOSS (0), LOSS (1), LOSS (0), WIN (0)]
1636282080451, 48183, 12/40, [LOSS (0), TIE (1), LOSS (0), TIE (0)]
1636282102099, 48183, 13/40, [LOSS (0), LOSS (1), LOSS (0), WIN (0)]
1636282123890, 48183, 14/40, [LOSS (0), LOSS (1), LOSS (0), WIN (0)]
1636282147403, 48183, 15/40, [LOSS (0), LOSS (1), LOSS (0), WIN (0)]
1636282171036, 81750, 16/40, [LOSS (0), TIE (1), LOSS (0), TIE (0)]
1636282196077, 81750, 17/40, [LOSS (0), TIE (1), LOSS (0), TIE (0)]
1636282222583, 81750, 18/40, [LOSS (0), TIE (1), LOSS (0), TIE (0)]
1636282248762, 81750, 19/40, [LOSS (0), TIE (1), LOSS (0), TIE (0)]
1636282274971, 45486, 20/40, [LOSS (0), TIE (1), LOSS (0), TIE (0)]
1636282299355, 45486, 21/40, [LOSS (0), LOSS (1), LOSS (0), WIN (0)]
1636282323570, 45486, 22/40, [LOSS (0), WIN (1), LOSS (0), LOSS (0)]
1636282347589, 45486, 23/40, [LOSS (0), TIE (1), LOSS (0), TIE (0)]
1636282371840, 47887, 24/40, [LOSS (0), LOSS (1), LOSS (0), WIN (0)]
1636282394843, 47887, 25/40, [LOSS (0), WIN (1), LOSS (0), LOSS (0)]
1636282416558, 47887, 26/40, [LOSS (0), LOSS (1), LOSS (0), WIN (0)]
1636282438934, 47887, 27/40, [LOSS (0), LOSS (1), LOSS (0), WIN (0)]
1636282461053, 29743, 28/40, [LOSS (0), TIE (1), LOSS (0), TIE (0)]
1636282486317, 29743, 29/40, [LOSS (0), WIN (1), LOSS (0), LOSS (0)]
1636282508402, 29743, 30/40, [LOSS (0), LOSS (1), LOSS (0), WIN (0)]
1636282531013, 29743, 31/40, [LOSS (0), LOSS (1), LOSS (0), WIN (0)]
1636282556812, 38805, 32/40, [LOSS (0), TIE (1), LOSS (0), TIE (0)]
1636282579594, 38805, 33/40, [LOSS (0), TIE (1), LOSS (0), TIE (0)]
1636282600098, 38805, 34/40, [LOSS (0), TIE (1), LOSS (0), TIE (0)]
1636282622020, 38805, 35/40, [LOSS (0), TIE (1), LOSS (0), TIE (0)]
1636282642134, 92409, 36/40, [TIE (0), TIE (1), TIE (0), TIE (0)]
1636282661379, 92409, 37/40, [TIE (0), TIE (1), TIE (0), TIE (0)]
1636282681110, 92409, 38/40, [TIE (0), TIE (1), TIE (0), TIE (0)]
1636282703045, 92409, 39/40, [TIE (0), TIE (1), TIE (0), TIE (0)]
N 	Win 	Tie 	Loss 	Player (overtime average)
40	0.0%	10.0%	90.0%	players.DoNothingPlayer (0.0)
40	10.0%	52.5%	37.5%	players.mcts_v2.mcts.MCTSPlayer_V2 (1.0)
40	0.0%	10.0%	90.0%	players.DoNothingPlayer (0.0)
40	37.5%	52.5%	10.0%	players.mcts.MCTSPlayer (0.0)
java -jar out/eval/java-pommerman.jar 0 10 4 -1 0 7 0 5 200 12 UCT_UCB1 SAFE_PLACE_DEFAULT ADVANCED_HEURISTIC 0 false 30 4 50.0 1.3
