HUGE_NEGATIVE -> -1000.0
HUGE_POSITIVE -> 1000.0
STOP_TIME -> 0
STOP_ITERATIONS -> 1
STOP_FMCALLS -> 2
CUSTOM_HEURISTIC -> 0
ADVANCED_HEURISTIC -> 1
epsilon -> 1.0E-6
K -> 1.4142135623730951
rollout_depth -> 12
heuristic_method -> 0
stop_type -> 1
num_iterations -> 200
num_fmcalls -> 2000
num_time -> 40
SAFE_PLACE_DEFAULT -> 0
SAFE_PLACE_ADVANCED -> 1
SAFE_PLACE_EARLY_STOP -> 2
safe_place_method -> 0
UCT_UCB1 -> 0
UCT_UCB1_TURNED -> 1
uct_method -> 0
uctBias -> 0.0
progressiveUnpruningEnable -> false
progressiveUnpruningT -> 30
progressiveUnpruningKInit -> 4
progressiveUnpruningA -> 50.0
progressiveUnpruningB -> 1.3
WARNING: Invalid agent ID: 7
0-10-4--1-0-7-0-5 [DoNothing,MCV2,DoNothing,MCTS]
1636284089847, 81184, 0/40, [LOSS (0), WIN (1), LOSS (0), LOSS (0)]
1636284114141, 81184, 1/40, [LOSS (0), WIN (1), LOSS (0), LOSS (0)]
1636284135411, 81184, 2/40, [LOSS (0), LOSS (1), LOSS (0), WIN (0)]
1636284154815, 81184, 3/40, [LOSS (0), WIN (1), LOSS (0), LOSS (0)]
1636284175547, 19782, 4/40, [LOSS (0), LOSS (1), LOSS (0), WIN (0)]
1636284196436, 19782, 5/40, [LOSS (0), WIN (1), LOSS (0), LOSS (0)]
1636284217921, 19782, 6/40, [LOSS (0), LOSS (1), LOSS (0), WIN (0)]
1636284237909, 19782, 7/40, [LOSS (0), LOSS (1), LOSS (0), WIN (0)]
1636284255474, 97142, 8/40, [LOSS (0), TIE (1), LOSS (0), TIE (0)]
1636284275597, 97142, 9/40, [LOSS (0), WIN (1), LOSS (0), LOSS (0)]
1636284294891, 97142, 10/40, [LOSS (0), LOSS (1), LOSS (0), WIN (0)]
1636284315287, 97142, 11/40, [LOSS (0), LOSS (1), LOSS (0), WIN (0)]
1636284336894, 13057, 12/40, [LOSS (0), LOSS (1), LOSS (0), WIN (0)]
1636284357961, 13057, 13/40, [LOSS (0), LOSS (1), LOSS (0), WIN (0)]
1636284378523, 13057, 14/40, [LOSS (0), LOSS (1), LOSS (0), WIN (0)]
1636284396777, 13057, 15/40, [LOSS (0), TIE (1), LOSS (0), TIE (0)]
1636284417922, 53293, 16/40, [LOSS (0), WIN (1), LOSS (0), LOSS (0)]
1636284437943, 53293, 17/40, [LOSS (0), WIN (1), LOSS (0), LOSS (0)]
1636284457496, 53293, 18/40, [LOSS (0), LOSS (1), LOSS (0), WIN (0)]
1636284473336, 53293, 19/40, [LOSS (0), WIN (1), LOSS (0), LOSS (0)]
1636284495228, 22033, 20/40, [LOSS (0), LOSS (1), LOSS (0), WIN (0)]
1636284515891, 22033, 21/40, [LOSS (0), WIN (1), LOSS (0), LOSS (0)]
1636284536289, 22033, 22/40, [LOSS (0), LOSS (1), LOSS (0), WIN (0)]
1636284556421, 22033, 23/40, [LOSS (0), TIE (1), LOSS (0), TIE (0)]
1636284575659, 94236, 24/40, [LOSS (0), TIE (1), LOSS (0), TIE (0)]
1636284593963, 94236, 25/40, [LOSS (0), TIE (1), LOSS (0), TIE (0)]
1636284612373, 94236, 26/40, [LOSS (0), TIE (1), LOSS (0), TIE (0)]
1636284630682, 94236, 27/40, [LOSS (0), TIE (1), LOSS (0), TIE (0)]
1636284648756, 23902, 28/40, [LOSS (0), TIE (1), LOSS (0), TIE (0)]
1636284670372, 23902, 29/40, [LOSS (0), LOSS (1), LOSS (0), WIN (0)]
1636284692526, 23902, 30/40, [LOSS (0), TIE (1), LOSS (0), TIE (0)]
1636284714639, 23902, 31/40, [LOSS (0), LOSS (1), LOSS (0), WIN (0)]
1636284735785, 34031, 32/40, [LOSS (0), LOSS (1), LOSS (0), WIN (0)]
1636284754980, 34031, 33/40, [LOSS (0), WIN (1), LOSS (0), LOSS (0)]
1636284774922, 34031, 34/40, [LOSS (0), WIN (1), LOSS (0), LOSS (0)]
1636284795314, 34031, 35/40, [LOSS (0), WIN (1), LOSS (0), LOSS (0)]
1636284815374, 2224, 36/40, [LOSS (0), TIE (1), LOSS (0), TIE (0)]
1636284835596, 2224, 37/40, [LOSS (0), TIE (1), LOSS (0), TIE (0)]
1636284855644, 2224, 38/40, [LOSS (0), TIE (1), LOSS (0), TIE (0)]
1636284875497, 2224, 39/40, [LOSS (0), TIE (1), LOSS (0), TIE (0)]
N 	Win 	Tie 	Loss 	Player (overtime average)
40	0.0%	0.0%	100.0%	players.DoNothingPlayer (0.0)
40	30.0%	32.5%	37.5%	players.mcts_v2.mcts.MCTSPlayer_V2 (1.0)
40	0.0%	0.0%	100.0%	players.DoNothingPlayer (0.0)
40	37.5%	32.5%	30.0%	players.mcts.MCTSPlayer (0.0)
java -jar out/eval/java-pommerman.jar 0 10 4 -1 0 7 0 5 200 12 UCT_UCB1 SAFE_PLACE_DEFAULT CUSTOM_HEURISTIC 0 false 30 4 50.0 1.3
