HUGE_NEGATIVE -> -1000.0
HUGE_POSITIVE -> 1000.0
STOP_TIME -> 0
STOP_ITERATIONS -> 1
STOP_FMCALLS -> 2
CUSTOM_HEURISTIC -> 0
ADVANCED_HEURISTIC -> 1
epsilon -> 1.0E-6
K -> 1.4142135623730951
rollout_depth -> 12
heuristic_method -> 0
stop_type -> 1
num_iterations -> 450
num_fmcalls -> 2000
num_time -> 40
SAFE_PLACE_DEFAULT -> 0
SAFE_PLACE_ADVANCED -> 1
SAFE_PLACE_EARLY_STOP -> 2
safe_place_method -> 0
UCT_UCB1 -> 0
UCT_UCB1_TURNED -> 1
uct_method -> 0
uctBias -> 0.0
progressiveUnpruningEnable -> false
progressiveUnpruningT -> 30
progressiveUnpruningKInit -> 4
progressiveUnpruningA -> 50.0
progressiveUnpruningB -> 1.3
WARNING: Invalid agent ID: 7
0-10-4--1-0-7-0-5 [DoNothing,MCV2,DoNothing,MCTS]
1636282575851, 13297, 0/40, [LOSS (0), TIE (4), LOSS (0), TIE (0)]
1636282609360, 13297, 1/40, [LOSS (0), WIN (4), LOSS (0), LOSS (0)]
1636282640190, 13297, 2/40, [LOSS (0), LOSS (4), LOSS (0), WIN (0)]
1636282670980, 13297, 3/40, [LOSS (0), WIN (4), LOSS (0), LOSS (0)]
1636282704977, 96098, 4/40, [LOSS (0), LOSS (4), LOSS (0), WIN (0)]
1636282764527, 96098, 5/40, [LOSS (0), WIN (4), LOSS (0), LOSS (0)]
1636282805918, 96098, 6/40, [LOSS (0), LOSS (4), LOSS (0), WIN (0)]
1636282840671, 96098, 7/40, [LOSS (0), LOSS (4), LOSS (0), WIN (0)]
1636282870778, 36453, 8/40, [LOSS (0), LOSS (4), LOSS (0), WIN (0)]
1636282902008, 36453, 9/40, [LOSS (0), LOSS (4), LOSS (0), WIN (0)]
1636282942486, 36453, 10/40, [LOSS (0), LOSS (4), LOSS (0), WIN (0)]
1636282976470, 36453, 11/40, [LOSS (0), WIN (4), LOSS (0), LOSS (0)]
1636283016308, 32091, 12/40, [LOSS (0), LOSS (4), LOSS (0), WIN (0)]
1636283061014, 32091, 13/40, [LOSS (0), LOSS (4), LOSS (0), WIN (0)]
1636283101448, 32091, 14/40, [LOSS (0), TIE (4), LOSS (0), TIE (0)]
1636283154830, 32091, 15/40, [LOSS (0), WIN (4), LOSS (0), LOSS (0)]
1636283196186, 1697, 16/40, [LOSS (0), TIE (4), LOSS (0), TIE (0)]
1636283227597, 1697, 17/40, [LOSS (0), TIE (4), LOSS (0), TIE (0)]
1636283260681, 1697, 18/40, [LOSS (0), TIE (4), LOSS (0), TIE (0)]
1636283295660, 1697, 19/40, [LOSS (0), TIE (4), LOSS (0), TIE (0)]
1636283328855, 49214, 20/40, [LOSS (0), TIE (4), LOSS (0), TIE (0)]
1636283361436, 49214, 21/40, [LOSS (0), TIE (4), LOSS (0), TIE (0)]
1636283392879, 49214, 22/40, [LOSS (0), LOSS (4), LOSS (0), WIN (0)]
1636283431817, 49214, 23/40, [LOSS (0), TIE (4), LOSS (0), TIE (0)]
1636283467089, 16187, 24/40, [LOSS (0), TIE (4), LOSS (0), TIE (0)]
1636283504615, 16187, 25/40, [LOSS (0), TIE (4), LOSS (0), TIE (0)]
1636283540416, 16187, 26/40, [LOSS (0), TIE (4), LOSS (0), TIE (0)]
1636283576877, 16187, 27/40, [LOSS (0), TIE (4), LOSS (0), TIE (0)]
1636283618520, 24039, 28/40, [LOSS (0), LOSS (4), LOSS (0), WIN (0)]
1636283662556, 24039, 29/40, [LOSS (0), TIE (4), LOSS (0), TIE (0)]
1636283701968, 24039, 30/40, [LOSS (0), LOSS (4), LOSS (0), WIN (0)]
1636283731312, 24039, 31/40, [LOSS (0), LOSS (4), LOSS (0), WIN (0)]
1636283770850, 41412, 32/40, [LOSS (0), LOSS (4), LOSS (0), WIN (0)]
1636283830180, 41412, 33/40, [LOSS (0), LOSS (4), LOSS (0), WIN (0)]
1636283874199, 41412, 34/40, [LOSS (0), LOSS (4), LOSS (0), WIN (0)]
1636283923504, 41412, 35/40, [LOSS (0), LOSS (4), LOSS (0), WIN (0)]
1636283963745, 56849, 36/40, [LOSS (0), TIE (4), LOSS (0), TIE (0)]
1636283993885, 56849, 37/40, [LOSS (0), TIE (4), LOSS (0), TIE (0)]
1636284023638, 56849, 38/40, [LOSS (0), TIE (4), LOSS (0), TIE (0)]
1636284054099, 56849, 39/40, [LOSS (0), TIE (4), LOSS (0), TIE (0)]
N 	Win 	Tie 	Loss 	Player (overtime average)
40	0.0%	0.0%	100.0%	players.DoNothingPlayer (0.0)
40	12.5%	45.0%	42.5%	players.mcts_v2.mcts.MCTSPlayer_V2 (4.0)
40	0.0%	0.0%	100.0%	players.DoNothingPlayer (0.0)
40	42.5%	45.0%	12.5%	players.mcts.MCTSPlayer (0.0)
java -jar out/eval/java-pommerman.jar 0 10 4 -1 0 7 0 5 450 12 UCT_UCB1 SAFE_PLACE_DEFAULT CUSTOM_HEURISTIC 0 false 30 4 50.0 1.3
