HUGE_NEGATIVE -> -1000.0
HUGE_POSITIVE -> 1000.0
STOP_TIME -> 0
STOP_ITERATIONS -> 1
STOP_FMCALLS -> 2
CUSTOM_HEURISTIC -> 0
ADVANCED_HEURISTIC -> 1
epsilon -> 1.0E-6
K -> 1.4142135623730951
rollout_depth -> 12
heuristic_method -> 0
stop_type -> 1
num_iterations -> 200
num_fmcalls -> 2000
num_time -> 40
SAFE_PLACE_DEFAULT -> 0
SAFE_PLACE_ADVANCED -> 1
SAFE_PLACE_EARLY_STOP -> 2
safe_place_method -> 0
UCT_UCB1 -> 0
UCT_UCB1_TURNED -> 1
uct_method -> 0
uctBias -> 0.0
progressiveUnpruningEnable -> false
progressiveUnpruningT -> 30
progressiveUnpruningKInit -> 4
progressiveUnpruningA -> 50.0
progressiveUnpruningB -> 1.3
WARNING: Invalid agent ID: 7
0-10-4--1-0-7-0-5 [DoNothing,MCV2,DoNothing,MCTS]
1636285268533, 48279, 0/40, [LOSS (0), WIN (1), LOSS (0), LOSS (0)]
1636285293956, 48279, 1/40, [LOSS (0), WIN (1), LOSS (0), LOSS (0)]
1636285317867, 48279, 2/40, [LOSS (0), WIN (1), LOSS (0), LOSS (0)]
1636285338032, 48279, 3/40, [LOSS (0), LOSS (1), LOSS (0), WIN (0)]
1636285358272, 85292, 4/40, [LOSS (0), LOSS (1), LOSS (0), WIN (0)]
1636285378632, 85292, 5/40, [LOSS (0), LOSS (1), LOSS (0), WIN (0)]
1636285407047, 85292, 6/40, [LOSS (0), TIE (1), LOSS (0), TIE (0)]
1636285428976, 85292, 7/40, [LOSS (0), WIN (1), LOSS (0), LOSS (0)]
1636285451656, 81933, 8/40, [LOSS (0), TIE (1), LOSS (0), TIE (0)]
1636285474040, 81933, 9/40, [LOSS (0), LOSS (1), LOSS (0), WIN (0)]
1636285494493, 81933, 10/40, [LOSS (0), WIN (1), LOSS (0), LOSS (0)]
1636285516544, 81933, 11/40, [LOSS (0), WIN (1), LOSS (0), LOSS (0)]
1636285537904, 6571, 12/40, [TIE (0), TIE (1), TIE (0), TIE (0)]
1636285555460, 6571, 13/40, [TIE (0), TIE (1), TIE (0), TIE (0)]
1636285573663, 6571, 14/40, [TIE (0), TIE (1), TIE (0), TIE (0)]
1636285592113, 6571, 15/40, [TIE (0), TIE (1), TIE (0), TIE (0)]
1636285610193, 11386, 16/40, [LOSS (0), WIN (1), LOSS (0), LOSS (0)]
1636285632885, 11386, 17/40, [LOSS (0), LOSS (1), LOSS (0), WIN (0)]
1636285654520, 11386, 18/40, [LOSS (0), WIN (1), LOSS (0), LOSS (0)]
1636285674597, 11386, 19/40, [LOSS (0), LOSS (1), LOSS (0), WIN (0)]
1636285697855, 16720, 20/40, [LOSS (0), TIE (1), LOSS (0), TIE (0)]
1636285719847, 16720, 21/40, [LOSS (0), LOSS (1), LOSS (0), WIN (0)]
1636285741654, 16720, 22/40, [LOSS (0), TIE (1), LOSS (0), TIE (0)]
1636285764623, 16720, 23/40, [LOSS (0), TIE (1), LOSS (0), TIE (0)]
1636285786063, 34224, 24/40, [LOSS (0), WIN (1), LOSS (0), LOSS (0)]
1636285808307, 34224, 25/40, [LOSS (0), LOSS (1), LOSS (0), WIN (0)]
1636285829595, 34224, 26/40, [LOSS (0), LOSS (1), LOSS (0), WIN (0)]
1636285852115, 34224, 27/40, [LOSS (0), LOSS (1), LOSS (0), WIN (0)]
1636285874340, 98086, 28/40, [LOSS (0), TIE (1), LOSS (0), TIE (0)]
1636285896522, 98086, 29/40, [LOSS (0), TIE (1), LOSS (0), TIE (0)]
1636285920822, 98086, 30/40, [LOSS (0), TIE (1), LOSS (0), TIE (0)]
1636285942629, 98086, 31/40, [LOSS (0), TIE (1), LOSS (0), TIE (0)]
1636285963745, 20374, 32/40, [LOSS (0), WIN (1), LOSS (0), LOSS (0)]
1636285985840, 20374, 33/40, [LOSS (0), TIE (1), LOSS (0), TIE (0)]
1636286007842, 20374, 34/40, [LOSS (0), LOSS (1), LOSS (0), WIN (0)]
1636286027588, 20374, 35/40, [LOSS (0), LOSS (1), LOSS (0), WIN (0)]
1636286049337, 77465, 36/40, [LOSS (0), LOSS (1), LOSS (0), WIN (0)]
1636286076372, 77465, 37/40, [LOSS (0), LOSS (1), LOSS (0), WIN (0)]
1636286098225, 77465, 38/40, [LOSS (0), LOSS (1), LOSS (0), WIN (0)]
1636286121301, 77465, 39/40, [LOSS (0), LOSS (1), LOSS (0), WIN (0)]
N 	Win 	Tie 	Loss 	Player (overtime average)
40	0.0%	10.0%	90.0%	players.DoNothingPlayer (0.0)
40	25.0%	35.0%	40.0%	players.mcts_v2.mcts.MCTSPlayer_V2 (1.0)
40	0.0%	10.0%	90.0%	players.DoNothingPlayer (0.0)
40	40.0%	35.0%	25.0%	players.mcts.MCTSPlayer (0.0)
java -jar out/eval/java-pommerman.jar 0 10 4 -1 0 7 0 5 200 12 UCT_UCB1 SAFE_PLACE_DEFAULT CUSTOM_HEURISTIC 0 false 30 4 50.0 1.3
