HUGE_NEGATIVE -> -1000.0
HUGE_POSITIVE -> 1000.0
STOP_TIME -> 0
STOP_ITERATIONS -> 1
STOP_FMCALLS -> 2
CUSTOM_HEURISTIC -> 0
ADVANCED_HEURISTIC -> 1
epsilon -> 1.0E-6
K -> 1.4142135623730951
rollout_depth -> 12
heuristic_method -> 0
stop_type -> 1
num_iterations -> 300
num_fmcalls -> 2000
num_time -> 40
SAFE_PLACE_DEFAULT -> 0
SAFE_PLACE_ADVANCED -> 1
SAFE_PLACE_EARLY_STOP -> 2
safe_place_method -> 0
UCT_UCB1 -> 0
UCT_UCB1_TURNED -> 1
uct_method -> 0
uctBias -> 0.0
progressiveUnpruningEnable -> false
progressiveUnpruningT -> 30
progressiveUnpruningKInit -> 4
progressiveUnpruningA -> 50.0
progressiveUnpruningB -> 1.3
WARNING: Invalid agent ID: 7
0-10-4--1-0-7-0-5 [DoNothing,MCV2,DoNothing,MCTS]
1636282368659, 61739, 0/40, [LOSS (0), TIE (1), LOSS (0), TIE (0)]
1636282394928, 61739, 1/40, [LOSS (0), TIE (1), LOSS (0), TIE (0)]
1636282418160, 61739, 2/40, [LOSS (0), TIE (1), LOSS (0), TIE (0)]
1636282441520, 61739, 3/40, [LOSS (0), TIE (1), LOSS (0), TIE (0)]
1636282464658, 32363, 4/40, [LOSS (0), TIE (1), LOSS (0), TIE (0)]
1636282490723, 32363, 5/40, [LOSS (0), TIE (1), LOSS (0), TIE (0)]
1636282516591, 32363, 6/40, [LOSS (0), TIE (1), LOSS (0), TIE (0)]
1636282542980, 32363, 7/40, [LOSS (0), TIE (1), LOSS (0), TIE (0)]
1636282568974, 69100, 8/40, [LOSS (0), TIE (1), LOSS (0), TIE (0)]
1636282592337, 69100, 9/40, [LOSS (0), TIE (1), LOSS (0), TIE (0)]
1636282615005, 69100, 10/40, [LOSS (0), TIE (1), LOSS (0), TIE (0)]
1636282636310, 69100, 11/40, [LOSS (0), TIE (1), LOSS (0), TIE (0)]
1636282657848, 22787, 12/40, [LOSS (0), TIE (1), LOSS (0), TIE (0)]
1636282679178, 22787, 13/40, [LOSS (0), TIE (1), LOSS (0), TIE (0)]
1636282703018, 22787, 14/40, [LOSS (0), TIE (1), LOSS (0), TIE (0)]
1636282751563, 22787, 15/40, [LOSS (0), TIE (1), LOSS (0), TIE (0)]
1636282780334, 60047, 16/40, [LOSS (0), TIE (1), LOSS (0), TIE (0)]
1636282812607, 60047, 17/40, [LOSS (0), TIE (1), LOSS (0), TIE (0)]
1636282838623, 60047, 18/40, [LOSS (0), LOSS (1), LOSS (0), WIN (0)]
1636282859679, 60047, 19/40, [LOSS (0), WIN (1), LOSS (0), LOSS (0)]
1636282882515, 89239, 20/40, [LOSS (0), WIN (1), LOSS (0), LOSS (0)]
1636282907912, 89239, 21/40, [LOSS (0), WIN (1), LOSS (0), LOSS (0)]
1636282940838, 89239, 22/40, [LOSS (0), WIN (1), LOSS (0), LOSS (0)]
1636282968794, 89239, 23/40, [LOSS (0), WIN (1), LOSS (0), LOSS (0)]
1636282998176, 97152, 24/40, [LOSS (0), WIN (1), LOSS (0), LOSS (0)]
1636283024149, 97152, 25/40, [LOSS (0), LOSS (1), LOSS (0), WIN (0)]
1636283058424, 97152, 26/40, [LOSS (0), WIN (1), LOSS (0), LOSS (0)]
1636283082062, 97152, 27/40, [LOSS (0), LOSS (1), LOSS (0), WIN (0)]
1636283113299, 35762, 28/40, [LOSS (0), WIN (1), LOSS (0), LOSS (0)]
1636283152874, 35762, 29/40, [LOSS (0), TIE (1), LOSS (0), TIE (0)]
1636283187525, 35762, 30/40, [LOSS (0), TIE (1), LOSS (0), TIE (0)]
1636283212021, 35762, 31/40, [LOSS (0), WIN (1), LOSS (0), LOSS (0)]
1636283236745, 47519, 32/40, [LOSS (0), WIN (1), LOSS (0), LOSS (0)]
1636283259993, 47519, 33/40, [LOSS (0), LOSS (1), LOSS (0), WIN (0)]
1636283284139, 47519, 34/40, [LOSS (0), LOSS (1), LOSS (0), WIN (0)]
1636283313809, 47519, 35/40, [LOSS (0), LOSS (1), LOSS (0), WIN (0)]
1636283337786, 69501, 36/40, [LOSS (0), TIE (1), LOSS (0), TIE (0)]
1636283361840, 69501, 37/40, [LOSS (0), TIE (1), LOSS (0), TIE (0)]
1636283385231, 69501, 38/40, [LOSS (0), TIE (1), LOSS (0), TIE (0)]
1636283413025, 69501, 39/40, [LOSS (0), TIE (1), LOSS (0), TIE (0)]
N 	Win 	Tie 	Loss 	Player (overtime average)
40	0.0%	0.0%	100.0%	players.DoNothingPlayer (0.0)
40	25.0%	60.0%	15.0%	players.mcts_v2.mcts.MCTSPlayer_V2 (1.0)
40	0.0%	0.0%	100.0%	players.DoNothingPlayer (0.0)
40	15.0%	60.0%	25.0%	players.mcts.MCTSPlayer (0.0)
java -jar out/eval/java-pommerman.jar 0 10 4 -1 0 7 0 5 300 12 UCT_UCB1 SAFE_PLACE_DEFAULT CUSTOM_HEURISTIC 0 false 30 4 50.0 1.3
