HUGE_NEGATIVE -> -1000.0
HUGE_POSITIVE -> 1000.0
STOP_TIME -> 0
STOP_ITERATIONS -> 1
STOP_FMCALLS -> 2
CUSTOM_HEURISTIC -> 0
ADVANCED_HEURISTIC -> 1
epsilon -> 1.0E-6
K -> 1.4142135623730951
rollout_depth -> 12
heuristic_method -> 0
stop_type -> 1
num_iterations -> 200
num_fmcalls -> 2000
num_time -> 40
SAFE_PLACE_DEFAULT -> 0
SAFE_PLACE_ADVANCED -> 1
SAFE_PLACE_EARLY_STOP -> 2
safe_place_method -> 0
UCT_UCB1 -> 0
UCT_UCB1_TURNED -> 1
uct_method -> 0
uctBias -> 1.5
progressiveUnpruningEnable -> false
progressiveUnpruningT -> 30
progressiveUnpruningKInit -> 4
progressiveUnpruningA -> 50.0
progressiveUnpruningB -> 1.3
WARNING: Invalid agent ID: 7
0-10-4--1-0-7-0-5 [DoNothing,MCV2,DoNothing,MCTS]
1636285678144, 99500, 0/40, [LOSS (0), WIN (1), LOSS (0), LOSS (0)]
1636285703636, 99500, 1/40, [LOSS (0), TIE (1), LOSS (0), TIE (0)]
1636285724666, 99500, 2/40, [LOSS (0), TIE (1), LOSS (0), TIE (0)]
1636285746723, 99500, 3/40, [LOSS (0), WIN (1), LOSS (0), LOSS (0)]
1636285768087, 42846, 4/40, [LOSS (0), TIE (1), LOSS (0), TIE (0)]
1636285787190, 42846, 5/40, [LOSS (0), TIE (1), LOSS (0), TIE (0)]
1636285806696, 42846, 6/40, [LOSS (0), TIE (1), LOSS (0), TIE (0)]
1636285825955, 42846, 7/40, [LOSS (0), TIE (1), LOSS (0), TIE (0)]
1636285845275, 3097, 8/40, [LOSS (0), LOSS (1), LOSS (0), WIN (0)]
1636285866448, 3097, 9/40, [LOSS (0), WIN (1), LOSS (0), LOSS (0)]
1636285887114, 3097, 10/40, [LOSS (0), LOSS (1), LOSS (0), WIN (0)]
1636285910660, 3097, 11/40, [LOSS (0), WIN (1), LOSS (0), LOSS (0)]
1636285932516, 47521, 12/40, [LOSS (0), WIN (1), LOSS (0), LOSS (0)]
1636285951554, 47521, 13/40, [LOSS (0), TIE (1), LOSS (0), TIE (0)]
1636285974193, 47521, 14/40, [LOSS (0), TIE (1), LOSS (0), TIE (0)]
1636285997975, 47521, 15/40, [LOSS (0), TIE (1), LOSS (0), TIE (0)]
1636286021439, 5618, 16/40, [LOSS (0), TIE (1), LOSS (0), TIE (0)]
1636286044198, 5618, 17/40, [LOSS (0), LOSS (1), LOSS (0), WIN (0)]
1636286070553, 5618, 18/40, [LOSS (0), WIN (1), LOSS (0), LOSS (0)]
1636286096392, 5618, 19/40, [LOSS (0), WIN (1), LOSS (0), LOSS (0)]
1636286117886, 87580, 20/40, [LOSS (0), LOSS (1), LOSS (0), WIN (0)]
1636286136966, 87580, 21/40, [LOSS (0), LOSS (1), LOSS (0), WIN (0)]
1636286159403, 87580, 22/40, [LOSS (0), LOSS (1), LOSS (0), WIN (0)]
1636286183715, 87580, 23/40, [LOSS (0), WIN (1), LOSS (0), LOSS (0)]
1636286206079, 78298, 24/40, [LOSS (0), TIE (1), LOSS (0), TIE (0)]
1636286227007, 78298, 25/40, [LOSS (0), TIE (1), LOSS (0), TIE (0)]
1636286247098, 78298, 26/40, [LOSS (0), TIE (1), LOSS (0), TIE (0)]
1636286266541, 78298, 27/40, [LOSS (0), TIE (1), LOSS (0), TIE (0)]
1636286286252, 40579, 28/40, [LOSS (0), LOSS (1), LOSS (0), WIN (0)]
1636286307389, 40579, 29/40, [LOSS (0), WIN (1), LOSS (0), LOSS (0)]
1636286329651, 40579, 30/40, [LOSS (0), LOSS (1), LOSS (0), WIN (0)]
1636286350241, 40579, 31/40, [LOSS (0), LOSS (1), LOSS (0), WIN (0)]
1636286373083, 63202, 32/40, [LOSS (0), LOSS (1), LOSS (0), WIN (0)]
1636286394947, 63202, 33/40, [LOSS (0), WIN (1), LOSS (0), LOSS (0)]
1636286417273, 63202, 34/40, [LOSS (0), WIN (1), LOSS (0), LOSS (0)]
1636286442334, 63202, 35/40, [LOSS (0), LOSS (1), LOSS (0), WIN (0)]
1636286464795, 74999, 36/40, [LOSS (0), TIE (1), LOSS (0), TIE (0)]
1636286486728, 74999, 37/40, [LOSS (0), TIE (1), LOSS (0), TIE (0)]
1636286509682, 74999, 38/40, [LOSS (0), TIE (1), LOSS (0), TIE (0)]
1636286532348, 74999, 39/40, [LOSS (0), WIN (1), LOSS (0), LOSS (0)]
N 	Win 	Tie 	Loss 	Player (overtime average)
40	0.0%	0.0%	100.0%	players.DoNothingPlayer (0.0)
40	30.0%	42.5%	27.5%	players.mcts_v2.mcts.MCTSPlayer_V2 (1.0)
40	0.0%	0.0%	100.0%	players.DoNothingPlayer (0.0)
40	27.5%	42.5%	30.0%	players.mcts.MCTSPlayer (0.0)
java -jar out/eval/java-pommerman.jar 0 10 4 -1 0 7 0 5 200 12 UCT_UCB1 SAFE_PLACE_DEFAULT CUSTOM_HEURISTIC 1.5 false 30 4 50.0 1.3
