HUGE_NEGATIVE -> -1000.0
HUGE_POSITIVE -> 1000.0
STOP_TIME -> 0
STOP_ITERATIONS -> 1
STOP_FMCALLS -> 2
CUSTOM_HEURISTIC -> 0
ADVANCED_HEURISTIC -> 1
epsilon -> 1.0E-6
K -> 1.4142135623730951
rollout_depth -> 12
heuristic_method -> 0
stop_type -> 1
num_iterations -> 200
num_fmcalls -> 2000
num_time -> 40
SAFE_PLACE_DEFAULT -> 0
SAFE_PLACE_ADVANCED -> 1
SAFE_PLACE_EARLY_STOP -> 2
safe_place_method -> 0
UCT_UCB1 -> 0
UCT_UCB1_TURNED -> 1
uct_method -> 0
uctBias -> 1.0
progressiveUnpruningEnable -> false
progressiveUnpruningT -> 30
progressiveUnpruningKInit -> 4
progressiveUnpruningA -> 50.0
progressiveUnpruningB -> 1.3
WARNING: Invalid agent ID: 7
0-10-4--1-0-7-0-5 [DoNothing,MCV2,DoNothing,MCTS]
1636285316551, 31246, 0/40, [LOSS (0), TIE (1), LOSS (0), TIE (0)]
1636285335826, 31246, 1/40, [LOSS (0), TIE (1), LOSS (0), TIE (0)]
1636285353111, 31246, 2/40, [LOSS (0), TIE (1), LOSS (0), TIE (0)]
1636285370266, 31246, 3/40, [LOSS (0), TIE (1), LOSS (0), TIE (0)]
1636285391089, 75064, 4/40, [LOSS (0), LOSS (1), LOSS (0), WIN (0)]
1636285417844, 75064, 5/40, [LOSS (0), WIN (1), LOSS (0), LOSS (0)]
1636285438937, 75064, 6/40, [LOSS (0), LOSS (1), LOSS (0), WIN (0)]
1636285458944, 75064, 7/40, [LOSS (0), WIN (1), LOSS (0), LOSS (0)]
1636285477916, 86141, 8/40, [LOSS (0), LOSS (1), LOSS (0), WIN (0)]
1636285500108, 86141, 9/40, [LOSS (0), WIN (1), LOSS (0), LOSS (0)]
1636285522195, 86141, 10/40, [LOSS (0), LOSS (1), LOSS (0), WIN (0)]
1636285543538, 86141, 11/40, [LOSS (0), LOSS (1), LOSS (0), WIN (0)]
1636285566164, 48375, 12/40, [LOSS (0), TIE (1), LOSS (0), TIE (0)]
1636285586292, 48375, 13/40, [LOSS (0), TIE (1), LOSS (0), TIE (0)]
1636285606307, 48375, 14/40, [LOSS (0), TIE (1), LOSS (0), TIE (0)]
1636285626968, 48375, 15/40, [LOSS (0), TIE (1), LOSS (0), TIE (0)]
1636285647189, 21356, 16/40, [LOSS (0), TIE (1), LOSS (0), TIE (0)]
1636285665866, 21356, 17/40, [LOSS (0), TIE (1), LOSS (0), TIE (0)]
1636285685917, 21356, 18/40, [LOSS (0), TIE (1), LOSS (0), TIE (0)]
1636285705625, 21356, 19/40, [LOSS (0), TIE (1), LOSS (0), TIE (0)]
1636285724786, 75756, 20/40, [LOSS (0), WIN (1), LOSS (0), LOSS (0)]
1636285745587, 75756, 21/40, [LOSS (0), WIN (1), LOSS (0), LOSS (0)]
1636285764209, 75756, 22/40, [LOSS (0), WIN (1), LOSS (0), LOSS (0)]
1636285782250, 75756, 23/40, [LOSS (0), WIN (1), LOSS (0), LOSS (0)]
1636285802072, 32258, 24/40, [LOSS (0), TIE (1), LOSS (0), TIE (0)]
1636285824121, 32258, 25/40, [LOSS (0), TIE (1), LOSS (0), TIE (0)]
1636285846659, 32258, 26/40, [LOSS (0), TIE (1), LOSS (0), TIE (0)]
1636285868895, 32258, 27/40, [LOSS (0), TIE (1), LOSS (0), TIE (0)]
1636285892246, 14160, 28/40, [LOSS (0), TIE (1), LOSS (0), TIE (0)]
1636285914390, 14160, 29/40, [LOSS (0), TIE (1), LOSS (0), TIE (0)]
1636285934179, 14160, 30/40, [LOSS (0), TIE (1), LOSS (0), TIE (0)]
1636285953417, 14160, 31/40, [LOSS (0), TIE (1), LOSS (0), TIE (0)]
1636285972719, 47574, 32/40, [LOSS (0), TIE (1), LOSS (0), TIE (0)]
1636285993106, 47574, 33/40, [LOSS (0), TIE (1), LOSS (0), TIE (0)]
1636286012599, 47574, 34/40, [LOSS (0), TIE (1), LOSS (0), TIE (0)]
1636286032862, 47574, 35/40, [LOSS (0), TIE (1), LOSS (0), TIE (0)]
1636286053494, 63590, 36/40, [LOSS (0), LOSS (1), LOSS (0), WIN (0)]
1636286078239, 63590, 37/40, [LOSS (0), TIE (1), LOSS (0), TIE (0)]
1636286103675, 63590, 38/40, [LOSS (0), WIN (1), LOSS (0), LOSS (0)]
1636286126667, 63590, 39/40, [LOSS (0), TIE (1), LOSS (0), TIE (0)]
N 	Win 	Tie 	Loss 	Player (overtime average)
40	0.0%	0.0%	100.0%	players.DoNothingPlayer (0.0)
40	20.0%	65.0%	15.0%	players.mcts_v2.mcts.MCTSPlayer_V2 (1.0)
40	0.0%	0.0%	100.0%	players.DoNothingPlayer (0.0)
40	15.0%	65.0%	20.0%	players.mcts.MCTSPlayer (0.0)
java -jar out/eval/java-pommerman.jar 0 10 4 -1 0 7 0 5 200 12 UCT_UCB1 SAFE_PLACE_DEFAULT CUSTOM_HEURISTIC 1.0 false 30 4 50.0 1.3
