HUGE_NEGATIVE -> -1000.0
HUGE_POSITIVE -> 1000.0
STOP_TIME -> 0
STOP_ITERATIONS -> 1
STOP_FMCALLS -> 2
CUSTOM_HEURISTIC -> 0
ADVANCED_HEURISTIC -> 1
epsilon -> 1.0E-6
K -> 1.4142135623730951
rollout_depth -> 12
heuristic_method -> 0
stop_type -> 1
num_iterations -> 100
num_fmcalls -> 2000
num_time -> 40
SAFE_PLACE_DEFAULT -> 0
SAFE_PLACE_ADVANCED -> 1
SAFE_PLACE_EARLY_STOP -> 2
safe_place_method -> 0
UCT_UCB1 -> 0
UCT_UCB1_TURNED -> 1
uct_method -> 0
uctBias -> 0.0
progressiveUnpruningEnable -> false
progressiveUnpruningT -> 30
progressiveUnpruningKInit -> 4
progressiveUnpruningA -> 50.0
progressiveUnpruningB -> 1.3
WARNING: Invalid agent ID: 7
0-10-4--1-0-7-0-5 [DoNothing,MCV2,DoNothing,MCTS]
1636281779065, 13889, 0/40, [LOSS (0), LOSS (0), LOSS (0), WIN (0)]
1636281804298, 13889, 1/40, [LOSS (0), LOSS (0), LOSS (0), WIN (0)]
1636281825758, 13889, 2/40, [LOSS (0), LOSS (0), LOSS (0), WIN (0)]
1636281840421, 13889, 3/40, [LOSS (0), LOSS (0), LOSS (0), WIN (0)]
1636281855359, 42688, 4/40, [LOSS (0), TIE (0), LOSS (0), TIE (0)]
1636281869824, 42688, 5/40, [LOSS (0), LOSS (0), LOSS (0), WIN (0)]
1636281883780, 42688, 6/40, [LOSS (0), TIE (0), LOSS (0), TIE (0)]
1636281900698, 42688, 7/40, [LOSS (0), TIE (0), LOSS (0), TIE (0)]
1636281915807, 67443, 8/40, [LOSS (0), LOSS (0), LOSS (0), WIN (0)]
1636281929217, 67443, 9/40, [LOSS (0), LOSS (0), LOSS (0), WIN (0)]
1636281942152, 67443, 10/40, [LOSS (0), TIE (0), LOSS (0), TIE (0)]
1636281957352, 67443, 11/40, [LOSS (0), LOSS (0), LOSS (0), WIN (0)]
1636281972896, 63204, 12/40, [LOSS (0), TIE (0), LOSS (0), TIE (0)]
1636281988506, 63204, 13/40, [LOSS (0), WIN (0), LOSS (0), LOSS (0)]
1636282003629, 63204, 14/40, [LOSS (0), LOSS (0), LOSS (0), WIN (0)]
1636282018017, 63204, 15/40, [LOSS (0), TIE (0), LOSS (0), TIE (0)]
1636282034073, 48551, 16/40, [LOSS (0), LOSS (0), LOSS (0), WIN (0)]
1636282048011, 48551, 17/40, [LOSS (0), LOSS (0), LOSS (0), WIN (0)]
1636282063968, 48551, 18/40, [LOSS (0), TIE (0), LOSS (0), TIE (0)]
1636282079202, 48551, 19/40, [LOSS (0), LOSS (0), LOSS (0), WIN (0)]
1636282093625, 31605, 20/40, [LOSS (0), TIE (0), LOSS (0), TIE (0)]
1636282106032, 31605, 21/40, [LOSS (0), TIE (0), LOSS (0), TIE (0)]
1636282118926, 31605, 22/40, [LOSS (0), TIE (0), LOSS (0), TIE (0)]
1636282131777, 31605, 23/40, [LOSS (0), TIE (0), LOSS (0), TIE (0)]
1636282144961, 7846, 24/40, [LOSS (0), TIE (0), LOSS (0), TIE (0)]
1636282157827, 7846, 25/40, [LOSS (0), WIN (0), LOSS (0), LOSS (0)]
1636282171137, 7846, 26/40, [LOSS (0), LOSS (0), LOSS (0), WIN (0)]
1636282184129, 7846, 27/40, [LOSS (0), LOSS (0), LOSS (0), WIN (0)]
1636282197156, 37136, 28/40, [LOSS (0), TIE (0), LOSS (0), TIE (0)]
1636282211094, 37136, 29/40, [LOSS (0), TIE (0), LOSS (0), TIE (0)]
1636282225246, 37136, 30/40, [LOSS (0), TIE (0), LOSS (0), TIE (0)]
1636282238738, 37136, 31/40, [LOSS (0), TIE (0), LOSS (0), TIE (0)]
1636282253091, 17819, 32/40, [LOSS (0), WIN (0), LOSS (0), LOSS (0)]
1636282267553, 17819, 33/40, [LOSS (0), LOSS (0), LOSS (0), WIN (0)]
1636282282937, 17819, 34/40, [LOSS (0), TIE (0), LOSS (0), TIE (0)]
1636282297990, 17819, 35/40, [LOSS (0), LOSS (0), LOSS (0), WIN (0)]
1636282312707, 3193, 36/40, [LOSS (0), LOSS (0), LOSS (0), WIN (0)]
1636282326620, 3193, 37/40, [LOSS (0), WIN (0), LOSS (0), LOSS (0)]
1636282340924, 3193, 38/40, [LOSS (0), TIE (0), LOSS (0), TIE (0)]
1636282355572, 3193, 39/40, [LOSS (0), WIN (0), LOSS (0), LOSS (0)]
N 	Win 	Tie 	Loss 	Player (overtime average)
40	0.0%	0.0%	100.0%	players.DoNothingPlayer (0.0)
40	12.5%	45.0%	42.5%	players.mcts_v2.mcts.MCTSPlayer_V2 (0.0)
40	0.0%	0.0%	100.0%	players.DoNothingPlayer (0.0)
40	42.5%	45.0%	12.5%	players.mcts.MCTSPlayer (0.0)
java -jar out/eval/java-pommerman.jar 0 10 4 -1 0 7 0 5 100 12 UCT_UCB1 SAFE_PLACE_DEFAULT CUSTOM_HEURISTIC 0 false 30 4 50.0 1.3
