HUGE_NEGATIVE -> -1000.0
HUGE_POSITIVE -> 1000.0
STOP_TIME -> 0
STOP_ITERATIONS -> 1
STOP_FMCALLS -> 2
CUSTOM_HEURISTIC -> 0
ADVANCED_HEURISTIC -> 1
epsilon -> 1.0E-6
K -> 1.4142135623730951
rollout_depth -> 12
heuristic_method -> 0
stop_type -> 1
num_iterations -> 200
num_fmcalls -> 2000
num_time -> 40
SAFE_PLACE_DEFAULT -> 0
SAFE_PLACE_ADVANCED -> 1
SAFE_PLACE_EARLY_STOP -> 2
safe_place_method -> 1
UCT_UCB1 -> 0
UCT_UCB1_TURNED -> 1
uct_method -> 0
uctBias -> 0.0
progressiveUnpruningEnable -> false
progressiveUnpruningT -> 30
progressiveUnpruningKInit -> 4
progressiveUnpruningA -> 50.0
progressiveUnpruningB -> 1.3
WARNING: Invalid agent ID: 7
0-10-4--1-0-7-0-5 [DoNothing,MCV2,DoNothing,MCTS]
1636283751001, 43272, 0/40, [LOSS (0), TIE (6), LOSS (0), TIE (0)]
1636283813461, 43272, 1/40, [LOSS (0), LOSS (6), LOSS (0), WIN (0)]
1636283867175, 43272, 2/40, [LOSS (0), TIE (6), LOSS (0), TIE (0)]
1636283915356, 43272, 3/40, [LOSS (0), LOSS (6), LOSS (0), WIN (0)]
1636283958795, 65910, 4/40, [LOSS (0), LOSS (6), LOSS (0), WIN (0)]
1636283995051, 65910, 5/40, [LOSS (0), TIE (6), LOSS (0), TIE (0)]
1636284031899, 65910, 6/40, [LOSS (0), TIE (6), LOSS (0), TIE (0)]
1636284073279, 65910, 7/40, [LOSS (0), WIN (6), LOSS (0), LOSS (0)]
1636284112633, 18642, 8/40, [LOSS (0), TIE (6), LOSS (0), TIE (0)]
1636284152112, 18642, 9/40, [LOSS (0), TIE (6), LOSS (0), TIE (0)]
1636284193213, 18642, 10/40, [LOSS (0), TIE (6), LOSS (0), LOSS (0)]
1636284235916, 18642, 11/40, [LOSS (0), LOSS (6), LOSS (0), WIN (0)]
1636284273207, 91078, 12/40, [LOSS (0), WIN (6), LOSS (0), LOSS (0)]
1636284309974, 91078, 13/40, [LOSS (0), LOSS (6), LOSS (0), WIN (0)]
1636284347123, 91078, 14/40, [LOSS (0), LOSS (6), LOSS (0), WIN (0)]
1636284379784, 91078, 15/40, [LOSS (0), TIE (6), LOSS (0), TIE (0)]
1636284414989, 99042, 16/40, [LOSS (0), WIN (6), LOSS (0), LOSS (0)]
1636284452093, 99042, 17/40, [LOSS (0), WIN (6), LOSS (0), LOSS (0)]
1636284486640, 99042, 18/40, [LOSS (0), WIN (6), LOSS (0), LOSS (0)]
1636284524545, 99042, 19/40, [LOSS (0), WIN (6), LOSS (0), LOSS (0)]
1636284558337, 29394, 20/40, [LOSS (0), WIN (6), LOSS (0), LOSS (0)]
1636284591454, 29394, 21/40, [LOSS (0), TIE (6), LOSS (0), TIE (0)]
1636284630035, 29394, 22/40, [LOSS (0), WIN (6), LOSS (0), LOSS (0)]
1636284665385, 29394, 23/40, [LOSS (0), TIE (6), LOSS (0), TIE (0)]
1636284706673, 97572, 24/40, [LOSS (0), TIE (6), LOSS (0), TIE (0)]
1636284739662, 97572, 25/40, [LOSS (0), TIE (6), LOSS (0), TIE (0)]
1636284772304, 97572, 26/40, [LOSS (0), TIE (6), LOSS (0), TIE (0)]
1636284804880, 97572, 27/40, [LOSS (0), TIE (6), LOSS (0), TIE (0)]
1636284837517, 64079, 28/40, [LOSS (0), WIN (6), LOSS (0), LOSS (0)]
1636284873105, 64079, 29/40, [LOSS (0), LOSS (6), LOSS (0), WIN (0)]
1636284908825, 64079, 30/40, [LOSS (0), LOSS (6), LOSS (0), WIN (0)]
1636284944607, 64079, 31/40, [LOSS (0), LOSS (6), LOSS (0), WIN (0)]
1636284980038, 76001, 32/40, [TIE (0), TIE (6), TIE (0), TIE (0)]
1636285012252, 76001, 33/40, [TIE (0), TIE (6), TIE (0), TIE (0)]
1636285048290, 76001, 34/40, [TIE (0), TIE (6), TIE (0), TIE (0)]
1636285079543, 76001, 35/40, [TIE (0), TIE (6), TIE (0), TIE (0)]
1636285111304, 6470, 36/40, [LOSS (0), TIE (6), LOSS (0), TIE (0)]
1636285151055, 6470, 37/40, [LOSS (0), TIE (6), LOSS (0), TIE (0)]
1636285191333, 6470, 38/40, [LOSS (0), LOSS (6), LOSS (0), WIN (0)]
1636285229656, 6470, 39/40, [LOSS (0), WIN (6), LOSS (0), LOSS (0)]
N 	Win 	Tie 	Loss 	Player (overtime average)
40	0.0%	10.0%	90.0%	players.DoNothingPlayer (0.0)
40	25.0%	50.0%	25.0%	players.mcts_v2.mcts.MCTSPlayer_V2 (6.0)
40	0.0%	10.0%	90.0%	players.DoNothingPlayer (0.0)
40	25.0%	47.5%	27.5%	players.mcts.MCTSPlayer (0.0)
java -jar out/eval/java-pommerman.jar 0 10 4 -1 0 7 0 5 200 12 UCT_UCB1 SAFE_PLACE_ADVANCED CUSTOM_HEURISTIC 0 false 30 4 50.0 1.3
