HUGE_NEGATIVE -> -1000.0
HUGE_POSITIVE -> 1000.0
STOP_TIME -> 0
STOP_ITERATIONS -> 1
STOP_FMCALLS -> 2
CUSTOM_HEURISTIC -> 0
ADVANCED_HEURISTIC -> 1
epsilon -> 1.0E-6
K -> 1.4142135623730951
rollout_depth -> 12
heuristic_method -> 0
stop_type -> 1
num_iterations -> 200
num_fmcalls -> 2000
num_time -> 40
SAFE_PLACE_DEFAULT -> 0
SAFE_PLACE_ADVANCED -> 1
SAFE_PLACE_EARLY_STOP -> 2
safe_place_method -> 0
UCT_UCB1 -> 0
UCT_UCB1_TURNED -> 1
uct_method -> 0
uctBias -> 0.5
progressiveUnpruningEnable -> false
progressiveUnpruningT -> 30
progressiveUnpruningKInit -> 4
progressiveUnpruningA -> 50.0
progressiveUnpruningB -> 1.3
WARNING: Invalid agent ID: 7
0-10-4--1-0-7-0-5 [DoNothing,MCV2,DoNothing,MCTS]
1636284895907, 29501, 0/40, [LOSS (0), TIE (1), LOSS (0), TIE (0)]
1636284917744, 29501, 1/40, [LOSS (0), TIE (1), LOSS (0), TIE (0)]
1636284937156, 29501, 2/40, [LOSS (0), TIE (1), LOSS (0), TIE (0)]
1636284955945, 29501, 3/40, [LOSS (0), TIE (1), LOSS (0), TIE (0)]
1636284974642, 67762, 4/40, [LOSS (0), TIE (1), LOSS (0), TIE (0)]
1636284993221, 67762, 5/40, [LOSS (0), TIE (1), LOSS (0), TIE (0)]
1636285014477, 67762, 6/40, [LOSS (0), TIE (1), LOSS (0), TIE (0)]
1636285038081, 67762, 7/40, [LOSS (0), TIE (1), LOSS (0), TIE (0)]
1636285057833, 46562, 8/40, [LOSS (0), TIE (1), LOSS (0), TIE (0)]
1636285079309, 46562, 9/40, [LOSS (0), LOSS (1), LOSS (0), WIN (0)]
1636285099576, 46562, 10/40, [LOSS (0), TIE (1), LOSS (0), TIE (0)]
1636285120994, 46562, 11/40, [LOSS (0), TIE (1), LOSS (0), TIE (0)]
1636285142042, 54386, 12/40, [LOSS (0), TIE (1), LOSS (0), TIE (0)]
1636285165330, 54386, 13/40, [LOSS (0), LOSS (1), LOSS (0), WIN (0)]
1636285187733, 54386, 14/40, [LOSS (0), WIN (1), LOSS (0), LOSS (0)]
1636285206607, 54386, 15/40, [LOSS (0), WIN (1), LOSS (0), LOSS (0)]
1636285227079, 63126, 16/40, [LOSS (0), LOSS (1), LOSS (0), WIN (0)]
1636285248919, 63126, 17/40, [LOSS (0), TIE (1), LOSS (0), TIE (0)]
1636285272930, 63126, 18/40, [LOSS (0), LOSS (1), LOSS (0), WIN (0)]
1636285294586, 63126, 19/40, [LOSS (0), WIN (1), LOSS (0), LOSS (0)]
1636285318743, 88328, 20/40, [LOSS (0), WIN (1), LOSS (0), LOSS (0)]
1636285337520, 88328, 21/40, [LOSS (0), TIE (1), LOSS (0), TIE (0)]
1636285357323, 88328, 22/40, [LOSS (0), LOSS (1), LOSS (0), WIN (0)]
1636285376002, 88328, 23/40, [LOSS (0), TIE (1), LOSS (0), TIE (0)]
1636285402899, 84750, 24/40, [LOSS (0), TIE (1), LOSS (0), TIE (0)]
1636285428685, 84750, 25/40, [LOSS (0), LOSS (1), LOSS (0), WIN (0)]
1636285450629, 84750, 26/40, [LOSS (0), LOSS (1), LOSS (0), WIN (0)]
1636285472297, 84750, 27/40, [LOSS (0), WIN (1), LOSS (0), LOSS (0)]
1636285494025, 95325, 28/40, [LOSS (0), TIE (1), LOSS (0), TIE (0)]
1636285514061, 95325, 29/40, [LOSS (0), TIE (1), LOSS (0), TIE (0)]
1636285533260, 95325, 30/40, [LOSS (0), TIE (1), LOSS (0), TIE (0)]
1636285552488, 95325, 31/40, [LOSS (0), TIE (1), LOSS (0), TIE (0)]
1636285572704, 68538, 32/40, [LOSS (0), TIE (1), LOSS (0), TIE (0)]
1636285596243, 68538, 33/40, [LOSS (0), LOSS (1), LOSS (0), WIN (0)]
1636285615729, 68538, 34/40, [LOSS (0), WIN (1), LOSS (0), LOSS (0)]
1636285636979, 68538, 35/40, [LOSS (0), WIN (1), LOSS (0), LOSS (0)]
1636285655850, 70771, 36/40, [LOSS (0), WIN (1), LOSS (0), LOSS (0)]
1636285677345, 70771, 37/40, [LOSS (0), LOSS (1), LOSS (0), WIN (0)]
1636285699743, 70771, 38/40, [LOSS (0), LOSS (1), LOSS (0), WIN (0)]
1636285721501, 70771, 39/40, [LOSS (0), WIN (1), LOSS (0), LOSS (0)]
N 	Win 	Tie 	Loss 	Player (overtime average)
40	0.0%	0.0%	100.0%	players.DoNothingPlayer (0.0)
40	22.5%	52.5%	25.0%	players.mcts_v2.mcts.MCTSPlayer_V2 (1.0)
40	0.0%	0.0%	100.0%	players.DoNothingPlayer (0.0)
40	25.0%	52.5%	22.5%	players.mcts.MCTSPlayer (0.0)
java -jar out/eval/java-pommerman.jar 0 10 4 -1 0 7 0 5 200 12 UCT_UCB1 SAFE_PLACE_DEFAULT CUSTOM_HEURISTIC 0.5 false 30 4 50.0 1.3
