HUGE_NEGATIVE -> -1000.0
HUGE_POSITIVE -> 1000.0
STOP_TIME -> 0
STOP_ITERATIONS -> 1
STOP_FMCALLS -> 2
CUSTOM_HEURISTIC -> 0
ADVANCED_HEURISTIC -> 1
epsilon -> 1.0E-6
K -> 1.4142135623730951
rollout_depth -> 12
heuristic_method -> 0
stop_type -> 1
num_iterations -> 200
num_fmcalls -> 2000
num_time -> 40
SAFE_PLACE_DEFAULT -> 0
SAFE_PLACE_ADVANCED -> 1
SAFE_PLACE_EARLY_STOP -> 2
safe_place_method -> 0
UCT_UCB1 -> 0
UCT_UCB1_TURNED -> 1
uct_method -> 0
uctBias -> 0.1
progressiveUnpruningEnable -> false
progressiveUnpruningT -> 30
progressiveUnpruningKInit -> 4
progressiveUnpruningA -> 50.0
progressiveUnpruningB -> 1.3
WARNING: Invalid agent ID: 7
0-10-4--1-0-7-0-5 [DoNothing,MCV2,DoNothing,MCTS]
1636284482878, 80503, 0/40, [LOSS (0), WIN (1), LOSS (0), LOSS (0)]
1636284506984, 80503, 1/40, [LOSS (0), WIN (1), LOSS (0), LOSS (0)]
1636284528033, 80503, 2/40, [LOSS (0), LOSS (1), LOSS (0), WIN (0)]
1636284547950, 80503, 3/40, [LOSS (0), WIN (1), LOSS (0), LOSS (0)]
1636284567982, 34145, 4/40, [LOSS (0), TIE (1), LOSS (0), TIE (0)]
1636284586358, 34145, 5/40, [LOSS (0), TIE (1), LOSS (0), TIE (0)]
1636284605270, 34145, 6/40, [LOSS (0), TIE (1), LOSS (0), TIE (0)]
1636284623621, 34145, 7/40, [LOSS (0), TIE (1), LOSS (0), TIE (0)]
1636284642140, 52743, 8/40, [LOSS (0), WIN (1), LOSS (0), LOSS (0)]
1636284663037, 52743, 9/40, [LOSS (0), WIN (1), LOSS (0), LOSS (0)]
1636284684733, 52743, 10/40, [LOSS (0), WIN (1), LOSS (0), LOSS (0)]
1636284706277, 52743, 11/40, [LOSS (0), TIE (1), LOSS (0), TIE (0)]
1636284727772, 95403, 12/40, [LOSS (0), TIE (1), LOSS (0), TIE (0)]
1636284748120, 95403, 13/40, [LOSS (0), TIE (1), LOSS (0), TIE (0)]
1636284768228, 95403, 14/40, [LOSS (0), TIE (1), LOSS (0), TIE (0)]
1636284787870, 95403, 15/40, [LOSS (0), TIE (1), LOSS (0), TIE (0)]
1636284807551, 33544, 16/40, [LOSS (0), TIE (1), LOSS (0), TIE (0)]
1636284828307, 33544, 17/40, [LOSS (0), WIN (1), LOSS (0), LOSS (0)]
1636284848868, 33544, 18/40, [LOSS (0), TIE (1), LOSS (0), TIE (0)]
1636284869704, 33544, 19/40, [LOSS (0), TIE (1), LOSS (0), TIE (0)]
1636284890280, 46757, 20/40, [LOSS (0), WIN (1), LOSS (0), LOSS (0)]
1636284910099, 46757, 21/40, [LOSS (0), TIE (1), LOSS (0), TIE (0)]
1636284931693, 46757, 22/40, [LOSS (0), WIN (1), LOSS (0), LOSS (0)]
1636284949030, 46757, 23/40, [LOSS (0), LOSS (1), LOSS (0), WIN (0)]
1636284966853, 74483, 24/40, [TIE (0), TIE (1), TIE (0), TIE (0)]
1636284984070, 74483, 25/40, [TIE (0), TIE (1), TIE (0), TIE (0)]
1636285002029, 74483, 26/40, [TIE (0), TIE (1), TIE (0), TIE (0)]
1636285025492, 74483, 27/40, [TIE (0), TIE (1), TIE (0), TIE (0)]
1636285044397, 37300, 28/40, [LOSS (0), LOSS (1), LOSS (0), WIN (0)]
1636285066749, 37300, 29/40, [LOSS (0), WIN (1), LOSS (0), LOSS (0)]
1636285088496, 37300, 30/40, [LOSS (0), TIE (1), LOSS (0), TIE (0)]
1636285111427, 37300, 31/40, [LOSS (0), TIE (1), LOSS (0), TIE (0)]
1636285133707, 80444, 32/40, [LOSS (0), WIN (1), LOSS (0), LOSS (0)]
1636285155942, 80444, 33/40, [LOSS (0), LOSS (1), LOSS (0), WIN (0)]
1636285178125, 80444, 34/40, [LOSS (0), WIN (1), LOSS (0), LOSS (0)]
1636285198397, 80444, 35/40, [LOSS (0), LOSS (1), LOSS (0), WIN (0)]
1636285220548, 67779, 36/40, [LOSS (0), WIN (1), LOSS (0), LOSS (0)]
1636285242528, 67779, 37/40, [LOSS (0), TIE (1), LOSS (0), TIE (0)]
1636285265764, 67779, 38/40, [LOSS (0), TIE (1), LOSS (0), TIE (0)]
1636285290770, 67779, 39/40, [LOSS (0), TIE (1), LOSS (0), TIE (0)]
N 	Win 	Tie 	Loss 	Player (overtime average)
40	0.0%	10.0%	90.0%	players.DoNothingPlayer (0.0)
40	32.5%	55.0%	12.5%	players.mcts_v2.mcts.MCTSPlayer_V2 (1.0)
40	0.0%	10.0%	90.0%	players.DoNothingPlayer (0.0)
40	12.5%	55.0%	32.5%	players.mcts.MCTSPlayer (0.0)
java -jar out/eval/java-pommerman.jar 0 10 4 -1 0 7 0 5 200 12 UCT_UCB1 SAFE_PLACE_DEFAULT CUSTOM_HEURISTIC 0.1 false 30 4 50.0 1.3
