HUGE_NEGATIVE -> -1000.0
HUGE_POSITIVE -> 1000.0
STOP_TIME -> 0
STOP_ITERATIONS -> 1
STOP_FMCALLS -> 2
CUSTOM_HEURISTIC -> 0
ADVANCED_HEURISTIC -> 1
epsilon -> 1.0E-6
K -> 1.4142135623730951
rollout_depth -> 12
heuristic_method -> 0
stop_type -> 1
num_iterations -> 200
num_fmcalls -> 2000
num_time -> 40
SAFE_PLACE_DEFAULT -> 0
SAFE_PLACE_ADVANCED -> 1
SAFE_PLACE_EARLY_STOP -> 2
safe_place_method -> 2
UCT_UCB1 -> 0
UCT_UCB1_TURNED -> 1
uct_method -> 0
uctBias -> 0.0
progressiveUnpruningEnable -> false
progressiveUnpruningT -> 30
progressiveUnpruningKInit -> 4
progressiveUnpruningA -> 50.0
progressiveUnpruningB -> 1.3
WARNING: Invalid agent ID: 7
0-10-4--1-0-7-0-5 [DoNothing,MCV2,DoNothing,MCTS]
1636284327224, 98887, 0/40, [LOSS (0), WIN (5), LOSS (0), LOSS (0)]
1636284364011, 98887, 1/40, [LOSS (0), WIN (5), LOSS (0), LOSS (0)]
1636284397314, 98887, 2/40, [LOSS (0), WIN (5), LOSS (0), LOSS (0)]
1636284429517, 98887, 3/40, [LOSS (0), WIN (5), LOSS (0), LOSS (0)]
1636284461177, 20869, 4/40, [LOSS (0), LOSS (5), LOSS (0), WIN (0)]
1636284495966, 20869, 5/40, [LOSS (0), LOSS (5), LOSS (0), WIN (0)]
1636284527903, 20869, 6/40, [LOSS (0), WIN (5), LOSS (0), LOSS (0)]
1636284559030, 20869, 7/40, [LOSS (0), WIN (5), LOSS (0), LOSS (0)]
1636284591140, 74606, 8/40, [LOSS (0), TIE (5), LOSS (0), TIE (0)]
1636284623155, 74606, 9/40, [LOSS (0), LOSS (5), LOSS (0), WIN (0)]
1636284655519, 74606, 10/40, [LOSS (0), LOSS (5), LOSS (0), WIN (0)]
1636284686256, 74606, 11/40, [LOSS (0), WIN (5), LOSS (0), LOSS (0)]
1636284717382, 52542, 12/40, [LOSS (0), LOSS (5), LOSS (0), WIN (0)]
1636284750235, 52542, 13/40, [LOSS (0), WIN (5), LOSS (0), LOSS (0)]
1636284782708, 52542, 14/40, [LOSS (0), WIN (5), LOSS (0), LOSS (0)]
1636284814676, 52542, 15/40, [LOSS (0), LOSS (5), LOSS (0), WIN (0)]
1636284847021, 92482, 16/40, [LOSS (0), LOSS (5), LOSS (0), WIN (0)]
1636284879061, 92482, 17/40, [LOSS (0), LOSS (5), LOSS (0), WIN (0)]
1636284909178, 92482, 18/40, [LOSS (0), TIE (5), LOSS (0), TIE (0)]
1636284941362, 92482, 19/40, [LOSS (0), WIN (5), LOSS (0), LOSS (0)]
1636284970118, 81045, 20/40, [LOSS (0), LOSS (5), LOSS (0), WIN (0)]
1636285003878, 81045, 21/40, [LOSS (0), LOSS (5), LOSS (0), WIN (0)]
1636285042762, 81045, 22/40, [LOSS (0), WIN (5), LOSS (0), LOSS (0)]
1636285077632, 81045, 23/40, [LOSS (0), LOSS (5), LOSS (0), WIN (0)]
1636285113285, 65094, 24/40, [LOSS (0), LOSS (5), LOSS (0), WIN (0)]
1636285148701, 65094, 25/40, [LOSS (0), WIN (5), LOSS (0), LOSS (0)]
1636285185866, 65094, 26/40, [LOSS (0), LOSS (5), LOSS (0), WIN (0)]
1636285222264, 65094, 27/40, [LOSS (0), WIN (5), LOSS (0), LOSS (0)]
1636285258033, 41901, 28/40, [LOSS (0), LOSS (5), LOSS (0), WIN (0)]
1636285298442, 41901, 29/40, [LOSS (0), LOSS (5), LOSS (0), WIN (0)]
1636285334255, 41901, 30/40, [LOSS (0), LOSS (5), LOSS (0), WIN (0)]
1636285368185, 41901, 31/40, [LOSS (0), WIN (5), LOSS (0), LOSS (0)]
1636285410411, 29206, 32/40, [LOSS (0), LOSS (5), LOSS (0), WIN (0)]
1636285445662, 29206, 33/40, [LOSS (0), WIN (5), LOSS (0), LOSS (0)]
1636285477744, 29206, 34/40, [LOSS (0), WIN (5), LOSS (0), LOSS (0)]
1636285510478, 29206, 35/40, [LOSS (0), LOSS (5), LOSS (0), WIN (0)]
1636285543096, 48982, 36/40, [LOSS (0), WIN (5), LOSS (0), LOSS (0)]
1636285575529, 48982, 37/40, [LOSS (0), LOSS (5), LOSS (0), WIN (0)]
1636285609945, 48982, 38/40, [LOSS (0), LOSS (5), LOSS (0), WIN (0)]
1636285644942, 48982, 39/40, [LOSS (0), WIN (5), LOSS (0), LOSS (0)]
N 	Win 	Tie 	Loss 	Player (overtime average)
40	0.0%	0.0%	100.0%	players.DoNothingPlayer (0.0)
40	45.0%	5.0%	50.0%	players.mcts_v2.mcts.MCTSPlayer_V2 (5.0)
40	0.0%	0.0%	100.0%	players.DoNothingPlayer (0.0)
40	50.0%	5.0%	45.0%	players.mcts.MCTSPlayer (0.0)
java -jar out/eval/java-pommerman.jar 0 10 4 -1 0 7 0 5 200 12 UCT_UCB1 SAFE_PLACE_EARLY_STOP CUSTOM_HEURISTIC 0 false 30 4 50.0 1.3
