HUGE_NEGATIVE -> -1000.0
HUGE_POSITIVE -> 1000.0
STOP_TIME -> 0
STOP_ITERATIONS -> 1
STOP_FMCALLS -> 2
CUSTOM_HEURISTIC -> 0
ADVANCED_HEURISTIC -> 1
epsilon -> 1.0E-6
K -> 1.4142135623730951
rollout_depth -> 12
heuristic_method -> 0
stop_type -> 1
num_iterations -> 200
num_fmcalls -> 2000
num_time -> 40
SAFE_PLACE_DEFAULT -> 0
SAFE_PLACE_ADVANCED -> 1
SAFE_PLACE_EARLY_STOP -> 2
safe_place_method -> 0
UCT_UCB1 -> 0
UCT_UCB1_TURNED -> 1
uct_method -> 0
uctBias -> 2.0
progressiveUnpruningEnable -> false
progressiveUnpruningT -> 30
progressiveUnpruningKInit -> 4
progressiveUnpruningA -> 50.0
progressiveUnpruningB -> 1.3
WARNING: Invalid agent ID: 7
0-10-4--1-0-7-0-5 [DoNothing,MCV2,DoNothing,MCTS]
1636285742619, 86301, 0/40, [TIE (0), TIE (1), TIE (0), TIE (0)]
1636285763394, 86301, 1/40, [TIE (0), TIE (1), TIE (0), TIE (0)]
1636285780354, 86301, 2/40, [TIE (0), TIE (1), TIE (0), TIE (0)]
1636285797631, 86301, 3/40, [TIE (0), TIE (1), TIE (0), TIE (0)]
1636285814093, 73431, 4/40, [LOSS (0), TIE (1), LOSS (0), TIE (0)]
1636285836422, 73431, 5/40, [LOSS (0), LOSS (1), LOSS (0), WIN (0)]
1636285858008, 73431, 6/40, [LOSS (0), WIN (1), LOSS (0), LOSS (0)]
1636285880124, 73431, 7/40, [LOSS (0), WIN (1), LOSS (0), LOSS (0)]
1636285903028, 8749, 8/40, [LOSS (0), TIE (1), LOSS (0), TIE (0)]
1636285924581, 8749, 9/40, [LOSS (0), TIE (1), LOSS (0), TIE (0)]
1636285944180, 8749, 10/40, [LOSS (0), TIE (1), LOSS (0), TIE (0)]
1636285963355, 8749, 11/40, [LOSS (0), TIE (1), LOSS (0), TIE (0)]
1636285982678, 16123, 12/40, [LOSS (0), TIE (1), LOSS (0), TIE (0)]
1636286005696, 16123, 13/40, [LOSS (0), WIN (1), LOSS (0), LOSS (0)]
1636286027746, 16123, 14/40, [LOSS (0), LOSS (1), LOSS (0), WIN (0)]
1636286047715, 16123, 15/40, [LOSS (0), TIE (1), LOSS (0), TIE (0)]
1636286075526, 85776, 16/40, [LOSS (0), TIE (1), LOSS (0), TIE (0)]
1636286098059, 85776, 17/40, [LOSS (0), TIE (1), LOSS (0), TIE (0)]
1636286118722, 85776, 18/40, [LOSS (0), TIE (1), LOSS (0), TIE (0)]
1636286138574, 85776, 19/40, [LOSS (0), TIE (1), LOSS (0), TIE (0)]
1636286161278, 13079, 20/40, [TIE (0), TIE (1), TIE (0), TIE (0)]
1636286181414, 13079, 21/40, [TIE (0), TIE (1), TIE (0), TIE (0)]
1636286199537, 13079, 22/40, [TIE (0), TIE (1), TIE (0), TIE (0)]
1636286218055, 13079, 23/40, [TIE (0), TIE (1), TIE (0), TIE (0)]
1636286235909, 81862, 24/40, [LOSS (0), TIE (1), LOSS (0), TIE (0)]
1636286258860, 81862, 25/40, [LOSS (0), TIE (1), LOSS (0), TIE (0)]
1636286281827, 81862, 26/40, [LOSS (0), LOSS (1), LOSS (0), WIN (0)]
1636286303338, 81862, 27/40, [LOSS (0), TIE (1), LOSS (0), TIE (0)]
1636286326410, 9833, 28/40, [LOSS (0), WIN (1), LOSS (0), LOSS (0)]
1636286346467, 9833, 29/40, [LOSS (0), WIN (1), LOSS (0), LOSS (0)]
1636286368184, 9833, 30/40, [LOSS (0), TIE (1), LOSS (0), TIE (0)]
1636286390846, 9833, 31/40, [LOSS (0), TIE (1), LOSS (0), TIE (0)]
1636286413387, 18607, 32/40, [LOSS (0), WIN (1), LOSS (0), LOSS (0)]
1636286436944, 18607, 33/40, [LOSS (0), WIN (1), LOSS (0), LOSS (0)]
1636286460679, 18607, 34/40, [LOSS (0), TIE (1), LOSS (0), TIE (0)]
1636286483583, 18607, 35/40, [LOSS (0), TIE (1), LOSS (0), TIE (0)]
1636286507601, 22230, 36/40, [LOSS (0), WIN (1), LOSS (0), LOSS (0)]
1636286528369, 22230, 37/40, [LOSS (0), TIE (1), LOSS (0), TIE (0)]
1636286548280, 22230, 38/40, [LOSS (0), LOSS (1), LOSS (0), WIN (0)]
1636286569026, 22230, 39/40, [LOSS (0), TIE (1), LOSS (0), TIE (0)]
N 	Win 	Tie 	Loss 	Player (overtime average)
40	0.0%	20.0%	80.0%	players.DoNothingPlayer (0.0)
40	20.0%	70.0%	10.0%	players.mcts_v2.mcts.MCTSPlayer_V2 (1.0)
40	0.0%	20.0%	80.0%	players.DoNothingPlayer (0.0)
40	10.0%	70.0%	20.0%	players.mcts.MCTSPlayer (0.0)
java -jar out/eval/java-pommerman.jar 0 10 4 -1 0 7 0 5 200 12 UCT_UCB1 SAFE_PLACE_DEFAULT CUSTOM_HEURISTIC 2.0 false 30 4 50.0 1.3
