HUGE_NEGATIVE -> -1000.0
HUGE_POSITIVE -> 1000.0
STOP_TIME -> 0
STOP_ITERATIONS -> 1
STOP_FMCALLS -> 2
CUSTOM_HEURISTIC -> 0
ADVANCED_HEURISTIC -> 1
epsilon -> 1.0E-6
K -> 1.4142135623730951
rollout_depth -> 12
heuristic_method -> 0
stop_type -> 1
num_iterations -> 200
num_fmcalls -> 2000
num_time -> 40
SAFE_PLACE_DEFAULT -> 0
SAFE_PLACE_ADVANCED -> 1
SAFE_PLACE_EARLY_STOP -> 2
safe_place_method -> 0
UCT_UCB1 -> 0
UCT_UCB1_TURNED -> 1
uct_method -> 0
uctBias -> 0.0
progressiveUnpruningEnable -> false
progressiveUnpruningT -> 30
progressiveUnpruningKInit -> 4
progressiveUnpruningA -> 50.0
progressiveUnpruningB -> 1.3
WARNING: Invalid agent ID: 7
0-10-4--1-0-7-0-5 [DoNothing,MCV2,DoNothing,MCTS]
1636286144824, 8640, 0/40, [LOSS (0), LOSS (1), LOSS (0), WIN (0)]
1636286172300, 8640, 1/40, [LOSS (0), TIE (1), LOSS (0), TIE (0)]
1636286197171, 8640, 2/40, [LOSS (0), LOSS (1), LOSS (0), WIN (0)]
1636286221634, 8640, 3/40, [LOSS (0), TIE (1), LOSS (0), TIE (0)]
1636286245517, 42074, 4/40, [LOSS (0), LOSS (1), LOSS (0), WIN (0)]
1636286267399, 42074, 5/40, [LOSS (0), LOSS (1), LOSS (0), WIN (0)]
1636286289516, 42074, 6/40, [LOSS (0), WIN (1), LOSS (0), LOSS (0)]
1636286311598, 42074, 7/40, [LOSS (0), LOSS (1), LOSS (0), WIN (0)]
1636286333838, 41920, 8/40, [LOSS (0), TIE (1), LOSS (0), TIE (0)]
1636286356566, 41920, 9/40, [LOSS (0), LOSS (1), LOSS (0), WIN (0)]
1636286377070, 41920, 10/40, [LOSS (0), TIE (1), LOSS (0), TIE (0)]
1636286398649, 41920, 11/40, [LOSS (0), TIE (1), LOSS (0), TIE (0)]
1636286420478, 45539, 12/40, [LOSS (0), TIE (1), LOSS (0), TIE (0)]
1636286448050, 45539, 13/40, [LOSS (0), TIE (1), LOSS (0), TIE (0)]
1636286472129, 45539, 14/40, [LOSS (0), TIE (1), LOSS (0), TIE (0)]
1636286496585, 45539, 15/40, [LOSS (0), WIN (1), LOSS (0), LOSS (0)]
1636286519087, 75124, 16/40, [LOSS (0), TIE (1), LOSS (0), TIE (0)]
1636286542293, 75124, 17/40, [LOSS (0), LOSS (1), LOSS (0), WIN (0)]
1636286565589, 75124, 18/40, [LOSS (0), TIE (1), LOSS (0), TIE (0)]
1636286589016, 75124, 19/40, [LOSS (0), WIN (1), LOSS (0), LOSS (0)]
1636286612534, 72179, 20/40, [LOSS (0), WIN (1), LOSS (0), LOSS (0)]
1636286633338, 72179, 21/40, [LOSS (0), TIE (1), LOSS (0), TIE (0)]
1636286657947, 72179, 22/40, [LOSS (0), TIE (1), LOSS (0), TIE (0)]
1636286681875, 72179, 23/40, [LOSS (0), TIE (1), LOSS (0), TIE (0)]
1636286706097, 34085, 24/40, [LOSS (0), WIN (1), LOSS (0), LOSS (0)]
1636286726775, 34085, 25/40, [LOSS (0), WIN (1), LOSS (0), LOSS (0)]
1636286749029, 34085, 26/40, [LOSS (0), LOSS (1), LOSS (0), WIN (0)]
1636286769396, 34085, 27/40, [LOSS (0), LOSS (1), LOSS (0), WIN (0)]
1636286792534, 58616, 28/40, [LOSS (0), LOSS (1), LOSS (0), WIN (0)]
1636286812952, 58616, 29/40, [LOSS (0), WIN (1), LOSS (0), LOSS (0)]
1636286833175, 58616, 30/40, [LOSS (0), LOSS (1), LOSS (0), WIN (0)]
1636286853011, 58616, 31/40, [LOSS (0), TIE (1), LOSS (0), TIE (0)]
1636286887187, 78509, 32/40, [LOSS (0), TIE (1), LOSS (0), TIE (0)]
1636286912883, 78509, 33/40, [LOSS (0), TIE (1), LOSS (0), TIE (0)]
1636286937752, 78509, 34/40, [LOSS (0), TIE (1), LOSS (0), TIE (0)]
1636286963417, 78509, 35/40, [LOSS (0), TIE (1), LOSS (0), TIE (0)]
1636286992645, 50334, 36/40, [LOSS (0), TIE (1), LOSS (0), TIE (0)]
1636287025869, 50334, 37/40, [LOSS (0), WIN (1), LOSS (0), LOSS (0)]
1636287056331, 50334, 38/40, [LOSS (0), WIN (1), LOSS (0), LOSS (0)]
1636287091872, 50334, 39/40, [LOSS (0), LOSS (1), LOSS (0), WIN (0)]
N 	Win 	Tie 	Loss 	Player (overtime average)
40	0.0%	0.0%	100.0%	players.DoNothingPlayer (0.0)
40	22.5%	47.5%	30.0%	players.mcts_v2.mcts.MCTSPlayer_V2 (1.0)
40	0.0%	0.0%	100.0%	players.DoNothingPlayer (0.0)
40	30.0%	47.5%	22.5%	players.mcts.MCTSPlayer (0.0)
java -jar out/eval/java-pommerman.jar 0 10 4 -1 0 7 0 5 200 12 UCT_UCB1 SAFE_PLACE_DEFAULT CUSTOM_HEURISTIC 0 false 30 4 50.0 1.3
