HUGE_NEGATIVE -> -1000.0
HUGE_POSITIVE -> 1000.0
STOP_TIME -> 0
STOP_ITERATIONS -> 1
STOP_FMCALLS -> 2
CUSTOM_HEURISTIC -> 0
ADVANCED_HEURISTIC -> 1
epsilon -> 1.0E-6
K -> 1.4142135623730951
rollout_depth -> 12
heuristic_method -> 0
stop_type -> 1
num_iterations -> 200
num_fmcalls -> 2000
num_time -> 40
SAFE_PLACE_DEFAULT -> 0
SAFE_PLACE_ADVANCED -> 1
SAFE_PLACE_EARLY_STOP -> 2
safe_place_method -> 0
UCT_UCB1 -> 0
UCT_UCB1_TURNED -> 1
uct_method -> 1
uctBias -> 0.0
progressiveUnpruningEnable -> false
progressiveUnpruningT -> 30
progressiveUnpruningKInit -> 4
progressiveUnpruningA -> 50.0
progressiveUnpruningB -> 1.3
WARNING: Invalid agent ID: 7
0-10-4--1-0-7-0-5 [DoNothing,MCV2,DoNothing,MCTS]
1636286151717, 53756, 0/40, [LOSS (0), LOSS (1), LOSS (0), WIN (0)]
1636286177073, 53756, 1/40, [LOSS (0), LOSS (1), LOSS (0), WIN (0)]
1636286199204, 53756, 2/40, [LOSS (0), WIN (1), LOSS (0), LOSS (0)]
1636286221326, 53756, 3/40, [LOSS (0), LOSS (1), LOSS (0), WIN (0)]
1636286241175, 22704, 4/40, [LOSS (0), WIN (1), LOSS (0), LOSS (0)]
1636286263247, 22704, 5/40, [LOSS (0), WIN (1), LOSS (0), LOSS (0)]
1636286283250, 22704, 6/40, [LOSS (0), WIN (1), LOSS (0), LOSS (0)]
1636286304232, 22704, 7/40, [LOSS (0), LOSS (1), LOSS (0), WIN (0)]
1636286324547, 48817, 8/40, [LOSS (0), TIE (1), LOSS (0), TIE (0)]
1636286345664, 48817, 9/40, [LOSS (0), TIE (1), LOSS (0), TIE (0)]
1636286367528, 48817, 10/40, [LOSS (0), TIE (1), LOSS (0), TIE (0)]
1636286388800, 48817, 11/40, [LOSS (0), TIE (1), LOSS (0), TIE (0)]
1636286409911, 37178, 12/40, [LOSS (0), WIN (1), LOSS (0), LOSS (0)]
1636286431050, 37178, 13/40, [LOSS (0), WIN (1), LOSS (0), LOSS (0)]
1636286454666, 37178, 14/40, [LOSS (0), TIE (1), LOSS (0), TIE (0)]
1636286477295, 37178, 15/40, [LOSS (0), TIE (1), LOSS (0), TIE (0)]
1636286500411, 46204, 16/40, [LOSS (0), TIE (1), LOSS (0), TIE (0)]
1636286523431, 46204, 17/40, [LOSS (0), LOSS (1), LOSS (0), WIN (0)]
1636286545652, 46204, 18/40, [LOSS (0), LOSS (1), LOSS (0), WIN (0)]
1636286566997, 46204, 19/40, [LOSS (0), TIE (1), LOSS (0), TIE (0)]
1636286589263, 77995, 20/40, [LOSS (0), LOSS (1), LOSS (0), WIN (0)]
1636286612206, 77995, 21/40, [LOSS (0), LOSS (1), LOSS (0), WIN (0)]
1636286632851, 77995, 22/40, [LOSS (0), LOSS (1), LOSS (0), WIN (0)]
1636286654130, 77995, 23/40, [LOSS (0), LOSS (1), LOSS (0), WIN (0)]
1636286676240, 48236, 24/40, [LOSS (0), LOSS (1), LOSS (0), WIN (0)]
1636286698354, 48236, 25/40, [LOSS (0), LOSS (1), LOSS (0), WIN (0)]
1636286719941, 48236, 26/40, [LOSS (0), WIN (1), LOSS (0), LOSS (0)]
1636286741798, 48236, 27/40, [LOSS (0), TIE (1), LOSS (0), TIE (0)]
1636286763836, 6614, 28/40, [LOSS (0), WIN (1), LOSS (0), LOSS (0)]
1636286784311, 6614, 29/40, [LOSS (0), LOSS (1), LOSS (0), WIN (0)]
1636286805054, 6614, 30/40, [LOSS (0), LOSS (1), LOSS (0), WIN (0)]
1636286823626, 6614, 31/40, [LOSS (0), WIN (1), LOSS (0), LOSS (0)]
1636286841644, 53345, 32/40, [LOSS (0), TIE (1), LOSS (0), TIE (0)]
1636286864927, 53345, 33/40, [LOSS (0), TIE (1), LOSS (0), TIE (0)]
1636286893878, 53345, 34/40, [LOSS (0), TIE (1), LOSS (0), TIE (0)]
1636286918155, 53345, 35/40, [LOSS (0), WIN (1), LOSS (0), LOSS (0)]
1636286941666, 34793, 36/40, [LOSS (0), WIN (1), LOSS (0), LOSS (0)]
1636286966775, 34793, 37/40, [LOSS (0), WIN (1), LOSS (0), LOSS (0)]
1636286994697, 34793, 38/40, [LOSS (0), WIN (1), LOSS (0), LOSS (0)]
1636287023345, 34793, 39/40, [LOSS (0), TIE (1), LOSS (0), TIE (0)]
N 	Win 	Tie 	Loss 	Player (overtime average)
40	0.0%	0.0%	100.0%	players.DoNothingPlayer (0.0)
40	32.5%	32.5%	35.0%	players.mcts_v2.mcts.MCTSPlayer_V2 (1.0)
40	0.0%	0.0%	100.0%	players.DoNothingPlayer (0.0)
40	35.0%	32.5%	32.5%	players.mcts.MCTSPlayer (0.0)
java -jar out/eval/java-pommerman.jar 0 10 4 -1 0 7 0 5 200 12 UCT_UCB1_TURNED SAFE_PLACE_DEFAULT CUSTOM_HEURISTIC 0 false 30 4 50.0 1.3
