HUGE_NEGATIVE -> -1000.0
HUGE_POSITIVE -> 1000.0
STOP_TIME -> 0
STOP_ITERATIONS -> 1
STOP_FMCALLS -> 2
CUSTOM_HEURISTIC -> 0
ADVANCED_HEURISTIC -> 1
epsilon -> 1.0E-6
K -> 1.4142135623730951
rollout_depth -> 12
heuristic_method -> 0
stop_type -> 1
num_iterations -> 200
num_fmcalls -> 2000
num_time -> 40
SAFE_PLACE_DEFAULT -> 0
SAFE_PLACE_ADVANCED -> 1
SAFE_PLACE_EARLY_STOP -> 2
safe_place_method -> 0
UCT_UCB1 -> 0
UCT_UCB1_TURNED -> 1
uct_method -> 0
uctBias -> 0.0
progressiveUnpruningEnable -> false
progressiveUnpruningT -> 30
progressiveUnpruningKInit -> 4
progressiveUnpruningA -> 50.0
progressiveUnpruningB -> 1.3
WARNING: Invalid agent ID: 7
0-10-4--1-0-7-0-5 [DoNothing,MCV2,DoNothing,MCTS]
1636281779066, 40382, 0/40, [LOSS (0), WIN (1), LOSS (0), LOSS (0)]
1636281808679, 40382, 1/40, [LOSS (0), TIE (1), LOSS (0), TIE (0)]
1636281834600, 40382, 2/40, [LOSS (0), WIN (1), LOSS (0), LOSS (0)]
1636281853619, 40382, 3/40, [LOSS (0), LOSS (1), LOSS (0), WIN (0)]
1636281871987, 33140, 4/40, [LOSS (0), TIE (1), LOSS (0), TIE (0)]
1636281890279, 33140, 5/40, [LOSS (0), TIE (1), LOSS (0), TIE (0)]
1636281909911, 33140, 6/40, [LOSS (0), TIE (1), LOSS (0), TIE (0)]
1636281927139, 33140, 7/40, [LOSS (0), TIE (1), LOSS (0), TIE (0)]
1636281943857, 10006, 8/40, [LOSS (0), WIN (1), LOSS (0), LOSS (0)]
1636281962825, 10006, 9/40, [LOSS (0), WIN (1), LOSS (0), LOSS (0)]
1636281983443, 10006, 10/40, [LOSS (0), LOSS (1), LOSS (0), WIN (0)]
1636282003944, 10006, 11/40, [LOSS (0), LOSS (1), LOSS (0), WIN (0)]
1636282021742, 84621, 12/40, [LOSS (0), TIE (1), LOSS (0), TIE (0)]
1636282040398, 84621, 13/40, [LOSS (0), TIE (1), LOSS (0), TIE (0)]
1636282058599, 84621, 14/40, [LOSS (0), TIE (1), LOSS (0), TIE (0)]
1636282079145, 84621, 15/40, [LOSS (0), TIE (1), LOSS (0), TIE (0)]
1636282097335, 4823, 16/40, [LOSS (0), TIE (1), LOSS (0), TIE (0)]
1636282116559, 4823, 17/40, [LOSS (0), TIE (1), LOSS (0), TIE (0)]
1636282136031, 4823, 18/40, [LOSS (0), WIN (1), LOSS (0), LOSS (0)]
1636282154288, 4823, 19/40, [LOSS (0), LOSS (1), LOSS (0), WIN (0)]
1636282173277, 74056, 20/40, [LOSS (0), WIN (1), LOSS (0), LOSS (0)]
1636282192589, 74056, 21/40, [LOSS (0), LOSS (1), LOSS (0), WIN (0)]
1636282211825, 74056, 22/40, [LOSS (0), TIE (1), LOSS (0), TIE (0)]
1636282230411, 74056, 23/40, [LOSS (0), LOSS (1), LOSS (0), WIN (0)]
1636282250304, 36500, 24/40, [LOSS (0), TIE (1), LOSS (0), TIE (0)]
1636282269523, 36500, 25/40, [LOSS (0), LOSS (1), LOSS (0), WIN (0)]
1636282286786, 36500, 26/40, [LOSS (0), WIN (1), LOSS (0), LOSS (0)]
1636282303327, 36500, 27/40, [LOSS (0), WIN (1), LOSS (0), LOSS (0)]
1636282320871, 36319, 28/40, [LOSS (0), TIE (1), LOSS (0), TIE (0)]
1636282337799, 36319, 29/40, [LOSS (0), WIN (1), LOSS (0), LOSS (0)]
1636282354581, 36319, 30/40, [LOSS (0), TIE (1), LOSS (0), TIE (0)]
1636282371788, 36319, 31/40, [LOSS (0), TIE (1), LOSS (0), TIE (0)]
1636282388636, 99057, 32/40, [LOSS (0), TIE (1), LOSS (0), TIE (0)]
1636282409006, 99057, 33/40, [LOSS (0), TIE (1), LOSS (0), TIE (0)]
1636282428288, 99057, 34/40, [LOSS (0), LOSS (1), LOSS (0), WIN (0)]
1636282447557, 99057, 35/40, [LOSS (0), LOSS (1), LOSS (0), WIN (0)]
1636282466229, 62219, 36/40, [LOSS (0), WIN (1), LOSS (0), LOSS (0)]
1636282483751, 62219, 37/40, [LOSS (0), WIN (1), LOSS (0), LOSS (0)]
1636282502069, 62219, 38/40, [LOSS (0), WIN (1), LOSS (0), LOSS (0)]
1636282519506, 62219, 39/40, [LOSS (0), TIE (1), LOSS (0), TIE (0)]
N 	Win 	Tie 	Loss 	Player (overtime average)
40	0.0%	0.0%	100.0%	players.DoNothingPlayer (0.0)
40	30.0%	47.5%	22.5%	players.mcts_v2.mcts.MCTSPlayer_V2 (1.0)
40	0.0%	0.0%	100.0%	players.DoNothingPlayer (0.0)
40	22.5%	47.5%	30.0%	players.mcts.MCTSPlayer (0.0)
java -jar out/eval/java-pommerman.jar 0 10 4 -1 0 7 0 5 200 12 UCT_UCB1 SAFE_PLACE_DEFAULT CUSTOM_HEURISTIC 0 false 30 4 50.0 1.3
