HUGE_NEGATIVE -> -1000.0
HUGE_POSITIVE -> 1000.0
STOP_TIME -> 0
STOP_ITERATIONS -> 1
STOP_FMCALLS -> 2
CUSTOM_HEURISTIC -> 0
ADVANCED_HEURISTIC -> 1
epsilon -> 1.0E-6
K -> 1.4142135623730951
rollout_depth -> 12
heuristic_method -> 0
stop_type -> 1
num_iterations -> 200
num_fmcalls -> 2000
num_time -> 40
SAFE_PLACE_DEFAULT -> 0
SAFE_PLACE_ADVANCED -> 1
SAFE_PLACE_EARLY_STOP -> 2
safe_place_method -> 0
UCT_UCB1 -> 0
UCT_UCB1_TURNED -> 1
uct_method -> 0
uctBias -> 0.0
progressiveUnpruningEnable -> false
progressiveUnpruningT -> 30
progressiveUnpruningKInit -> 4
progressiveUnpruningA -> 50.0
progressiveUnpruningB -> 1.3
WARNING: Invalid agent ID: 7
0-10-4--1-0-7-0-5 [DoNothing,MCV2,DoNothing,MCTS]
1636281779071, 22676, 0/40, [LOSS (0), WIN (1), LOSS (0), LOSS (0)]
1636281811653, 22676, 1/40, [LOSS (0), TIE (1), LOSS (0), TIE (0)]
1636281836365, 22676, 2/40, [LOSS (0), LOSS (1), LOSS (0), WIN (0)]
1636281854787, 22676, 3/40, [LOSS (0), LOSS (1), LOSS (0), WIN (0)]
1636281874420, 26722, 4/40, [LOSS (0), TIE (1), LOSS (0), TIE (0)]
1636281895840, 26722, 5/40, [LOSS (0), WIN (1), LOSS (0), LOSS (0)]
1636281915336, 26722, 6/40, [LOSS (0), TIE (1), LOSS (0), TIE (0)]
1636281934603, 26722, 7/40, [LOSS (0), WIN (1), LOSS (0), LOSS (0)]
1636281953759, 77210, 8/40, [LOSS (0), TIE (1), LOSS (0), TIE (0)]
1636281975542, 77210, 9/40, [LOSS (0), TIE (1), LOSS (0), TIE (0)]
1636281997138, 77210, 10/40, [LOSS (0), TIE (1), LOSS (0), TIE (0)]
1636282019109, 77210, 11/40, [LOSS (0), TIE (1), LOSS (0), TIE (0)]
1636282040017, 21496, 12/40, [LOSS (0), TIE (1), LOSS (0), TIE (0)]
1636282059188, 21496, 13/40, [LOSS (0), TIE (1), LOSS (0), TIE (0)]
1636282080741, 21496, 14/40, [LOSS (0), TIE (1), LOSS (0), TIE (0)]
1636282099788, 21496, 15/40, [LOSS (0), TIE (1), LOSS (0), TIE (0)]
1636282118788, 96660, 16/40, [LOSS (0), WIN (1), LOSS (0), LOSS (0)]
1636282139055, 96660, 17/40, [LOSS (0), TIE (1), LOSS (0), TIE (0)]
1636282159640, 96660, 18/40, [LOSS (0), LOSS (1), LOSS (0), WIN (0)]
1636282180226, 96660, 19/40, [LOSS (0), LOSS (1), LOSS (0), WIN (0)]
1636282198458, 32538, 20/40, [LOSS (0), LOSS (1), LOSS (0), WIN (0)]
1636282218143, 32538, 21/40, [LOSS (0), TIE (1), LOSS (0), TIE (0)]
1636282238361, 32538, 22/40, [LOSS (0), LOSS (1), LOSS (0), WIN (0)]
1636282257317, 32538, 23/40, [LOSS (0), LOSS (1), LOSS (0), WIN (0)]
1636282277139, 86731, 24/40, [LOSS (0), LOSS (1), LOSS (0), WIN (0)]
1636282296540, 86731, 25/40, [LOSS (0), LOSS (1), LOSS (0), WIN (0)]
1636282313687, 86731, 26/40, [LOSS (0), TIE (1), LOSS (0), TIE (0)]
1636282332744, 86731, 27/40, [LOSS (0), WIN (1), LOSS (0), LOSS (0)]
1636282350397, 20707, 28/40, [LOSS (0), TIE (1), LOSS (0), TIE (0)]
1636282367667, 20707, 29/40, [LOSS (0), TIE (1), LOSS (0), TIE (0)]
1636282386114, 20707, 30/40, [LOSS (0), TIE (1), LOSS (0), TIE (0)]
1636282404602, 20707, 31/40, [LOSS (0), TIE (1), LOSS (0), TIE (0)]
1636282421787, 54155, 32/40, [LOSS (0), WIN (1), LOSS (0), LOSS (0)]
1636282440119, 54155, 33/40, [LOSS (0), TIE (1), LOSS (0), TIE (0)]
1636282459587, 54155, 34/40, [LOSS (0), WIN (1), LOSS (0), LOSS (0)]
1636282479673, 54155, 35/40, [LOSS (0), WIN (1), LOSS (0), LOSS (0)]
1636282498029, 95220, 36/40, [LOSS (0), LOSS (1), LOSS (0), WIN (0)]
1636282516752, 95220, 37/40, [LOSS (0), LOSS (1), LOSS (0), WIN (0)]
1636282535957, 95220, 38/40, [LOSS (0), WIN (1), LOSS (0), LOSS (0)]
1636282556707, 95220, 39/40, [LOSS (0), WIN (1), LOSS (0), LOSS (0)]
N 	Win 	Tie 	Loss 	Player (overtime average)
40	0.0%	0.0%	100.0%	players.DoNothingPlayer (0.0)
40	25.0%	47.5%	27.5%	players.mcts_v2.mcts.MCTSPlayer_V2 (1.0)
40	0.0%	0.0%	100.0%	players.DoNothingPlayer (0.0)
40	27.5%	47.5%	25.0%	players.mcts.MCTSPlayer (0.0)
java -jar out/eval/java-pommerman.jar 0 10 4 -1 0 7 0 5 200 12 UCT_UCB1 SAFE_PLACE_DEFAULT CUSTOM_HEURISTIC 0 false 30 4 50.0 1.3
