HUGE_NEGATIVE -> -1000.0
HUGE_POSITIVE -> 1000.0
STOP_TIME -> 0
STOP_ITERATIONS -> 1
STOP_FMCALLS -> 2
CUSTOM_HEURISTIC -> 0
ADVANCED_HEURISTIC -> 1
epsilon -> 1.0E-6
K -> 1.4142135623730951
rollout_depth -> 12
heuristic_method -> 0
stop_type -> 1
num_iterations -> 200
num_fmcalls -> 2000
num_time -> 40
SAFE_PLACE_DEFAULT -> 0
SAFE_PLACE_ADVANCED -> 1
SAFE_PLACE_EARLY_STOP -> 2
safe_place_method -> 0
UCT_UCB1 -> 0
UCT_UCB1_TURNED -> 1
uct_method -> 0
uctBias -> 0.0
progressiveUnpruningEnable -> false
progressiveUnpruningT -> 30
progressiveUnpruningKInit -> 4
progressiveUnpruningA -> 50.0
progressiveUnpruningB -> 1.3
WARNING: Invalid agent ID: 7
0-10-4--1-0-7-0-5 [DoNothing,MCV2,DoNothing,MCTS]
1636286555052, 19457, 0/40, [LOSS (0), LOSS (1), LOSS (0), WIN (0)]
1636286576936, 19457, 1/40, [LOSS (0), WIN (1), LOSS (0), LOSS (0)]
1636286598409, 19457, 2/40, [LOSS (0), WIN (1), LOSS (0), LOSS (0)]
1636286618586, 19457, 3/40, [LOSS (0), LOSS (1), LOSS (0), WIN (0)]
1636286638086, 9919, 4/40, [LOSS (0), TIE (1), LOSS (0), TIE (0)]
1636286657183, 9919, 5/40, [LOSS (0), TIE (1), LOSS (0), TIE (0)]
1636286676518, 9919, 6/40, [LOSS (0), TIE (1), LOSS (0), TIE (0)]
1636286695005, 9919, 7/40, [LOSS (0), TIE (1), LOSS (0), TIE (0)]
1636286714323, 924, 8/40, [LOSS (0), WIN (1), LOSS (0), LOSS (0)]
1636286735089, 924, 9/40, [LOSS (0), LOSS (1), LOSS (0), WIN (0)]
1636286755589, 924, 10/40, [LOSS (0), LOSS (1), LOSS (0), WIN (0)]
1636286775642, 924, 11/40, [LOSS (0), LOSS (1), LOSS (0), WIN (0)]
1636286795797, 98247, 12/40, [LOSS (0), LOSS (1), LOSS (0), WIN (0)]
1636286813554, 98247, 13/40, [LOSS (0), LOSS (1), LOSS (0), WIN (0)]
1636286831052, 98247, 14/40, [LOSS (0), LOSS (1), LOSS (0), WIN (0)]
1636286849732, 98247, 15/40, [LOSS (0), WIN (1), LOSS (0), LOSS (0)]
1636286878880, 40650, 16/40, [LOSS (0), WIN (1), LOSS (0), LOSS (0)]
1636286905501, 40650, 17/40, [LOSS (0), LOSS (1), LOSS (0), WIN (0)]
1636286932954, 40650, 18/40, [LOSS (0), WIN (1), LOSS (0), LOSS (0)]
1636286959769, 40650, 19/40, [LOSS (0), LOSS (1), LOSS (0), WIN (0)]
1636286990650, 81823, 20/40, [TIE (0), TIE (1), TIE (0), TIE (0)]
1636287016382, 81823, 21/40, [TIE (0), TIE (1), TIE (0), TIE (0)]
1636287039568, 81823, 22/40, [TIE (0), TIE (1), TIE (0), TIE (0)]
1636287066250, 81823, 23/40, [TIE (0), TIE (1), TIE (0), TIE (0)]
1636287095946, 92582, 24/40, [LOSS (0), WIN (1), LOSS (0), LOSS (0)]
1636287128968, 92582, 25/40, [LOSS (0), LOSS (1), LOSS (0), WIN (0)]
1636287162052, 92582, 26/40, [LOSS (0), WIN (1), LOSS (0), LOSS (0)]
1636287195679, 92582, 27/40, [LOSS (0), LOSS (1), LOSS (0), WIN (0)]
1636287230700, 92278, 28/40, [LOSS (0), LOSS (1), LOSS (0), WIN (0)]
1636287262702, 92278, 29/40, [LOSS (0), LOSS (1), LOSS (0), WIN (0)]
1636287286058, 92278, 30/40, [LOSS (0), WIN (1), LOSS (0), LOSS (0)]
1636287311733, 92278, 31/40, [LOSS (0), LOSS (1), LOSS (0), WIN (0)]
1636287340845, 17388, 32/40, [LOSS (0), TIE (1), LOSS (0), TIE (0)]
1636287376262, 17388, 33/40, [LOSS (0), TIE (1), LOSS (0), TIE (0)]
1636287397716, 17388, 34/40, [LOSS (0), TIE (1), LOSS (0), TIE (0)]
1636287416100, 17388, 35/40, [LOSS (0), TIE (1), LOSS (0), TIE (0)]
1636287434891, 76486, 36/40, [LOSS (0), LOSS (1), LOSS (0), WIN (0)]
1636287450491, 76486, 37/40, [LOSS (0), LOSS (1), LOSS (0), WIN (0)]
1636287466207, 76486, 38/40, [LOSS (0), LOSS (1), LOSS (0), WIN (0)]
1636287484803, 76486, 39/40, [LOSS (0), WIN (1), LOSS (0), LOSS (0)]
N 	Win 	Tie 	Loss 	Player (overtime average)
40	0.0%	10.0%	90.0%	players.DoNothingPlayer (0.0)
40	25.0%	30.0%	45.0%	players.mcts_v2.mcts.MCTSPlayer_V2 (1.0)
40	0.0%	10.0%	90.0%	players.DoNothingPlayer (0.0)
40	45.0%	30.0%	25.0%	players.mcts.MCTSPlayer (0.0)
java -jar out/eval/java-pommerman.jar 0 10 4 -1 0 7 0 5 200 12 UCT_UCB1 SAFE_PLACE_DEFAULT CUSTOM_HEURISTIC 0 false 30 4 50.0 1.3
