HUGE_NEGATIVE -> -1000.0
HUGE_POSITIVE -> 1000.0
STOP_TIME -> 0
STOP_ITERATIONS -> 1
STOP_FMCALLS -> 2
CUSTOM_HEURISTIC -> 0
ADVANCED_HEURISTIC -> 1
epsilon -> 1.0E-6
K -> 1.4142135623730951
rollout_depth -> 12
heuristic_method -> 0
stop_type -> 1
num_iterations -> 200
num_fmcalls -> 2000
num_time -> 40
SAFE_PLACE_DEFAULT -> 0
SAFE_PLACE_ADVANCED -> 1
SAFE_PLACE_EARLY_STOP -> 2
safe_place_method -> 0
UCT_UCB1 -> 0
UCT_UCB1_TURNED -> 1
uct_method -> 0
uctBias -> 0.0
progressiveUnpruningEnable -> true
progressiveUnpruningT -> 20
progressiveUnpruningKInit -> 3
progressiveUnpruningA -> 50.0
progressiveUnpruningB -> 1.4
WARNING: Invalid agent ID: 7
0-10-4--1-0-7-0-5 [DoNothing,MCV2,DoNothing,MCTS]
1636290772372, 14143, 0/40, [LOSS (0), LOSS (1), LOSS (0), WIN (0)]
1636290799686, 14143, 1/40, [LOSS (0), TIE (1), LOSS (0), TIE (0)]
1636290825579, 14143, 2/40, [LOSS (0), LOSS (1), LOSS (0), WIN (0)]
1636290850975, 14143, 3/40, [LOSS (0), WIN (1), LOSS (0), LOSS (0)]
1636290876672, 68940, 4/40, [LOSS (0), WIN (1), LOSS (0), LOSS (0)]
1636290903697, 68940, 5/40, [LOSS (0), WIN (1), LOSS (0), LOSS (0)]
1636290928941, 68940, 6/40, [LOSS (0), LOSS (1), LOSS (0), WIN (0)]
1636290953728, 68940, 7/40, [LOSS (0), WIN (1), LOSS (0), LOSS (0)]
1636290980043, 15083, 8/40, [LOSS (0), TIE (1), LOSS (0), TIE (0)]
1636291006814, 15083, 9/40, [LOSS (0), TIE (1), LOSS (0), TIE (0)]
1636291033288, 15083, 10/40, [LOSS (0), TIE (1), LOSS (0), TIE (0)]
1636291058473, 15083, 11/40, [LOSS (0), TIE (1), LOSS (0), TIE (0)]
1636291083887, 58625, 12/40, [LOSS (0), LOSS (1), LOSS (0), WIN (0)]
1636291110014, 58625, 13/40, [LOSS (0), LOSS (1), LOSS (0), WIN (0)]
1636291136100, 58625, 14/40, [LOSS (0), LOSS (1), LOSS (0), WIN (0)]
1636291161845, 58625, 15/40, [LOSS (0), WIN (1), LOSS (0), LOSS (0)]
1636291188618, 23698, 16/40, [LOSS (0), LOSS (1), LOSS (0), WIN (0)]
1636291214083, 23698, 17/40, [LOSS (0), LOSS (1), LOSS (0), WIN (0)]
1636291239189, 23698, 18/40, [LOSS (0), LOSS (1), LOSS (0), WIN (0)]
1636291263216, 23698, 19/40, [LOSS (0), WIN (1), LOSS (0), LOSS (0)]
1636291289210, 82188, 20/40, [LOSS (0), LOSS (1), LOSS (0), WIN (0)]
1636291316095, 82188, 21/40, [LOSS (0), WIN (1), LOSS (0), LOSS (0)]
1636291340378, 82188, 22/40, [LOSS (0), LOSS (1), LOSS (0), WIN (0)]
1636291364915, 82188, 23/40, [LOSS (0), WIN (1), LOSS (0), LOSS (0)]
1636291391920, 25368, 24/40, [LOSS (0), WIN (1), LOSS (0), LOSS (0)]
1636291419717, 25368, 25/40, [LOSS (0), WIN (1), LOSS (0), LOSS (0)]
1636291445362, 25368, 26/40, [LOSS (0), LOSS (1), LOSS (0), WIN (0)]
1636291471218, 25368, 27/40, [LOSS (0), LOSS (1), LOSS (0), WIN (0)]
1636291495856, 72655, 28/40, [LOSS (0), WIN (1), LOSS (0), LOSS (0)]
1636291520694, 72655, 29/40, [LOSS (0), LOSS (1), LOSS (0), WIN (0)]
1636291545860, 72655, 30/40, [LOSS (0), WIN (1), LOSS (0), LOSS (0)]
1636291572194, 72655, 31/40, [LOSS (0), LOSS (1), LOSS (0), WIN (0)]
1636291599872, 69450, 32/40, [LOSS (0), TIE (1), LOSS (0), TIE (0)]
1636291623947, 69450, 33/40, [LOSS (0), TIE (1), LOSS (0), TIE (0)]
1636291648562, 69450, 34/40, [LOSS (0), TIE (1), LOSS (0), TIE (0)]
1636291672790, 69450, 35/40, [LOSS (0), LOSS (1), LOSS (0), WIN (0)]
1636291699942, 11363, 36/40, [LOSS (0), TIE (1), LOSS (0), TIE (0)]
1636291724542, 11363, 37/40, [LOSS (0), TIE (1), LOSS (0), TIE (0)]
1636291750526, 11363, 38/40, [LOSS (0), TIE (1), LOSS (0), TIE (0)]
1636291775228, 11363, 39/40, [LOSS (0), TIE (1), LOSS (0), TIE (0)]
N 	Win 	Tie 	Loss 	Player (overtime average)
40	0.0%	0.0%	100.0%	players.DoNothingPlayer (0.0)
40	30.0%	30.0%	40.0%	players.mcts_v2.mcts.MCTSPlayer_V2 (1.0)
40	0.0%	0.0%	100.0%	players.DoNothingPlayer (0.0)
40	40.0%	30.0%	30.0%	players.mcts.MCTSPlayer (0.0)
java -jar out/eval/java-pommerman.jar 0 10 4 -1 0 7 0 5 200 12 UCT_UCB1 SAFE_PLACE_DEFAULT CUSTOM_HEURISTIC 0 true 20 3 50 1.4
