HUGE_NEGATIVE -> -1000.0
HUGE_POSITIVE -> 1000.0
STOP_TIME -> 0
STOP_ITERATIONS -> 1
STOP_FMCALLS -> 2
CUSTOM_HEURISTIC -> 0
ADVANCED_HEURISTIC -> 1
epsilon -> 1.0E-6
K -> 1.4142135623730951
rollout_depth -> 12
heuristic_method -> 0
stop_type -> 1
num_iterations -> 200
num_fmcalls -> 2000
num_time -> 40
SAFE_PLACE_DEFAULT -> 0
SAFE_PLACE_ADVANCED -> 1
SAFE_PLACE_EARLY_STOP -> 2
safe_place_method -> 0
UCT_UCB1 -> 0
UCT_UCB1_TURNED -> 1
uct_method -> 0
uctBias -> 0.0
progressiveUnpruningEnable -> true
progressiveUnpruningT -> 30
progressiveUnpruningKInit -> 2
progressiveUnpruningA -> 40.0
progressiveUnpruningB -> 1.2
WARNING: Invalid agent ID: 7
0-10-4--1-0-7-0-5 [DoNothing,MCV2,DoNothing,MCTS]
1636293516518, 23652, 0/40, [LOSS (0), TIE (1), LOSS (0), TIE (0)]
1636293533491, 23652, 1/40, [LOSS (0), TIE (1), LOSS (0), TIE (0)]
1636293548081, 23652, 2/40, [LOSS (0), TIE (1), LOSS (0), TIE (0)]
1636293562116, 23652, 3/40, [LOSS (0), TIE (1), LOSS (0), TIE (0)]
1636293576552, 41219, 4/40, [LOSS (0), WIN (1), LOSS (0), LOSS (0)]
1636293591739, 41219, 5/40, [LOSS (0), LOSS (1), LOSS (0), WIN (0)]
1636293606917, 41219, 6/40, [LOSS (0), LOSS (1), LOSS (0), WIN (0)]
1636293621860, 41219, 7/40, [LOSS (0), WIN (1), LOSS (0), LOSS (0)]
1636293637138, 70788, 8/40, [LOSS (0), LOSS (1), LOSS (0), WIN (0)]
1636293652628, 70788, 9/40, [LOSS (0), LOSS (1), LOSS (0), WIN (0)]
1636293668860, 70788, 10/40, [LOSS (0), LOSS (1), LOSS (0), WIN (0)]
1636293682208, 70788, 11/40, [LOSS (0), WIN (1), LOSS (0), LOSS (0)]
1636293697555, 68634, 12/40, [LOSS (0), TIE (1), LOSS (0), TIE (0)]
1636293713041, 68634, 13/40, [LOSS (0), TIE (1), LOSS (0), TIE (0)]
1636293728382, 68634, 14/40, [LOSS (0), TIE (1), LOSS (0), TIE (0)]
1636293743433, 68634, 15/40, [LOSS (0), TIE (1), LOSS (0), TIE (0)]
1636293758359, 69526, 16/40, [LOSS (0), WIN (1), LOSS (0), LOSS (0)]
1636293773158, 69526, 17/40, [LOSS (0), WIN (1), LOSS (0), LOSS (0)]
1636293788021, 69526, 18/40, [LOSS (0), LOSS (1), LOSS (0), WIN (0)]
1636293802720, 69526, 19/40, [LOSS (0), TIE (1), LOSS (0), TIE (0)]
1636293817620, 22737, 20/40, [LOSS (0), LOSS (1), LOSS (0), WIN (0)]
1636293832773, 22737, 21/40, [LOSS (0), TIE (1), LOSS (0), TIE (0)]
1636293848555, 22737, 22/40, [LOSS (0), WIN (1), LOSS (0), LOSS (0)]
1636293863572, 22737, 23/40, [LOSS (0), TIE (1), LOSS (0), TIE (0)]
1636293877609, 98662, 24/40, [LOSS (0), TIE (1), LOSS (0), TIE (0)]
1636293895933, 98662, 25/40, [LOSS (0), TIE (1), LOSS (0), TIE (0)]
1636293912819, 98662, 26/40, [LOSS (0), TIE (1), LOSS (0), TIE (0)]
1636293929987, 98662, 27/40, [LOSS (0), LOSS (1), LOSS (0), WIN (0)]
1636293944929, 28343, 28/40, [LOSS (0), LOSS (1), LOSS (0), WIN (0)]
1636293957887, 28343, 29/40, [TIE (0), TIE (1), TIE (0), TIE (0)]
1636293970846, 28343, 30/40, [TIE (0), TIE (1), TIE (0), TIE (0)]
1636293984381, 28343, 31/40, [TIE (0), TIE (1), TIE (0), TIE (0)]
1636293997257, 90035, 32/40, [LOSS (0), LOSS (1), LOSS (0), WIN (0)]
1636294011045, 90035, 33/40, [LOSS (0), LOSS (1), LOSS (0), WIN (0)]
1636294027799, 90035, 34/40, [LOSS (0), WIN (1), LOSS (0), LOSS (0)]
1636294042741, 90035, 35/40, [LOSS (0), WIN (1), LOSS (0), LOSS (0)]
1636294057710, 55094, 36/40, [LOSS (0), WIN (1), LOSS (0), LOSS (0)]
1636294071207, 55094, 37/40, [LOSS (0), WIN (1), LOSS (0), LOSS (0)]
1636294084962, 55094, 38/40, [LOSS (0), WIN (1), LOSS (0), LOSS (0)]
1636294098050, 55094, 39/40, [LOSS (0), LOSS (1), LOSS (0), WIN (0)]
N 	Win 	Tie 	Loss 	Player (overtime average)
40	0.0%	7.5%	92.5%	players.DoNothingPlayer (0.0)
40	27.5%	42.5%	30.0%	players.mcts_v2.mcts.MCTSPlayer_V2 (1.0)
40	0.0%	7.5%	92.5%	players.DoNothingPlayer (0.0)
40	30.0%	42.5%	27.5%	players.mcts.MCTSPlayer (0.0)
java -jar out/eval/java-pommerman.jar 0 10 4 -1 0 7 0 5 200 12 UCT_UCB1 SAFE_PLACE_DEFAULT CUSTOM_HEURISTIC 0 true 30 2 40 1.2
