HUGE_NEGATIVE -> -1000.0
HUGE_POSITIVE -> 1000.0
STOP_TIME -> 0
STOP_ITERATIONS -> 1
STOP_FMCALLS -> 2
CUSTOM_HEURISTIC -> 0
ADVANCED_HEURISTIC -> 1
epsilon -> 1.0E-6
K -> 1.4142135623730951
rollout_depth -> 12
heuristic_method -> 0
stop_type -> 1
num_iterations -> 200
num_fmcalls -> 2000
num_time -> 40
SAFE_PLACE_DEFAULT -> 0
SAFE_PLACE_ADVANCED -> 1
SAFE_PLACE_EARLY_STOP -> 2
safe_place_method -> 0
UCT_UCB1 -> 0
UCT_UCB1_TURNED -> 1
uct_method -> 0
uctBias -> 0.0
progressiveUnpruningEnable -> true
progressiveUnpruningT -> 30
progressiveUnpruningKInit -> 4
progressiveUnpruningA -> 60.0
progressiveUnpruningB -> 1.4
WARNING: Invalid agent ID: 7
0-10-4--1-0-7-0-5 [DoNothing,MCV2,DoNothing,MCTS]
1636297712191, 43665, 0/40, [LOSS (0), TIE (1), LOSS (0), TIE (0)]
1636297733908, 43665, 1/40, [LOSS (0), WIN (1), LOSS (0), LOSS (0)]
1636297750130, 43665, 2/40, [LOSS (0), LOSS (1), LOSS (0), WIN (0)]
1636297772876, 43665, 3/40, [LOSS (0), WIN (1), LOSS (0), LOSS (0)]
1636297801715, 29494, 4/40, [LOSS (0), WIN (1), LOSS (0), LOSS (0)]
1636297819773, 29494, 5/40, [LOSS (0), WIN (1), LOSS (0), LOSS (0)]
1636297836220, 29494, 6/40, [LOSS (0), LOSS (1), LOSS (0), WIN (0)]
1636297853337, 29494, 7/40, [LOSS (0), LOSS (1), LOSS (0), WIN (0)]
1636297872853, 21090, 8/40, [LOSS (0), WIN (1), LOSS (0), LOSS (0)]
1636297891361, 21090, 9/40, [LOSS (0), WIN (1), LOSS (0), LOSS (0)]
1636297908067, 21090, 10/40, [LOSS (0), TIE (1), LOSS (0), TIE (0)]
1636297925686, 21090, 11/40, [LOSS (0), LOSS (1), LOSS (0), WIN (0)]
1636297944233, 38834, 12/40, [LOSS (0), LOSS (1), LOSS (0), WIN (0)]
1636297977417, 38834, 13/40, [LOSS (0), WIN (1), LOSS (0), LOSS (0)]
1636298003489, 38834, 14/40, [LOSS (0), WIN (1), LOSS (0), LOSS (0)]
1636298032083, 38834, 15/40, [LOSS (0), LOSS (1), LOSS (0), WIN (0)]
1636298059911, 6248, 16/40, [LOSS (0), TIE (1), LOSS (0), TIE (0)]
1636298088483, 6248, 17/40, [LOSS (0), TIE (1), LOSS (0), TIE (0)]
1636298117937, 6248, 18/40, [LOSS (0), TIE (1), LOSS (0), TIE (0)]
1636298143226, 6248, 19/40, [LOSS (0), TIE (1), LOSS (0), TIE (0)]
1636298161762, 65590, 20/40, [LOSS (0), LOSS (1), LOSS (0), WIN (0)]
1636298179064, 65590, 21/40, [LOSS (0), WIN (1), LOSS (0), LOSS (0)]
1636298196223, 65590, 22/40, [LOSS (0), WIN (1), LOSS (0), LOSS (0)]
1636298213586, 65590, 23/40, [LOSS (0), WIN (1), LOSS (0), LOSS (0)]
1636298229951, 11679, 24/40, [LOSS (0), TIE (1), LOSS (0), TIE (0)]
1636298246443, 11679, 25/40, [LOSS (0), TIE (1), LOSS (0), TIE (0)]
1636298267241, 11679, 26/40, [LOSS (0), TIE (1), LOSS (0), TIE (0)]
1636298284620, 11679, 27/40, [LOSS (0), TIE (1), LOSS (0), TIE (0)]
1636298300840, 8412, 28/40, [LOSS (0), TIE (1), LOSS (0), TIE (0)]
1636298319897, 8412, 29/40, [LOSS (0), LOSS (1), LOSS (0), WIN (0)]
1636298336436, 8412, 30/40, [LOSS (0), TIE (1), LOSS (0), TIE (0)]
1636298355514, 8412, 31/40, [LOSS (0), TIE (1), LOSS (0), TIE (0)]
1636298376002, 69968, 32/40, [LOSS (0), LOSS (1), LOSS (0), WIN (0)]
1636298408351, 69968, 33/40, [LOSS (0), LOSS (1), LOSS (0), WIN (0)]
1636298428655, 69968, 34/40, [LOSS (0), WIN (1), LOSS (0), LOSS (0)]
1636298449482, 69968, 35/40, [LOSS (0), WIN (1), LOSS (0), LOSS (0)]
1636298470341, 16388, 36/40, [LOSS (0), TIE (1), LOSS (0), TIE (0)]
1636298488877, 16388, 37/40, [LOSS (0), TIE (1), LOSS (0), TIE (0)]
1636298507378, 16388, 38/40, [LOSS (0), TIE (1), LOSS (0), TIE (0)]
1636298528292, 16388, 39/40, [LOSS (0), TIE (1), LOSS (0), TIE (0)]
N 	Win 	Tie 	Loss 	Player (overtime average)
40	0.0%	0.0%	100.0%	players.DoNothingPlayer (0.0)
40	32.5%	42.5%	25.0%	players.mcts_v2.mcts.MCTSPlayer_V2 (1.0)
40	0.0%	0.0%	100.0%	players.DoNothingPlayer (0.0)
40	25.0%	42.5%	32.5%	players.mcts.MCTSPlayer (0.0)
java -jar out/eval/java-pommerman.jar 0 10 4 -1 0 7 0 5 200 12 UCT_UCB1 SAFE_PLACE_DEFAULT CUSTOM_HEURISTIC 0 true 30 4 60 1.4
