HUGE_NEGATIVE -> -1000.0
HUGE_POSITIVE -> 1000.0
STOP_TIME -> 0
STOP_ITERATIONS -> 1
STOP_FMCALLS -> 2
CUSTOM_HEURISTIC -> 0
ADVANCED_HEURISTIC -> 1
epsilon -> 1.0E-6
K -> 1.4142135623730951
rollout_depth -> 12
heuristic_method -> 0
stop_type -> 1
num_iterations -> 200
num_fmcalls -> 2000
num_time -> 40
SAFE_PLACE_DEFAULT -> 0
SAFE_PLACE_ADVANCED -> 1
SAFE_PLACE_EARLY_STOP -> 2
safe_place_method -> 0
UCT_UCB1 -> 0
UCT_UCB1_TURNED -> 1
uct_method -> 0
uctBias -> 0.0
progressiveUnpruningEnable -> true
progressiveUnpruningT -> 40
progressiveUnpruningKInit -> 2
progressiveUnpruningA -> 50.0
progressiveUnpruningB -> 1.3
WARNING: Invalid agent ID: 7
0-10-4--1-0-7-0-5 [DoNothing,MCV2,DoNothing,MCTS]
1636298618606, 62869, 0/40, [LOSS (0), LOSS (1), LOSS (0), WIN (0)]
1636298646398, 62869, 1/40, [LOSS (0), TIE (1), LOSS (0), TIE (0)]
1636298668328, 62869, 2/40, [LOSS (0), TIE (1), LOSS (0), TIE (0)]
1636298691254, 62869, 3/40, [LOSS (0), LOSS (1), LOSS (0), WIN (0)]
1636298725286, 73989, 4/40, [LOSS (0), TIE (1), LOSS (0), TIE (0)]
1636298749439, 73989, 5/40, [LOSS (0), LOSS (1), LOSS (0), WIN (0)]
1636298775566, 73989, 6/40, [LOSS (0), WIN (1), LOSS (0), LOSS (0)]
1636298798699, 73989, 7/40, [LOSS (0), TIE (1), LOSS (0), TIE (0)]
1636298818364, 85750, 8/40, [LOSS (0), WIN (1), LOSS (0), LOSS (0)]
1636298836814, 85750, 9/40, [LOSS (0), TIE (1), LOSS (0), TIE (0)]
1636298855795, 85750, 10/40, [LOSS (0), LOSS (1), LOSS (0), WIN (0)]
1636298874840, 85750, 11/40, [LOSS (0), WIN (1), LOSS (0), LOSS (0)]
1636298898906, 80081, 12/40, [LOSS (0), WIN (1), LOSS (0), LOSS (0)]
1636298920744, 80081, 13/40, [LOSS (0), WIN (1), LOSS (0), LOSS (0)]
1636298947515, 80081, 14/40, [LOSS (0), TIE (1), LOSS (0), TIE (0)]
1636298967296, 80081, 15/40, [LOSS (0), WIN (1), LOSS (0), LOSS (0)]
1636298988698, 2052, 16/40, [LOSS (0), WIN (1), LOSS (0), LOSS (0)]
1636299010109, 2052, 17/40, [LOSS (0), LOSS (1), LOSS (0), WIN (0)]
1636299036576, 2052, 18/40, [LOSS (0), TIE (1), LOSS (0), TIE (0)]
1636299062349, 2052, 19/40, [LOSS (0), TIE (1), LOSS (0), TIE (0)]
1636299084650, 14360, 20/40, [LOSS (0), TIE (1), LOSS (0), TIE (0)]
1636299106520, 14360, 21/40, [LOSS (0), TIE (1), LOSS (0), TIE (0)]
1636299127766, 14360, 22/40, [LOSS (0), TIE (1), LOSS (0), TIE (0)]
1636299153717, 14360, 23/40, [LOSS (0), TIE (1), LOSS (0), TIE (0)]
1636299183550, 14834, 24/40, [LOSS (0), WIN (1), LOSS (0), LOSS (0)]
1636299206152, 14834, 25/40, [LOSS (0), TIE (1), LOSS (0), TIE (0)]
1636299231380, 14834, 26/40, [LOSS (0), TIE (1), LOSS (0), TIE (0)]
1636299257778, 14834, 27/40, [LOSS (0), TIE (1), LOSS (0), TIE (0)]
1636299285883, 4059, 28/40, [LOSS (0), TIE (1), LOSS (0), TIE (0)]
1636299308856, 4059, 29/40, [LOSS (0), TIE (1), LOSS (0), TIE (0)]
1636299332347, 4059, 30/40, [LOSS (0), TIE (1), LOSS (0), TIE (0)]
1636299352533, 4059, 31/40, [LOSS (0), TIE (1), LOSS (0), TIE (0)]
1636299375018, 38112, 32/40, [LOSS (0), TIE (1), LOSS (0), TIE (0)]
1636299399121, 38112, 33/40, [LOSS (0), TIE (1), LOSS (0), TIE (0)]
1636299422771, 38112, 34/40, [LOSS (0), TIE (1), LOSS (0), TIE (0)]
1636299446028, 38112, 35/40, [LOSS (0), TIE (1), LOSS (0), TIE (0)]
1636299476841, 13929, 36/40, [LOSS (0), WIN (1), LOSS (0), LOSS (0)]
1636299502986, 13929, 37/40, [LOSS (0), WIN (1), LOSS (0), LOSS (0)]
1636299523609, 13929, 38/40, [LOSS (0), TIE (1), LOSS (0), TIE (0)]
1636299549490, 13929, 39/40, [LOSS (0), TIE (1), LOSS (0), TIE (0)]
N 	Win 	Tie 	Loss 	Player (overtime average)
40	0.0%	0.0%	100.0%	players.DoNothingPlayer (0.0)
40	25.0%	62.5%	12.5%	players.mcts_v2.mcts.MCTSPlayer_V2 (1.0)
40	0.0%	0.0%	100.0%	players.DoNothingPlayer (0.0)
40	12.5%	62.5%	25.0%	players.mcts.MCTSPlayer (0.0)
java -jar out/eval/java-pommerman.jar 0 10 4 -1 0 7 0 5 200 12 UCT_UCB1 SAFE_PLACE_DEFAULT CUSTOM_HEURISTIC 0 true 40 2 50 1.3
