HUGE_NEGATIVE -> -1000.0
HUGE_POSITIVE -> 1000.0
STOP_TIME -> 0
STOP_ITERATIONS -> 1
STOP_FMCALLS -> 2
CUSTOM_HEURISTIC -> 0
ADVANCED_HEURISTIC -> 1
epsilon -> 1.0E-6
K -> 1.4142135623730951
rollout_depth -> 12
heuristic_method -> 0
stop_type -> 1
num_iterations -> 200
num_fmcalls -> 2000
num_time -> 40
SAFE_PLACE_DEFAULT -> 0
SAFE_PLACE_ADVANCED -> 1
SAFE_PLACE_EARLY_STOP -> 2
safe_place_method -> 0
UCT_UCB1 -> 0
UCT_UCB1_TURNED -> 1
uct_method -> 0
uctBias -> 0.0
progressiveUnpruningEnable -> true
progressiveUnpruningT -> 20
progressiveUnpruningKInit -> 3
progressiveUnpruningA -> 50.0
progressiveUnpruningB -> 1.2
WARNING: Invalid agent ID: 7
0-10-4--1-0-7-0-5 [DoNothing,MCV2,DoNothing,MCTS]
1636290715008, 84246, 0/40, [LOSS (0), TIE (1), LOSS (0), TIE (0)]
1636290742384, 84246, 1/40, [LOSS (0), TIE (1), LOSS (0), TIE (0)]
1636290767080, 84246, 2/40, [LOSS (0), TIE (1), LOSS (0), TIE (0)]
1636290793322, 84246, 3/40, [LOSS (0), TIE (1), LOSS (0), TIE (0)]
1636290818299, 84713, 4/40, [LOSS (0), TIE (1), LOSS (0), TIE (0)]
1636290842311, 84713, 5/40, [LOSS (0), TIE (1), LOSS (0), TIE (0)]
1636290866659, 84713, 6/40, [LOSS (0), TIE (1), LOSS (0), TIE (0)]
1636290891023, 84713, 7/40, [LOSS (0), TIE (1), LOSS (0), TIE (0)]
1636290914643, 73798, 8/40, [TIE (0), TIE (1), TIE (0), TIE (0)]
1636290935499, 73798, 9/40, [LOSS (0), WIN (1), LOSS (0), LOSS (0)]
1636290956565, 73798, 10/40, [TIE (0), TIE (1), TIE (0), TIE (0)]
1636290978564, 73798, 11/40, [TIE (0), TIE (1), TIE (0), TIE (0)]
1636291000788, 67492, 12/40, [LOSS (0), TIE (1), LOSS (0), TIE (0)]
1636291029354, 67492, 13/40, [LOSS (0), LOSS (1), LOSS (0), WIN (0)]
1636291055044, 67492, 14/40, [LOSS (0), LOSS (1), LOSS (0), WIN (0)]
1636291079219, 67492, 15/40, [LOSS (0), LOSS (1), LOSS (0), WIN (0)]
1636291103768, 86663, 16/40, [LOSS (0), LOSS (1), LOSS (0), WIN (0)]
1636291129898, 86663, 17/40, [LOSS (0), TIE (1), LOSS (0), TIE (0)]
1636291157551, 86663, 18/40, [LOSS (0), TIE (1), LOSS (0), TIE (0)]
1636291185665, 86663, 19/40, [LOSS (0), TIE (1), LOSS (0), TIE (0)]
1636291213581, 14626, 20/40, [LOSS (0), TIE (1), LOSS (0), TIE (0)]
1636291240517, 14626, 21/40, [LOSS (0), TIE (1), LOSS (0), TIE (0)]
1636291267324, 14626, 22/40, [LOSS (0), TIE (1), LOSS (0), TIE (0)]
1636291294371, 14626, 23/40, [LOSS (0), TIE (1), LOSS (0), TIE (0)]
1636291320555, 63591, 24/40, [LOSS (0), TIE (1), LOSS (0), TIE (0)]
1636291347770, 63591, 25/40, [LOSS (0), LOSS (1), LOSS (0), WIN (0)]
1636291374516, 63591, 26/40, [LOSS (0), LOSS (1), LOSS (0), WIN (0)]
1636291402598, 63591, 27/40, [LOSS (0), WIN (1), LOSS (0), LOSS (0)]
1636291429599, 1895, 28/40, [LOSS (0), LOSS (1), LOSS (0), WIN (0)]
1636291455140, 1895, 29/40, [LOSS (0), LOSS (1), LOSS (0), WIN (0)]
1636291480776, 1895, 30/40, [LOSS (0), LOSS (1), LOSS (0), WIN (0)]
1636291506246, 1895, 31/40, [LOSS (0), LOSS (1), LOSS (0), WIN (0)]
1636291532810, 2650, 32/40, [LOSS (0), WIN (1), LOSS (0), LOSS (0)]
1636291559855, 2650, 33/40, [LOSS (0), WIN (1), LOSS (0), LOSS (0)]
1636291586643, 2650, 34/40, [LOSS (0), WIN (1), LOSS (0), LOSS (0)]
1636291610574, 2650, 35/40, [LOSS (0), LOSS (1), LOSS (0), WIN (0)]
1636291636813, 29272, 36/40, [LOSS (0), WIN (1), LOSS (0), LOSS (0)]
1636291662892, 29272, 37/40, [LOSS (0), LOSS (1), LOSS (0), WIN (0)]
1636291686078, 29272, 38/40, [LOSS (0), WIN (1), LOSS (0), LOSS (0)]
1636291713147, 29272, 39/40, [LOSS (0), LOSS (1), LOSS (0), WIN (0)]
N 	Win 	Tie 	Loss 	Player (overtime average)
40	0.0%	7.5%	92.5%	players.DoNothingPlayer (0.0)
40	17.5%	50.0%	32.5%	players.mcts_v2.mcts.MCTSPlayer_V2 (1.0)
40	0.0%	7.5%	92.5%	players.DoNothingPlayer (0.0)
40	32.5%	50.0%	17.5%	players.mcts.MCTSPlayer (0.0)
java -jar out/eval/java-pommerman.jar 0 10 4 -1 0 7 0 5 200 12 UCT_UCB1 SAFE_PLACE_DEFAULT CUSTOM_HEURISTIC 0 true 20 3 50 1.2
