HUGE_NEGATIVE -> -1000.0
HUGE_POSITIVE -> 1000.0
STOP_TIME -> 0
STOP_ITERATIONS -> 1
STOP_FMCALLS -> 2
CUSTOM_HEURISTIC -> 0
ADVANCED_HEURISTIC -> 1
epsilon -> 1.0E-6
K -> 1.4142135623730951
rollout_depth -> 12
heuristic_method -> 0
stop_type -> 1
num_iterations -> 200
num_fmcalls -> 2000
num_time -> 40
SAFE_PLACE_DEFAULT -> 0
SAFE_PLACE_ADVANCED -> 1
SAFE_PLACE_EARLY_STOP -> 2
safe_place_method -> 0
UCT_UCB1 -> 0
UCT_UCB1_TURNED -> 1
uct_method -> 0
uctBias -> 0.0
progressiveUnpruningEnable -> true
progressiveUnpruningT -> 40
progressiveUnpruningKInit -> 2
progressiveUnpruningA -> 60.0
progressiveUnpruningB -> 1.2
WARNING: Invalid agent ID: 7
0-10-4--1-0-7-0-5 [DoNothing,MCV2,DoNothing,MCTS]
1636299539525, 81388, 0/40, [LOSS (0), LOSS (1), LOSS (0), WIN (0)]
1636299574032, 81388, 1/40, [LOSS (0), LOSS (1), LOSS (0), WIN (0)]
1636299604688, 81388, 2/40, [LOSS (0), LOSS (1), LOSS (0), WIN (0)]
1636299629454, 81388, 3/40, [LOSS (0), LOSS (1), LOSS (0), WIN (0)]
1636299656071, 38999, 4/40, [LOSS (0), LOSS (1), LOSS (0), WIN (0)]
1636299679507, 38999, 5/40, [LOSS (0), LOSS (1), LOSS (0), WIN (0)]
1636299703190, 38999, 6/40, [LOSS (0), WIN (1), LOSS (0), LOSS (0)]
1636299724642, 38999, 7/40, [LOSS (0), WIN (1), LOSS (0), LOSS (0)]
1636299746937, 10863, 8/40, [LOSS (0), TIE (1), LOSS (0), TIE (0)]
1636299769625, 10863, 9/40, [LOSS (0), LOSS (1), LOSS (0), WIN (0)]
1636299792380, 10863, 10/40, [LOSS (0), WIN (1), LOSS (0), LOSS (0)]
1636299816327, 10863, 11/40, [LOSS (0), TIE (1), LOSS (0), TIE (0)]
1636299841001, 38266, 12/40, [LOSS (0), TIE (1), LOSS (0), TIE (0)]
1636299861134, 38266, 13/40, [LOSS (0), TIE (1), LOSS (0), TIE (0)]
1636299880502, 38266, 14/40, [LOSS (0), WIN (1), LOSS (0), LOSS (0)]
1636299902691, 38266, 15/40, [LOSS (0), WIN (1), LOSS (0), LOSS (0)]
1636299925862, 42077, 16/40, [LOSS (0), LOSS (1), LOSS (0), WIN (0)]
1636299946180, 42077, 17/40, [LOSS (0), LOSS (1), LOSS (0), WIN (0)]
1636299965652, 42077, 18/40, [LOSS (0), LOSS (1), LOSS (0), WIN (0)]
1636299983988, 42077, 19/40, [LOSS (0), LOSS (1), LOSS (0), WIN (0)]
1636300001919, 84043, 20/40, [LOSS (0), TIE (1), LOSS (0), TIE (0)]
1636300019916, 84043, 21/40, [LOSS (0), TIE (1), LOSS (0), TIE (0)]
1636300039471, 84043, 22/40, [LOSS (0), TIE (1), LOSS (0), TIE (0)]
1636300060602, 84043, 23/40, [LOSS (0), TIE (1), LOSS (0), TIE (0)]
1636300081853, 81394, 24/40, [LOSS (0), LOSS (1), LOSS (0), WIN (0)]
1636300106089, 81394, 25/40, [LOSS (0), WIN (1), LOSS (0), LOSS (0)]
1636300135395, 81394, 26/40, [LOSS (0), LOSS (1), LOSS (0), WIN (0)]
1636300160933, 81394, 27/40, [LOSS (0), LOSS (1), LOSS (0), WIN (0)]
1636300188061, 87343, 28/40, [LOSS (0), TIE (1), LOSS (0), TIE (0)]
1636300208371, 87343, 29/40, [LOSS (0), TIE (1), LOSS (0), TIE (0)]
1636300225867, 87343, 30/40, [LOSS (0), TIE (1), LOSS (0), TIE (0)]
1636300248197, 87343, 31/40, [LOSS (0), TIE (1), LOSS (0), TIE (0)]
1636300269579, 59057, 32/40, [LOSS (0), TIE (1), LOSS (0), TIE (0)]
1636300292697, 59057, 33/40, [LOSS (0), TIE (1), LOSS (0), TIE (0)]
1636300313968, 59057, 34/40, [LOSS (0), TIE (1), LOSS (0), TIE (0)]
1636300337753, 59057, 35/40, [LOSS (0), TIE (1), LOSS (0), TIE (0)]
1636300358203, 23351, 36/40, [LOSS (0), LOSS (1), LOSS (0), WIN (0)]
1636300378649, 23351, 37/40, [TIE (0), TIE (1), TIE (0), TIE (0)]
1636300398337, 23351, 38/40, [TIE (0), TIE (1), TIE (0), TIE (0)]
1636300416086, 23351, 39/40, [TIE (0), TIE (1), TIE (0), TIE (0)]
N 	Win 	Tie 	Loss 	Player (overtime average)
40	0.0%	7.5%	92.5%	players.DoNothingPlayer (0.0)
40	15.0%	47.5%	37.5%	players.mcts_v2.mcts.MCTSPlayer_V2 (1.0)
40	0.0%	7.5%	92.5%	players.DoNothingPlayer (0.0)
40	37.5%	47.5%	15.0%	players.mcts.MCTSPlayer (0.0)
java -jar out/eval/java-pommerman.jar 0 10 4 -1 0 7 0 5 200 12 UCT_UCB1 SAFE_PLACE_DEFAULT CUSTOM_HEURISTIC 0 true 40 2 60 1.2
