HUGE_NEGATIVE -> -1000.0
HUGE_POSITIVE -> 1000.0
STOP_TIME -> 0
STOP_ITERATIONS -> 1
STOP_FMCALLS -> 2
CUSTOM_HEURISTIC -> 0
ADVANCED_HEURISTIC -> 1
epsilon -> 1.0E-6
K -> 1.4142135623730951
rollout_depth -> 12
heuristic_method -> 0
stop_type -> 1
num_iterations -> 200
num_fmcalls -> 2000
num_time -> 40
SAFE_PLACE_DEFAULT -> 0
SAFE_PLACE_ADVANCED -> 1
SAFE_PLACE_EARLY_STOP -> 2
safe_place_method -> 0
UCT_UCB1 -> 0
UCT_UCB1_TURNED -> 1
uct_method -> 0
uctBias -> 0.0
progressiveUnpruningEnable -> true
progressiveUnpruningT -> 30
progressiveUnpruningKInit -> 2
progressiveUnpruningA -> 60.0
progressiveUnpruningB -> 1.4
WARNING: Invalid agent ID: 7
0-10-4--1-0-7-0-5 [DoNothing,MCV2,DoNothing,MCTS]
1636294706947, 99731, 0/40, [LOSS (0), TIE (1), LOSS (0), TIE (0)]
1636294725120, 99731, 1/40, [LOSS (0), LOSS (1), LOSS (0), WIN (0)]
1636294740695, 99731, 2/40, [LOSS (0), WIN (1), LOSS (0), LOSS (0)]
1636294755727, 99731, 3/40, [LOSS (0), LOSS (1), LOSS (0), WIN (0)]
1636294771366, 5769, 4/40, [LOSS (0), TIE (1), LOSS (0), TIE (0)]
1636294785310, 5769, 5/40, [LOSS (0), LOSS (1), LOSS (0), WIN (0)]
1636294799482, 5769, 6/40, [LOSS (0), LOSS (1), LOSS (0), WIN (0)]
1636294813749, 5769, 7/40, [LOSS (0), LOSS (1), LOSS (0), WIN (0)]
1636294827798, 95269, 8/40, [LOSS (0), LOSS (1), LOSS (0), WIN (0)]
1636294843468, 95269, 9/40, [LOSS (0), TIE (1), LOSS (0), TIE (0)]
1636294858524, 95269, 10/40, [LOSS (0), WIN (1), LOSS (0), LOSS (0)]
1636294873562, 95269, 11/40, [LOSS (0), WIN (1), LOSS (0), LOSS (0)]
1636294888051, 55618, 12/40, [LOSS (0), TIE (1), LOSS (0), TIE (0)]
1636294901773, 55618, 13/40, [LOSS (0), TIE (1), LOSS (0), TIE (0)]
1636294915560, 55618, 14/40, [LOSS (0), TIE (1), LOSS (0), TIE (0)]
1636294929287, 55618, 15/40, [LOSS (0), TIE (1), LOSS (0), TIE (0)]
1636294942890, 44857, 16/40, [LOSS (0), WIN (1), LOSS (0), LOSS (0)]
1636294958007, 44857, 17/40, [LOSS (0), LOSS (1), LOSS (0), WIN (0)]
1636294971933, 44857, 18/40, [LOSS (0), LOSS (1), LOSS (0), WIN (0)]
1636294986465, 44857, 19/40, [LOSS (0), WIN (1), LOSS (0), LOSS (0)]
1636295002244, 71278, 20/40, [LOSS (0), TIE (1), LOSS (0), TIE (0)]
1636295017946, 71278, 21/40, [LOSS (0), LOSS (1), LOSS (0), WIN (0)]
1636295033023, 71278, 22/40, [LOSS (0), WIN (1), LOSS (0), LOSS (0)]
1636295048794, 71278, 23/40, [LOSS (0), LOSS (1), LOSS (0), WIN (0)]
1636295064123, 86833, 24/40, [LOSS (0), LOSS (1), LOSS (0), WIN (0)]
1636295079604, 86833, 25/40, [LOSS (0), TIE (1), LOSS (0), TIE (0)]
1636295095395, 86833, 26/40, [LOSS (0), TIE (1), LOSS (0), TIE (0)]
1636295111429, 86833, 27/40, [LOSS (0), WIN (1), LOSS (0), LOSS (0)]
1636295126943, 7602, 28/40, [LOSS (0), TIE (1), LOSS (0), TIE (0)]
1636295141851, 7602, 29/40, [LOSS (0), TIE (1), LOSS (0), TIE (0)]
1636295156759, 7602, 30/40, [LOSS (0), TIE (1), LOSS (0), TIE (0)]
1636295171761, 7602, 31/40, [LOSS (0), TIE (1), LOSS (0), TIE (0)]
1636295187211, 51957, 32/40, [LOSS (0), TIE (1), LOSS (0), TIE (0)]
1636295202969, 51957, 33/40, [LOSS (0), TIE (1), LOSS (0), TIE (0)]
1636295218512, 51957, 34/40, [LOSS (0), TIE (1), LOSS (0), TIE (0)]
1636295234345, 51957, 35/40, [LOSS (0), TIE (1), LOSS (0), TIE (0)]
1636295249711, 38276, 36/40, [LOSS (0), WIN (1), LOSS (0), LOSS (0)]
1636295264617, 38276, 37/40, [LOSS (0), WIN (1), LOSS (0), LOSS (0)]
1636295279595, 38276, 38/40, [LOSS (0), LOSS (1), LOSS (0), WIN (0)]
1636295295747, 38276, 39/40, [LOSS (0), LOSS (1), LOSS (0), WIN (0)]
N 	Win 	Tie 	Loss 	Player (overtime average)
40	0.0%	0.0%	100.0%	players.DoNothingPlayer (0.0)
40	22.5%	45.0%	32.5%	players.mcts_v2.mcts.MCTSPlayer_V2 (1.0)
40	0.0%	0.0%	100.0%	players.DoNothingPlayer (0.0)
40	32.5%	45.0%	22.5%	players.mcts.MCTSPlayer (0.0)
java -jar out/eval/java-pommerman.jar 0 10 4 -1 0 7 0 5 200 12 UCT_UCB1 SAFE_PLACE_DEFAULT CUSTOM_HEURISTIC 0 true 30 2 60 1.4
