HUGE_NEGATIVE -> -1000.0
HUGE_POSITIVE -> 1000.0
STOP_TIME -> 0
STOP_ITERATIONS -> 1
STOP_FMCALLS -> 2
CUSTOM_HEURISTIC -> 0
ADVANCED_HEURISTIC -> 1
epsilon -> 1.0E-6
K -> 1.4142135623730951
rollout_depth -> 12
heuristic_method -> 0
stop_type -> 1
num_iterations -> 200
num_fmcalls -> 2000
num_time -> 40
SAFE_PLACE_DEFAULT -> 0
SAFE_PLACE_ADVANCED -> 1
SAFE_PLACE_EARLY_STOP -> 2
safe_place_method -> 0
UCT_UCB1 -> 0
UCT_UCB1_TURNED -> 1
uct_method -> 0
uctBias -> 0.0
progressiveUnpruningEnable -> true
progressiveUnpruningT -> 20
progressiveUnpruningKInit -> 3
progressiveUnpruningA -> 50.0
progressiveUnpruningB -> 1.3
WARNING: Invalid agent ID: 7
0-10-4--1-0-7-0-5 [DoNothing,MCV2,DoNothing,MCTS]
1636290753473, 54841, 0/40, [LOSS (0), LOSS (1), LOSS (0), WIN (0)]
1636290781616, 54841, 1/40, [LOSS (0), LOSS (1), LOSS (0), WIN (0)]
1636290808412, 54841, 2/40, [LOSS (0), LOSS (1), LOSS (0), WIN (0)]
1636290834653, 54841, 3/40, [LOSS (0), WIN (1), LOSS (0), LOSS (0)]
1636290860376, 95590, 4/40, [LOSS (0), TIE (1), LOSS (0), TIE (0)]
1636290885854, 95590, 5/40, [LOSS (0), TIE (1), LOSS (0), TIE (0)]
1636290910464, 95590, 6/40, [LOSS (0), TIE (1), LOSS (0), TIE (0)]
1636290934256, 95590, 7/40, [LOSS (0), LOSS (1), LOSS (0), WIN (0)]
1636290956764, 62780, 8/40, [LOSS (0), LOSS (1), LOSS (0), WIN (0)]
1636290978801, 62780, 9/40, [LOSS (0), LOSS (1), LOSS (0), WIN (0)]
1636291004350, 62780, 10/40, [LOSS (0), WIN (1), LOSS (0), LOSS (0)]
1636291028543, 62780, 11/40, [LOSS (0), WIN (1), LOSS (0), LOSS (0)]
1636291051813, 55826, 12/40, [LOSS (0), TIE (1), LOSS (0), TIE (0)]
1636291076682, 55826, 13/40, [LOSS (0), TIE (1), LOSS (0), TIE (0)]
1636291101038, 55826, 14/40, [LOSS (0), TIE (1), LOSS (0), TIE (0)]
1636291125610, 55826, 15/40, [LOSS (0), TIE (1), LOSS (0), TIE (0)]
1636291149798, 11487, 16/40, [LOSS (0), TIE (1), LOSS (0), TIE (0)]
1636291177240, 11487, 17/40, [LOSS (0), LOSS (1), LOSS (0), WIN (0)]
1636291203370, 11487, 18/40, [LOSS (0), TIE (1), LOSS (0), TIE (0)]
1636291230027, 11487, 19/40, [LOSS (0), TIE (1), LOSS (0), TIE (0)]
1636291255566, 98920, 20/40, [LOSS (0), LOSS (1), LOSS (0), WIN (0)]
1636291281450, 98920, 21/40, [LOSS (0), WIN (1), LOSS (0), LOSS (0)]
1636291306978, 98920, 22/40, [LOSS (0), WIN (1), LOSS (0), LOSS (0)]
1636291333031, 98920, 23/40, [LOSS (0), TIE (1), LOSS (0), TIE (0)]
1636291359596, 74154, 24/40, [LOSS (0), LOSS (1), LOSS (0), WIN (0)]
1636291387730, 74154, 25/40, [LOSS (0), LOSS (1), LOSS (0), WIN (0)]
1636291416899, 74154, 26/40, [LOSS (0), WIN (1), LOSS (0), LOSS (0)]
1636291442414, 74154, 27/40, [LOSS (0), TIE (1), LOSS (0), TIE (0)]
1636291469542, 99230, 28/40, [LOSS (0), TIE (1), LOSS (0), TIE (0)]
1636291492831, 99230, 29/40, [LOSS (0), TIE (1), LOSS (0), TIE (0)]
1636291516269, 99230, 30/40, [LOSS (0), TIE (1), LOSS (0), TIE (0)]
1636291539610, 99230, 31/40, [LOSS (0), TIE (1), LOSS (0), TIE (0)]
1636291564023, 58815, 32/40, [LOSS (0), LOSS (1), LOSS (0), WIN (0)]
1636291592494, 58815, 33/40, [LOSS (0), WIN (1), LOSS (0), LOSS (0)]
1636291618342, 58815, 34/40, [LOSS (0), WIN (1), LOSS (0), LOSS (0)]
1636291644885, 58815, 35/40, [LOSS (0), WIN (1), LOSS (0), LOSS (0)]
1636291669448, 21452, 36/40, [LOSS (0), TIE (1), LOSS (0), TIE (0)]
1636291697146, 21452, 37/40, [LOSS (0), TIE (1), LOSS (0), TIE (0)]
1636291723530, 21452, 38/40, [LOSS (0), TIE (1), LOSS (0), TIE (0)]
1636291750825, 21452, 39/40, [LOSS (0), TIE (1), LOSS (0), TIE (0)]
N 	Win 	Tie 	Loss 	Player (overtime average)
40	0.0%	0.0%	100.0%	players.DoNothingPlayer (0.0)
40	22.5%	50.0%	27.5%	players.mcts_v2.mcts.MCTSPlayer_V2 (1.0)
40	0.0%	0.0%	100.0%	players.DoNothingPlayer (0.0)
40	27.5%	50.0%	22.5%	players.mcts.MCTSPlayer (0.0)
java -jar out/eval/java-pommerman.jar 0 10 4 -1 0 7 0 5 200 12 UCT_UCB1 SAFE_PLACE_DEFAULT CUSTOM_HEURISTIC 0 true 20 3 50 1.3
