HUGE_NEGATIVE -> -1000.0
HUGE_POSITIVE -> 1000.0
STOP_TIME -> 0
STOP_ITERATIONS -> 1
STOP_FMCALLS -> 2
CUSTOM_HEURISTIC -> 0
ADVANCED_HEURISTIC -> 1
epsilon -> 1.0E-6
K -> 1.4142135623730951
rollout_depth -> 12
heuristic_method -> 0
stop_type -> 1
num_iterations -> 200
num_fmcalls -> 2000
num_time -> 40
SAFE_PLACE_DEFAULT -> 0
SAFE_PLACE_ADVANCED -> 1
SAFE_PLACE_EARLY_STOP -> 2
safe_place_method -> 0
UCT_UCB1 -> 0
UCT_UCB1_TURNED -> 1
uct_method -> 0
uctBias -> 0.0
progressiveUnpruningEnable -> true
progressiveUnpruningT -> 30
progressiveUnpruningKInit -> 3
progressiveUnpruningA -> 40.0
progressiveUnpruningB -> 1.2
WARNING: Invalid agent ID: 7
0-10-4--1-0-7-0-5 [DoNothing,MCV2,DoNothing,MCTS]
1636295199809, 69245, 0/40, [LOSS (0), LOSS (1), LOSS (0), WIN (0)]
1636295217444, 69245, 1/40, [LOSS (0), WIN (1), LOSS (0), LOSS (0)]
1636295232749, 69245, 2/40, [LOSS (0), TIE (1), LOSS (0), TIE (0)]
1636295248569, 69245, 3/40, [LOSS (0), TIE (1), LOSS (0), TIE (0)]
1636295264333, 78061, 4/40, [LOSS (0), TIE (1), LOSS (0), TIE (0)]
1636295278376, 78061, 5/40, [LOSS (0), TIE (1), LOSS (0), TIE (0)]
1636295293818, 78061, 6/40, [LOSS (0), TIE (1), LOSS (0), TIE (0)]
1636295308288, 78061, 7/40, [LOSS (0), TIE (1), LOSS (0), TIE (0)]
1636295323294, 99188, 8/40, [LOSS (0), WIN (1), LOSS (0), LOSS (0)]
1636295338710, 99188, 9/40, [LOSS (0), LOSS (1), LOSS (0), WIN (0)]
1636295353391, 99188, 10/40, [LOSS (0), LOSS (1), LOSS (0), WIN (0)]
1636295367655, 99188, 11/40, [LOSS (0), WIN (1), LOSS (0), LOSS (0)]
1636295380743, 84167, 12/40, [LOSS (0), WIN (1), LOSS (0), LOSS (0)]
1636295396131, 84167, 13/40, [LOSS (0), WIN (1), LOSS (0), LOSS (0)]
1636295411736, 84167, 14/40, [LOSS (0), WIN (1), LOSS (0), LOSS (0)]
1636295427279, 84167, 15/40, [LOSS (0), LOSS (1), LOSS (0), WIN (0)]
1636295442737, 19848, 16/40, [LOSS (0), LOSS (1), LOSS (0), WIN (0)]
1636295456451, 19848, 17/40, [LOSS (0), TIE (1), LOSS (0), TIE (0)]
1636295472199, 19848, 18/40, [LOSS (0), TIE (1), LOSS (0), TIE (0)]
1636295488625, 19848, 19/40, [LOSS (0), WIN (1), LOSS (0), LOSS (0)]
1636295503830, 53413, 20/40, [LOSS (0), TIE (1), LOSS (0), TIE (0)]
1636295517679, 53413, 21/40, [LOSS (0), TIE (1), LOSS (0), TIE (0)]
1636295531495, 53413, 22/40, [LOSS (0), TIE (1), LOSS (0), TIE (0)]
1636295545606, 53413, 23/40, [LOSS (0), LOSS (1), LOSS (0), WIN (0)]
1636295558575, 32423, 24/40, [LOSS (0), TIE (1), LOSS (0), TIE (0)]
1636295572448, 32423, 25/40, [LOSS (0), TIE (1), LOSS (0), TIE (0)]
1636295586431, 32423, 26/40, [LOSS (0), TIE (1), LOSS (0), TIE (0)]
1636295600400, 32423, 27/40, [LOSS (0), TIE (1), LOSS (0), TIE (0)]
1636295614497, 39452, 28/40, [LOSS (0), LOSS (1), LOSS (0), WIN (0)]
1636295630787, 39452, 29/40, [LOSS (0), WIN (1), LOSS (0), LOSS (0)]
1636295646781, 39452, 30/40, [LOSS (0), LOSS (1), LOSS (0), WIN (0)]
1636295662151, 39452, 31/40, [LOSS (0), WIN (1), LOSS (0), LOSS (0)]
1636295677867, 92009, 32/40, [LOSS (0), LOSS (1), LOSS (0), WIN (0)]
1636295692517, 92009, 33/40, [LOSS (0), LOSS (1), LOSS (0), WIN (0)]
1636295706339, 92009, 34/40, [LOSS (0), LOSS (1), LOSS (0), WIN (0)]
1636295720263, 92009, 35/40, [LOSS (0), LOSS (1), LOSS (0), WIN (0)]
1636295735677, 18362, 36/40, [LOSS (0), TIE (1), LOSS (0), TIE (0)]
1636295751665, 18362, 37/40, [LOSS (0), LOSS (1), LOSS (0), WIN (0)]
1636295768069, 18362, 38/40, [LOSS (0), LOSS (1), LOSS (0), WIN (0)]
1636295784323, 18362, 39/40, [LOSS (0), TIE (1), LOSS (0), TIE (0)]
N 	Win 	Tie 	Loss 	Player (overtime average)
40	0.0%	0.0%	100.0%	players.DoNothingPlayer (0.0)
40	22.5%	42.5%	35.0%	players.mcts_v2.mcts.MCTSPlayer_V2 (1.0)
40	0.0%	0.0%	100.0%	players.DoNothingPlayer (0.0)
40	35.0%	42.5%	22.5%	players.mcts.MCTSPlayer (0.0)
java -jar out/eval/java-pommerman.jar 0 10 4 -1 0 7 0 5 200 12 UCT_UCB1 SAFE_PLACE_DEFAULT CUSTOM_HEURISTIC 0 true 30 3 40 1.2
