HUGE_NEGATIVE -> -1000.0
HUGE_POSITIVE -> 1000.0
STOP_TIME -> 0
STOP_ITERATIONS -> 1
STOP_FMCALLS -> 2
CUSTOM_HEURISTIC -> 0
ADVANCED_HEURISTIC -> 1
epsilon -> 1.0E-6
K -> 1.4142135623730951
rollout_depth -> 12
heuristic_method -> 0
stop_type -> 1
num_iterations -> 200
num_fmcalls -> 2000
num_time -> 40
SAFE_PLACE_DEFAULT -> 0
SAFE_PLACE_ADVANCED -> 1
SAFE_PLACE_EARLY_STOP -> 2
safe_place_method -> 0
UCT_UCB1 -> 0
UCT_UCB1_TURNED -> 1
uct_method -> 0
uctBias -> 0.0
progressiveUnpruningEnable -> true
progressiveUnpruningT -> 40
progressiveUnpruningKInit -> 4
progressiveUnpruningA -> 40.0
progressiveUnpruningB -> 1.2
WARNING: Invalid agent ID: 7
0-10-4--1-0-7-0-5 [DoNothing,MCV2,DoNothing,MCTS]
1636302346104, 14126, 0/40, [LOSS (0), LOSS (1), LOSS (0), WIN (0)]
1636302371130, 14126, 1/40, [LOSS (0), LOSS (1), LOSS (0), WIN (0)]
1636302394347, 14126, 2/40, [LOSS (0), LOSS (1), LOSS (0), WIN (0)]
1636302409959, 14126, 3/40, [LOSS (0), TIE (1), LOSS (0), TIE (0)]
1636302429920, 75559, 4/40, [LOSS (0), WIN (1), LOSS (0), LOSS (0)]
1636302451355, 75559, 5/40, [LOSS (0), LOSS (1), LOSS (0), WIN (0)]
1636302475149, 75559, 6/40, [LOSS (0), WIN (1), LOSS (0), LOSS (0)]
1636302498766, 75559, 7/40, [LOSS (0), WIN (1), LOSS (0), LOSS (0)]
1636302518214, 28612, 8/40, [LOSS (0), TIE (1), LOSS (0), TIE (0)]
1636302536287, 28612, 9/40, [LOSS (0), WIN (1), LOSS (0), LOSS (0)]
1636302553351, 28612, 10/40, [LOSS (0), WIN (1), LOSS (0), LOSS (0)]
1636302572257, 28612, 11/40, [LOSS (0), TIE (1), LOSS (0), TIE (0)]
1636302593832, 38301, 12/40, [LOSS (0), LOSS (1), LOSS (0), WIN (0)]
1636302619875, 38301, 13/40, [LOSS (0), TIE (1), LOSS (0), TIE (0)]
1636302647392, 38301, 14/40, [LOSS (0), WIN (1), LOSS (0), LOSS (0)]
1636302666894, 38301, 15/40, [LOSS (0), TIE (1), LOSS (0), TIE (0)]
1636302691682, 75362, 16/40, [LOSS (0), TIE (1), LOSS (0), TIE (0)]
1636302713115, 75362, 17/40, [LOSS (0), TIE (1), LOSS (0), TIE (0)]
1636302733731, 75362, 18/40, [LOSS (0), TIE (1), LOSS (0), TIE (0)]
1636302751229, 75362, 19/40, [LOSS (0), TIE (1), LOSS (0), TIE (0)]
1636302773148, 70467, 20/40, [LOSS (0), TIE (1), LOSS (0), TIE (0)]
1636302801453, 70467, 21/40, [LOSS (0), LOSS (1), LOSS (0), WIN (0)]
1636302826496, 70467, 22/40, [LOSS (0), WIN (1), LOSS (0), LOSS (0)]
1636302842602, 70467, 23/40, [LOSS (0), TIE (1), LOSS (0), TIE (0)]
1636302864181, 45143, 24/40, [LOSS (0), LOSS (1), LOSS (0), WIN (0)]
1636302884960, 45143, 25/40, [LOSS (0), LOSS (1), LOSS (0), WIN (0)]
1636302904797, 45143, 26/40, [LOSS (0), LOSS (1), LOSS (0), WIN (0)]
1636302923324, 45143, 27/40, [LOSS (0), LOSS (1), LOSS (0), WIN (0)]
1636302940280, 83983, 28/40, [LOSS (0), TIE (1), LOSS (0), TIE (0)]
1636302959450, 83983, 29/40, [LOSS (0), LOSS (1), LOSS (0), WIN (0)]
1636302978984, 83983, 30/40, [LOSS (0), TIE (1), LOSS (0), TIE (0)]
1636303000573, 83983, 31/40, [LOSS (0), TIE (1), LOSS (0), TIE (0)]
1636303019617, 19838, 32/40, [LOSS (0), TIE (1), LOSS (0), TIE (0)]
1636303039068, 19838, 33/40, [LOSS (0), WIN (1), LOSS (0), LOSS (0)]
1636303059692, 19838, 34/40, [LOSS (0), LOSS (1), LOSS (0), WIN (0)]
1636303079650, 19838, 35/40, [LOSS (0), LOSS (1), LOSS (0), WIN (0)]
1636303100797, 68448, 36/40, [TIE (0), TIE (1), TIE (0), TIE (0)]
1636303115920, 68448, 37/40, [TIE (0), TIE (1), TIE (0), TIE (0)]
1636303131577, 68448, 38/40, [TIE (0), TIE (1), TIE (0), TIE (0)]
1636303146985, 68448, 39/40, [TIE (0), TIE (1), TIE (0), TIE (0)]
N 	Win 	Tie 	Loss 	Player (overtime average)
40	0.0%	10.0%	90.0%	players.DoNothingPlayer (0.0)
40	20.0%	47.5%	32.5%	players.mcts_v2.mcts.MCTSPlayer_V2 (1.0)
40	0.0%	10.0%	90.0%	players.DoNothingPlayer (0.0)
40	32.5%	47.5%	20.0%	players.mcts.MCTSPlayer (0.0)
java -jar out/eval/java-pommerman.jar 0 10 4 -1 0 7 0 5 200 12 UCT_UCB1 SAFE_PLACE_DEFAULT CUSTOM_HEURISTIC 0 true 40 4 40 1.2
