HUGE_NEGATIVE -> -1000.0
HUGE_POSITIVE -> 1000.0
STOP_TIME -> 0
STOP_ITERATIONS -> 1
STOP_FMCALLS -> 2
CUSTOM_HEURISTIC -> 0
ADVANCED_HEURISTIC -> 1
epsilon -> 1.0E-6
K -> 1.4142135623730951
rollout_depth -> 12
heuristic_method -> 0
stop_type -> 1
num_iterations -> 200
num_fmcalls -> 2000
num_time -> 40
SAFE_PLACE_DEFAULT -> 0
SAFE_PLACE_ADVANCED -> 1
SAFE_PLACE_EARLY_STOP -> 2
safe_place_method -> 0
UCT_UCB1 -> 0
UCT_UCB1_TURNED -> 1
uct_method -> 0
uctBias -> 0.0
progressiveUnpruningEnable -> true
progressiveUnpruningT -> 20
progressiveUnpruningKInit -> 2
progressiveUnpruningA -> 40.0
progressiveUnpruningB -> 1.4
WARNING: Invalid agent ID: 7
0-10-4--1-0-7-0-5 [DoNothing,MCV2,DoNothing,MCTS]
1636287707693, 42461, 0/40, [LOSS (0), WIN (1), LOSS (0), LOSS (0)]
1636287740009, 42461, 1/40, [LOSS (0), WIN (1), LOSS (0), LOSS (0)]
1636287759922, 42461, 2/40, [LOSS (0), WIN (1), LOSS (0), LOSS (0)]
1636287784727, 42461, 3/40, [LOSS (0), TIE (1), LOSS (0), TIE (0)]
1636287810208, 12082, 4/40, [LOSS (0), TIE (1), LOSS (0), TIE (0)]
1636287836307, 12082, 5/40, [LOSS (0), TIE (1), LOSS (0), TIE (0)]
1636287863117, 12082, 6/40, [LOSS (0), TIE (1), LOSS (0), TIE (0)]
1636287889672, 12082, 7/40, [LOSS (0), TIE (1), LOSS (0), TIE (0)]
1636287917723, 6409, 8/40, [LOSS (0), LOSS (1), LOSS (0), WIN (0)]
1636287943312, 6409, 9/40, [LOSS (0), LOSS (1), LOSS (0), WIN (0)]
1636287969219, 6409, 10/40, [LOSS (0), TIE (1), LOSS (0), TIE (0)]
1636287995265, 6409, 11/40, [LOSS (0), WIN (1), LOSS (0), LOSS (0)]
1636288020572, 1812, 12/40, [LOSS (0), TIE (1), LOSS (0), TIE (0)]
1636288043863, 1812, 13/40, [LOSS (0), TIE (1), LOSS (0), TIE (0)]
1636288066701, 1812, 14/40, [LOSS (0), TIE (1), LOSS (0), TIE (0)]
1636288089290, 1812, 15/40, [LOSS (0), TIE (1), LOSS (0), TIE (0)]
1636288112603, 13466, 16/40, [LOSS (0), LOSS (1), LOSS (0), WIN (0)]
1636288138662, 13466, 17/40, [LOSS (0), LOSS (1), LOSS (0), WIN (0)]
1636288162149, 13466, 18/40, [LOSS (0), TIE (1), LOSS (0), TIE (0)]
1636288188501, 13466, 19/40, [LOSS (0), WIN (1), LOSS (0), LOSS (0)]
1636288212334, 23513, 20/40, [LOSS (0), TIE (1), LOSS (0), TIE (0)]
1636288235823, 23513, 21/40, [LOSS (0), TIE (1), LOSS (0), TIE (0)]
1636288261982, 23513, 22/40, [LOSS (0), TIE (1), LOSS (0), TIE (0)]
1636288288746, 23513, 23/40, [LOSS (0), WIN (1), LOSS (0), LOSS (0)]
1636288313994, 32708, 24/40, [LOSS (0), WIN (1), LOSS (0), LOSS (0)]
1636288340965, 32708, 25/40, [LOSS (0), WIN (1), LOSS (0), LOSS (0)]
1636288368207, 32708, 26/40, [LOSS (0), WIN (1), LOSS (0), LOSS (0)]
1636288394888, 32708, 27/40, [LOSS (0), WIN (1), LOSS (0), LOSS (0)]
1636288420643, 97242, 28/40, [LOSS (0), TIE (1), LOSS (0), TIE (0)]
1636288447419, 97242, 29/40, [LOSS (0), TIE (1), LOSS (0), TIE (0)]
1636288474975, 97242, 30/40, [LOSS (0), WIN (1), LOSS (0), LOSS (0)]
1636288500300, 97242, 31/40, [LOSS (0), TIE (1), LOSS (0), TIE (0)]
1636288527452, 51279, 32/40, [LOSS (0), TIE (1), LOSS (0), TIE (0)]
1636288553334, 51279, 33/40, [LOSS (0), TIE (1), LOSS (0), TIE (0)]
1636288579953, 51279, 34/40, [LOSS (0), TIE (1), LOSS (0), TIE (0)]
1636288606788, 51279, 35/40, [LOSS (0), LOSS (1), LOSS (0), WIN (0)]
1636288633972, 73494, 36/40, [LOSS (0), TIE (1), LOSS (0), TIE (0)]
1636288658361, 73494, 37/40, [LOSS (0), TIE (1), LOSS (0), TIE (0)]
1636288681042, 73494, 38/40, [LOSS (0), TIE (1), LOSS (0), TIE (0)]
1636288705394, 73494, 39/40, [LOSS (0), TIE (1), LOSS (0), TIE (0)]
N 	Win 	Tie 	Loss 	Player (overtime average)
40	0.0%	0.0%	100.0%	players.DoNothingPlayer (0.0)
40	27.5%	60.0%	12.5%	players.mcts_v2.mcts.MCTSPlayer_V2 (1.0)
40	0.0%	0.0%	100.0%	players.DoNothingPlayer (0.0)
40	12.5%	60.0%	27.5%	players.mcts.MCTSPlayer (0.0)
java -jar out/eval/java-pommerman.jar 0 10 4 -1 0 7 0 5 200 12 UCT_UCB1 SAFE_PLACE_DEFAULT CUSTOM_HEURISTIC 0 true 20 2 40 1.4
