HUGE_NEGATIVE -> -1000.0
HUGE_POSITIVE -> 1000.0
STOP_TIME -> 0
STOP_ITERATIONS -> 1
STOP_FMCALLS -> 2
CUSTOM_HEURISTIC -> 0
ADVANCED_HEURISTIC -> 1
epsilon -> 1.0E-6
K -> 1.4142135623730951
rollout_depth -> 12
heuristic_method -> 0
stop_type -> 1
num_iterations -> 200
num_fmcalls -> 2000
num_time -> 40
SAFE_PLACE_DEFAULT -> 0
SAFE_PLACE_ADVANCED -> 1
SAFE_PLACE_EARLY_STOP -> 2
safe_place_method -> 0
UCT_UCB1 -> 0
UCT_UCB1_TURNED -> 1
uct_method -> 0
uctBias -> 0.0
progressiveUnpruningEnable -> true
progressiveUnpruningT -> 40
progressiveUnpruningKInit -> 2
progressiveUnpruningA -> 60.0
progressiveUnpruningB -> 1.4
WARNING: Invalid agent ID: 7
0-10-4--1-0-7-0-5 [DoNothing,MCV2,DoNothing,MCTS]
1636299577947, 92359, 0/40, [LOSS (0), TIE (1), LOSS (0), TIE (0)]
1636299611564, 92359, 1/40, [LOSS (0), TIE (1), LOSS (0), TIE (0)]
1636299632939, 92359, 2/40, [LOSS (0), TIE (1), LOSS (0), TIE (0)]
1636299659040, 92359, 3/40, [LOSS (0), TIE (1), LOSS (0), TIE (0)]
1636299682128, 7835, 4/40, [LOSS (0), WIN (1), LOSS (0), LOSS (0)]
1636299702914, 7835, 5/40, [LOSS (0), WIN (1), LOSS (0), LOSS (0)]
1636299725189, 7835, 6/40, [LOSS (0), WIN (1), LOSS (0), LOSS (0)]
1636299747768, 7835, 7/40, [LOSS (0), WIN (1), LOSS (0), LOSS (0)]
1636299769446, 12902, 8/40, [LOSS (0), TIE (1), LOSS (0), TIE (0)]
1636299789984, 12902, 9/40, [LOSS (0), TIE (1), LOSS (0), TIE (0)]
1636299812327, 12902, 10/40, [LOSS (0), TIE (1), LOSS (0), TIE (0)]
1636299834174, 12902, 11/40, [LOSS (0), TIE (1), LOSS (0), TIE (0)]
1636299853406, 84072, 12/40, [LOSS (0), TIE (1), LOSS (0), TIE (0)]
1636299871051, 84072, 13/40, [LOSS (0), TIE (1), LOSS (0), TIE (0)]
1636299890776, 84072, 14/40, [LOSS (0), TIE (1), LOSS (0), TIE (0)]
1636299910146, 84072, 15/40, [LOSS (0), TIE (1), LOSS (0), TIE (0)]
1636299931362, 57605, 16/40, [LOSS (0), TIE (1), LOSS (0), TIE (0)]
1636299951954, 57605, 17/40, [LOSS (0), LOSS (1), LOSS (0), WIN (0)]
1636299971641, 57605, 18/40, [LOSS (0), WIN (1), LOSS (0), LOSS (0)]
1636299990340, 57605, 19/40, [LOSS (0), LOSS (1), LOSS (0), WIN (0)]
1636300008627, 76174, 20/40, [LOSS (0), LOSS (1), LOSS (0), WIN (0)]
1636300028180, 76174, 21/40, [LOSS (0), LOSS (1), LOSS (0), WIN (0)]
1636300049370, 76174, 22/40, [LOSS (0), WIN (1), LOSS (0), LOSS (0)]
1636300071659, 76174, 23/40, [LOSS (0), LOSS (1), LOSS (0), WIN (0)]
1636300093332, 5056, 24/40, [LOSS (0), TIE (1), LOSS (0), TIE (0)]
1636300122107, 5056, 25/40, [LOSS (0), LOSS (1), LOSS (0), WIN (0)]
1636300150985, 5056, 26/40, [LOSS (0), TIE (1), LOSS (0), TIE (0)]
1636300176469, 5056, 27/40, [LOSS (0), LOSS (1), LOSS (0), WIN (0)]
1636300200269, 54635, 28/40, [LOSS (0), TIE (1), LOSS (0), TIE (0)]
1636300221591, 54635, 29/40, [LOSS (0), WIN (1), LOSS (0), LOSS (0)]
1636300244662, 54635, 30/40, [LOSS (0), TIE (1), LOSS (0), TIE (0)]
1636300268564, 54635, 31/40, [LOSS (0), LOSS (1), LOSS (0), WIN (0)]
1636300293871, 55911, 32/40, [LOSS (0), LOSS (1), LOSS (0), WIN (0)]
1636300318384, 55911, 33/40, [LOSS (0), WIN (1), LOSS (0), LOSS (0)]
1636300343585, 55911, 34/40, [LOSS (0), TIE (1), LOSS (0), TIE (0)]
1636300366144, 55911, 35/40, [LOSS (0), TIE (1), LOSS (0), TIE (0)]
1636300391670, 77130, 36/40, [LOSS (0), TIE (1), LOSS (0), TIE (0)]
1636300413220, 77130, 37/40, [LOSS (0), LOSS (1), LOSS (0), WIN (0)]
1636300441504, 77130, 38/40, [LOSS (0), LOSS (1), LOSS (0), WIN (0)]
1636300473399, 77130, 39/40, [LOSS (0), WIN (1), LOSS (0), LOSS (0)]
N 	Win 	Tie 	Loss 	Player (overtime average)
40	0.0%	0.0%	100.0%	players.DoNothingPlayer (0.0)
40	22.5%	50.0%	27.5%	players.mcts_v2.mcts.MCTSPlayer_V2 (1.0)
40	0.0%	0.0%	100.0%	players.DoNothingPlayer (0.0)
40	27.5%	50.0%	22.5%	players.mcts.MCTSPlayer (0.0)
java -jar out/eval/java-pommerman.jar 0 10 4 -1 0 7 0 5 200 12 UCT_UCB1 SAFE_PLACE_DEFAULT CUSTOM_HEURISTIC 0 true 40 2 60 1.4
