HUGE_NEGATIVE -> -1000.0
HUGE_POSITIVE -> 1000.0
STOP_TIME -> 0
STOP_ITERATIONS -> 1
STOP_FMCALLS -> 2
CUSTOM_HEURISTIC -> 0
ADVANCED_HEURISTIC -> 1
epsilon -> 1.0E-6
K -> 1.4142135623730951
rollout_depth -> 12
heuristic_method -> 0
stop_type -> 1
num_iterations -> 200
num_fmcalls -> 2000
num_time -> 40
SAFE_PLACE_DEFAULT -> 0
SAFE_PLACE_ADVANCED -> 1
SAFE_PLACE_EARLY_STOP -> 2
safe_place_method -> 0
UCT_UCB1 -> 0
UCT_UCB1_TURNED -> 1
uct_method -> 0
uctBias -> 0.0
progressiveUnpruningEnable -> true
progressiveUnpruningT -> 20
progressiveUnpruningKInit -> 3
progressiveUnpruningA -> 60.0
progressiveUnpruningB -> 1.3
WARNING: Invalid agent ID: 7
0-10-4--1-0-7-0-5 [DoNothing,MCV2,DoNothing,MCTS]
1636291739557, 22637, 0/40, [LOSS (0), LOSS (1), LOSS (0), WIN (0)]
1636291768719, 22637, 1/40, [LOSS (0), WIN (1), LOSS (0), LOSS (0)]
1636291795424, 22637, 2/40, [LOSS (0), WIN (1), LOSS (0), LOSS (0)]
1636291825477, 22637, 3/40, [LOSS (0), LOSS (1), LOSS (0), WIN (0)]
1636291852660, 72550, 4/40, [LOSS (0), WIN (1), LOSS (0), LOSS (0)]
1636291875732, 72550, 5/40, [LOSS (0), LOSS (1), LOSS (0), WIN (0)]
1636291902235, 72550, 6/40, [LOSS (0), LOSS (1), LOSS (0), WIN (0)]
1636291929056, 72550, 7/40, [LOSS (0), TIE (1), LOSS (0), TIE (0)]
1636291955490, 12582, 8/40, [LOSS (0), WIN (1), LOSS (0), LOSS (0)]
1636291977141, 12582, 9/40, [LOSS (0), TIE (1), LOSS (0), TIE (0)]
1636292001182, 12582, 10/40, [LOSS (0), TIE (1), LOSS (0), TIE (0)]
1636292025146, 12582, 11/40, [LOSS (0), TIE (1), LOSS (0), TIE (0)]
1636292048112, 14072, 12/40, [TIE (0), TIE (1), TIE (0), TIE (0)]
1636292072017, 14072, 13/40, [TIE (0), TIE (1), TIE (0), TIE (0)]
1636292095254, 14072, 14/40, [TIE (0), TIE (1), TIE (0), TIE (0)]
1636292118736, 14072, 15/40, [TIE (0), TIE (1), TIE (0), TIE (0)]
1636292140872, 29915, 16/40, [LOSS (0), LOSS (1), LOSS (0), WIN (0)]
1636292166947, 29915, 17/40, [LOSS (0), WIN (1), LOSS (0), LOSS (0)]
1636292191504, 29915, 18/40, [LOSS (0), TIE (1), LOSS (0), TIE (0)]
1636292218155, 29915, 19/40, [LOSS (0), TIE (1), LOSS (0), TIE (0)]
1636292244947, 82517, 20/40, [LOSS (0), WIN (1), LOSS (0), LOSS (0)]
1636292272555, 82517, 21/40, [LOSS (0), LOSS (1), LOSS (0), WIN (0)]
1636292299816, 82517, 22/40, [LOSS (0), WIN (1), LOSS (0), LOSS (0)]
1636292326961, 82517, 23/40, [LOSS (0), WIN (1), LOSS (0), LOSS (0)]
1636292350804, 57174, 24/40, [LOSS (0), TIE (1), LOSS (0), TIE (0)]
1636292378543, 57174, 25/40, [LOSS (0), WIN (1), LOSS (0), LOSS (0)]
1636292407018, 57174, 26/40, [LOSS (0), TIE (1), LOSS (0), TIE (0)]
1636292436747, 57174, 27/40, [LOSS (0), LOSS (1), LOSS (0), WIN (0)]
1636292462846, 17613, 28/40, [LOSS (0), TIE (1), LOSS (0), TIE (0)]
1636292489287, 17613, 29/40, [LOSS (0), TIE (1), LOSS (0), TIE (0)]
1636292514576, 17613, 30/40, [LOSS (0), TIE (1), LOSS (0), TIE (0)]
1636292549452, 17613, 31/40, [LOSS (0), TIE (1), LOSS (0), TIE (0)]
1636292574048, 72865, 32/40, [LOSS (0), LOSS (1), LOSS (0), WIN (0)]
1636292597983, 72865, 33/40, [LOSS (0), WIN (1), LOSS (0), LOSS (0)]
1636292617077, 72865, 34/40, [LOSS (0), LOSS (1), LOSS (0), WIN (0)]
1636292636882, 72865, 35/40, [LOSS (0), WIN (1), LOSS (0), LOSS (0)]
1636292656615, 34791, 36/40, [LOSS (0), WIN (1), LOSS (0), LOSS (0)]
1636292675592, 34791, 37/40, [LOSS (0), TIE (1), LOSS (0), TIE (0)]
1636292694612, 34791, 38/40, [LOSS (0), LOSS (1), LOSS (0), WIN (0)]
1636292712844, 34791, 39/40, [LOSS (0), WIN (1), LOSS (0), LOSS (0)]
N 	Win 	Tie 	Loss 	Player (overtime average)
40	0.0%	10.0%	90.0%	players.DoNothingPlayer (0.0)
40	32.5%	42.5%	25.0%	players.mcts_v2.mcts.MCTSPlayer_V2 (1.0)
40	0.0%	10.0%	90.0%	players.DoNothingPlayer (0.0)
40	25.0%	42.5%	32.5%	players.mcts.MCTSPlayer (0.0)
java -jar out/eval/java-pommerman.jar 0 10 4 -1 0 7 0 5 200 12 UCT_UCB1 SAFE_PLACE_DEFAULT CUSTOM_HEURISTIC 0 true 20 3 60 1.3
