HUGE_NEGATIVE -> -1000.0
HUGE_POSITIVE -> 1000.0
STOP_TIME -> 0
STOP_ITERATIONS -> 1
STOP_FMCALLS -> 2
CUSTOM_HEURISTIC -> 0
ADVANCED_HEURISTIC -> 1
epsilon -> 1.0E-6
K -> 1.4142135623730951
rollout_depth -> 12
heuristic_method -> 0
stop_type -> 1
num_iterations -> 200
num_fmcalls -> 2000
num_time -> 40
SAFE_PLACE_DEFAULT -> 0
SAFE_PLACE_ADVANCED -> 1
SAFE_PLACE_EARLY_STOP -> 2
safe_place_method -> 0
UCT_UCB1 -> 0
UCT_UCB1_TURNED -> 1
uct_method -> 0
uctBias -> 0.0
progressiveUnpruningEnable -> true
progressiveUnpruningT -> 20
progressiveUnpruningKInit -> 3
progressiveUnpruningA -> 40.0
progressiveUnpruningB -> 1.4
WARNING: Invalid agent ID: 7
0-10-4--1-0-7-0-5 [DoNothing,MCV2,DoNothing,MCTS]
1636289766826, 40603, 0/40, [LOSS (0), WIN (1), LOSS (0), LOSS (0)]
1636289796806, 40603, 1/40, [LOSS (0), TIE (1), LOSS (0), TIE (0)]
1636289823412, 40603, 2/40, [LOSS (0), LOSS (1), LOSS (0), WIN (0)]
1636289850182, 40603, 3/40, [LOSS (0), LOSS (1), LOSS (0), WIN (0)]
1636289877135, 37552, 4/40, [LOSS (0), LOSS (1), LOSS (0), WIN (0)]
1636289903403, 37552, 5/40, [LOSS (0), TIE (1), LOSS (0), TIE (0)]
1636289931059, 37552, 6/40, [LOSS (0), TIE (1), LOSS (0), TIE (0)]
1636289959128, 37552, 7/40, [LOSS (0), LOSS (1), LOSS (0), WIN (0)]
1636289983657, 24155, 8/40, [LOSS (0), LOSS (1), LOSS (0), WIN (0)]
1636290006499, 24155, 9/40, [LOSS (0), LOSS (1), LOSS (0), WIN (0)]
1636290029876, 24155, 10/40, [LOSS (0), LOSS (1), LOSS (0), WIN (0)]
1636290052663, 24155, 11/40, [LOSS (0), LOSS (1), LOSS (0), WIN (0)]
1636290075195, 88161, 12/40, [LOSS (0), LOSS (1), LOSS (0), WIN (0)]
1636290101822, 88161, 13/40, [LOSS (0), LOSS (1), LOSS (0), WIN (0)]
1636290128802, 88161, 14/40, [LOSS (0), TIE (1), LOSS (0), TIE (0)]
1636290156601, 88161, 15/40, [LOSS (0), WIN (1), LOSS (0), LOSS (0)]
1636290182896, 35482, 16/40, [LOSS (0), LOSS (1), LOSS (0), WIN (0)]
1636290208649, 35482, 17/40, [LOSS (0), LOSS (1), LOSS (0), WIN (0)]
1636290233596, 35482, 18/40, [LOSS (0), LOSS (1), LOSS (0), WIN (0)]
1636290259332, 35482, 19/40, [LOSS (0), TIE (1), LOSS (0), TIE (0)]
1636290288897, 35148, 20/40, [LOSS (0), TIE (1), LOSS (0), TIE (0)]
1636290314412, 35148, 21/40, [LOSS (0), WIN (1), LOSS (0), LOSS (0)]
1636290340563, 35148, 22/40, [LOSS (0), LOSS (1), LOSS (0), WIN (0)]
1636290365865, 35148, 23/40, [LOSS (0), WIN (1), LOSS (0), LOSS (0)]
1636290392399, 67259, 24/40, [LOSS (0), TIE (1), LOSS (0), TIE (0)]
1636290418073, 67259, 25/40, [LOSS (0), LOSS (1), LOSS (0), WIN (0)]
1636290443451, 67259, 26/40, [LOSS (0), LOSS (1), LOSS (0), WIN (0)]
1636290467858, 67259, 27/40, [LOSS (0), WIN (1), LOSS (0), LOSS (0)]
1636290491235, 90247, 28/40, [LOSS (0), LOSS (1), LOSS (0), WIN (0)]
1636290517744, 90247, 29/40, [LOSS (0), LOSS (1), LOSS (0), WIN (0)]
1636290544587, 90247, 30/40, [LOSS (0), LOSS (1), LOSS (0), WIN (0)]
1636290570076, 90247, 31/40, [LOSS (0), LOSS (1), LOSS (0), WIN (0)]
1636290595803, 85497, 32/40, [LOSS (0), TIE (1), LOSS (0), TIE (0)]
1636290619159, 85497, 33/40, [LOSS (0), TIE (1), LOSS (0), TIE (0)]
1636290642657, 85497, 34/40, [LOSS (0), TIE (1), LOSS (0), TIE (0)]
1636290666276, 85497, 35/40, [LOSS (0), TIE (1), LOSS (0), TIE (0)]
1636290689591, 42652, 36/40, [LOSS (0), WIN (1), LOSS (0), LOSS (0)]
1636290712212, 42652, 37/40, [LOSS (0), WIN (1), LOSS (0), LOSS (0)]
1636290738667, 42652, 38/40, [LOSS (0), LOSS (1), LOSS (0), WIN (0)]
1636290763079, 42652, 39/40, [LOSS (0), WIN (1), LOSS (0), LOSS (0)]
N 	Win 	Tie 	Loss 	Player (overtime average)
40	0.0%	0.0%	100.0%	players.DoNothingPlayer (0.0)
40	20.0%	27.5%	52.5%	players.mcts_v2.mcts.MCTSPlayer_V2 (1.0)
40	0.0%	0.0%	100.0%	players.DoNothingPlayer (0.0)
40	52.5%	27.5%	20.0%	players.mcts.MCTSPlayer (0.0)
java -jar out/eval/java-pommerman.jar 0 10 4 -1 0 7 0 5 200 12 UCT_UCB1 SAFE_PLACE_DEFAULT CUSTOM_HEURISTIC 0 true 20 3 40 1.4
