HUGE_NEGATIVE -> -1000.0
HUGE_POSITIVE -> 1000.0
STOP_TIME -> 0
STOP_ITERATIONS -> 1
STOP_FMCALLS -> 2
CUSTOM_HEURISTIC -> 0
ADVANCED_HEURISTIC -> 1
epsilon -> 1.0E-6
K -> 1.4142135623730951
rollout_depth -> 12
heuristic_method -> 0
stop_type -> 1
num_iterations -> 200
num_fmcalls -> 2000
num_time -> 40
SAFE_PLACE_DEFAULT -> 0
SAFE_PLACE_ADVANCED -> 1
SAFE_PLACE_EARLY_STOP -> 2
safe_place_method -> 0
UCT_UCB1 -> 0
UCT_UCB1_TURNED -> 1
uct_method -> 0
uctBias -> 0.0
progressiveUnpruningEnable -> true
progressiveUnpruningT -> 40
progressiveUnpruningKInit -> 2
progressiveUnpruningA -> 60.0
progressiveUnpruningB -> 1.3
WARNING: Invalid agent ID: 7
0-10-4--1-0-7-0-5 [DoNothing,MCV2,DoNothing,MCTS]
1636299541730, 76453, 0/40, [LOSS (0), WIN (1), LOSS (0), LOSS (0)]
1636299576186, 76453, 1/40, [LOSS (0), LOSS (1), LOSS (0), WIN (0)]
1636299609992, 76453, 2/40, [LOSS (0), LOSS (1), LOSS (0), WIN (0)]
1636299633034, 76453, 3/40, [LOSS (0), LOSS (1), LOSS (0), WIN (0)]
1636299661018, 11582, 4/40, [LOSS (0), TIE (1), LOSS (0), TIE (0)]
1636299686748, 11582, 5/40, [LOSS (0), LOSS (1), LOSS (0), WIN (0)]
1636299709193, 11582, 6/40, [LOSS (0), WIN (1), LOSS (0), LOSS (0)]
1636299732478, 11582, 7/40, [LOSS (0), TIE (1), LOSS (0), TIE (0)]
1636299756828, 50306, 8/40, [LOSS (0), LOSS (1), LOSS (0), WIN (0)]
1636299777697, 50306, 9/40, [LOSS (0), WIN (1), LOSS (0), LOSS (0)]
1636299803780, 50306, 10/40, [LOSS (0), TIE (1), LOSS (0), TIE (0)]
1636299827136, 50306, 11/40, [LOSS (0), TIE (1), LOSS (0), TIE (0)]
1636299850081, 38813, 12/40, [LOSS (0), WIN (1), LOSS (0), LOSS (0)]
1636299870711, 38813, 13/40, [LOSS (0), LOSS (1), LOSS (0), WIN (0)]
1636299892990, 38813, 14/40, [LOSS (0), WIN (1), LOSS (0), LOSS (0)]
1636299915125, 38813, 15/40, [LOSS (0), WIN (1), LOSS (0), LOSS (0)]
1636299937101, 86857, 16/40, [LOSS (0), TIE (1), LOSS (0), TIE (0)]
1636299955883, 86857, 17/40, [LOSS (0), TIE (1), LOSS (0), TIE (0)]
1636299974262, 86857, 18/40, [LOSS (0), LOSS (1), LOSS (0), WIN (0)]
1636299991618, 86857, 19/40, [LOSS (0), TIE (1), LOSS (0), TIE (0)]
1636300009701, 40302, 20/40, [LOSS (0), TIE (1), LOSS (0), TIE (0)]
1636300031785, 40302, 21/40, [LOSS (0), WIN (1), LOSS (0), LOSS (0)]
1636300053769, 40302, 22/40, [LOSS (0), WIN (1), LOSS (0), LOSS (0)]
1636300077508, 40302, 23/40, [LOSS (0), TIE (1), LOSS (0), TIE (0)]
1636300101160, 90461, 24/40, [LOSS (0), LOSS (1), LOSS (0), WIN (0)]
1636300130185, 90461, 25/40, [LOSS (0), LOSS (1), LOSS (0), WIN (0)]
1636300158201, 90461, 26/40, [LOSS (0), LOSS (1), LOSS (0), WIN (0)]
1636300184907, 90461, 27/40, [LOSS (0), WIN (1), LOSS (0), LOSS (0)]
1636300207386, 97890, 28/40, [LOSS (0), TIE (1), LOSS (0), TIE (0)]
1636300227567, 97890, 29/40, [LOSS (0), LOSS (1), LOSS (0), WIN (0)]
1636300252301, 97890, 30/40, [LOSS (0), LOSS (1), LOSS (0), WIN (0)]
1636300277696, 97890, 31/40, [LOSS (0), TIE (1), LOSS (0), TIE (0)]
1636300302385, 18066, 32/40, [LOSS (0), TIE (1), LOSS (0), TIE (0)]
1636300323920, 18066, 33/40, [LOSS (0), TIE (1), LOSS (0), TIE (0)]
1636300346440, 18066, 34/40, [LOSS (0), TIE (1), LOSS (0), TIE (0)]
1636300366204, 18066, 35/40, [LOSS (0), LOSS (1), LOSS (0), WIN (0)]
1636300388977, 4724, 36/40, [LOSS (0), TIE (1), LOSS (0), TIE (0)]
1636300407666, 4724, 37/40, [LOSS (0), WIN (1), LOSS (0), LOSS (0)]
1636300428151, 4724, 38/40, [LOSS (0), WIN (1), LOSS (0), LOSS (0)]
1636300456223, 4724, 39/40, [LOSS (0), TIE (1), LOSS (0), TIE (0)]
N 	Win 	Tie 	Loss 	Player (overtime average)
40	0.0%	0.0%	100.0%	players.DoNothingPlayer (0.0)
40	27.5%	40.0%	32.5%	players.mcts_v2.mcts.MCTSPlayer_V2 (1.0)
40	0.0%	0.0%	100.0%	players.DoNothingPlayer (0.0)
40	32.5%	40.0%	27.5%	players.mcts.MCTSPlayer (0.0)
java -jar out/eval/java-pommerman.jar 0 10 4 -1 0 7 0 5 200 12 UCT_UCB1 SAFE_PLACE_DEFAULT CUSTOM_HEURISTIC 0 true 40 2 60 1.3
