HUGE_NEGATIVE -> -1000.0
HUGE_POSITIVE -> 1000.0
STOP_TIME -> 0
STOP_ITERATIONS -> 1
STOP_FMCALLS -> 2
CUSTOM_HEURISTIC -> 0
ADVANCED_HEURISTIC -> 1
epsilon -> 1.0E-6
K -> 1.4142135623730951
rollout_depth -> 12
heuristic_method -> 0
stop_type -> 1
num_iterations -> 200
num_fmcalls -> 2000
num_time -> 40
SAFE_PLACE_DEFAULT -> 0
SAFE_PLACE_ADVANCED -> 1
SAFE_PLACE_EARLY_STOP -> 2
safe_place_method -> 0
UCT_UCB1 -> 0
UCT_UCB1_TURNED -> 1
uct_method -> 0
uctBias -> 0.0
progressiveUnpruningEnable -> true
progressiveUnpruningT -> 30
progressiveUnpruningKInit -> 3
progressiveUnpruningA -> 50.0
progressiveUnpruningB -> 1.3
WARNING: Invalid agent ID: 7
0-10-4--1-0-7-0-5 [DoNothing,MCV2,DoNothing,MCTS]
1636295801270, 82066, 0/40, [LOSS (0), LOSS (1), LOSS (0), WIN (0)]
1636295819462, 82066, 1/40, [LOSS (0), LOSS (1), LOSS (0), WIN (0)]
1636295834957, 82066, 2/40, [LOSS (0), LOSS (1), LOSS (0), WIN (0)]
1636295850280, 82066, 3/40, [LOSS (0), TIE (1), LOSS (0), TIE (0)]
1636295866643, 89122, 4/40, [LOSS (0), WIN (1), LOSS (0), LOSS (0)]
1636295882271, 89122, 5/40, [LOSS (0), LOSS (1), LOSS (0), WIN (0)]
1636295895010, 89122, 6/40, [LOSS (0), WIN (1), LOSS (0), LOSS (0)]
1636295910607, 89122, 7/40, [LOSS (0), LOSS (1), LOSS (0), WIN (0)]
1636295925106, 41011, 8/40, [LOSS (0), WIN (1), LOSS (0), LOSS (0)]
1636295939066, 41011, 9/40, [LOSS (0), WIN (1), LOSS (0), LOSS (0)]
1636295954352, 41011, 10/40, [LOSS (0), WIN (1), LOSS (0), LOSS (0)]
1636295968983, 41011, 11/40, [LOSS (0), WIN (1), LOSS (0), LOSS (0)]
1636295983739, 22013, 12/40, [LOSS (0), LOSS (1), LOSS (0), WIN (0)]
1636295998775, 22013, 13/40, [LOSS (0), WIN (1), LOSS (0), LOSS (0)]
1636296013223, 22013, 14/40, [LOSS (0), TIE (1), LOSS (0), TIE (0)]
1636296028828, 22013, 15/40, [LOSS (0), TIE (1), LOSS (0), TIE (0)]
1636296044701, 6306, 16/40, [LOSS (0), TIE (1), LOSS (0), TIE (0)]
1636296060436, 6306, 17/40, [LOSS (0), TIE (1), LOSS (0), TIE (0)]
1636296076165, 6306, 18/40, [LOSS (0), TIE (1), LOSS (0), TIE (0)]
1636296092461, 6306, 19/40, [LOSS (0), WIN (1), LOSS (0), LOSS (0)]
1636296105099, 88266, 20/40, [LOSS (0), TIE (1), LOSS (0), TIE (0)]
1636296118758, 88266, 21/40, [LOSS (0), TIE (1), LOSS (0), TIE (0)]
1636296132491, 88266, 22/40, [LOSS (0), LOSS (1), LOSS (0), WIN (0)]
1636296146080, 88266, 23/40, [LOSS (0), TIE (1), LOSS (0), TIE (0)]
1636296159649, 24437, 24/40, [LOSS (0), WIN (1), LOSS (0), LOSS (0)]
1636296173735, 24437, 25/40, [LOSS (0), WIN (1), LOSS (0), LOSS (0)]
1636296186671, 24437, 26/40, [LOSS (0), WIN (1), LOSS (0), LOSS (0)]
1636296201128, 24437, 27/40, [LOSS (0), WIN (1), LOSS (0), LOSS (0)]
1636296215452, 44467, 28/40, [LOSS (0), LOSS (1), LOSS (0), WIN (0)]
1636296230109, 44467, 29/40, [LOSS (0), WIN (1), LOSS (0), LOSS (0)]
1636296244941, 44467, 30/40, [LOSS (0), WIN (1), LOSS (0), LOSS (0)]
1636296259999, 44467, 31/40, [LOSS (0), LOSS (1), LOSS (0), WIN (0)]
1636296274454, 3939, 32/40, [LOSS (0), WIN (1), LOSS (0), LOSS (0)]
1636296288261, 3939, 33/40, [LOSS (0), LOSS (1), LOSS (0), WIN (0)]
1636296302643, 3939, 34/40, [LOSS (0), WIN (1), LOSS (0), LOSS (0)]
1636296316993, 3939, 35/40, [LOSS (0), LOSS (1), LOSS (0), WIN (0)]
1636296331951, 14292, 36/40, [LOSS (0), WIN (1), LOSS (0), LOSS (0)]
1636296346008, 14292, 37/40, [LOSS (0), LOSS (1), LOSS (0), WIN (0)]
1636296360445, 14292, 38/40, [LOSS (0), WIN (1), LOSS (0), LOSS (0)]
1636296374191, 14292, 39/40, [LOSS (0), LOSS (1), LOSS (0), WIN (0)]
N 	Win 	Tie 	Loss 	Player (overtime average)
40	0.0%	0.0%	100.0%	players.DoNothingPlayer (0.0)
40	45.0%	22.5%	32.5%	players.mcts_v2.mcts.MCTSPlayer_V2 (1.0)
40	0.0%	0.0%	100.0%	players.DoNothingPlayer (0.0)
40	32.5%	22.5%	45.0%	players.mcts.MCTSPlayer (0.0)
java -jar out/eval/java-pommerman.jar 0 10 4 -1 0 7 0 5 200 12 UCT_UCB1 SAFE_PLACE_DEFAULT CUSTOM_HEURISTIC 0 true 30 3 50 1.3
