HUGE_NEGATIVE -> -1000.0
HUGE_POSITIVE -> 1000.0
STOP_TIME -> 0
STOP_ITERATIONS -> 1
STOP_FMCALLS -> 2
CUSTOM_HEURISTIC -> 0
ADVANCED_HEURISTIC -> 1
epsilon -> 1.0E-6
K -> 1.4142135623730951
rollout_depth -> 12
heuristic_method -> 0
stop_type -> 1
num_iterations -> 200
num_fmcalls -> 2000
num_time -> 40
SAFE_PLACE_DEFAULT -> 0
SAFE_PLACE_ADVANCED -> 1
SAFE_PLACE_EARLY_STOP -> 2
safe_place_method -> 0
UCT_UCB1 -> 0
UCT_UCB1_TURNED -> 1
uct_method -> 0
uctBias -> 0.0
progressiveUnpruningEnable -> true
progressiveUnpruningT -> 20
progressiveUnpruningKInit -> 4
progressiveUnpruningA -> 40.0
progressiveUnpruningB -> 1.3
WARNING: Invalid agent ID: 7
0-10-4--1-0-7-0-5 [DoNothing,MCV2,DoNothing,MCTS]
1636291806284, 60914, 0/40, [LOSS (0), TIE (1), LOSS (0), TIE (0)]
1636291834960, 60914, 1/40, [LOSS (0), TIE (1), LOSS (0), TIE (0)]
1636291859421, 60914, 2/40, [LOSS (0), TIE (1), LOSS (0), TIE (0)]
1636291883055, 60914, 3/40, [LOSS (0), TIE (1), LOSS (0), TIE (0)]
1636291907077, 9733, 4/40, [LOSS (0), TIE (1), LOSS (0), TIE (0)]
1636291936449, 9733, 5/40, [LOSS (0), TIE (1), LOSS (0), TIE (0)]
1636291964867, 9733, 6/40, [LOSS (0), TIE (1), LOSS (0), TIE (0)]
1636291994188, 9733, 7/40, [LOSS (0), WIN (1), LOSS (0), LOSS (0)]
1636292019787, 67095, 8/40, [LOSS (0), TIE (1), LOSS (0), TIE (0)]
1636292045800, 67095, 9/40, [LOSS (0), WIN (1), LOSS (0), LOSS (0)]
1636292072466, 67095, 10/40, [LOSS (0), TIE (1), LOSS (0), TIE (0)]
1636292100306, 67095, 11/40, [LOSS (0), TIE (1), LOSS (0), TIE (0)]
1636292127742, 47777, 12/40, [LOSS (0), WIN (1), LOSS (0), LOSS (0)]
1636292152242, 47777, 13/40, [LOSS (0), TIE (1), LOSS (0), TIE (0)]
1636292181663, 47777, 14/40, [LOSS (0), LOSS (1), LOSS (0), WIN (0)]
1636292210803, 47777, 15/40, [LOSS (0), WIN (1), LOSS (0), LOSS (0)]
1636292234834, 92179, 16/40, [TIE (0), TIE (1), TIE (0), TIE (0)]
1636292259152, 92179, 17/40, [TIE (0), TIE (1), TIE (0), TIE (0)]
1636292283783, 92179, 18/40, [TIE (0), TIE (1), TIE (0), TIE (0)]
1636292306908, 92179, 19/40, [TIE (0), TIE (1), TIE (0), TIE (0)]
1636292329730, 31524, 20/40, [LOSS (0), TIE (1), LOSS (0), TIE (0)]
1636292358138, 31524, 21/40, [LOSS (0), TIE (1), LOSS (0), TIE (0)]
1636292386243, 31524, 22/40, [LOSS (0), TIE (1), LOSS (0), TIE (0)]
1636292416088, 31524, 23/40, [LOSS (0), TIE (1), LOSS (0), TIE (0)]
1636292446178, 93407, 24/40, [LOSS (0), WIN (1), LOSS (0), LOSS (0)]
1636292471791, 93407, 25/40, [LOSS (0), TIE (1), LOSS (0), TIE (0)]
1636292503275, 93407, 26/40, [LOSS (0), LOSS (1), LOSS (0), WIN (0)]
1636292538780, 93407, 27/40, [LOSS (0), WIN (1), LOSS (0), LOSS (0)]
1636292565005, 95609, 28/40, [LOSS (0), TIE (1), LOSS (0), TIE (0)]
1636292587875, 95609, 29/40, [LOSS (0), TIE (1), LOSS (0), TIE (0)]
1636292608010, 95609, 30/40, [LOSS (0), LOSS (1), LOSS (0), WIN (0)]
1636292624832, 95609, 31/40, [LOSS (0), WIN (1), LOSS (0), LOSS (0)]
1636292642996, 54623, 32/40, [LOSS (0), TIE (1), LOSS (0), TIE (0)]
1636292661454, 54623, 33/40, [LOSS (0), TIE (1), LOSS (0), TIE (0)]
1636292679092, 54623, 34/40, [LOSS (0), TIE (1), LOSS (0), TIE (0)]
1636292697725, 54623, 35/40, [LOSS (0), TIE (1), LOSS (0), TIE (0)]
1636292714631, 88221, 36/40, [LOSS (0), TIE (1), LOSS (0), TIE (0)]
1636292735352, 88221, 37/40, [LOSS (0), TIE (1), LOSS (0), TIE (0)]
1636292755618, 88221, 38/40, [LOSS (0), TIE (1), LOSS (0), TIE (0)]
1636292774907, 88221, 39/40, [LOSS (0), TIE (1), LOSS (0), TIE (0)]
N 	Win 	Tie 	Loss 	Player (overtime average)
40	0.0%	10.0%	90.0%	players.DoNothingPlayer (0.0)
40	17.5%	75.0%	7.5%	players.mcts_v2.mcts.MCTSPlayer_V2 (1.0)
40	0.0%	10.0%	90.0%	players.DoNothingPlayer (0.0)
40	7.5%	75.0%	17.5%	players.mcts.MCTSPlayer (0.0)
java -jar out/eval/java-pommerman.jar 0 10 4 -1 0 7 0 5 200 12 UCT_UCB1 SAFE_PLACE_DEFAULT CUSTOM_HEURISTIC 0 true 20 4 40 1.3
