HUGE_NEGATIVE -> -1000.0
HUGE_POSITIVE -> 1000.0
STOP_TIME -> 0
STOP_ITERATIONS -> 1
STOP_FMCALLS -> 2
CUSTOM_HEURISTIC -> 0
ADVANCED_HEURISTIC -> 1
epsilon -> 1.0E-6
K -> 1.4142135623730951
rollout_depth -> 12
heuristic_method -> 0
stop_type -> 1
num_iterations -> 200
num_fmcalls -> 2000
num_time -> 40
SAFE_PLACE_DEFAULT -> 0
SAFE_PLACE_ADVANCED -> 1
SAFE_PLACE_EARLY_STOP -> 2
safe_place_method -> 0
UCT_UCB1 -> 0
UCT_UCB1_TURNED -> 1
uct_method -> 0
uctBias -> 0.0
progressiveUnpruningEnable -> true
progressiveUnpruningT -> 30
progressiveUnpruningKInit -> 2
progressiveUnpruningA -> 40.0
progressiveUnpruningB -> 1.3
WARNING: Invalid agent ID: 7
0-10-4--1-0-7-0-5 [DoNothing,MCV2,DoNothing,MCTS]
1636294011997, 4156, 0/40, [LOSS (0), WIN (1), LOSS (0), LOSS (0)]
1636294031892, 4156, 1/40, [LOSS (0), LOSS (1), LOSS (0), WIN (0)]
1636294047867, 4156, 2/40, [LOSS (0), WIN (1), LOSS (0), LOSS (0)]
1636294064303, 4156, 3/40, [LOSS (0), WIN (1), LOSS (0), LOSS (0)]
1636294078591, 13294, 4/40, [LOSS (0), LOSS (1), LOSS (0), WIN (0)]
1636294094100, 13294, 5/40, [LOSS (0), WIN (1), LOSS (0), LOSS (0)]
1636294108124, 13294, 6/40, [LOSS (0), LOSS (1), LOSS (0), WIN (0)]
1636294123587, 13294, 7/40, [LOSS (0), LOSS (1), LOSS (0), WIN (0)]
1636294138912, 57870, 8/40, [LOSS (0), WIN (1), LOSS (0), LOSS (0)]
1636294154499, 57870, 9/40, [LOSS (0), TIE (1), LOSS (0), TIE (0)]
1636294170876, 57870, 10/40, [LOSS (0), LOSS (1), LOSS (0), WIN (0)]
1636294184871, 57870, 11/40, [LOSS (0), WIN (1), LOSS (0), LOSS (0)]
1636294199940, 67233, 12/40, [LOSS (0), TIE (1), LOSS (0), TIE (0)]
1636294213602, 67233, 13/40, [LOSS (0), TIE (1), LOSS (0), TIE (0)]
1636294227146, 67233, 14/40, [LOSS (0), TIE (1), LOSS (0), TIE (0)]
1636294241403, 67233, 15/40, [LOSS (0), TIE (1), LOSS (0), TIE (0)]
1636294254975, 60744, 16/40, [LOSS (0), TIE (1), LOSS (0), TIE (0)]
1636294271083, 60744, 17/40, [LOSS (0), TIE (1), LOSS (0), TIE (0)]
1636294287125, 60744, 18/40, [LOSS (0), LOSS (1), LOSS (0), WIN (0)]
1636294302192, 60744, 19/40, [LOSS (0), TIE (1), LOSS (0), TIE (0)]
1636294318019, 98531, 20/40, [LOSS (0), TIE (1), LOSS (0), TIE (0)]
1636294333328, 98531, 21/40, [LOSS (0), WIN (1), LOSS (0), LOSS (0)]
1636294349362, 98531, 22/40, [LOSS (0), TIE (1), LOSS (0), TIE (0)]
1636294365310, 98531, 23/40, [LOSS (0), WIN (1), LOSS (0), LOSS (0)]
1636294380290, 4646, 24/40, [LOSS (0), WIN (1), LOSS (0), LOSS (0)]
1636294394104, 4646, 25/40, [LOSS (0), WIN (1), LOSS (0), LOSS (0)]
1636294408954, 4646, 26/40, [LOSS (0), LOSS (1), LOSS (0), WIN (0)]
1636294423751, 4646, 27/40, [LOSS (0), LOSS (1), LOSS (0), WIN (0)]
1636294437772, 80673, 28/40, [LOSS (0), WIN (1), LOSS (0), LOSS (0)]
1636294452768, 80673, 29/40, [LOSS (0), WIN (1), LOSS (0), LOSS (0)]
1636294467006, 80673, 30/40, [LOSS (0), WIN (1), LOSS (0), LOSS (0)]
1636294481948, 80673, 31/40, [LOSS (0), WIN (1), LOSS (0), LOSS (0)]
1636294496257, 21939, 32/40, [LOSS (0), LOSS (1), LOSS (0), WIN (0)]
1636294509959, 21939, 33/40, [LOSS (0), TIE (1), LOSS (0), TIE (0)]
1636294523567, 21939, 34/40, [LOSS (0), TIE (1), LOSS (0), TIE (0)]
1636294537121, 21939, 35/40, [LOSS (0), TIE (1), LOSS (0), TIE (0)]
1636294550628, 6472, 36/40, [LOSS (0), TIE (1), LOSS (0), TIE (0)]
1636294564160, 6472, 37/40, [LOSS (0), TIE (1), LOSS (0), TIE (0)]
1636294578085, 6472, 38/40, [LOSS (0), TIE (1), LOSS (0), TIE (0)]
1636294591784, 6472, 39/40, [LOSS (0), TIE (1), LOSS (0), TIE (0)]
N 	Win 	Tie 	Loss 	Player (overtime average)
40	0.0%	0.0%	100.0%	players.DoNothingPlayer (0.0)
40	35.0%	42.5%	22.5%	players.mcts_v2.mcts.MCTSPlayer_V2 (1.0)
40	0.0%	0.0%	100.0%	players.DoNothingPlayer (0.0)
40	22.5%	42.5%	35.0%	players.mcts.MCTSPlayer (0.0)
java -jar out/eval/java-pommerman.jar 0 10 4 -1 0 7 0 5 200 12 UCT_UCB1 SAFE_PLACE_DEFAULT CUSTOM_HEURISTIC 0 true 30 2 40 1.3
