HUGE_NEGATIVE -> -1000.0
HUGE_POSITIVE -> 1000.0
STOP_TIME -> 0
STOP_ITERATIONS -> 1
STOP_FMCALLS -> 2
CUSTOM_HEURISTIC -> 0
ADVANCED_HEURISTIC -> 1
epsilon -> 1.0E-6
K -> 1.4142135623730951
rollout_depth -> 12
heuristic_method -> 0
stop_type -> 1
num_iterations -> 200
num_fmcalls -> 2000
num_time -> 40
SAFE_PLACE_DEFAULT -> 0
SAFE_PLACE_ADVANCED -> 1
SAFE_PLACE_EARLY_STOP -> 2
safe_place_method -> 0
UCT_UCB1 -> 0
UCT_UCB1_TURNED -> 1
uct_method -> 0
uctBias -> 0.0
progressiveUnpruningEnable -> true
progressiveUnpruningT -> 30
progressiveUnpruningKInit -> 3
progressiveUnpruningA -> 60.0
progressiveUnpruningB -> 1.3
WARNING: Invalid agent ID: 7
0-10-4--1-0-7-0-5 [DoNothing,MCV2,DoNothing,MCTS]
1636295904221, 14197, 0/40, [LOSS (0), WIN (1), LOSS (0), LOSS (0)]
1636295921694, 14197, 1/40, [LOSS (0), WIN (1), LOSS (0), LOSS (0)]
1636295936428, 14197, 2/40, [LOSS (0), WIN (1), LOSS (0), LOSS (0)]
1636295951425, 14197, 3/40, [LOSS (0), LOSS (1), LOSS (0), WIN (0)]
1636295966080, 96780, 4/40, [LOSS (0), LOSS (1), LOSS (0), WIN (0)]
1636295980965, 96780, 5/40, [LOSS (0), TIE (1), LOSS (0), TIE (0)]
1636295997191, 96780, 6/40, [LOSS (0), LOSS (1), LOSS (0), WIN (0)]
1636296012657, 96780, 7/40, [LOSS (0), TIE (1), LOSS (0), TIE (0)]
1636296028591, 20685, 8/40, [TIE (0), TIE (1), TIE (0), TIE (0)]
1636296041308, 20685, 9/40, [TIE (0), TIE (1), TIE (0), TIE (0)]
1636296053878, 20685, 10/40, [TIE (0), TIE (1), TIE (0), TIE (0)]
1636296066922, 20685, 11/40, [TIE (0), TIE (1), TIE (0), TIE (0)]
1636296079791, 76614, 12/40, [LOSS (0), TIE (1), LOSS (0), TIE (0)]
1636296095346, 76614, 13/40, [LOSS (0), TIE (1), LOSS (0), TIE (0)]
1636296110425, 76614, 14/40, [LOSS (0), WIN (1), LOSS (0), LOSS (0)]
1636296125372, 76614, 15/40, [LOSS (0), LOSS (1), LOSS (0), WIN (0)]
1636296140261, 53749, 16/40, [LOSS (0), WIN (1), LOSS (0), LOSS (0)]
1636296155267, 53749, 17/40, [LOSS (0), LOSS (1), LOSS (0), WIN (0)]
1636296170048, 53749, 18/40, [LOSS (0), LOSS (1), LOSS (0), WIN (0)]
1636296185280, 53749, 19/40, [LOSS (0), WIN (1), LOSS (0), LOSS (0)]
1636296199610, 67905, 20/40, [LOSS (0), LOSS (1), LOSS (0), WIN (0)]
1636296215261, 67905, 21/40, [LOSS (0), TIE (1), LOSS (0), TIE (0)]
1636296230732, 67905, 22/40, [LOSS (0), WIN (1), LOSS (0), LOSS (0)]
1636296245641, 67905, 23/40, [LOSS (0), WIN (1), LOSS (0), LOSS (0)]
1636296260708, 28352, 24/40, [LOSS (0), TIE (1), LOSS (0), TIE (0)]
1636296275857, 28352, 25/40, [LOSS (0), WIN (1), LOSS (0), LOSS (0)]
1636296290704, 28352, 26/40, [LOSS (0), TIE (1), LOSS (0), TIE (0)]
1636296306041, 28352, 27/40, [LOSS (0), WIN (1), LOSS (0), LOSS (0)]
1636296321191, 17558, 28/40, [LOSS (0), TIE (1), LOSS (0), TIE (0)]
1636296334613, 17558, 29/40, [LOSS (0), TIE (1), LOSS (0), TIE (0)]
1636296348005, 17558, 30/40, [LOSS (0), TIE (1), LOSS (0), TIE (0)]
1636296362355, 17558, 31/40, [LOSS (0), TIE (1), LOSS (0), TIE (0)]
1636296375766, 23053, 32/40, [TIE (0), TIE (1), TIE (0), TIE (0)]
1636296388672, 23053, 33/40, [TIE (0), TIE (1), TIE (0), TIE (0)]
1636296403580, 23053, 34/40, [TIE (0), TIE (1), TIE (0), TIE (0)]
1636296416747, 23053, 35/40, [TIE (0), TIE (1), TIE (0), TIE (0)]
1636296429594, 80974, 36/40, [LOSS (0), WIN (1), LOSS (0), LOSS (0)]
1636296443955, 80974, 37/40, [LOSS (0), WIN (1), LOSS (0), LOSS (0)]
1636296460399, 80974, 38/40, [LOSS (0), LOSS (1), LOSS (0), WIN (0)]
1636296474890, 80974, 39/40, [LOSS (0), TIE (1), LOSS (0), TIE (0)]
N 	Win 	Tie 	Loss 	Player (overtime average)
40	0.0%	20.0%	80.0%	players.DoNothingPlayer (0.0)
40	30.0%	50.0%	20.0%	players.mcts_v2.mcts.MCTSPlayer_V2 (1.0)
40	0.0%	20.0%	80.0%	players.DoNothingPlayer (0.0)
40	20.0%	50.0%	30.0%	players.mcts.MCTSPlayer (0.0)
java -jar out/eval/java-pommerman.jar 0 10 4 -1 0 7 0 5 200 12 UCT_UCB1 SAFE_PLACE_DEFAULT CUSTOM_HEURISTIC 0 true 30 3 60 1.3
