HUGE_NEGATIVE -> -1000.0
HUGE_POSITIVE -> 1000.0
STOP_TIME -> 0
STOP_ITERATIONS -> 1
STOP_FMCALLS -> 2
CUSTOM_HEURISTIC -> 0
ADVANCED_HEURISTIC -> 1
epsilon -> 1.0E-6
K -> 1.4142135623730951
rollout_depth -> 12
heuristic_method -> 0
stop_type -> 1
num_iterations -> 200
num_fmcalls -> 2000
num_time -> 40
SAFE_PLACE_DEFAULT -> 0
SAFE_PLACE_ADVANCED -> 1
SAFE_PLACE_EARLY_STOP -> 2
safe_place_method -> 0
UCT_UCB1 -> 0
UCT_UCB1_TURNED -> 1
uct_method -> 0
uctBias -> 0.0
progressiveUnpruningEnable -> true
progressiveUnpruningT -> 30
progressiveUnpruningKInit -> 2
progressiveUnpruningA -> 60.0
progressiveUnpruningB -> 1.2
WARNING: Invalid agent ID: 7
0-10-4--1-0-7-0-5 [DoNothing,MCV2,DoNothing,MCTS]
1636294623937, 8323, 0/40, [LOSS (0), TIE (1), LOSS (0), TIE (0)]
1636294642063, 8323, 1/40, [LOSS (0), WIN (1), LOSS (0), LOSS (0)]
1636294654911, 8323, 2/40, [TIE (0), TIE (1), TIE (0), TIE (0)]
1636294667506, 8323, 3/40, [LOSS (0), WIN (1), LOSS (0), LOSS (0)]
1636294680340, 74734, 4/40, [LOSS (0), WIN (1), LOSS (0), LOSS (0)]
1636294693592, 74734, 5/40, [LOSS (0), TIE (1), LOSS (0), TIE (0)]
1636294710606, 74734, 6/40, [LOSS (0), TIE (1), LOSS (0), TIE (0)]
1636294727584, 74734, 7/40, [LOSS (0), TIE (1), LOSS (0), TIE (0)]
1636294743464, 85401, 8/40, [LOSS (0), TIE (1), LOSS (0), TIE (0)]
1636294759564, 85401, 9/40, [LOSS (0), TIE (1), LOSS (0), TIE (0)]
1636294775455, 85401, 10/40, [LOSS (0), TIE (1), LOSS (0), TIE (0)]
1636294791430, 85401, 11/40, [LOSS (0), TIE (1), LOSS (0), TIE (0)]
1636294807723, 58041, 12/40, [LOSS (0), WIN (1), LOSS (0), LOSS (0)]
1636294822053, 58041, 13/40, [LOSS (0), LOSS (1), LOSS (0), WIN (0)]
1636294836098, 58041, 14/40, [LOSS (0), TIE (1), LOSS (0), TIE (0)]
1636294852002, 58041, 15/40, [LOSS (0), WIN (1), LOSS (0), LOSS (0)]
1636294867450, 84162, 16/40, [LOSS (0), TIE (1), LOSS (0), TIE (0)]
1636294883772, 84162, 17/40, [LOSS (0), TIE (1), LOSS (0), TIE (0)]
1636294900148, 84162, 18/40, [LOSS (0), TIE (1), LOSS (0), TIE (0)]
1636294916430, 84162, 19/40, [LOSS (0), WIN (1), LOSS (0), LOSS (0)]
1636294931761, 7854, 20/40, [LOSS (0), LOSS (1), LOSS (0), WIN (0)]
1636294946817, 7854, 21/40, [LOSS (0), WIN (1), LOSS (0), LOSS (0)]
1636294961939, 7854, 22/40, [LOSS (0), LOSS (1), LOSS (0), WIN (0)]
1636294976882, 7854, 23/40, [LOSS (0), WIN (1), LOSS (0), LOSS (0)]
1636294991528, 58148, 24/40, [LOSS (0), LOSS (1), LOSS (0), WIN (0)]
1636295007068, 58148, 25/40, [LOSS (0), TIE (1), LOSS (0), TIE (0)]
1636295023424, 58148, 26/40, [LOSS (0), TIE (1), LOSS (0), TIE (0)]
1636295039582, 58148, 27/40, [LOSS (0), WIN (1), LOSS (0), LOSS (0)]
1636295054035, 53951, 28/40, [LOSS (0), TIE (1), LOSS (0), TIE (0)]
1636295067544, 53951, 29/40, [LOSS (0), LOSS (1), LOSS (0), WIN (0)]
1636295080294, 53951, 30/40, [LOSS (0), TIE (1), LOSS (0), TIE (0)]
1636295093904, 53951, 31/40, [LOSS (0), TIE (1), LOSS (0), TIE (0)]
1636295107579, 99070, 32/40, [LOSS (0), TIE (1), LOSS (0), TIE (0)]
1636295123611, 99070, 33/40, [LOSS (0), TIE (1), LOSS (0), TIE (0)]
1636295139726, 99070, 34/40, [LOSS (0), TIE (1), LOSS (0), TIE (0)]
1636295155766, 99070, 35/40, [LOSS (0), WIN (1), LOSS (0), LOSS (0)]
1636295171223, 50227, 36/40, [LOSS (0), TIE (1), LOSS (0), TIE (0)]
1636295185306, 50227, 37/40, [LOSS (0), TIE (1), LOSS (0), TIE (0)]
1636295199029, 50227, 38/40, [LOSS (0), TIE (1), LOSS (0), TIE (0)]
1636295214144, 50227, 39/40, [LOSS (0), LOSS (1), LOSS (0), WIN (0)]
N 	Win 	Tie 	Loss 	Player (overtime average)
40	0.0%	2.5%	97.5%	players.DoNothingPlayer (0.0)
40	25.0%	60.0%	15.0%	players.mcts_v2.mcts.MCTSPlayer_V2 (1.0)
40	0.0%	2.5%	97.5%	players.DoNothingPlayer (0.0)
40	15.0%	60.0%	25.0%	players.mcts.MCTSPlayer (0.0)
java -jar out/eval/java-pommerman.jar 0 10 4 -1 0 7 0 5 200 12 UCT_UCB1 SAFE_PLACE_DEFAULT CUSTOM_HEURISTIC 0 true 30 2 60 1.2
