HUGE_NEGATIVE -> -1000.0
HUGE_POSITIVE -> 1000.0
STOP_TIME -> 0
STOP_ITERATIONS -> 1
STOP_FMCALLS -> 2
CUSTOM_HEURISTIC -> 0
ADVANCED_HEURISTIC -> 1
epsilon -> 1.0E-6
K -> 1.4142135623730951
rollout_depth -> 12
heuristic_method -> 0
stop_type -> 1
num_iterations -> 200
num_fmcalls -> 2000
num_time -> 40
SAFE_PLACE_DEFAULT -> 0
SAFE_PLACE_ADVANCED -> 1
SAFE_PLACE_EARLY_STOP -> 2
safe_place_method -> 0
UCT_UCB1 -> 0
UCT_UCB1_TURNED -> 1
uct_method -> 0
uctBias -> 0.0
progressiveUnpruningEnable -> true
progressiveUnpruningT -> 30
progressiveUnpruningKInit -> 4
progressiveUnpruningA -> 40.0
progressiveUnpruningB -> 1.2
WARNING: Invalid agent ID: 7
0-10-4--1-0-7-0-5 [DoNothing,MCV2,DoNothing,MCTS]
1636296392042, 46819, 0/40, [LOSS (0), WIN (1), LOSS (0), LOSS (0)]
1636296408839, 46819, 1/40, [LOSS (0), LOSS (1), LOSS (0), WIN (0)]
1636296422489, 46819, 2/40, [LOSS (0), TIE (1), LOSS (0), TIE (0)]
1636296437560, 46819, 3/40, [LOSS (0), WIN (1), LOSS (0), LOSS (0)]
1636296453096, 37902, 4/40, [LOSS (0), WIN (1), LOSS (0), LOSS (0)]
1636296469667, 37902, 5/40, [LOSS (0), WIN (1), LOSS (0), LOSS (0)]
1636296484392, 37902, 6/40, [LOSS (0), TIE (1), LOSS (0), TIE (0)]
1636296501470, 37902, 7/40, [LOSS (0), TIE (1), LOSS (0), TIE (0)]
1636296518019, 95486, 8/40, [LOSS (0), WIN (1), LOSS (0), LOSS (0)]
1636296530755, 95486, 9/40, [LOSS (0), WIN (1), LOSS (0), LOSS (0)]
1636296545682, 95486, 10/40, [LOSS (0), WIN (1), LOSS (0), LOSS (0)]
1636296560311, 95486, 11/40, [LOSS (0), LOSS (1), LOSS (0), WIN (0)]
1636296574979, 53136, 12/40, [LOSS (0), TIE (1), LOSS (0), TIE (0)]
1636296588571, 53136, 13/40, [LOSS (0), TIE (1), LOSS (0), TIE (0)]
1636296601856, 53136, 14/40, [LOSS (0), TIE (1), LOSS (0), TIE (0)]
1636296615123, 53136, 15/40, [LOSS (0), TIE (1), LOSS (0), TIE (0)]
1636296628694, 37535, 16/40, [LOSS (0), LOSS (1), LOSS (0), WIN (0)]
1636296642775, 37535, 17/40, [LOSS (0), LOSS (1), LOSS (0), WIN (0)]
1636296657717, 37535, 18/40, [LOSS (0), LOSS (1), LOSS (0), WIN (0)]
1636296672293, 37535, 19/40, [LOSS (0), WIN (1), LOSS (0), LOSS (0)]
1636296687665, 70666, 20/40, [LOSS (0), TIE (1), LOSS (0), TIE (0)]
1636296701422, 70666, 21/40, [LOSS (0), TIE (1), LOSS (0), TIE (0)]
1636296715240, 70666, 22/40, [LOSS (0), TIE (1), LOSS (0), TIE (0)]
1636296728903, 70666, 23/40, [LOSS (0), TIE (1), LOSS (0), TIE (0)]
1636296742546, 31422, 24/40, [LOSS (0), WIN (1), LOSS (0), LOSS (0)]
1636296756854, 31422, 25/40, [LOSS (0), WIN (1), LOSS (0), LOSS (0)]
1636296771279, 31422, 26/40, [LOSS (0), TIE (1), LOSS (0), TIE (0)]
1636296786054, 31422, 27/40, [LOSS (0), TIE (1), LOSS (0), TIE (0)]
1636296802214, 31178, 28/40, [LOSS (0), WIN (1), LOSS (0), LOSS (0)]
1636296819468, 31178, 29/40, [LOSS (0), LOSS (1), LOSS (0), WIN (0)]
1636296835232, 31178, 30/40, [LOSS (0), WIN (1), LOSS (0), LOSS (0)]
1636296850570, 31178, 31/40, [LOSS (0), TIE (1), LOSS (0), TIE (0)]
1636296865824, 34587, 32/40, [LOSS (0), LOSS (1), LOSS (0), WIN (0)]
1636296880709, 34587, 33/40, [LOSS (0), WIN (1), LOSS (0), LOSS (0)]
1636296894393, 34587, 34/40, [LOSS (0), LOSS (1), LOSS (0), WIN (0)]
1636296908298, 34587, 35/40, [LOSS (0), WIN (1), LOSS (0), LOSS (0)]
1636296923170, 98103, 36/40, [LOSS (0), LOSS (1), LOSS (0), WIN (0)]
1636296937797, 98103, 37/40, [LOSS (0), WIN (1), LOSS (0), LOSS (0)]
1636296952006, 98103, 38/40, [LOSS (0), TIE (1), LOSS (0), TIE (0)]
1636296967516, 98103, 39/40, [LOSS (0), TIE (1), LOSS (0), TIE (0)]
N 	Win 	Tie 	Loss 	Player (overtime average)
40	0.0%	0.0%	100.0%	players.DoNothingPlayer (0.0)
40	37.5%	40.0%	22.5%	players.mcts_v2.mcts.MCTSPlayer_V2 (1.0)
40	0.0%	0.0%	100.0%	players.DoNothingPlayer (0.0)
40	22.5%	40.0%	37.5%	players.mcts.MCTSPlayer (0.0)
java -jar out/eval/java-pommerman.jar 0 10 4 -1 0 7 0 5 200 12 UCT_UCB1 SAFE_PLACE_DEFAULT CUSTOM_HEURISTIC 0 true 30 4 40 1.2
