HUGE_NEGATIVE -> -1000.0
HUGE_POSITIVE -> 1000.0
STOP_TIME -> 0
STOP_ITERATIONS -> 1
STOP_FMCALLS -> 2
CUSTOM_HEURISTIC -> 0
ADVANCED_HEURISTIC -> 1
epsilon -> 1.0E-6
K -> 1.4142135623730951
rollout_depth -> 12
heuristic_method -> 0
stop_type -> 1
num_iterations -> 200
num_fmcalls -> 2000
num_time -> 40
SAFE_PLACE_DEFAULT -> 0
SAFE_PLACE_ADVANCED -> 1
SAFE_PLACE_EARLY_STOP -> 2
safe_place_method -> 0
UCT_UCB1 -> 0
UCT_UCB1_TURNED -> 1
uct_method -> 0
uctBias -> 0.0
progressiveUnpruningEnable -> true
progressiveUnpruningT -> 20
progressiveUnpruningKInit -> 3
progressiveUnpruningA -> 60.0
progressiveUnpruningB -> 1.2
WARNING: Invalid agent ID: 7
0-10-4--1-0-7-0-5 [DoNothing,MCV2,DoNothing,MCTS]
1636290790235, 74971, 0/40, [LOSS (0), TIE (1), LOSS (0), TIE (0)]
1636290816565, 74971, 1/40, [LOSS (0), TIE (1), LOSS (0), TIE (0)]
1636290840055, 74971, 2/40, [LOSS (0), TIE (1), LOSS (0), TIE (0)]
1636290864044, 74971, 3/40, [LOSS (0), TIE (1), LOSS (0), TIE (0)]
1636290888182, 73365, 4/40, [LOSS (0), LOSS (1), LOSS (0), WIN (0)]
1636290914144, 73365, 5/40, [LOSS (0), LOSS (1), LOSS (0), WIN (0)]
1636290939536, 73365, 6/40, [LOSS (0), WIN (1), LOSS (0), LOSS (0)]
1636290963539, 73365, 7/40, [LOSS (0), WIN (1), LOSS (0), LOSS (0)]
1636290989202, 18164, 8/40, [LOSS (0), LOSS (1), LOSS (0), WIN (0)]
1636291015010, 18164, 9/40, [LOSS (0), LOSS (1), LOSS (0), WIN (0)]
1636291040979, 18164, 10/40, [LOSS (0), LOSS (1), LOSS (0), WIN (0)]
1636291065669, 18164, 11/40, [LOSS (0), LOSS (1), LOSS (0), WIN (0)]
1636291090490, 99862, 12/40, [LOSS (0), LOSS (1), LOSS (0), WIN (0)]
1636291116860, 99862, 13/40, [LOSS (0), TIE (1), LOSS (0), TIE (0)]
1636291143062, 99862, 14/40, [LOSS (0), LOSS (1), LOSS (0), WIN (0)]
1636291167902, 99862, 15/40, [LOSS (0), WIN (1), LOSS (0), LOSS (0)]
1636291194670, 81365, 16/40, [LOSS (0), TIE (1), LOSS (0), TIE (0)]
1636291218260, 81365, 17/40, [LOSS (0), TIE (1), LOSS (0), TIE (0)]
1636291241628, 81365, 18/40, [LOSS (0), TIE (1), LOSS (0), TIE (0)]
1636291264548, 81365, 19/40, [LOSS (0), TIE (1), LOSS (0), TIE (0)]
1636291288164, 13143, 20/40, [LOSS (0), TIE (1), LOSS (0), TIE (0)]
1636291313543, 13143, 21/40, [LOSS (0), TIE (1), LOSS (0), TIE (0)]
1636291340184, 13143, 22/40, [LOSS (0), WIN (1), LOSS (0), LOSS (0)]
1636291366479, 13143, 23/40, [LOSS (0), LOSS (1), LOSS (0), WIN (0)]
1636291391400, 34075, 24/40, [LOSS (0), WIN (1), LOSS (0), LOSS (0)]
1636291417995, 34075, 25/40, [LOSS (0), TIE (1), LOSS (0), TIE (0)]
1636291444319, 34075, 26/40, [LOSS (0), LOSS (1), LOSS (0), WIN (0)]
1636291469155, 34075, 27/40, [LOSS (0), LOSS (1), LOSS (0), WIN (0)]
1636291494646, 90373, 28/40, [LOSS (0), TIE (1), LOSS (0), TIE (0)]
1636291520399, 90373, 29/40, [LOSS (0), TIE (1), LOSS (0), TIE (0)]
1636291546708, 90373, 30/40, [LOSS (0), WIN (1), LOSS (0), LOSS (0)]
1636291573051, 90373, 31/40, [LOSS (0), LOSS (1), LOSS (0), WIN (0)]
1636291600341, 82695, 32/40, [LOSS (0), WIN (1), LOSS (0), LOSS (0)]
1636291624442, 82695, 33/40, [LOSS (0), TIE (1), LOSS (0), TIE (0)]
1636291650949, 82695, 34/40, [LOSS (0), TIE (1), LOSS (0), TIE (0)]
1636291677095, 82695, 35/40, [LOSS (0), TIE (1), LOSS (0), TIE (0)]
1636291705473, 36751, 36/40, [LOSS (0), LOSS (1), LOSS (0), WIN (0)]
1636291730306, 36751, 37/40, [LOSS (0), TIE (1), LOSS (0), TIE (0)]
1636291755407, 36751, 38/40, [LOSS (0), TIE (1), LOSS (0), TIE (0)]
1636291780158, 36751, 39/40, [LOSS (0), LOSS (1), LOSS (0), WIN (0)]
N 	Win 	Tie 	Loss 	Player (overtime average)
40	0.0%	0.0%	100.0%	players.DoNothingPlayer (0.0)
40	17.5%	47.5%	35.0%	players.mcts_v2.mcts.MCTSPlayer_V2 (1.0)
40	0.0%	0.0%	100.0%	players.DoNothingPlayer (0.0)
40	35.0%	47.5%	17.5%	players.mcts.MCTSPlayer (0.0)
java -jar out/eval/java-pommerman.jar 0 10 4 -1 0 7 0 5 200 12 UCT_UCB1 SAFE_PLACE_DEFAULT CUSTOM_HEURISTIC 0 true 20 3 60 1.2
