HUGE_NEGATIVE -> -1000.0
HUGE_POSITIVE -> 1000.0
STOP_TIME -> 0
STOP_ITERATIONS -> 1
STOP_FMCALLS -> 2
CUSTOM_HEURISTIC -> 0
ADVANCED_HEURISTIC -> 1
epsilon -> 1.0E-6
K -> 1.4142135623730951
rollout_depth -> 12
heuristic_method -> 0
stop_type -> 1
num_iterations -> 200
num_fmcalls -> 2000
num_time -> 40
SAFE_PLACE_DEFAULT -> 0
SAFE_PLACE_ADVANCED -> 1
SAFE_PLACE_EARLY_STOP -> 2
safe_place_method -> 0
UCT_UCB1 -> 0
UCT_UCB1_TURNED -> 1
uct_method -> 0
uctBias -> 0.0
progressiveUnpruningEnable -> true
progressiveUnpruningT -> 20
progressiveUnpruningKInit -> 4
progressiveUnpruningA -> 40.0
progressiveUnpruningB -> 1.2
WARNING: Invalid agent ID: 7
0-10-4--1-0-7-0-5 [DoNothing,MCV2,DoNothing,MCTS]
1636291800947, 53340, 0/40, [LOSS (0), LOSS (1), LOSS (0), WIN (0)]
1636291830177, 53340, 1/40, [LOSS (0), TIE (1), LOSS (0), TIE (0)]
1636291858578, 53340, 2/40, [LOSS (0), LOSS (1), LOSS (0), WIN (0)]
1636291886036, 53340, 3/40, [LOSS (0), TIE (1), LOSS (0), TIE (0)]
1636291914309, 32420, 4/40, [LOSS (0), WIN (1), LOSS (0), LOSS (0)]
1636291939455, 32420, 5/40, [LOSS (0), WIN (1), LOSS (0), LOSS (0)]
1636291966467, 32420, 6/40, [LOSS (0), LOSS (1), LOSS (0), WIN (0)]
1636291995095, 32420, 7/40, [LOSS (0), WIN (1), LOSS (0), LOSS (0)]
1636292023119, 64349, 8/40, [LOSS (0), WIN (1), LOSS (0), LOSS (0)]
1636292047757, 64349, 9/40, [LOSS (0), TIE (1), LOSS (0), TIE (0)]
1636292076454, 64349, 10/40, [LOSS (0), TIE (1), LOSS (0), TIE (0)]
1636292104423, 64349, 11/40, [LOSS (0), TIE (1), LOSS (0), TIE (0)]
1636292131704, 7044, 12/40, [LOSS (0), LOSS (1), LOSS (0), WIN (0)]
1636292159276, 7044, 13/40, [LOSS (0), WIN (1), LOSS (0), LOSS (0)]
1636292188359, 7044, 14/40, [LOSS (0), WIN (1), LOSS (0), LOSS (0)]
1636292216007, 7044, 15/40, [LOSS (0), TIE (1), LOSS (0), TIE (0)]
1636292244829, 17611, 16/40, [LOSS (0), TIE (1), LOSS (0), TIE (0)]
1636292276051, 17611, 17/40, [LOSS (0), WIN (1), LOSS (0), LOSS (0)]
1636292303207, 17611, 18/40, [LOSS (0), TIE (1), LOSS (0), TIE (0)]
1636292331564, 17611, 19/40, [LOSS (0), TIE (1), LOSS (0), TIE (0)]
1636292359767, 30305, 20/40, [LOSS (0), TIE (1), LOSS (0), TIE (0)]
1636292383666, 30305, 21/40, [LOSS (0), TIE (1), LOSS (0), TIE (0)]
1636292409205, 30305, 22/40, [LOSS (0), TIE (1), LOSS (0), TIE (0)]
1636292434501, 30305, 23/40, [LOSS (0), TIE (1), LOSS (0), TIE (0)]
1636292460151, 25418, 24/40, [LOSS (0), LOSS (1), LOSS (0), WIN (0)]
1636292485078, 25418, 25/40, [LOSS (0), LOSS (1), LOSS (0), WIN (0)]
1636292509410, 25418, 26/40, [LOSS (0), TIE (1), LOSS (0), TIE (0)]
1636292543015, 25418, 27/40, [LOSS (0), TIE (1), LOSS (0), TIE (0)]
1636292569394, 76954, 28/40, [LOSS (0), TIE (1), LOSS (0), TIE (0)]
1636292592573, 76954, 29/40, [LOSS (0), WIN (1), LOSS (0), LOSS (0)]
1636292613070, 76954, 30/40, [LOSS (0), TIE (1), LOSS (0), TIE (0)]
1636292632822, 76954, 31/40, [LOSS (0), LOSS (1), LOSS (0), WIN (0)]
1636292651370, 27061, 32/40, [LOSS (0), WIN (1), LOSS (0), LOSS (0)]
1636292670552, 27061, 33/40, [LOSS (0), LOSS (1), LOSS (0), WIN (0)]
1636292689492, 27061, 34/40, [LOSS (0), LOSS (1), LOSS (0), WIN (0)]
1636292706682, 27061, 35/40, [LOSS (0), WIN (1), LOSS (0), LOSS (0)]
1636292724545, 72811, 36/40, [LOSS (0), TIE (1), LOSS (0), TIE (0)]
1636292745655, 72811, 37/40, [LOSS (0), TIE (1), LOSS (0), TIE (0)]
1636292764947, 72811, 38/40, [LOSS (0), TIE (1), LOSS (0), TIE (0)]
1636292785806, 72811, 39/40, [LOSS (0), TIE (1), LOSS (0), TIE (0)]
N 	Win 	Tie 	Loss 	Player (overtime average)
40	0.0%	0.0%	100.0%	players.DoNothingPlayer (0.0)
40	25.0%	52.5%	22.5%	players.mcts_v2.mcts.MCTSPlayer_V2 (1.0)
40	0.0%	0.0%	100.0%	players.DoNothingPlayer (0.0)
40	22.5%	52.5%	25.0%	players.mcts.MCTSPlayer (0.0)
java -jar out/eval/java-pommerman.jar 0 10 4 -1 0 7 0 5 200 12 UCT_UCB1 SAFE_PLACE_DEFAULT CUSTOM_HEURISTIC 0 true 20 4 40 1.2
