HUGE_NEGATIVE -> -1000.0
HUGE_POSITIVE -> 1000.0
STOP_TIME -> 0
STOP_ITERATIONS -> 1
STOP_FMCALLS -> 2
CUSTOM_HEURISTIC -> 0
ADVANCED_HEURISTIC -> 1
epsilon -> 1.0E-6
K -> 1.4142135623730951
rollout_depth -> 12
heuristic_method -> 0
stop_type -> 1
num_iterations -> 200
num_fmcalls -> 2000
num_time -> 40
SAFE_PLACE_DEFAULT -> 0
SAFE_PLACE_ADVANCED -> 1
SAFE_PLACE_EARLY_STOP -> 2
safe_place_method -> 0
UCT_UCB1 -> 0
UCT_UCB1_TURNED -> 1
uct_method -> 0
uctBias -> 0.0
progressiveUnpruningEnable -> true
progressiveUnpruningT -> 30
progressiveUnpruningKInit -> 2
progressiveUnpruningA -> 60.0
progressiveUnpruningB -> 1.3
WARNING: Invalid agent ID: 7
0-10-4--1-0-7-0-5 [DoNothing,MCV2,DoNothing,MCTS]
1636294704064, 20597, 0/40, [LOSS (0), TIE (1), LOSS (0), TIE (0)]
1636294719729, 20597, 1/40, [LOSS (0), TIE (1), LOSS (0), TIE (0)]
1636294732970, 20597, 2/40, [LOSS (0), TIE (1), LOSS (0), TIE (0)]
1636294745616, 20597, 3/40, [LOSS (0), TIE (1), LOSS (0), TIE (0)]
1636294758450, 63153, 4/40, [LOSS (0), TIE (1), LOSS (0), TIE (0)]
1636294772680, 63153, 5/40, [LOSS (0), LOSS (1), LOSS (0), WIN (0)]
1636294787263, 63153, 6/40, [LOSS (0), WIN (1), LOSS (0), LOSS (0)]
1636294800023, 63153, 7/40, [LOSS (0), LOSS (1), LOSS (0), WIN (0)]
1636294814799, 88648, 8/40, [LOSS (0), WIN (1), LOSS (0), LOSS (0)]
1636294830101, 88648, 9/40, [LOSS (0), LOSS (1), LOSS (0), WIN (0)]
1636294845118, 88648, 10/40, [LOSS (0), WIN (1), LOSS (0), LOSS (0)]
1636294859854, 88648, 11/40, [LOSS (0), LOSS (1), LOSS (0), WIN (0)]
1636294874843, 94466, 12/40, [TIE (0), TIE (1), TIE (0), TIE (0)]
1636294887550, 94466, 13/40, [TIE (0), TIE (1), TIE (0), TIE (0)]
1636294900117, 94466, 14/40, [TIE (0), TIE (1), TIE (0), TIE (0)]
1636294912669, 94466, 15/40, [TIE (0), TIE (1), TIE (0), TIE (0)]
1636294925053, 21989, 16/40, [LOSS (0), LOSS (1), LOSS (0), WIN (0)]
1636294938074, 21989, 17/40, [LOSS (0), WIN (1), LOSS (0), LOSS (0)]
1636294951978, 21989, 18/40, [LOSS (0), WIN (1), LOSS (0), LOSS (0)]
1636294964879, 21989, 19/40, [LOSS (0), WIN (1), LOSS (0), LOSS (0)]
1636294978359, 14492, 20/40, [LOSS (0), LOSS (1), LOSS (0), WIN (0)]
1636294993655, 14492, 21/40, [LOSS (0), LOSS (1), LOSS (0), WIN (0)]
1636295008689, 14492, 22/40, [LOSS (0), TIE (1), LOSS (0), TIE (0)]
1636295022690, 14492, 23/40, [LOSS (0), LOSS (1), LOSS (0), WIN (0)]
1636295036961, 99603, 24/40, [LOSS (0), WIN (1), LOSS (0), LOSS (0)]
1636295050545, 99603, 25/40, [LOSS (0), WIN (1), LOSS (0), LOSS (0)]
1636295064281, 99603, 26/40, [LOSS (0), LOSS (1), LOSS (0), WIN (0)]
1636295078175, 99603, 27/40, [LOSS (0), LOSS (1), LOSS (0), WIN (0)]
1636295092123, 94258, 28/40, [LOSS (0), TIE (1), LOSS (0), TIE (0)]
1636295107911, 94258, 29/40, [LOSS (0), TIE (1), LOSS (0), TIE (0)]
1636295123915, 94258, 30/40, [LOSS (0), TIE (1), LOSS (0), TIE (0)]
1636295139795, 94258, 31/40, [LOSS (0), TIE (1), LOSS (0), TIE (0)]
1636295154899, 5682, 32/40, [LOSS (0), TIE (1), LOSS (0), TIE (0)]
1636295170400, 5682, 33/40, [LOSS (0), WIN (1), LOSS (0), LOSS (0)]
1636295186026, 5682, 34/40, [LOSS (0), LOSS (1), LOSS (0), WIN (0)]
1636295201918, 5682, 35/40, [LOSS (0), WIN (1), LOSS (0), LOSS (0)]
1636295217494, 62409, 36/40, [LOSS (0), LOSS (1), LOSS (0), WIN (0)]
1636295233466, 62409, 37/40, [LOSS (0), WIN (1), LOSS (0), LOSS (0)]
1636295249111, 62409, 38/40, [LOSS (0), LOSS (1), LOSS (0), WIN (0)]
1636295264037, 62409, 39/40, [LOSS (0), WIN (1), LOSS (0), LOSS (0)]
N 	Win 	Tie 	Loss 	Player (overtime average)
40	0.0%	10.0%	90.0%	players.DoNothingPlayer (0.0)
40	30.0%	37.5%	32.5%	players.mcts_v2.mcts.MCTSPlayer_V2 (1.0)
40	0.0%	10.0%	90.0%	players.DoNothingPlayer (0.0)
40	32.5%	37.5%	30.0%	players.mcts.MCTSPlayer (0.0)
java -jar out/eval/java-pommerman.jar 0 10 4 -1 0 7 0 5 200 12 UCT_UCB1 SAFE_PLACE_DEFAULT CUSTOM_HEURISTIC 0 true 30 2 60 1.3
