HUGE_NEGATIVE -> -1000.0
HUGE_POSITIVE -> 1000.0
STOP_TIME -> 0
STOP_ITERATIONS -> 1
STOP_FMCALLS -> 2
CUSTOM_HEURISTIC -> 0
ADVANCED_HEURISTIC -> 1
epsilon -> 1.0E-6
K -> 1.4142135623730951
rollout_depth -> 12
heuristic_method -> 0
stop_type -> 1
num_iterations -> 200
num_fmcalls -> 2000
num_time -> 40
SAFE_PLACE_DEFAULT -> 0
SAFE_PLACE_ADVANCED -> 1
SAFE_PLACE_EARLY_STOP -> 2
safe_place_method -> 0
UCT_UCB1 -> 0
UCT_UCB1_TURNED -> 1
uct_method -> 0
uctBias -> 0.0
progressiveUnpruningEnable -> true
progressiveUnpruningT -> 30
progressiveUnpruningKInit -> 3
progressiveUnpruningA -> 60.0
progressiveUnpruningB -> 1.2
WARNING: Invalid agent ID: 7
0-10-4--1-0-7-0-5 [DoNothing,MCV2,DoNothing,MCTS]
1636295862033, 84362, 0/40, [LOSS (0), TIE (1), LOSS (0), TIE (0)]
1636295878551, 84362, 1/40, [LOSS (0), TIE (1), LOSS (0), TIE (0)]
1636295893137, 84362, 2/40, [LOSS (0), TIE (1), LOSS (0), TIE (0)]
1636295908432, 84362, 3/40, [LOSS (0), TIE (1), LOSS (0), TIE (0)]
1636295923484, 40552, 4/40, [LOSS (0), WIN (1), LOSS (0), LOSS (0)]
1636295938423, 40552, 5/40, [LOSS (0), WIN (1), LOSS (0), LOSS (0)]
1636295953343, 40552, 6/40, [LOSS (0), WIN (1), LOSS (0), LOSS (0)]
1636295966866, 40552, 7/40, [LOSS (0), LOSS (1), LOSS (0), WIN (0)]
1636295980673, 6407, 8/40, [LOSS (0), TIE (1), LOSS (0), TIE (0)]
1636295996144, 6407, 9/40, [LOSS (0), LOSS (1), LOSS (0), WIN (0)]
1636296010663, 6407, 10/40, [LOSS (0), LOSS (1), LOSS (0), WIN (0)]
1636296025290, 6407, 11/40, [LOSS (0), LOSS (1), LOSS (0), WIN (0)]
1636296040551, 99198, 12/40, [LOSS (0), TIE (1), LOSS (0), TIE (0)]
1636296055999, 99198, 13/40, [LOSS (0), WIN (1), LOSS (0), LOSS (0)]
1636296071548, 99198, 14/40, [LOSS (0), TIE (1), LOSS (0), TIE (0)]
1636296087553, 99198, 15/40, [LOSS (0), WIN (1), LOSS (0), LOSS (0)]
1636296103096, 28745, 16/40, [LOSS (0), LOSS (1), LOSS (0), WIN (0)]
1636296117915, 28745, 17/40, [LOSS (0), LOSS (1), LOSS (0), WIN (0)]
1636296131984, 28745, 18/40, [LOSS (0), WIN (1), LOSS (0), LOSS (0)]
1636296146657, 28745, 19/40, [LOSS (0), LOSS (1), LOSS (0), WIN (0)]
1636296160960, 15928, 20/40, [LOSS (0), TIE (1), LOSS (0), TIE (0)]
1636296175015, 15928, 21/40, [LOSS (0), TIE (1), LOSS (0), TIE (0)]
1636296189350, 15928, 22/40, [LOSS (0), TIE (1), LOSS (0), TIE (0)]
1636296203428, 15928, 23/40, [LOSS (0), TIE (1), LOSS (0), TIE (0)]
1636296217521, 97399, 24/40, [LOSS (0), TIE (1), LOSS (0), TIE (0)]
1636296232818, 97399, 25/40, [LOSS (0), TIE (1), LOSS (0), TIE (0)]
1636296248165, 97399, 26/40, [LOSS (0), WIN (1), LOSS (0), LOSS (0)]
1636296261958, 97399, 27/40, [LOSS (0), LOSS (1), LOSS (0), WIN (0)]
1636296276054, 52916, 28/40, [LOSS (0), TIE (1), LOSS (0), TIE (0)]
1636296289905, 52916, 29/40, [LOSS (0), TIE (1), LOSS (0), TIE (0)]
1636296304774, 52916, 30/40, [LOSS (0), TIE (1), LOSS (0), TIE (0)]
1636296319681, 52916, 31/40, [LOSS (0), TIE (1), LOSS (0), TIE (0)]
1636296334564, 43850, 32/40, [LOSS (0), LOSS (1), LOSS (0), WIN (0)]
1636296347188, 43850, 33/40, [TIE (0), TIE (1), TIE (0), TIE (0)]
1636296360543, 43850, 34/40, [LOSS (0), LOSS (1), LOSS (0), WIN (0)]
1636296373194, 43850, 35/40, [LOSS (0), WIN (1), LOSS (0), LOSS (0)]
1636296386109, 44228, 36/40, [LOSS (0), TIE (1), LOSS (0), TIE (0)]
1636296404408, 44228, 37/40, [LOSS (0), TIE (1), LOSS (0), TIE (0)]
1636296420564, 44228, 38/40, [LOSS (0), LOSS (1), LOSS (0), WIN (0)]
1636296435543, 44228, 39/40, [LOSS (0), WIN (1), LOSS (0), LOSS (0)]
N 	Win 	Tie 	Loss 	Player (overtime average)
40	0.0%	2.5%	97.5%	players.DoNothingPlayer (0.0)
40	22.5%	50.0%	27.5%	players.mcts_v2.mcts.MCTSPlayer_V2 (1.0)
40	0.0%	2.5%	97.5%	players.DoNothingPlayer (0.0)
40	27.5%	50.0%	22.5%	players.mcts.MCTSPlayer (0.0)
java -jar out/eval/java-pommerman.jar 0 10 4 -1 0 7 0 5 200 12 UCT_UCB1 SAFE_PLACE_DEFAULT CUSTOM_HEURISTIC 0 true 30 3 60 1.2
