HUGE_NEGATIVE -> -1000.0
HUGE_POSITIVE -> 1000.0
STOP_TIME -> 0
STOP_ITERATIONS -> 1
STOP_FMCALLS -> 2
CUSTOM_HEURISTIC -> 0
ADVANCED_HEURISTIC -> 1
epsilon -> 1.0E-6
K -> 1.4142135623730951
rollout_depth -> 12
heuristic_method -> 0
stop_type -> 1
num_iterations -> 200
num_fmcalls -> 2000
num_time -> 40
SAFE_PLACE_DEFAULT -> 0
SAFE_PLACE_ADVANCED -> 1
SAFE_PLACE_EARLY_STOP -> 2
safe_place_method -> 0
UCT_UCB1 -> 0
UCT_UCB1_TURNED -> 1
uct_method -> 0
uctBias -> 0.0
progressiveUnpruningEnable -> true
progressiveUnpruningT -> 40
progressiveUnpruningKInit -> 3
progressiveUnpruningA -> 60.0
progressiveUnpruningB -> 1.3
WARNING: Invalid agent ID: 7
0-10-4--1-0-7-0-5 [DoNothing,MCV2,DoNothing,MCTS]
1636301434854, 64650, 0/40, [LOSS (0), WIN (1), LOSS (0), LOSS (0)]
1636301468538, 64650, 1/40, [LOSS (0), TIE (1), LOSS (0), TIE (0)]
1636301498423, 64650, 2/40, [LOSS (0), TIE (1), LOSS (0), TIE (0)]
1636301530490, 64650, 3/40, [LOSS (0), TIE (1), LOSS (0), TIE (0)]
1636301563239, 50646, 4/40, [LOSS (0), LOSS (1), LOSS (0), WIN (0)]
1636301591198, 50646, 5/40, [LOSS (0), LOSS (1), LOSS (0), WIN (0)]
1636301610222, 50646, 6/40, [LOSS (0), LOSS (1), LOSS (0), WIN (0)]
1636301633350, 50646, 7/40, [LOSS (0), LOSS (1), LOSS (0), WIN (0)]
1636301652612, 72399, 8/40, [LOSS (0), TIE (1), LOSS (0), TIE (0)]
1636301674240, 72399, 9/40, [LOSS (0), TIE (1), LOSS (0), TIE (0)]
1636301693653, 72399, 10/40, [LOSS (0), TIE (1), LOSS (0), TIE (0)]
1636301713359, 72399, 11/40, [LOSS (0), TIE (1), LOSS (0), TIE (0)]
1636301734749, 16007, 12/40, [LOSS (0), TIE (1), LOSS (0), TIE (0)]
1636301758103, 16007, 13/40, [LOSS (0), LOSS (1), LOSS (0), WIN (0)]
1636301782436, 16007, 14/40, [LOSS (0), LOSS (1), LOSS (0), WIN (0)]
1636301805237, 16007, 15/40, [LOSS (0), LOSS (1), LOSS (0), WIN (0)]
1636301825883, 56308, 16/40, [LOSS (0), WIN (1), LOSS (0), LOSS (0)]
1636301846417, 56308, 17/40, [LOSS (0), LOSS (1), LOSS (0), WIN (0)]
1636301865748, 56308, 18/40, [LOSS (0), TIE (1), LOSS (0), TIE (0)]
1636301887297, 56308, 19/40, [LOSS (0), TIE (1), LOSS (0), TIE (0)]
1636301912520, 25903, 20/40, [LOSS (0), LOSS (1), LOSS (0), WIN (0)]
1636301937828, 25903, 21/40, [LOSS (0), LOSS (1), LOSS (0), WIN (0)]
1636301960824, 25903, 22/40, [LOSS (0), LOSS (1), LOSS (0), WIN (0)]
1636301980661, 25903, 23/40, [LOSS (0), TIE (1), LOSS (0), TIE (0)]
1636302001953, 86563, 24/40, [LOSS (0), LOSS (1), LOSS (0), WIN (0)]
1636302022820, 86563, 25/40, [LOSS (0), WIN (1), LOSS (0), LOSS (0)]
1636302045335, 86563, 26/40, [LOSS (0), WIN (1), LOSS (0), LOSS (0)]
1636302067856, 86563, 27/40, [LOSS (0), WIN (1), LOSS (0), LOSS (0)]
1636302091945, 41107, 28/40, [LOSS (0), TIE (1), LOSS (0), TIE (0)]
1636302111297, 41107, 29/40, [LOSS (0), TIE (1), LOSS (0), TIE (0)]
1636302132844, 41107, 30/40, [LOSS (0), TIE (1), LOSS (0), TIE (0)]
1636302154255, 41107, 31/40, [LOSS (0), TIE (1), LOSS (0), TIE (0)]
1636302175681, 25478, 32/40, [LOSS (0), LOSS (1), LOSS (0), WIN (0)]
1636302197314, 25478, 33/40, [LOSS (0), LOSS (1), LOSS (0), WIN (0)]
1636302221490, 25478, 34/40, [LOSS (0), TIE (1), LOSS (0), TIE (0)]
1636302243565, 25478, 35/40, [LOSS (0), LOSS (1), LOSS (0), WIN (0)]
1636302266643, 1146, 36/40, [LOSS (0), WIN (1), LOSS (0), LOSS (0)]
1636302287927, 1146, 37/40, [LOSS (0), LOSS (1), LOSS (0), WIN (0)]
1636302313830, 1146, 38/40, [LOSS (0), LOSS (1), LOSS (0), WIN (0)]
1636302337609, 1146, 39/40, [LOSS (0), WIN (1), LOSS (0), LOSS (0)]
N 	Win 	Tie 	Loss 	Player (overtime average)
40	0.0%	0.0%	100.0%	players.DoNothingPlayer (0.0)
40	17.5%	40.0%	42.5%	players.mcts_v2.mcts.MCTSPlayer_V2 (1.0)
40	0.0%	0.0%	100.0%	players.DoNothingPlayer (0.0)
40	42.5%	40.0%	17.5%	players.mcts.MCTSPlayer (0.0)
java -jar out/eval/java-pommerman.jar 0 10 4 -1 0 7 0 5 200 12 UCT_UCB1 SAFE_PLACE_DEFAULT CUSTOM_HEURISTIC 0 true 40 3 60 1.3
