HUGE_NEGATIVE -> -1000.0
HUGE_POSITIVE -> 1000.0
STOP_TIME -> 0
STOP_ITERATIONS -> 1
STOP_FMCALLS -> 2
CUSTOM_HEURISTIC -> 0
ADVANCED_HEURISTIC -> 1
epsilon -> 1.0E-6
K -> 1.4142135623730951
rollout_depth -> 12
heuristic_method -> 0
stop_type -> 1
num_iterations -> 200
num_fmcalls -> 2000
num_time -> 40
SAFE_PLACE_DEFAULT -> 0
SAFE_PLACE_ADVANCED -> 1
SAFE_PLACE_EARLY_STOP -> 2
safe_place_method -> 0
UCT_UCB1 -> 0
UCT_UCB1_TURNED -> 1
uct_method -> 0
uctBias -> 0.0
progressiveUnpruningEnable -> true
progressiveUnpruningT -> 30
progressiveUnpruningKInit -> 3
progressiveUnpruningA -> 60.0
progressiveUnpruningB -> 1.4
WARNING: Invalid agent ID: 7
0-10-4--1-0-7-0-5 [DoNothing,MCV2,DoNothing,MCTS]
1636296388657, 61454, 0/40, [LOSS (0), WIN (1), LOSS (0), LOSS (0)]
1636296407785, 61454, 1/40, [LOSS (0), WIN (1), LOSS (0), LOSS (0)]
1636296422325, 61454, 2/40, [LOSS (0), WIN (1), LOSS (0), LOSS (0)]
1636296435123, 61454, 3/40, [LOSS (0), LOSS (1), LOSS (0), WIN (0)]
1636296449653, 80918, 4/40, [LOSS (0), TIE (1), LOSS (0), TIE (0)]
1636296465155, 80918, 5/40, [LOSS (0), WIN (1), LOSS (0), LOSS (0)]
1636296479059, 80918, 6/40, [LOSS (0), LOSS (1), LOSS (0), WIN (0)]
1636296494173, 80918, 7/40, [LOSS (0), LOSS (1), LOSS (0), WIN (0)]
1636296508451, 97823, 8/40, [LOSS (0), LOSS (1), LOSS (0), WIN (0)]
1636296523241, 97823, 9/40, [LOSS (0), WIN (1), LOSS (0), LOSS (0)]
1636296538471, 97823, 10/40, [LOSS (0), TIE (1), LOSS (0), TIE (0)]
1636296554004, 97823, 11/40, [LOSS (0), LOSS (1), LOSS (0), WIN (0)]
1636296568965, 84994, 12/40, [LOSS (0), TIE (1), LOSS (0), TIE (0)]
1636296584497, 84994, 13/40, [LOSS (0), WIN (1), LOSS (0), LOSS (0)]
1636296599301, 84994, 14/40, [LOSS (0), LOSS (1), LOSS (0), WIN (0)]
1636296612034, 84994, 15/40, [LOSS (0), WIN (1), LOSS (0), LOSS (0)]
1636296627155, 6671, 16/40, [LOSS (0), LOSS (1), LOSS (0), WIN (0)]
1636296642236, 6671, 17/40, [LOSS (0), LOSS (1), LOSS (0), WIN (0)]
1636296656586, 6671, 18/40, [LOSS (0), WIN (1), LOSS (0), LOSS (0)]
1636296671424, 6671, 19/40, [LOSS (0), LOSS (1), LOSS (0), WIN (0)]
1636296686418, 66642, 20/40, [LOSS (0), WIN (1), LOSS (0), LOSS (0)]
1636296699882, 66642, 21/40, [LOSS (0), LOSS (1), LOSS (0), WIN (0)]
1636296714459, 66642, 22/40, [LOSS (0), WIN (1), LOSS (0), LOSS (0)]
1636296727918, 66642, 23/40, [LOSS (0), LOSS (1), LOSS (0), WIN (0)]
1636296741377, 59315, 24/40, [LOSS (0), LOSS (1), LOSS (0), WIN (0)]
1636296754727, 59315, 25/40, [LOSS (0), LOSS (1), LOSS (0), WIN (0)]
1636296769133, 59315, 26/40, [LOSS (0), TIE (1), LOSS (0), TIE (0)]
1636296784527, 59315, 27/40, [LOSS (0), LOSS (1), LOSS (0), WIN (0)]
1636296798173, 51809, 28/40, [LOSS (0), TIE (1), LOSS (0), TIE (0)]
1636296817770, 51809, 29/40, [LOSS (0), WIN (1), LOSS (0), LOSS (0)]
1636296832644, 51809, 30/40, [LOSS (0), TIE (1), LOSS (0), TIE (0)]
1636296848968, 51809, 31/40, [LOSS (0), TIE (1), LOSS (0), TIE (0)]
1636296864438, 40232, 32/40, [LOSS (0), LOSS (1), LOSS (0), WIN (0)]
1636296879117, 40232, 33/40, [LOSS (0), WIN (1), LOSS (0), LOSS (0)]
1636296893608, 40232, 34/40, [LOSS (0), LOSS (1), LOSS (0), WIN (0)]
1636296908350, 40232, 35/40, [LOSS (0), LOSS (1), LOSS (0), WIN (0)]
1636296923714, 67080, 36/40, [LOSS (0), LOSS (1), LOSS (0), WIN (0)]
1636296936503, 67080, 37/40, [LOSS (0), TIE (1), LOSS (0), TIE (0)]
1636296952205, 67080, 38/40, [LOSS (0), WIN (1), LOSS (0), LOSS (0)]
1636296967083, 67080, 39/40, [LOSS (0), LOSS (1), LOSS (0), WIN (0)]
N 	Win 	Tie 	Loss 	Player (overtime average)
40	0.0%	0.0%	100.0%	players.DoNothingPlayer (0.0)
40	32.5%	20.0%	47.5%	players.mcts_v2.mcts.MCTSPlayer_V2 (1.0)
40	0.0%	0.0%	100.0%	players.DoNothingPlayer (0.0)
40	47.5%	20.0%	32.5%	players.mcts.MCTSPlayer (0.0)
java -jar out/eval/java-pommerman.jar 0 10 4 -1 0 7 0 5 200 12 UCT_UCB1 SAFE_PLACE_DEFAULT CUSTOM_HEURISTIC 0 true 30 3 60 1.4
