HUGE_NEGATIVE -> -1000.0
HUGE_POSITIVE -> 1000.0
STOP_TIME -> 0
STOP_ITERATIONS -> 1
STOP_FMCALLS -> 2
CUSTOM_HEURISTIC -> 0
ADVANCED_HEURISTIC -> 1
epsilon -> 1.0E-6
K -> 1.4142135623730951
rollout_depth -> 12
heuristic_method -> 0
stop_type -> 1
num_iterations -> 200
num_fmcalls -> 2000
num_time -> 40
SAFE_PLACE_DEFAULT -> 0
SAFE_PLACE_ADVANCED -> 1
SAFE_PLACE_EARLY_STOP -> 2
safe_place_method -> 0
UCT_UCB1 -> 0
UCT_UCB1_TURNED -> 1
uct_method -> 0
uctBias -> 0.0
progressiveUnpruningEnable -> true
progressiveUnpruningT -> 30
progressiveUnpruningKInit -> 4
progressiveUnpruningA -> 50.0
progressiveUnpruningB -> 1.3
WARNING: Invalid agent ID: 7
0-10-4--1-0-7-0-5 [DoNothing,MCV2,DoNothing,MCTS]
1636296982592, 98749, 0/40, [LOSS (0), TIE (1), LOSS (0), TIE (0)]
1636296999320, 98749, 1/40, [LOSS (0), TIE (1), LOSS (0), TIE (0)]
1636297012887, 98749, 2/40, [LOSS (0), TIE (1), LOSS (0), TIE (0)]
1636297026371, 98749, 3/40, [LOSS (0), TIE (1), LOSS (0), TIE (0)]
1636297040085, 20863, 4/40, [LOSS (0), LOSS (1), LOSS (0), WIN (0)]
1636297056778, 20863, 5/40, [LOSS (0), LOSS (1), LOSS (0), WIN (0)]
1636297074619, 20863, 6/40, [LOSS (0), WIN (1), LOSS (0), LOSS (0)]
1636297092975, 20863, 7/40, [LOSS (0), WIN (1), LOSS (0), LOSS (0)]
1636297111412, 33190, 8/40, [LOSS (0), WIN (1), LOSS (0), LOSS (0)]
1636297128008, 33190, 9/40, [LOSS (0), LOSS (1), LOSS (0), WIN (0)]
1636297145420, 33190, 10/40, [LOSS (0), TIE (1), LOSS (0), TIE (0)]
1636297164606, 33190, 11/40, [LOSS (0), WIN (1), LOSS (0), LOSS (0)]
1636297183777, 43078, 12/40, [LOSS (0), TIE (1), LOSS (0), TIE (0)]
1636297202968, 43078, 13/40, [LOSS (0), LOSS (1), LOSS (0), WIN (0)]
1636297221000, 43078, 14/40, [LOSS (0), WIN (1), LOSS (0), LOSS (0)]
1636297239259, 43078, 15/40, [LOSS (0), TIE (1), LOSS (0), TIE (0)]
1636297258647, 7460, 16/40, [LOSS (0), TIE (1), LOSS (0), TIE (0)]
1636297276761, 7460, 17/40, [LOSS (0), WIN (1), LOSS (0), LOSS (0)]
1636297294837, 7460, 18/40, [LOSS (0), LOSS (1), LOSS (0), WIN (0)]
1636297312535, 7460, 19/40, [LOSS (0), WIN (1), LOSS (0), LOSS (0)]
1636297328307, 87251, 20/40, [LOSS (0), LOSS (1), LOSS (0), WIN (0)]
1636297345175, 87251, 21/40, [LOSS (0), WIN (1), LOSS (0), LOSS (0)]
1636297363843, 87251, 22/40, [LOSS (0), WIN (1), LOSS (0), LOSS (0)]
1636297380957, 87251, 23/40, [LOSS (0), LOSS (1), LOSS (0), WIN (0)]
1636297399251, 9188, 24/40, [LOSS (0), LOSS (1), LOSS (0), WIN (0)]
1636297415927, 9188, 25/40, [LOSS (0), LOSS (1), LOSS (0), WIN (0)]
1636297434507, 9188, 26/40, [LOSS (0), TIE (1), LOSS (0), TIE (0)]
1636297455475, 9188, 27/40, [LOSS (0), LOSS (1), LOSS (0), WIN (0)]
1636297473711, 88693, 28/40, [LOSS (0), LOSS (1), LOSS (0), WIN (0)]
1636297491819, 88693, 29/40, [LOSS (0), WIN (1), LOSS (0), LOSS (0)]
1636297510426, 88693, 30/40, [LOSS (0), WIN (1), LOSS (0), LOSS (0)]
1636297528646, 88693, 31/40, [LOSS (0), WIN (1), LOSS (0), LOSS (0)]
1636297546853, 53383, 32/40, [LOSS (0), TIE (1), LOSS (0), TIE (0)]
1636297564978, 53383, 33/40, [LOSS (0), TIE (1), LOSS (0), TIE (0)]
1636297583027, 53383, 34/40, [LOSS (0), TIE (1), LOSS (0), TIE (0)]
1636297600961, 53383, 35/40, [LOSS (0), TIE (1), LOSS (0), TIE (0)]
1636297618612, 56188, 36/40, [LOSS (0), TIE (1), LOSS (0), TIE (0)]
1636297637993, 56188, 37/40, [LOSS (0), TIE (1), LOSS (0), TIE (0)]
1636297666012, 56188, 38/40, [LOSS (0), LOSS (1), LOSS (0), WIN (0)]
1636297689846, 56188, 39/40, [LOSS (0), TIE (1), LOSS (0), TIE (0)]
N 	Win 	Tie 	Loss 	Player (overtime average)
40	0.0%	0.0%	100.0%	players.DoNothingPlayer (0.0)
40	30.0%	40.0%	30.0%	players.mcts_v2.mcts.MCTSPlayer_V2 (1.0)
40	0.0%	0.0%	100.0%	players.DoNothingPlayer (0.0)
40	30.0%	40.0%	30.0%	players.mcts.MCTSPlayer (0.0)
java -jar out/eval/java-pommerman.jar 0 10 4 -1 0 7 0 5 200 12 UCT_UCB1 SAFE_PLACE_DEFAULT CUSTOM_HEURISTIC 0 true 30 4 50 1.3
