HUGE_NEGATIVE -> -1000.0
HUGE_POSITIVE -> 1000.0
STOP_TIME -> 0
STOP_ITERATIONS -> 1
STOP_FMCALLS -> 2
CUSTOM_HEURISTIC -> 0
ADVANCED_HEURISTIC -> 1
epsilon -> 1.0E-6
K -> 1.4142135623730951
rollout_depth -> 12
heuristic_method -> 0
stop_type -> 1
num_iterations -> 200
num_fmcalls -> 2000
num_time -> 40
SAFE_PLACE_DEFAULT -> 0
SAFE_PLACE_ADVANCED -> 1
SAFE_PLACE_EARLY_STOP -> 2
safe_place_method -> 0
UCT_UCB1 -> 0
UCT_UCB1_TURNED -> 1
uct_method -> 0
uctBias -> 0.0
progressiveUnpruningEnable -> true
progressiveUnpruningT -> 20
progressiveUnpruningKInit -> 3
progressiveUnpruningA -> 40.0
progressiveUnpruningB -> 1.3
WARNING: Invalid agent ID: 7
0-10-4--1-0-7-0-5 [DoNothing,MCV2,DoNothing,MCTS]
1636289722292, 24748, 0/40, [LOSS (0), LOSS (1), LOSS (0), WIN (0)]
1636289751255, 24748, 1/40, [LOSS (0), LOSS (1), LOSS (0), WIN (0)]
1636289779620, 24748, 2/40, [LOSS (0), LOSS (1), LOSS (0), WIN (0)]
1636289807635, 24748, 3/40, [LOSS (0), WIN (1), LOSS (0), LOSS (0)]
1636289834336, 89225, 4/40, [LOSS (0), LOSS (1), LOSS (0), WIN (0)]
1636289862593, 89225, 5/40, [LOSS (0), WIN (1), LOSS (0), LOSS (0)]
1636289890683, 89225, 6/40, [LOSS (0), LOSS (1), LOSS (0), WIN (0)]
1636289915843, 89225, 7/40, [LOSS (0), TIE (1), LOSS (0), TIE (0)]
1636289943575, 37792, 8/40, [LOSS (0), WIN (1), LOSS (0), LOSS (0)]
1636289966762, 37792, 9/40, [LOSS (0), WIN (1), LOSS (0), LOSS (0)]
1636289992812, 37792, 10/40, [LOSS (0), WIN (1), LOSS (0), LOSS (0)]
1636290015735, 37792, 11/40, [LOSS (0), LOSS (1), LOSS (0), WIN (0)]
1636290038646, 98762, 12/40, [LOSS (0), TIE (1), LOSS (0), TIE (0)]
1636290064607, 98762, 13/40, [LOSS (0), WIN (1), LOSS (0), LOSS (0)]
1636290088445, 98762, 14/40, [LOSS (0), WIN (1), LOSS (0), LOSS (0)]
1636290113358, 98762, 15/40, [LOSS (0), LOSS (1), LOSS (0), WIN (0)]
1636290138458, 72244, 16/40, [LOSS (0), TIE (1), LOSS (0), TIE (0)]
1636290165863, 72244, 17/40, [LOSS (0), WIN (1), LOSS (0), LOSS (0)]
1636290192163, 72244, 18/40, [LOSS (0), LOSS (1), LOSS (0), WIN (0)]
1636290218639, 72244, 19/40, [LOSS (0), TIE (1), LOSS (0), TIE (0)]
1636290246316, 86835, 20/40, [LOSS (0), TIE (1), LOSS (0), TIE (0)]
1636290273933, 86835, 21/40, [LOSS (0), TIE (1), LOSS (0), TIE (0)]
1636290300362, 86835, 22/40, [LOSS (0), TIE (1), LOSS (0), TIE (0)]
1636290325747, 86835, 23/40, [LOSS (0), LOSS (1), LOSS (0), WIN (0)]
1636290351332, 46665, 24/40, [LOSS (0), LOSS (1), LOSS (0), WIN (0)]
1636290378295, 46665, 25/40, [LOSS (0), WIN (1), LOSS (0), LOSS (0)]
1636290405006, 46665, 26/40, [LOSS (0), WIN (1), LOSS (0), LOSS (0)]
1636290430850, 46665, 27/40, [LOSS (0), LOSS (1), LOSS (0), WIN (0)]
1636290457885, 81960, 28/40, [LOSS (0), TIE (1), LOSS (0), TIE (0)]
1636290485211, 81960, 29/40, [LOSS (0), LOSS (1), LOSS (0), WIN (0)]
1636290510648, 81960, 30/40, [LOSS (0), TIE (1), LOSS (0), TIE (0)]
1636290539206, 81960, 31/40, [LOSS (0), WIN (1), LOSS (0), LOSS (0)]
1636290565814, 77302, 32/40, [LOSS (0), LOSS (1), LOSS (0), WIN (0)]
1636290592763, 77302, 33/40, [LOSS (0), WIN (1), LOSS (0), LOSS (0)]
1636290619366, 77302, 34/40, [LOSS (0), WIN (1), LOSS (0), LOSS (0)]
1636290645887, 77302, 35/40, [LOSS (0), TIE (1), LOSS (0), TIE (0)]
1636290673471, 11691, 36/40, [LOSS (0), LOSS (1), LOSS (0), WIN (0)]
1636290698339, 11691, 37/40, [LOSS (0), LOSS (1), LOSS (0), WIN (0)]
1636290723620, 11691, 38/40, [LOSS (0), LOSS (1), LOSS (0), WIN (0)]
1636290748155, 11691, 39/40, [LOSS (0), LOSS (1), LOSS (0), WIN (0)]
N 	Win 	Tie 	Loss 	Player (overtime average)
40	0.0%	0.0%	100.0%	players.DoNothingPlayer (0.0)
40	32.5%	25.0%	42.5%	players.mcts_v2.mcts.MCTSPlayer_V2 (1.0)
40	0.0%	0.0%	100.0%	players.DoNothingPlayer (0.0)
40	42.5%	25.0%	32.5%	players.mcts.MCTSPlayer (0.0)
java -jar out/eval/java-pommerman.jar 0 10 4 -1 0 7 0 5 200 12 UCT_UCB1 SAFE_PLACE_DEFAULT CUSTOM_HEURISTIC 0 true 20 3 40 1.3
