HUGE_NEGATIVE -> -1000.0
HUGE_POSITIVE -> 1000.0
STOP_TIME -> 0
STOP_ITERATIONS -> 1
STOP_FMCALLS -> 2
CUSTOM_HEURISTIC -> 0
ADVANCED_HEURISTIC -> 1
epsilon -> 1.0E-6
K -> 1.4142135623730951
rollout_depth -> 12
heuristic_method -> 0
stop_type -> 1
num_iterations -> 200
num_fmcalls -> 2000
num_time -> 40
SAFE_PLACE_DEFAULT -> 0
SAFE_PLACE_ADVANCED -> 1
SAFE_PLACE_EARLY_STOP -> 2
safe_place_method -> 0
UCT_UCB1 -> 0
UCT_UCB1_TURNED -> 1
uct_method -> 0
uctBias -> 0.0
progressiveUnpruningEnable -> true
progressiveUnpruningT -> 40
progressiveUnpruningKInit -> 3
progressiveUnpruningA -> 40.0
progressiveUnpruningB -> 1.2
WARNING: Invalid agent ID: 7
0-10-4--1-0-7-0-5 [DoNothing,MCV2,DoNothing,MCTS]
1636299743081, 66401, 0/40, [LOSS (0), TIE (1), LOSS (0), TIE (0)]
1636299767561, 66401, 1/40, [LOSS (0), LOSS (1), LOSS (0), WIN (0)]
1636299790042, 66401, 2/40, [LOSS (0), TIE (1), LOSS (0), TIE (0)]
1636299814008, 66401, 3/40, [LOSS (0), TIE (1), LOSS (0), TIE (0)]
1636299837996, 8150, 4/40, [LOSS (0), TIE (1), LOSS (0), TIE (0)]
1636299859764, 8150, 5/40, [LOSS (0), WIN (1), LOSS (0), LOSS (0)]
1636299880726, 8150, 6/40, [LOSS (0), TIE (1), LOSS (0), TIE (0)]
1636299904999, 8150, 7/40, [LOSS (0), WIN (1), LOSS (0), LOSS (0)]
1636299928746, 83974, 8/40, [TIE (0), TIE (1), TIE (0), TIE (0)]
1636299946555, 83974, 9/40, [TIE (0), TIE (1), TIE (0), TIE (0)]
1636299962446, 83974, 10/40, [TIE (0), TIE (1), TIE (0), TIE (0)]
1636299978691, 83974, 11/40, [TIE (0), TIE (1), TIE (0), TIE (0)]
1636299994370, 32156, 12/40, [LOSS (0), LOSS (1), LOSS (0), WIN (0)]
1636300013068, 32156, 13/40, [LOSS (0), TIE (1), LOSS (0), TIE (0)]
1636300032241, 32156, 14/40, [LOSS (0), WIN (1), LOSS (0), LOSS (0)]
1636300055130, 32156, 15/40, [LOSS (0), LOSS (1), LOSS (0), WIN (0)]
1636300077751, 59024, 16/40, [LOSS (0), WIN (1), LOSS (0), LOSS (0)]
1636300097865, 59024, 17/40, [LOSS (0), LOSS (1), LOSS (0), WIN (0)]
1636300126236, 59024, 18/40, [LOSS (0), TIE (1), LOSS (0), TIE (0)]
1636300154741, 59024, 19/40, [LOSS (0), WIN (1), LOSS (0), LOSS (0)]
1636300179640, 93666, 20/40, [LOSS (0), WIN (1), LOSS (0), LOSS (0)]
1636300203476, 93666, 21/40, [LOSS (0), LOSS (1), LOSS (0), WIN (0)]
1636300221669, 93666, 22/40, [LOSS (0), LOSS (1), LOSS (0), WIN (0)]
1636300244692, 93666, 23/40, [LOSS (0), WIN (1), LOSS (0), LOSS (0)]
1636300266089, 53304, 24/40, [LOSS (0), TIE (1), LOSS (0), TIE (0)]
1636300292557, 53304, 25/40, [LOSS (0), TIE (1), LOSS (0), TIE (0)]
1636300317864, 53304, 26/40, [LOSS (0), LOSS (1), LOSS (0), WIN (0)]
1636300341511, 53304, 27/40, [LOSS (0), WIN (1), LOSS (0), LOSS (0)]
1636300360804, 67599, 28/40, [LOSS (0), LOSS (1), LOSS (0), WIN (0)]
1636300384711, 67599, 29/40, [LOSS (0), LOSS (1), LOSS (0), WIN (0)]
1636300404639, 67599, 30/40, [LOSS (0), WIN (1), LOSS (0), LOSS (0)]
1636300426347, 67599, 31/40, [LOSS (0), LOSS (1), LOSS (0), WIN (0)]
1636300457236, 14037, 32/40, [LOSS (0), LOSS (1), LOSS (0), WIN (0)]
1636300482739, 14037, 33/40, [LOSS (0), TIE (1), LOSS (0), TIE (0)]
1636300508951, 14037, 34/40, [LOSS (0), TIE (1), LOSS (0), TIE (0)]
1636300530183, 14037, 35/40, [LOSS (0), TIE (1), LOSS (0), TIE (0)]
1636300550132, 16738, 36/40, [LOSS (0), WIN (1), LOSS (0), LOSS (0)]
1636300572853, 16738, 37/40, [LOSS (0), TIE (1), LOSS (0), TIE (0)]
1636300598878, 16738, 38/40, [LOSS (0), WIN (1), LOSS (0), LOSS (0)]
1636300623613, 16738, 39/40, [LOSS (0), WIN (1), LOSS (0), LOSS (0)]
N 	Win 	Tie 	Loss 	Player (overtime average)
40	0.0%	10.0%	90.0%	players.DoNothingPlayer (0.0)
40	30.0%	42.5%	27.5%	players.mcts_v2.mcts.MCTSPlayer_V2 (1.0)
40	0.0%	10.0%	90.0%	players.DoNothingPlayer (0.0)
40	27.5%	42.5%	30.0%	players.mcts.MCTSPlayer (0.0)
java -jar out/eval/java-pommerman.jar 0 10 4 -1 0 7 0 5 200 12 UCT_UCB1 SAFE_PLACE_DEFAULT CUSTOM_HEURISTIC 0 true 40 3 40 1.2
