HUGE_NEGATIVE -> -1000.0
HUGE_POSITIVE -> 1000.0
STOP_TIME -> 0
STOP_ITERATIONS -> 1
STOP_FMCALLS -> 2
CUSTOM_HEURISTIC -> 0
ADVANCED_HEURISTIC -> 1
epsilon -> 1.0E-6
K -> 1.4142135623730951
rollout_depth -> 12
heuristic_method -> 0
stop_type -> 1
num_iterations -> 200
num_fmcalls -> 2000
num_time -> 40
SAFE_PLACE_DEFAULT -> 0
SAFE_PLACE_ADVANCED -> 1
SAFE_PLACE_EARLY_STOP -> 2
safe_place_method -> 0
UCT_UCB1 -> 0
UCT_UCB1_TURNED -> 1
uct_method -> 0
uctBias -> 0.0
progressiveUnpruningEnable -> true
progressiveUnpruningT -> 30
progressiveUnpruningKInit -> 4
progressiveUnpruningA -> 40.0
progressiveUnpruningB -> 1.3
WARNING: Invalid agent ID: 7
0-10-4--1-0-7-0-5 [DoNothing,MCV2,DoNothing,MCTS]
1636296450668, 35863, 0/40, [LOSS (0), LOSS (1), LOSS (0), WIN (0)]
1636296467031, 35863, 1/40, [LOSS (0), LOSS (1), LOSS (0), WIN (0)]
1636296480073, 35863, 2/40, [LOSS (0), WIN (1), LOSS (0), LOSS (0)]
1636296496083, 35863, 3/40, [LOSS (0), LOSS (1), LOSS (0), WIN (0)]
1636296511180, 25034, 4/40, [LOSS (0), WIN (1), LOSS (0), LOSS (0)]
1636296526482, 25034, 5/40, [LOSS (0), TIE (1), LOSS (0), TIE (0)]
1636296542277, 25034, 6/40, [LOSS (0), WIN (1), LOSS (0), LOSS (0)]
1636296557611, 25034, 7/40, [LOSS (0), TIE (1), LOSS (0), TIE (0)]
1636296573166, 94605, 8/40, [LOSS (0), WIN (1), LOSS (0), LOSS (0)]
1636296587340, 94605, 9/40, [LOSS (0), LOSS (1), LOSS (0), WIN (0)]
1636296601676, 94605, 10/40, [LOSS (0), WIN (1), LOSS (0), LOSS (0)]
1636296615541, 94605, 11/40, [LOSS (0), WIN (1), LOSS (0), LOSS (0)]
1636296629458, 38028, 12/40, [LOSS (0), WIN (1), LOSS (0), LOSS (0)]
1636296643566, 38028, 13/40, [LOSS (0), TIE (1), LOSS (0), TIE (0)]
1636296658790, 38028, 14/40, [LOSS (0), TIE (1), LOSS (0), TIE (0)]
1636296674233, 38028, 15/40, [LOSS (0), WIN (1), LOSS (0), LOSS (0)]
1636296688056, 93322, 16/40, [LOSS (0), WIN (1), LOSS (0), LOSS (0)]
1636296703093, 93322, 17/40, [LOSS (0), LOSS (1), LOSS (0), WIN (0)]
1636296718404, 93322, 18/40, [LOSS (0), TIE (1), LOSS (0), TIE (0)]
1636296734184, 93322, 19/40, [LOSS (0), TIE (1), LOSS (0), TIE (0)]
1636296749690, 69589, 20/40, [LOSS (0), WIN (1), LOSS (0), LOSS (0)]
1636296763140, 69589, 21/40, [LOSS (0), LOSS (1), LOSS (0), WIN (0)]
1636296776472, 69589, 22/40, [LOSS (0), WIN (1), LOSS (0), LOSS (0)]
1636296789911, 69589, 23/40, [LOSS (0), WIN (1), LOSS (0), LOSS (0)]
1636296805791, 62226, 24/40, [LOSS (0), TIE (1), LOSS (0), TIE (0)]
1636296820929, 62226, 25/40, [LOSS (0), TIE (1), LOSS (0), TIE (0)]
1636296835182, 62226, 26/40, [LOSS (0), TIE (1), LOSS (0), TIE (0)]
1636296849149, 62226, 27/40, [LOSS (0), TIE (1), LOSS (0), TIE (0)]
1636296862384, 2068, 28/40, [LOSS (0), TIE (1), LOSS (0), TIE (0)]
1636296877818, 2068, 29/40, [LOSS (0), TIE (1), LOSS (0), TIE (0)]
1636296893295, 2068, 30/40, [LOSS (0), TIE (1), LOSS (0), TIE (0)]
1636296908718, 2068, 31/40, [LOSS (0), TIE (1), LOSS (0), TIE (0)]
1636296923465, 3463, 32/40, [LOSS (0), LOSS (1), LOSS (0), WIN (0)]
1636296937753, 3463, 33/40, [LOSS (0), LOSS (1), LOSS (0), WIN (0)]
1636296951489, 3463, 34/40, [LOSS (0), LOSS (1), LOSS (0), WIN (0)]
1636296966143, 3463, 35/40, [LOSS (0), LOSS (1), LOSS (0), WIN (0)]
1636296981105, 88231, 36/40, [LOSS (0), LOSS (1), LOSS (0), WIN (0)]
1636296998449, 88231, 37/40, [LOSS (0), LOSS (1), LOSS (0), WIN (0)]
1636297012514, 88231, 38/40, [LOSS (0), WIN (1), LOSS (0), LOSS (0)]
1636297027466, 88231, 39/40, [LOSS (0), LOSS (1), LOSS (0), WIN (0)]
N 	Win 	Tie 	Loss 	Player (overtime average)
40	0.0%	0.0%	100.0%	players.DoNothingPlayer (0.0)
40	32.5%	35.0%	32.5%	players.mcts_v2.mcts.MCTSPlayer_V2 (1.0)
40	0.0%	0.0%	100.0%	players.DoNothingPlayer (0.0)
40	32.5%	35.0%	32.5%	players.mcts.MCTSPlayer (0.0)
java -jar out/eval/java-pommerman.jar 0 10 4 -1 0 7 0 5 200 12 UCT_UCB1 SAFE_PLACE_DEFAULT CUSTOM_HEURISTIC 0 true 30 4 40 1.3
