HUGE_NEGATIVE -> -1000.0
HUGE_POSITIVE -> 1000.0
STOP_TIME -> 0
STOP_ITERATIONS -> 1
STOP_FMCALLS -> 2
CUSTOM_HEURISTIC -> 0
ADVANCED_HEURISTIC -> 1
epsilon -> 1.0E-6
K -> 1.4142135623730951
rollout_depth -> 12
heuristic_method -> 0
stop_type -> 1
num_iterations -> 200
num_fmcalls -> 2000
num_time -> 40
SAFE_PLACE_DEFAULT -> 0
SAFE_PLACE_ADVANCED -> 1
SAFE_PLACE_EARLY_STOP -> 2
safe_place_method -> 0
UCT_UCB1 -> 0
UCT_UCB1_TURNED -> 1
uct_method -> 0
uctBias -> 0.0
progressiveUnpruningEnable -> true
progressiveUnpruningT -> 30
progressiveUnpruningKInit -> 4
progressiveUnpruningA -> 60.0
progressiveUnpruningB -> 1.3
WARNING: Invalid agent ID: 7
0-10-4--1-0-7-0-5 [DoNothing,MCV2,DoNothing,MCTS]
1636297684918, 15082, 0/40, [LOSS (0), TIE (1), LOSS (0), TIE (0)]
1636297709186, 15082, 1/40, [LOSS (0), WIN (1), LOSS (0), LOSS (0)]
1636297728149, 15082, 2/40, [LOSS (0), LOSS (1), LOSS (0), WIN (0)]
1636297746459, 15082, 3/40, [LOSS (0), TIE (1), LOSS (0), TIE (0)]
1636297769067, 43232, 4/40, [LOSS (0), TIE (1), LOSS (0), TIE (0)]
1636297801112, 43232, 5/40, [LOSS (0), LOSS (1), LOSS (0), WIN (0)]
1636297819913, 43232, 6/40, [LOSS (0), LOSS (1), LOSS (0), WIN (0)]
1636297837179, 43232, 7/40, [LOSS (0), TIE (1), LOSS (0), TIE (0)]
1636297856481, 68731, 8/40, [LOSS (0), TIE (1), LOSS (0), TIE (0)]
1636297876571, 68731, 9/40, [LOSS (0), TIE (1), LOSS (0), TIE (0)]
1636297896696, 68731, 10/40, [LOSS (0), TIE (1), LOSS (0), TIE (0)]
1636297914567, 68731, 11/40, [LOSS (0), TIE (1), LOSS (0), TIE (0)]
1636297932616, 73966, 12/40, [LOSS (0), TIE (1), LOSS (0), TIE (0)]
1636297959256, 73966, 13/40, [LOSS (0), WIN (1), LOSS (0), LOSS (0)]
1636297994428, 73966, 14/40, [LOSS (0), WIN (1), LOSS (0), LOSS (0)]
1636298019949, 73966, 15/40, [LOSS (0), WIN (1), LOSS (0), LOSS (0)]
1636298052234, 73640, 16/40, [LOSS (0), TIE (1), LOSS (0), TIE (0)]
1636298083667, 73640, 17/40, [LOSS (0), TIE (1), LOSS (0), TIE (0)]
1636298119929, 73640, 18/40, [LOSS (0), WIN (1), LOSS (0), LOSS (0)]
1636298147766, 73640, 19/40, [LOSS (0), TIE (1), LOSS (0), TIE (0)]
1636298169992, 98315, 20/40, [LOSS (0), TIE (1), LOSS (0), TIE (0)]
1636298189872, 98315, 21/40, [LOSS (0), WIN (1), LOSS (0), LOSS (0)]
1636298208238, 98315, 22/40, [LOSS (0), TIE (1), LOSS (0), TIE (0)]
1636298227727, 98315, 23/40, [LOSS (0), WIN (1), LOSS (0), LOSS (0)]
1636298246751, 57143, 24/40, [LOSS (0), LOSS (1), LOSS (0), WIN (0)]
1636298270788, 57143, 25/40, [LOSS (0), LOSS (1), LOSS (0), WIN (0)]
1636298289691, 57143, 26/40, [LOSS (0), WIN (1), LOSS (0), LOSS (0)]
1636298308337, 57143, 27/40, [LOSS (0), LOSS (1), LOSS (0), WIN (0)]
1636298327424, 182, 28/40, [LOSS (0), LOSS (1), LOSS (0), WIN (0)]
1636298344549, 182, 29/40, [LOSS (0), LOSS (1), LOSS (0), WIN (0)]
1636298362456, 182, 30/40, [LOSS (0), TIE (1), LOSS (0), TIE (0)]
1636298395168, 182, 31/40, [LOSS (0), WIN (1), LOSS (0), LOSS (0)]
1636298415911, 81562, 32/40, [LOSS (0), WIN (1), LOSS (0), LOSS (0)]
1636298437946, 81562, 33/40, [LOSS (0), WIN (1), LOSS (0), LOSS (0)]
1636298460165, 81562, 34/40, [LOSS (0), WIN (1), LOSS (0), LOSS (0)]
1636298481700, 81562, 35/40, [LOSS (0), WIN (1), LOSS (0), LOSS (0)]
1636298503840, 27494, 36/40, [LOSS (0), WIN (1), LOSS (0), LOSS (0)]
1636298526232, 27494, 37/40, [LOSS (0), LOSS (1), LOSS (0), WIN (0)]
1636298549655, 27494, 38/40, [LOSS (0), WIN (1), LOSS (0), LOSS (0)]
1636298578477, 27494, 39/40, [LOSS (0), WIN (1), LOSS (0), LOSS (0)]
N 	Win 	Tie 	Loss 	Player (overtime average)
40	0.0%	0.0%	100.0%	players.DoNothingPlayer (0.0)
40	40.0%	37.5%	22.5%	players.mcts_v2.mcts.MCTSPlayer_V2 (1.0)
40	0.0%	0.0%	100.0%	players.DoNothingPlayer (0.0)
40	22.5%	37.5%	40.0%	players.mcts.MCTSPlayer (0.0)
java -jar out/eval/java-pommerman.jar 0 10 4 -1 0 7 0 5 200 12 UCT_UCB1 SAFE_PLACE_DEFAULT CUSTOM_HEURISTIC 0 true 30 4 60 1.3
