HUGE_NEGATIVE -> -1000.0
HUGE_POSITIVE -> 1000.0
STOP_TIME -> 0
STOP_ITERATIONS -> 1
STOP_FMCALLS -> 2
CUSTOM_HEURISTIC -> 0
ADVANCED_HEURISTIC -> 1
epsilon -> 1.0E-6
K -> 1.4142135623730951
rollout_depth -> 12
heuristic_method -> 0
stop_type -> 1
num_iterations -> 200
num_fmcalls -> 2000
num_time -> 40
SAFE_PLACE_DEFAULT -> 0
SAFE_PLACE_ADVANCED -> 1
SAFE_PLACE_EARLY_STOP -> 2
safe_place_method -> 0
UCT_UCB1 -> 0
UCT_UCB1_TURNED -> 1
uct_method -> 0
uctBias -> 0.0
progressiveUnpruningEnable -> true
progressiveUnpruningT -> 40
progressiveUnpruningKInit -> 4
progressiveUnpruningA -> 60.0
progressiveUnpruningB -> 1.4
WARNING: Invalid agent ID: 7
0-10-4--1-0-7-0-5 [DoNothing,MCV2,DoNothing,MCTS]
1636303961736, 1269, 0/40, [LOSS (0), TIE (1), LOSS (0), TIE (0)]
1636303985238, 1269, 1/40, [LOSS (0), TIE (1), LOSS (0), TIE (0)]
1636304004020, 1269, 2/40, [LOSS (0), TIE (1), LOSS (0), TIE (0)]
1636304017446, 1269, 3/40, [LOSS (0), TIE (1), LOSS (0), TIE (0)]
1636304030456, 77129, 4/40, [LOSS (0), LOSS (1), LOSS (0), WIN (0)]
1636304045395, 77129, 5/40, [LOSS (0), WIN (1), LOSS (0), LOSS (0)]
1636304060440, 77129, 6/40, [LOSS (0), TIE (1), LOSS (0), TIE (0)]
1636304076101, 77129, 7/40, [LOSS (0), WIN (1), LOSS (0), LOSS (0)]
1636304089946, 53509, 8/40, [LOSS (0), WIN (1), LOSS (0), LOSS (0)]
1636304104279, 53509, 9/40, [LOSS (0), WIN (1), LOSS (0), LOSS (0)]
1636304120499, 53509, 10/40, [LOSS (0), WIN (1), LOSS (0), LOSS (0)]
1636304137037, 53509, 11/40, [LOSS (0), LOSS (1), LOSS (0), WIN (0)]
1636304153733, 51683, 12/40, [LOSS (0), TIE (1), LOSS (0), TIE (0)]
1636304168479, 51683, 13/40, [LOSS (0), WIN (1), LOSS (0), LOSS (0)]
1636304184034, 51683, 14/40, [LOSS (0), LOSS (1), LOSS (0), WIN (0)]
1636304198184, 51683, 15/40, [LOSS (0), WIN (1), LOSS (0), LOSS (0)]
1636304210963, 68024, 16/40, [LOSS (0), WIN (1), LOSS (0), LOSS (0)]
1636304223918, 68024, 17/40, [LOSS (0), LOSS (1), LOSS (0), WIN (0)]
1636304237761, 68024, 18/40, [LOSS (0), LOSS (1), LOSS (0), WIN (0)]
1636304251508, 68024, 19/40, [LOSS (0), WIN (1), LOSS (0), LOSS (0)]
1636304265131, 40399, 20/40, [TIE (0), TIE (1), TIE (0), TIE (0)]
1636304277596, 40399, 21/40, [TIE (0), TIE (1), TIE (0), TIE (0)]
1636304289528, 40399, 22/40, [TIE (0), TIE (1), TIE (0), TIE (0)]
1636304301828, 40399, 23/40, [TIE (0), TIE (1), TIE (0), TIE (0)]
1636304313745, 88687, 24/40, [LOSS (0), TIE (1), LOSS (0), TIE (0)]
1636304327350, 88687, 25/40, [LOSS (0), TIE (1), LOSS (0), TIE (0)]
1636304340684, 88687, 26/40, [LOSS (0), TIE (1), LOSS (0), TIE (0)]
1636304353525, 88687, 27/40, [LOSS (0), TIE (1), LOSS (0), TIE (0)]
1636304366697, 1846, 28/40, [LOSS (0), TIE (1), LOSS (0), TIE (0)]
1636304379583, 1846, 29/40, [LOSS (0), TIE (1), LOSS (0), TIE (0)]
1636304392217, 1846, 30/40, [LOSS (0), TIE (1), LOSS (0), TIE (0)]
1636304404843, 1846, 31/40, [LOSS (0), TIE (1), LOSS (0), TIE (0)]
1636304417903, 77768, 32/40, [LOSS (0), WIN (1), LOSS (0), LOSS (0)]
1636304433617, 77768, 33/40, [LOSS (0), LOSS (1), LOSS (0), WIN (0)]
1636304447963, 77768, 34/40, [LOSS (0), TIE (1), LOSS (0), TIE (0)]
1636304464706, 77768, 35/40, [LOSS (0), WIN (1), LOSS (0), LOSS (0)]
1636304477898, 90233, 36/40, [LOSS (0), TIE (1), LOSS (0), TIE (0)]
1636304492825, 90233, 37/40, [LOSS (0), TIE (1), LOSS (0), TIE (0)]
1636304507705, 90233, 38/40, [LOSS (0), WIN (1), LOSS (0), LOSS (0)]
1636304522065, 90233, 39/40, [LOSS (0), TIE (1), LOSS (0), TIE (0)]
N 	Win 	Tie 	Loss 	Player (overtime average)
40	0.0%	10.0%	90.0%	players.DoNothingPlayer (0.0)
40	30.0%	55.0%	15.0%	players.mcts_v2.mcts.MCTSPlayer_V2 (1.0)
40	0.0%	10.0%	90.0%	players.DoNothingPlayer (0.0)
40	15.0%	55.0%	30.0%	players.mcts.MCTSPlayer (0.0)
java -jar out/eval/java-pommerman.jar 0 10 4 -1 0 7 0 5 200 12 UCT_UCB1 SAFE_PLACE_DEFAULT CUSTOM_HEURISTIC 0 true 40 4 60 1.4
