HUGE_NEGATIVE -> -1000.0
HUGE_POSITIVE -> 1000.0
STOP_TIME -> 0
STOP_ITERATIONS -> 1
STOP_FMCALLS -> 2
CUSTOM_HEURISTIC -> 0
ADVANCED_HEURISTIC -> 1
epsilon -> 1.0E-6
K -> 1.4142135623730951
rollout_depth -> 12
heuristic_method -> 0
stop_type -> 1
num_iterations -> 200
num_fmcalls -> 2000
num_time -> 40
SAFE_PLACE_DEFAULT -> 0
SAFE_PLACE_ADVANCED -> 1
SAFE_PLACE_EARLY_STOP -> 2
safe_place_method -> 0
UCT_UCB1 -> 0
UCT_UCB1_TURNED -> 1
uct_method -> 0
uctBias -> 0.0
progressiveUnpruningEnable -> true
progressiveUnpruningT -> 40
progressiveUnpruningKInit -> 2
progressiveUnpruningA -> 40.0
progressiveUnpruningB -> 1.4
WARNING: Invalid agent ID: 7
0-10-4--1-0-7-0-5 [DoNothing,MCV2,DoNothing,MCTS]
1636298549042, 45050, 0/40, [LOSS (0), WIN (1), LOSS (0), LOSS (0)]
1636298578520, 45050, 1/40, [LOSS (0), WIN (1), LOSS (0), LOSS (0)]
1636298599181, 45050, 2/40, [LOSS (0), WIN (1), LOSS (0), LOSS (0)]
1636298632061, 45050, 3/40, [LOSS (0), LOSS (1), LOSS (0), WIN (0)]
1636298656538, 1353, 4/40, [LOSS (0), TIE (1), LOSS (0), TIE (0)]
1636298679032, 1353, 5/40, [LOSS (0), TIE (1), LOSS (0), TIE (0)]
1636298705955, 1353, 6/40, [LOSS (0), TIE (1), LOSS (0), TIE (0)]
1636298738223, 1353, 7/40, [LOSS (0), TIE (1), LOSS (0), TIE (0)]
1636298763773, 32361, 8/40, [LOSS (0), TIE (1), LOSS (0), TIE (0)]
1636298788604, 32361, 9/40, [LOSS (0), TIE (1), LOSS (0), TIE (0)]
1636298810038, 32361, 10/40, [LOSS (0), LOSS (1), LOSS (0), WIN (0)]
1636298827688, 32361, 11/40, [LOSS (0), TIE (1), LOSS (0), TIE (0)]
1636298846827, 7063, 12/40, [LOSS (0), WIN (1), LOSS (0), LOSS (0)]
1636298864707, 7063, 13/40, [LOSS (0), LOSS (1), LOSS (0), WIN (0)]
1636298885525, 7063, 14/40, [LOSS (0), WIN (1), LOSS (0), LOSS (0)]
1636298911441, 7063, 15/40, [LOSS (0), WIN (1), LOSS (0), LOSS (0)]
1636298937894, 37371, 16/40, [LOSS (0), TIE (1), LOSS (0), TIE (0)]
1636298964472, 37371, 17/40, [LOSS (0), TIE (1), LOSS (0), TIE (0)]
1636298988123, 37371, 18/40, [LOSS (0), TIE (1), LOSS (0), TIE (0)]
1636299014393, 37371, 19/40, [LOSS (0), TIE (1), LOSS (0), TIE (0)]
1636299046809, 30510, 20/40, [LOSS (0), TIE (1), LOSS (0), TIE (0)]
1636299068193, 30510, 21/40, [LOSS (0), TIE (1), LOSS (0), TIE (0)]
1636299088811, 30510, 22/40, [LOSS (0), TIE (1), LOSS (0), TIE (0)]
1636299110772, 30510, 23/40, [LOSS (0), TIE (1), LOSS (0), TIE (0)]
1636299132614, 55156, 24/40, [LOSS (0), TIE (1), LOSS (0), TIE (0)]
1636299162632, 55156, 25/40, [LOSS (0), TIE (1), LOSS (0), TIE (0)]
1636299188602, 55156, 26/40, [LOSS (0), TIE (1), LOSS (0), TIE (0)]
1636299213426, 55156, 27/40, [LOSS (0), TIE (1), LOSS (0), TIE (0)]
1636299237899, 11607, 28/40, [LOSS (0), TIE (1), LOSS (0), TIE (0)]
1636299266411, 11607, 29/40, [LOSS (0), LOSS (1), LOSS (0), WIN (0)]
1636299294903, 11607, 30/40, [LOSS (0), LOSS (1), LOSS (0), WIN (0)]
1636299321015, 11607, 31/40, [LOSS (0), LOSS (1), LOSS (0), WIN (0)]
1636299346334, 58572, 32/40, [LOSS (0), LOSS (1), LOSS (0), WIN (0)]
1636299367844, 58572, 33/40, [LOSS (0), WIN (1), LOSS (0), LOSS (0)]
1636299393395, 58572, 34/40, [LOSS (0), WIN (1), LOSS (0), LOSS (0)]
1636299415081, 58572, 35/40, [LOSS (0), WIN (1), LOSS (0), LOSS (0)]
1636299440522, 17280, 36/40, [LOSS (0), WIN (1), LOSS (0), LOSS (0)]
1636299470764, 17280, 37/40, [LOSS (0), LOSS (1), LOSS (0), WIN (0)]
1636299497486, 17280, 38/40, [LOSS (0), WIN (1), LOSS (0), LOSS (0)]
1636299518873, 17280, 39/40, [LOSS (0), WIN (1), LOSS (0), LOSS (0)]
N 	Win 	Tie 	Loss 	Player (overtime average)
40	0.0%	0.0%	100.0%	players.DoNothingPlayer (0.0)
40	30.0%	50.0%	20.0%	players.mcts_v2.mcts.MCTSPlayer_V2 (1.0)
40	0.0%	0.0%	100.0%	players.DoNothingPlayer (0.0)
40	20.0%	50.0%	30.0%	players.mcts.MCTSPlayer (0.0)
java -jar out/eval/java-pommerman.jar 0 10 4 -1 0 7 0 5 200 12 UCT_UCB1 SAFE_PLACE_DEFAULT CUSTOM_HEURISTIC 0 true 40 2 40 1.4
