HUGE_NEGATIVE -> -1000.0
HUGE_POSITIVE -> 1000.0
STOP_TIME -> 0
STOP_ITERATIONS -> 1
STOP_FMCALLS -> 2
CUSTOM_HEURISTIC -> 0
ADVANCED_HEURISTIC -> 1
epsilon -> 1.0E-6
K -> 1.4142135623730951
rollout_depth -> 12
heuristic_method -> 0
stop_type -> 1
num_iterations -> 200
num_fmcalls -> 2000
num_time -> 40
SAFE_PLACE_DEFAULT -> 0
SAFE_PLACE_ADVANCED -> 1
SAFE_PLACE_EARLY_STOP -> 2
safe_place_method -> 0
UCT_UCB1 -> 0
UCT_UCB1_TURNED -> 1
uct_method -> 0
uctBias -> 0.0
progressiveUnpruningEnable -> true
progressiveUnpruningT -> 30
progressiveUnpruningKInit -> 2
progressiveUnpruningA -> 40.0
progressiveUnpruningB -> 1.4
WARNING: Invalid agent ID: 7
0-10-4--1-0-7-0-5 [DoNothing,MCV2,DoNothing,MCTS]
1636294044984, 39941, 0/40, [LOSS (0), WIN (1), LOSS (0), LOSS (0)]
1636294061554, 39941, 1/40, [LOSS (0), WIN (1), LOSS (0), LOSS (0)]
1636294074826, 39941, 2/40, [LOSS (0), LOSS (1), LOSS (0), WIN (0)]
1636294089259, 39941, 3/40, [LOSS (0), TIE (1), LOSS (0), TIE (0)]
1636294104460, 37099, 4/40, [LOSS (0), TIE (1), LOSS (0), TIE (0)]
1636294119906, 37099, 5/40, [LOSS (0), TIE (1), LOSS (0), TIE (0)]
1636294134534, 37099, 6/40, [LOSS (0), TIE (1), LOSS (0), TIE (0)]
1636294148139, 37099, 7/40, [LOSS (0), TIE (1), LOSS (0), TIE (0)]
1636294162701, 41261, 8/40, [LOSS (0), TIE (1), LOSS (0), TIE (0)]
1636294178113, 41261, 9/40, [LOSS (0), LOSS (1), LOSS (0), WIN (0)]
1636294193338, 41261, 10/40, [LOSS (0), WIN (1), LOSS (0), LOSS (0)]
1636294208512, 41261, 11/40, [LOSS (0), TIE (1), LOSS (0), TIE (0)]
1636294224005, 62603, 12/40, [LOSS (0), LOSS (1), LOSS (0), WIN (0)]
1636294240187, 62603, 13/40, [LOSS (0), WIN (1), LOSS (0), LOSS (0)]
1636294255084, 62603, 14/40, [LOSS (0), LOSS (1), LOSS (0), WIN (0)]
1636294270719, 62603, 15/40, [LOSS (0), WIN (1), LOSS (0), LOSS (0)]
1636294284898, 55998, 16/40, [LOSS (0), LOSS (1), LOSS (0), WIN (0)]
1636294299168, 55998, 17/40, [LOSS (0), LOSS (1), LOSS (0), WIN (0)]
1636294312749, 55998, 18/40, [LOSS (0), WIN (1), LOSS (0), LOSS (0)]
1636294326711, 55998, 19/40, [LOSS (0), WIN (1), LOSS (0), LOSS (0)]
1636294341283, 17412, 20/40, [LOSS (0), TIE (1), LOSS (0), TIE (0)]
1636294357320, 17412, 21/40, [LOSS (0), TIE (1), LOSS (0), TIE (0)]
1636294372157, 17412, 22/40, [LOSS (0), TIE (1), LOSS (0), TIE (0)]
1636294387292, 17412, 23/40, [LOSS (0), LOSS (1), LOSS (0), WIN (0)]
1636294400146, 13575, 24/40, [LOSS (0), TIE (1), LOSS (0), TIE (0)]
1636294414748, 13575, 25/40, [LOSS (0), TIE (1), LOSS (0), TIE (0)]
1636294429245, 13575, 26/40, [LOSS (0), TIE (1), LOSS (0), TIE (0)]
1636294443825, 13575, 27/40, [LOSS (0), TIE (1), LOSS (0), TIE (0)]
1636294458701, 8753, 28/40, [LOSS (0), TIE (1), LOSS (0), TIE (0)]
1636294472102, 8753, 29/40, [LOSS (0), TIE (1), LOSS (0), TIE (0)]
1636294485288, 8753, 30/40, [LOSS (0), TIE (1), LOSS (0), TIE (0)]
1636294498544, 8753, 31/40, [LOSS (0), LOSS (1), LOSS (0), WIN (0)]
1636294511049, 30936, 32/40, [LOSS (0), WIN (1), LOSS (0), LOSS (0)]
1636294525468, 30936, 33/40, [LOSS (0), WIN (1), LOSS (0), LOSS (0)]
1636294539911, 30936, 34/40, [LOSS (0), TIE (1), LOSS (0), TIE (0)]
1636294554582, 30936, 35/40, [LOSS (0), LOSS (1), LOSS (0), WIN (0)]
1636294568181, 92321, 36/40, [LOSS (0), TIE (1), LOSS (0), TIE (0)]
1636294582073, 92321, 37/40, [LOSS (0), TIE (1), LOSS (0), TIE (0)]
1636294595541, 92321, 38/40, [LOSS (0), TIE (1), LOSS (0), TIE (0)]
1636294609926, 92321, 39/40, [LOSS (0), LOSS (1), LOSS (0), WIN (0)]
N 	Win 	Tie 	Loss 	Player (overtime average)
40	0.0%	0.0%	100.0%	players.DoNothingPlayer (0.0)
40	22.5%	52.5%	25.0%	players.mcts_v2.mcts.MCTSPlayer_V2 (1.0)
40	0.0%	0.0%	100.0%	players.DoNothingPlayer (0.0)
40	25.0%	52.5%	22.5%	players.mcts.MCTSPlayer (0.0)
java -jar out/eval/java-pommerman.jar 0 10 4 -1 0 7 0 5 200 12 UCT_UCB1 SAFE_PLACE_DEFAULT CUSTOM_HEURISTIC 0 true 30 2 40 1.4
