HUGE_NEGATIVE -> -1000.0
HUGE_POSITIVE -> 1000.0
STOP_TIME -> 0
STOP_ITERATIONS -> 1
STOP_FMCALLS -> 2
CUSTOM_HEURISTIC -> 0
ADVANCED_HEURISTIC -> 1
epsilon -> 1.0E-6
K -> 1.4142135623730951
rollout_depth -> 12
heuristic_method -> 0
stop_type -> 1
num_iterations -> 200
num_fmcalls -> 2000
num_time -> 40
SAFE_PLACE_DEFAULT -> 0
SAFE_PLACE_ADVANCED -> 1
SAFE_PLACE_EARLY_STOP -> 2
safe_place_method -> 0
UCT_UCB1 -> 0
UCT_UCB1_TURNED -> 1
uct_method -> 0
uctBias -> 0.0
progressiveUnpruningEnable -> true
progressiveUnpruningT -> 20
progressiveUnpruningKInit -> 2
progressiveUnpruningA -> 50.0
progressiveUnpruningB -> 1.2
WARNING: Invalid agent ID: 7
0-10-4--1-0-7-0-5 [DoNothing,MCV2,DoNothing,MCTS]
1636287707699, 11436, 0/40, [LOSS (0), WIN (1), LOSS (0), LOSS (0)]
1636287740033, 11436, 1/40, [LOSS (0), WIN (1), LOSS (0), LOSS (0)]
1636287759509, 11436, 2/40, [LOSS (0), WIN (1), LOSS (0), LOSS (0)]
1636287784228, 11436, 3/40, [LOSS (0), WIN (1), LOSS (0), LOSS (0)]
1636287810362, 75878, 4/40, [LOSS (0), TIE (1), LOSS (0), TIE (0)]
1636287836945, 75878, 5/40, [LOSS (0), LOSS (1), LOSS (0), WIN (0)]
1636287863396, 75878, 6/40, [LOSS (0), LOSS (1), LOSS (0), WIN (0)]
1636287887497, 75878, 7/40, [LOSS (0), WIN (1), LOSS (0), LOSS (0)]
1636287912761, 15814, 8/40, [LOSS (0), LOSS (1), LOSS (0), WIN (0)]
1636287937795, 15814, 9/40, [LOSS (0), LOSS (1), LOSS (0), WIN (0)]
1636287964649, 15814, 10/40, [LOSS (0), TIE (1), LOSS (0), TIE (0)]
1636287991289, 15814, 11/40, [LOSS (0), WIN (1), LOSS (0), LOSS (0)]
1636288016916, 14019, 12/40, [LOSS (0), WIN (1), LOSS (0), LOSS (0)]
1636288040273, 14019, 13/40, [LOSS (0), TIE (1), LOSS (0), TIE (0)]
1636288066307, 14019, 14/40, [LOSS (0), WIN (1), LOSS (0), LOSS (0)]
1636288091795, 14019, 15/40, [LOSS (0), WIN (1), LOSS (0), LOSS (0)]
1636288114406, 22471, 16/40, [LOSS (0), TIE (1), LOSS (0), TIE (0)]
1636288137657, 22471, 17/40, [LOSS (0), TIE (1), LOSS (0), TIE (0)]
1636288160605, 22471, 18/40, [LOSS (0), TIE (1), LOSS (0), TIE (0)]
1636288183298, 22471, 19/40, [LOSS (0), TIE (1), LOSS (0), TIE (0)]
1636288206940, 95844, 20/40, [LOSS (0), LOSS (1), LOSS (0), WIN (0)]
1636288230097, 95844, 21/40, [LOSS (0), LOSS (1), LOSS (0), WIN (0)]
1636288253564, 95844, 22/40, [LOSS (0), TIE (1), LOSS (0), TIE (0)]
1636288279108, 95844, 23/40, [LOSS (0), TIE (1), LOSS (0), TIE (0)]
1636288304487, 28894, 24/40, [LOSS (0), LOSS (1), LOSS (0), WIN (0)]
1636288328803, 28894, 25/40, [LOSS (0), WIN (1), LOSS (0), LOSS (0)]
1636288354201, 28894, 26/40, [LOSS (0), LOSS (1), LOSS (0), WIN (0)]
1636288379673, 28894, 27/40, [LOSS (0), LOSS (1), LOSS (0), WIN (0)]
1636288405410, 52531, 28/40, [LOSS (0), WIN (1), LOSS (0), LOSS (0)]
1636288431369, 52531, 29/40, [LOSS (0), TIE (1), LOSS (0), TIE (0)]
1636288458902, 52531, 30/40, [LOSS (0), WIN (1), LOSS (0), LOSS (0)]
1636288485945, 52531, 31/40, [LOSS (0), TIE (1), LOSS (0), TIE (0)]
1636288513315, 34663, 32/40, [LOSS (0), TIE (1), LOSS (0), TIE (0)]
1636288536483, 34663, 33/40, [LOSS (0), TIE (1), LOSS (0), TIE (0)]
1636288559719, 34663, 34/40, [LOSS (0), TIE (1), LOSS (0), TIE (0)]
1636288583418, 34663, 35/40, [LOSS (0), TIE (1), LOSS (0), TIE (0)]
1636288607486, 24124, 36/40, [LOSS (0), LOSS (1), LOSS (0), WIN (0)]
1636288635795, 24124, 37/40, [LOSS (0), LOSS (1), LOSS (0), WIN (0)]
1636288662893, 24124, 38/40, [LOSS (0), TIE (1), LOSS (0), TIE (0)]
1636288690227, 24124, 39/40, [LOSS (0), WIN (1), LOSS (0), LOSS (0)]
N 	Win 	Tie 	Loss 	Player (overtime average)
40	0.0%	0.0%	100.0%	players.DoNothingPlayer (0.0)
40	32.5%	40.0%	27.5%	players.mcts_v2.mcts.MCTSPlayer_V2 (1.0)
40	0.0%	0.0%	100.0%	players.DoNothingPlayer (0.0)
40	27.5%	40.0%	32.5%	players.mcts.MCTSPlayer (0.0)
java -jar out/eval/java-pommerman.jar 0 10 4 -1 0 7 0 5 200 12 UCT_UCB1 SAFE_PLACE_DEFAULT CUSTOM_HEURISTIC 0 true 20 2 50 1.2
