HUGE_NEGATIVE -> -1000.0
HUGE_POSITIVE -> 1000.0
STOP_TIME -> 0
STOP_ITERATIONS -> 1
STOP_FMCALLS -> 2
CUSTOM_HEURISTIC -> 0
ADVANCED_HEURISTIC -> 1
epsilon -> 1.0E-6
K -> 1.4142135623730951
rollout_depth -> 12
heuristic_method -> 0
stop_type -> 1
num_iterations -> 200
num_fmcalls -> 2000
num_time -> 40
SAFE_PLACE_DEFAULT -> 0
SAFE_PLACE_ADVANCED -> 1
SAFE_PLACE_EARLY_STOP -> 2
safe_place_method -> 0
UCT_UCB1 -> 0
UCT_UCB1_TURNED -> 1
uct_method -> 0
uctBias -> 0.0
progressiveUnpruningEnable -> true
progressiveUnpruningT -> 30
progressiveUnpruningKInit -> 3
progressiveUnpruningA -> 40.0
progressiveUnpruningB -> 1.4
WARNING: Invalid agent ID: 7
0-10-4--1-0-7-0-5 [DoNothing,MCV2,DoNothing,MCTS]
1636295279191, 35340, 0/40, [LOSS (0), TIE (1), LOSS (0), TIE (0)]
1636295295520, 35340, 1/40, [LOSS (0), TIE (1), LOSS (0), TIE (0)]
1636295310264, 35340, 2/40, [LOSS (0), TIE (1), LOSS (0), TIE (0)]
1636295325618, 35340, 3/40, [LOSS (0), TIE (1), LOSS (0), TIE (0)]
1636295340041, 35929, 4/40, [LOSS (0), TIE (1), LOSS (0), TIE (0)]
1636295353109, 35929, 5/40, [LOSS (0), TIE (1), LOSS (0), TIE (0)]
1636295366252, 35929, 6/40, [LOSS (0), TIE (1), LOSS (0), TIE (0)]
1636295379205, 35929, 7/40, [LOSS (0), TIE (1), LOSS (0), TIE (0)]
1636295392104, 84971, 8/40, [LOSS (0), TIE (1), LOSS (0), TIE (0)]
1636295406246, 84971, 9/40, [LOSS (0), TIE (1), LOSS (0), TIE (0)]
1636295420111, 84971, 10/40, [LOSS (0), TIE (1), LOSS (0), TIE (0)]
1636295433926, 84971, 11/40, [LOSS (0), TIE (1), LOSS (0), TIE (0)]
1636295447838, 9157, 12/40, [LOSS (0), LOSS (1), LOSS (0), WIN (0)]
1636295462914, 9157, 13/40, [LOSS (0), LOSS (1), LOSS (0), WIN (0)]
1636295477052, 9157, 14/40, [LOSS (0), WIN (1), LOSS (0), LOSS (0)]
1636295492432, 9157, 15/40, [LOSS (0), LOSS (1), LOSS (0), WIN (0)]
1636295505629, 98005, 16/40, [LOSS (0), LOSS (1), LOSS (0), WIN (0)]
1636295520667, 98005, 17/40, [LOSS (0), WIN (1), LOSS (0), LOSS (0)]
1636295535226, 98005, 18/40, [LOSS (0), LOSS (1), LOSS (0), WIN (0)]
1636295550304, 98005, 19/40, [LOSS (0), LOSS (1), LOSS (0), WIN (0)]
1636295565798, 38954, 20/40, [LOSS (0), WIN (1), LOSS (0), LOSS (0)]
1636295580421, 38954, 21/40, [LOSS (0), LOSS (1), LOSS (0), WIN (0)]
1636295594571, 38954, 22/40, [LOSS (0), WIN (1), LOSS (0), LOSS (0)]
1636295609481, 38954, 23/40, [LOSS (0), TIE (1), LOSS (0), TIE (0)]
1636295624478, 61900, 24/40, [LOSS (0), TIE (1), LOSS (0), TIE (0)]
1636295637789, 61900, 25/40, [LOSS (0), TIE (1), LOSS (0), TIE (0)]
1636295651179, 61900, 26/40, [LOSS (0), LOSS (1), LOSS (0), WIN (0)]
1636295663597, 61900, 27/40, [LOSS (0), TIE (1), LOSS (0), TIE (0)]
1636295676949, 92990, 28/40, [LOSS (0), TIE (1), LOSS (0), TIE (0)]
1636295692161, 92990, 29/40, [LOSS (0), WIN (1), LOSS (0), LOSS (0)]
1636295707327, 92990, 30/40, [LOSS (0), WIN (1), LOSS (0), LOSS (0)]
1636295722284, 92990, 31/40, [LOSS (0), LOSS (1), LOSS (0), WIN (0)]
1636295736161, 17951, 32/40, [LOSS (0), LOSS (1), LOSS (0), WIN (0)]
1636295750896, 17951, 33/40, [LOSS (0), WIN (1), LOSS (0), LOSS (0)]
1636295763741, 17951, 34/40, [LOSS (0), TIE (1), LOSS (0), TIE (0)]
1636295780094, 17951, 35/40, [LOSS (0), TIE (1), LOSS (0), TIE (0)]
1636295795780, 19890, 36/40, [LOSS (0), WIN (1), LOSS (0), LOSS (0)]
1636295812321, 19890, 37/40, [LOSS (0), TIE (1), LOSS (0), TIE (0)]
1636295829923, 19890, 38/40, [LOSS (0), TIE (1), LOSS (0), TIE (0)]
1636295845775, 19890, 39/40, [LOSS (0), TIE (1), LOSS (0), TIE (0)]
N 	Win 	Tie 	Loss 	Player (overtime average)
40	0.0%	0.0%	100.0%	players.DoNothingPlayer (0.0)
40	20.0%	55.0%	25.0%	players.mcts_v2.mcts.MCTSPlayer_V2 (1.0)
40	0.0%	0.0%	100.0%	players.DoNothingPlayer (0.0)
40	25.0%	55.0%	20.0%	players.mcts.MCTSPlayer (0.0)
java -jar out/eval/java-pommerman.jar 0 10 4 -1 0 7 0 5 200 12 UCT_UCB1 SAFE_PLACE_DEFAULT CUSTOM_HEURISTIC 0 true 30 3 40 1.4
