HUGE_NEGATIVE -> -1000.0
HUGE_POSITIVE -> 1000.0
STOP_TIME -> 0
STOP_ITERATIONS -> 1
STOP_FMCALLS -> 2
CUSTOM_HEURISTIC -> 0
ADVANCED_HEURISTIC -> 1
epsilon -> 1.0E-6
K -> 1.4142135623730951
rollout_depth -> 12
heuristic_method -> 0
stop_type -> 1
num_iterations -> 200
num_fmcalls -> 2000
num_time -> 40
SAFE_PLACE_DEFAULT -> 0
SAFE_PLACE_ADVANCED -> 1
SAFE_PLACE_EARLY_STOP -> 2
safe_place_method -> 0
UCT_UCB1 -> 0
UCT_UCB1_TURNED -> 1
uct_method -> 0
uctBias -> 0.0
progressiveUnpruningEnable -> true
progressiveUnpruningT -> 40
progressiveUnpruningKInit -> 2
progressiveUnpruningA -> 50.0
progressiveUnpruningB -> 1.4
WARNING: Invalid agent ID: 7
0-10-4--1-0-7-0-5 [DoNothing,MCV2,DoNothing,MCTS]
1636298761693, 11626, 0/40, [LOSS (0), WIN (1), LOSS (0), LOSS (0)]
1636298789494, 11626, 1/40, [LOSS (0), LOSS (1), LOSS (0), WIN (0)]
1636298809053, 11626, 2/40, [LOSS (0), LOSS (1), LOSS (0), WIN (0)]
1636298827995, 11626, 3/40, [LOSS (0), LOSS (1), LOSS (0), WIN (0)]
1636298847962, 7385, 4/40, [LOSS (0), WIN (1), LOSS (0), LOSS (0)]
1636298867605, 7385, 5/40, [LOSS (0), LOSS (1), LOSS (0), WIN (0)]
1636298889314, 7385, 6/40, [LOSS (0), WIN (1), LOSS (0), LOSS (0)]
1636298912776, 7385, 7/40, [LOSS (0), LOSS (1), LOSS (0), WIN (0)]
1636298938170, 58917, 8/40, [LOSS (0), LOSS (1), LOSS (0), WIN (0)]
1636298962030, 58917, 9/40, [LOSS (0), TIE (1), LOSS (0), TIE (0)]
1636298984047, 58917, 10/40, [LOSS (0), TIE (1), LOSS (0), TIE (0)]
1636299006560, 58917, 11/40, [LOSS (0), TIE (1), LOSS (0), TIE (0)]
1636299035084, 15647, 12/40, [LOSS (0), WIN (1), LOSS (0), LOSS (0)]
1636299060574, 15647, 13/40, [LOSS (0), LOSS (1), LOSS (0), WIN (0)]
1636299081846, 15647, 14/40, [LOSS (0), WIN (1), LOSS (0), LOSS (0)]
1636299105686, 15647, 15/40, [LOSS (0), WIN (1), LOSS (0), LOSS (0)]
1636299128887, 4401, 16/40, [LOSS (0), TIE (1), LOSS (0), TIE (0)]
1636299159795, 4401, 17/40, [LOSS (0), LOSS (1), LOSS (0), WIN (0)]
1636299188006, 4401, 18/40, [LOSS (0), LOSS (1), LOSS (0), WIN (0)]
1636299213965, 4401, 19/40, [LOSS (0), TIE (1), LOSS (0), TIE (0)]
1636299239967, 45685, 20/40, [LOSS (0), TIE (1), LOSS (0), TIE (0)]
1636299266353, 45685, 21/40, [LOSS (0), TIE (1), LOSS (0), TIE (0)]
1636299294025, 45685, 22/40, [LOSS (0), WIN (1), LOSS (0), LOSS (0)]
1636299316944, 45685, 23/40, [LOSS (0), WIN (1), LOSS (0), LOSS (0)]
1636299339728, 49118, 24/40, [LOSS (0), TIE (1), LOSS (0), TIE (0)]
1636299360855, 49118, 25/40, [LOSS (0), TIE (1), LOSS (0), TIE (0)]
1636299388071, 49118, 26/40, [LOSS (0), TIE (1), LOSS (0), TIE (0)]
1636299411034, 49118, 27/40, [LOSS (0), TIE (1), LOSS (0), TIE (0)]
1636299435869, 73053, 28/40, [LOSS (0), LOSS (1), LOSS (0), WIN (0)]
1636299470375, 73053, 29/40, [LOSS (0), TIE (1), LOSS (0), TIE (0)]
1636299499477, 73053, 30/40, [LOSS (0), LOSS (1), LOSS (0), WIN (0)]
1636299523315, 73053, 31/40, [LOSS (0), WIN (1), LOSS (0), LOSS (0)]
1636299550987, 34299, 32/40, [LOSS (0), LOSS (1), LOSS (0), WIN (0)]
1636299580012, 34299, 33/40, [LOSS (0), LOSS (1), LOSS (0), WIN (0)]
1636299611257, 34299, 34/40, [LOSS (0), WIN (1), LOSS (0), LOSS (0)]
1636299631511, 34299, 35/40, [LOSS (0), LOSS (1), LOSS (0), WIN (0)]
1636299657641, 98375, 36/40, [LOSS (0), TIE (1), LOSS (0), TIE (0)]
1636299679893, 98375, 37/40, [LOSS (0), TIE (1), LOSS (0), TIE (0)]
1636299702143, 98375, 38/40, [LOSS (0), TIE (1), LOSS (0), TIE (0)]
1636299721867, 98375, 39/40, [LOSS (0), TIE (1), LOSS (0), TIE (0)]
N 	Win 	Tie 	Loss 	Player (overtime average)
40	0.0%	0.0%	100.0%	players.DoNothingPlayer (0.0)
40	25.0%	40.0%	35.0%	players.mcts_v2.mcts.MCTSPlayer_V2 (1.0)
40	0.0%	0.0%	100.0%	players.DoNothingPlayer (0.0)
40	35.0%	40.0%	25.0%	players.mcts.MCTSPlayer (0.0)
java -jar out/eval/java-pommerman.jar 0 10 4 -1 0 7 0 5 200 12 UCT_UCB1 SAFE_PLACE_DEFAULT CUSTOM_HEURISTIC 0 true 40 2 50 1.4
