HUGE_NEGATIVE -> -1000.0
HUGE_POSITIVE -> 1000.0
STOP_TIME -> 0
STOP_ITERATIONS -> 1
STOP_FMCALLS -> 2
CUSTOM_HEURISTIC -> 0
ADVANCED_HEURISTIC -> 1
epsilon -> 1.0E-6
K -> 1.4142135623730951
rollout_depth -> 12
heuristic_method -> 0
stop_type -> 1
num_iterations -> 200
num_fmcalls -> 2000
num_time -> 40
SAFE_PLACE_DEFAULT -> 0
SAFE_PLACE_ADVANCED -> 1
SAFE_PLACE_EARLY_STOP -> 2
safe_place_method -> 0
UCT_UCB1 -> 0
UCT_UCB1_TURNED -> 1
uct_method -> 0
uctBias -> 0.0
progressiveUnpruningEnable -> true
progressiveUnpruningT -> 40
progressiveUnpruningKInit -> 4
progressiveUnpruningA -> 60.0
progressiveUnpruningB -> 1.3
WARNING: Invalid agent ID: 7
0-10-4--1-0-7-0-5 [DoNothing,MCV2,DoNothing,MCTS]
1636303289748, 87557, 0/40, [LOSS (0), LOSS (1), LOSS (0), WIN (0)]
1636303312616, 87557, 1/40, [LOSS (0), WIN (1), LOSS (0), LOSS (0)]
1636303332732, 87557, 2/40, [LOSS (0), TIE (1), LOSS (0), TIE (0)]
1636303350443, 87557, 3/40, [LOSS (0), LOSS (1), LOSS (0), WIN (0)]
1636303367352, 42993, 4/40, [LOSS (0), WIN (1), LOSS (0), LOSS (0)]
1636303388916, 42993, 5/40, [LOSS (0), WIN (1), LOSS (0), LOSS (0)]
1636303411198, 42993, 6/40, [LOSS (0), LOSS (1), LOSS (0), WIN (0)]
1636303431750, 42993, 7/40, [LOSS (0), WIN (1), LOSS (0), LOSS (0)]
1636303451819, 59523, 8/40, [TIE (0), TIE (1), TIE (0), TIE (0)]
1636303468311, 59523, 9/40, [TIE (0), TIE (1), TIE (0), TIE (0)]
1636303484303, 59523, 10/40, [TIE (0), TIE (1), TIE (0), TIE (0)]
1636303501215, 59523, 11/40, [TIE (0), TIE (1), TIE (0), TIE (0)]
1636303518915, 48099, 12/40, [LOSS (0), WIN (1), LOSS (0), LOSS (0)]
1636303537880, 48099, 13/40, [LOSS (0), LOSS (1), LOSS (0), WIN (0)]
1636303554676, 48099, 14/40, [LOSS (0), LOSS (1), LOSS (0), WIN (0)]
1636303571104, 48099, 15/40, [LOSS (0), WIN (1), LOSS (0), LOSS (0)]
1636303588884, 30881, 16/40, [LOSS (0), WIN (1), LOSS (0), LOSS (0)]
1636303617078, 30881, 17/40, [LOSS (0), TIE (1), LOSS (0), TIE (0)]
1636303647646, 30881, 18/40, [LOSS (0), TIE (1), LOSS (0), TIE (0)]
1636303667303, 30881, 19/40, [LOSS (0), LOSS (1), LOSS (0), WIN (0)]
1636303686636, 97013, 20/40, [LOSS (0), TIE (1), LOSS (0), TIE (0)]
1636303707258, 97013, 21/40, [LOSS (0), TIE (1), LOSS (0), TIE (0)]
1636303727307, 97013, 22/40, [LOSS (0), TIE (1), LOSS (0), TIE (0)]
1636303747524, 97013, 23/40, [LOSS (0), TIE (1), LOSS (0), TIE (0)]
1636303770252, 98208, 24/40, [LOSS (0), LOSS (1), LOSS (0), WIN (0)]
1636303790719, 98208, 25/40, [LOSS (0), TIE (1), LOSS (0), TIE (0)]
1636303816418, 98208, 26/40, [LOSS (0), TIE (1), LOSS (0), TIE (0)]
1636303839638, 98208, 27/40, [LOSS (0), TIE (1), LOSS (0), TIE (0)]
1636303863293, 837, 28/40, [LOSS (0), TIE (1), LOSS (0), TIE (0)]
1636303886631, 837, 29/40, [LOSS (0), TIE (1), LOSS (0), TIE (0)]
1636303904189, 837, 30/40, [LOSS (0), TIE (1), LOSS (0), TIE (0)]
1636303925390, 837, 31/40, [LOSS (0), TIE (1), LOSS (0), TIE (0)]
1636303946795, 45773, 32/40, [LOSS (0), WIN (1), LOSS (0), LOSS (0)]
1636303971897, 45773, 33/40, [LOSS (0), WIN (1), LOSS (0), LOSS (0)]
1636303995033, 45773, 34/40, [LOSS (0), LOSS (1), LOSS (0), WIN (0)]
1636304010535, 45773, 35/40, [LOSS (0), LOSS (1), LOSS (0), WIN (0)]
1636304024007, 25112, 36/40, [LOSS (0), WIN (1), LOSS (0), LOSS (0)]
1636304039051, 25112, 37/40, [LOSS (0), TIE (1), LOSS (0), TIE (0)]
1636304055670, 25112, 38/40, [LOSS (0), TIE (1), LOSS (0), TIE (0)]
1636304072605, 25112, 39/40, [LOSS (0), WIN (1), LOSS (0), LOSS (0)]
N 	Win 	Tie 	Loss 	Player (overtime average)
40	0.0%	10.0%	90.0%	players.DoNothingPlayer (0.0)
40	27.5%	50.0%	22.5%	players.mcts_v2.mcts.MCTSPlayer_V2 (1.0)
40	0.0%	10.0%	90.0%	players.DoNothingPlayer (0.0)
40	22.5%	50.0%	27.5%	players.mcts.MCTSPlayer (0.0)
java -jar out/eval/java-pommerman.jar 0 10 4 -1 0 7 0 5 200 12 UCT_UCB1 SAFE_PLACE_DEFAULT CUSTOM_HEURISTIC 0 true 40 4 60 1.3
