HUGE_NEGATIVE -> -1000.0
HUGE_POSITIVE -> 1000.0
STOP_TIME -> 0
STOP_ITERATIONS -> 1
STOP_FMCALLS -> 2
CUSTOM_HEURISTIC -> 0
ADVANCED_HEURISTIC -> 1
epsilon -> 1.0E-6
K -> 1.4142135623730951
rollout_depth -> 12
heuristic_method -> 0
stop_type -> 1
num_iterations -> 200
num_fmcalls -> 2000
num_time -> 40
SAFE_PLACE_DEFAULT -> 0
SAFE_PLACE_ADVANCED -> 1
SAFE_PLACE_EARLY_STOP -> 2
safe_place_method -> 0
UCT_UCB1 -> 0
UCT_UCB1_TURNED -> 1
uct_method -> 0
uctBias -> 0.0
progressiveUnpruningEnable -> true
progressiveUnpruningT -> 30
progressiveUnpruningKInit -> 3
progressiveUnpruningA -> 50.0
progressiveUnpruningB -> 1.2
WARNING: Invalid agent ID: 7
0-10-4--1-0-7-0-5 [DoNothing,MCV2,DoNothing,MCTS]
1636295311369, 99045, 0/40, [LOSS (0), TIE (1), LOSS (0), TIE (0)]
1636295329472, 99045, 1/40, [LOSS (0), LOSS (1), LOSS (0), WIN (0)]
1636295344537, 99045, 2/40, [LOSS (0), TIE (1), LOSS (0), TIE (0)]
1636295360722, 99045, 3/40, [LOSS (0), WIN (1), LOSS (0), LOSS (0)]
1636295376178, 16246, 4/40, [LOSS (0), WIN (1), LOSS (0), LOSS (0)]
1636295390918, 16246, 5/40, [LOSS (0), TIE (1), LOSS (0), TIE (0)]
1636295406697, 16246, 6/40, [LOSS (0), TIE (1), LOSS (0), TIE (0)]
1636295422167, 16246, 7/40, [LOSS (0), LOSS (1), LOSS (0), WIN (0)]
1636295436993, 48121, 8/40, [LOSS (0), LOSS (1), LOSS (0), WIN (0)]
1636295450847, 48121, 9/40, [LOSS (0), WIN (1), LOSS (0), LOSS (0)]
1636295464043, 48121, 10/40, [LOSS (0), LOSS (1), LOSS (0), WIN (0)]
1636295478842, 48121, 11/40, [LOSS (0), LOSS (1), LOSS (0), WIN (0)]
1636295491750, 30751, 12/40, [LOSS (0), WIN (1), LOSS (0), LOSS (0)]
1636295506312, 30751, 13/40, [LOSS (0), WIN (1), LOSS (0), LOSS (0)]
1636295520893, 30751, 14/40, [LOSS (0), WIN (1), LOSS (0), LOSS (0)]
1636295535732, 30751, 15/40, [LOSS (0), LOSS (1), LOSS (0), WIN (0)]
1636295549116, 81439, 16/40, [LOSS (0), WIN (1), LOSS (0), LOSS (0)]
1636295563910, 81439, 17/40, [LOSS (0), TIE (1), LOSS (0), TIE (0)]
1636295579191, 81439, 18/40, [LOSS (0), LOSS (1), LOSS (0), WIN (0)]
1636295594110, 81439, 19/40, [LOSS (0), LOSS (1), LOSS (0), WIN (0)]
1636295607719, 40728, 20/40, [LOSS (0), WIN (1), LOSS (0), LOSS (0)]
1636295623087, 40728, 21/40, [LOSS (0), WIN (1), LOSS (0), LOSS (0)]
1636295637605, 40728, 22/40, [LOSS (0), WIN (1), LOSS (0), LOSS (0)]
1636295652978, 40728, 23/40, [LOSS (0), WIN (1), LOSS (0), LOSS (0)]
1636295668600, 28167, 24/40, [LOSS (0), WIN (1), LOSS (0), LOSS (0)]
1636295682553, 28167, 25/40, [LOSS (0), TIE (1), LOSS (0), TIE (0)]
1636295698265, 28167, 26/40, [LOSS (0), TIE (1), LOSS (0), TIE (0)]
1636295714195, 28167, 27/40, [LOSS (0), LOSS (1), LOSS (0), WIN (0)]
1636295728522, 26387, 28/40, [LOSS (0), LOSS (1), LOSS (0), WIN (0)]
1636295742487, 26387, 29/40, [LOSS (0), TIE (1), LOSS (0), TIE (0)]
1636295756336, 26387, 30/40, [LOSS (0), LOSS (1), LOSS (0), WIN (0)]
1636295770394, 26387, 31/40, [LOSS (0), WIN (1), LOSS (0), LOSS (0)]
1636295785166, 77618, 32/40, [LOSS (0), TIE (1), LOSS (0), TIE (0)]
1636295799002, 77618, 33/40, [LOSS (0), TIE (1), LOSS (0), TIE (0)]
1636295813744, 77618, 34/40, [LOSS (0), TIE (1), LOSS (0), TIE (0)]
1636295829067, 77618, 35/40, [LOSS (0), TIE (1), LOSS (0), TIE (0)]
1636295842985, 24011, 36/40, [LOSS (0), WIN (1), LOSS (0), LOSS (0)]
1636295858381, 24011, 37/40, [LOSS (0), LOSS (1), LOSS (0), WIN (0)]
1636295874238, 24011, 38/40, [LOSS (0), WIN (1), LOSS (0), LOSS (0)]
1636295888005, 24011, 39/40, [LOSS (0), TIE (1), LOSS (0), TIE (0)]
N 	Win 	Tie 	Loss 	Player (overtime average)
40	0.0%	0.0%	100.0%	players.DoNothingPlayer (0.0)
40	37.5%	32.5%	30.0%	players.mcts_v2.mcts.MCTSPlayer_V2 (1.0)
40	0.0%	0.0%	100.0%	players.DoNothingPlayer (0.0)
40	30.0%	32.5%	37.5%	players.mcts.MCTSPlayer (0.0)
java -jar out/eval/java-pommerman.jar 0 10 4 -1 0 7 0 5 200 12 UCT_UCB1 SAFE_PLACE_DEFAULT CUSTOM_HEURISTIC 0 true 30 3 50 1.2
