HUGE_NEGATIVE -> -1000.0
HUGE_POSITIVE -> 1000.0
STOP_TIME -> 0
STOP_ITERATIONS -> 1
STOP_FMCALLS -> 2
CUSTOM_HEURISTIC -> 0
ADVANCED_HEURISTIC -> 1
epsilon -> 1.0E-6
K -> 1.4142135623730951
rollout_depth -> 12
heuristic_method -> 0
stop_type -> 1
num_iterations -> 200
num_fmcalls -> 2000
num_time -> 40
SAFE_PLACE_DEFAULT -> 0
SAFE_PLACE_ADVANCED -> 1
SAFE_PLACE_EARLY_STOP -> 2
safe_place_method -> 0
UCT_UCB1 -> 0
UCT_UCB1_TURNED -> 1
uct_method -> 0
uctBias -> 0.0
progressiveUnpruningEnable -> true
progressiveUnpruningT -> 30
progressiveUnpruningKInit -> 2
progressiveUnpruningA -> 50.0
progressiveUnpruningB -> 1.4
WARNING: Invalid agent ID: 7
0-10-4--1-0-7-0-5 [DoNothing,MCV2,DoNothing,MCTS]
1636294605736, 39140, 0/40, [TIE (0), TIE (1), TIE (0), TIE (0)]
1636294619954, 39140, 1/40, [TIE (0), TIE (1), TIE (0), TIE (0)]
1636294634074, 39140, 2/40, [TIE (0), TIE (1), TIE (0), TIE (0)]
1636294647049, 39140, 3/40, [TIE (0), TIE (1), TIE (0), TIE (0)]
1636294659492, 49007, 4/40, [LOSS (0), TIE (1), LOSS (0), TIE (0)]
1636294675879, 49007, 5/40, [LOSS (0), LOSS (1), LOSS (0), WIN (0)]
1636294690887, 49007, 6/40, [LOSS (0), TIE (1), LOSS (0), TIE (0)]
1636294707853, 49007, 7/40, [LOSS (0), WIN (1), LOSS (0), LOSS (0)]
1636294724074, 26487, 8/40, [LOSS (0), LOSS (1), LOSS (0), WIN (0)]
1636294738975, 26487, 9/40, [LOSS (0), LOSS (1), LOSS (0), TIE (0)]
1636294755009, 26487, 10/40, [LOSS (0), LOSS (1), LOSS (0), WIN (0)]
1636294770589, 26487, 11/40, [LOSS (0), LOSS (1), LOSS (0), WIN (0)]
1636294786181, 58442, 12/40, [LOSS (0), TIE (1), LOSS (0), TIE (0)]
1636294801180, 58442, 13/40, [LOSS (0), TIE (1), LOSS (0), TIE (0)]
1636294816489, 58442, 14/40, [LOSS (0), TIE (1), LOSS (0), TIE (0)]
1636294831820, 58442, 15/40, [LOSS (0), TIE (1), LOSS (0), TIE (0)]
1636294847034, 69735, 16/40, [LOSS (0), LOSS (1), LOSS (0), WIN (0)]
1636294863118, 69735, 17/40, [LOSS (0), TIE (1), LOSS (0), TIE (0)]
1636294879501, 69735, 18/40, [LOSS (0), LOSS (1), LOSS (0), WIN (0)]
1636294895379, 69735, 19/40, [LOSS (0), WIN (1), LOSS (0), LOSS (0)]
1636294911460, 23195, 20/40, [LOSS (0), TIE (1), LOSS (0), TIE (0)]
1636294925450, 23195, 21/40, [LOSS (0), TIE (1), LOSS (0), TIE (0)]
1636294939478, 23195, 22/40, [LOSS (0), TIE (1), LOSS (0), TIE (0)]
1636294953613, 23195, 23/40, [LOSS (0), TIE (1), LOSS (0), TIE (0)]
1636294967674, 54926, 24/40, [TIE (0), TIE (1), TIE (0), TIE (0)]
1636294980435, 54926, 25/40, [TIE (0), TIE (1), TIE (0), TIE (0)]
1636294993573, 54926, 26/40, [TIE (0), TIE (1), TIE (0), TIE (0)]
1636295006658, 54926, 27/40, [TIE (0), TIE (1), TIE (0), TIE (0)]
1636295019501, 13423, 28/40, [LOSS (0), TIE (1), LOSS (0), TIE (0)]
1636295035680, 13423, 29/40, [LOSS (0), TIE (1), LOSS (0), TIE (0)]
1636295051709, 13423, 30/40, [LOSS (0), WIN (1), LOSS (0), LOSS (0)]
1636295064748, 13423, 31/40, [LOSS (0), TIE (1), LOSS (0), TIE (0)]
1636295080883, 38258, 32/40, [LOSS (0), TIE (1), LOSS (0), TIE (0)]
1636295096676, 38258, 33/40, [LOSS (0), TIE (1), LOSS (0), TIE (0)]
1636295112543, 38258, 34/40, [LOSS (0), TIE (1), LOSS (0), TIE (0)]
1636295128283, 38258, 35/40, [LOSS (0), TIE (1), LOSS (0), TIE (0)]
1636295144039, 26810, 36/40, [LOSS (0), TIE (1), LOSS (0), TIE (0)]
1636295157792, 26810, 37/40, [LOSS (0), TIE (1), LOSS (0), TIE (0)]
1636295171593, 26810, 38/40, [LOSS (0), TIE (1), LOSS (0), TIE (0)]
1636295185744, 26810, 39/40, [LOSS (0), TIE (1), LOSS (0), TIE (0)]
N 	Win 	Tie 	Loss 	Player (overtime average)
40	0.0%	20.0%	80.0%	players.DoNothingPlayer (0.0)
40	7.5%	75.0%	17.5%	players.mcts_v2.mcts.MCTSPlayer_V2 (1.0)
40	0.0%	20.0%	80.0%	players.DoNothingPlayer (0.0)
40	15.0%	77.5%	7.5%	players.mcts.MCTSPlayer (0.0)
java -jar out/eval/java-pommerman.jar 0 10 4 -1 0 7 0 5 200 12 UCT_UCB1 SAFE_PLACE_DEFAULT CUSTOM_HEURISTIC 0 true 30 2 50 1.4
