HUGE_NEGATIVE -> -1000.0
HUGE_POSITIVE -> 1000.0
STOP_TIME -> 0
STOP_ITERATIONS -> 1
STOP_FMCALLS -> 2
CUSTOM_HEURISTIC -> 0
ADVANCED_HEURISTIC -> 1
epsilon -> 1.0E-6
K -> 1.4142135623730951
rollout_depth -> 12
heuristic_method -> 0
stop_type -> 1
num_iterations -> 200
num_fmcalls -> 2000
num_time -> 40
SAFE_PLACE_DEFAULT -> 0
SAFE_PLACE_ADVANCED -> 1
SAFE_PLACE_EARLY_STOP -> 2
safe_place_method -> 0
UCT_UCB1 -> 0
UCT_UCB1_TURNED -> 1
uct_method -> 0
uctBias -> 0.0
progressiveUnpruningEnable -> true
progressiveUnpruningT -> 30
progressiveUnpruningKInit -> 4
progressiveUnpruningA -> 50.0
progressiveUnpruningB -> 1.2
WARNING: Invalid agent ID: 7
0-10-4--1-0-7-0-5 [DoNothing,MCV2,DoNothing,MCTS]
1636296982084, 81787, 0/40, [LOSS (0), WIN (1), LOSS (0), LOSS (0)]
1636297001071, 81787, 1/40, [LOSS (0), TIE (1), LOSS (0), TIE (0)]
1636297016926, 81787, 2/40, [LOSS (0), TIE (1), LOSS (0), TIE (0)]
1636297033064, 81787, 3/40, [LOSS (0), TIE (1), LOSS (0), TIE (0)]
1636297049386, 70624, 4/40, [LOSS (0), TIE (1), LOSS (0), TIE (0)]
1636297067070, 70624, 5/40, [LOSS (0), WIN (1), LOSS (0), LOSS (0)]
1636297086196, 70624, 6/40, [LOSS (0), WIN (1), LOSS (0), LOSS (0)]
1636297104136, 70624, 7/40, [LOSS (0), TIE (1), LOSS (0), TIE (0)]
1636297124192, 50362, 8/40, [LOSS (0), LOSS (1), LOSS (0), WIN (0)]
1636297143886, 50362, 9/40, [LOSS (0), TIE (1), LOSS (0), TIE (0)]
1636297163060, 50362, 10/40, [LOSS (0), WIN (1), LOSS (0), LOSS (0)]
1636297182176, 50362, 11/40, [LOSS (0), TIE (1), LOSS (0), TIE (0)]
1636297201408, 3804, 12/40, [TIE (0), TIE (1), TIE (0), TIE (0)]
1636297216605, 3804, 13/40, [TIE (0), TIE (1), TIE (0), TIE (0)]
1636297231783, 3804, 14/40, [TIE (0), TIE (1), TIE (0), TIE (0)]
1636297247245, 3804, 15/40, [TIE (0), TIE (1), TIE (0), TIE (0)]
1636297262441, 76352, 16/40, [LOSS (0), TIE (1), LOSS (0), TIE (0)]
1636297279091, 76352, 17/40, [LOSS (0), TIE (1), LOSS (0), TIE (0)]
1636297295461, 76352, 18/40, [LOSS (0), WIN (1), LOSS (0), LOSS (0)]
1636297310565, 76352, 19/40, [LOSS (0), WIN (1), LOSS (0), LOSS (0)]
1636297325894, 64664, 20/40, [LOSS (0), LOSS (1), LOSS (0), WIN (0)]
1636297342795, 64664, 21/40, [LOSS (0), WIN (1), LOSS (0), LOSS (0)]
1636297359798, 64664, 22/40, [LOSS (0), TIE (1), LOSS (0), TIE (0)]
1636297377984, 64664, 23/40, [LOSS (0), LOSS (1), LOSS (0), WIN (0)]
1636297396660, 53467, 24/40, [LOSS (0), LOSS (1), LOSS (0), WIN (0)]
1636297414444, 53467, 25/40, [LOSS (0), WIN (1), LOSS (0), LOSS (0)]
1636297430261, 53467, 26/40, [LOSS (0), TIE (1), LOSS (0), TIE (0)]
1636297450753, 53467, 27/40, [LOSS (0), LOSS (1), LOSS (0), WIN (0)]
1636297468044, 23502, 28/40, [LOSS (0), TIE (1), LOSS (0), TIE (0)]
1636297485159, 23502, 29/40, [LOSS (0), TIE (1), LOSS (0), TIE (0)]
1636297501533, 23502, 30/40, [LOSS (0), TIE (1), LOSS (0), TIE (0)]
1636297518021, 23502, 31/40, [LOSS (0), TIE (1), LOSS (0), TIE (0)]
1636297534273, 70388, 32/40, [LOSS (0), WIN (1), LOSS (0), LOSS (0)]
1636297551228, 70388, 33/40, [LOSS (0), WIN (1), LOSS (0), LOSS (0)]
1636297569777, 70388, 34/40, [LOSS (0), TIE (1), LOSS (0), TIE (0)]
1636297589081, 70388, 35/40, [LOSS (0), LOSS (1), LOSS (0), WIN (0)]
1636297606716, 49372, 36/40, [LOSS (0), TIE (1), LOSS (0), TIE (0)]
1636297622935, 49372, 37/40, [LOSS (0), TIE (1), LOSS (0), TIE (0)]
1636297639292, 49372, 38/40, [LOSS (0), TIE (1), LOSS (0), TIE (0)]
1636297664039, 49372, 39/40, [LOSS (0), TIE (1), LOSS (0), TIE (0)]
N 	Win 	Tie 	Loss 	Player (overtime average)
40	0.0%	10.0%	90.0%	players.DoNothingPlayer (0.0)
40	25.0%	60.0%	15.0%	players.mcts_v2.mcts.MCTSPlayer_V2 (1.0)
40	0.0%	10.0%	90.0%	players.DoNothingPlayer (0.0)
40	15.0%	60.0%	25.0%	players.mcts.MCTSPlayer (0.0)
java -jar out/eval/java-pommerman.jar 0 10 4 -1 0 7 0 5 200 12 UCT_UCB1 SAFE_PLACE_DEFAULT CUSTOM_HEURISTIC 0 true 30 4 50 1.2
