HUGE_NEGATIVE -> -1000.0
HUGE_POSITIVE -> 1000.0
STOP_TIME -> 0
STOP_ITERATIONS -> 1
STOP_FMCALLS -> 2
CUSTOM_HEURISTIC -> 0
ADVANCED_HEURISTIC -> 1
epsilon -> 1.0E-6
K -> 1.4142135623730951
rollout_depth -> 12
heuristic_method -> 0
stop_type -> 1
num_iterations -> 200
num_fmcalls -> 2000
num_time -> 40
SAFE_PLACE_DEFAULT -> 0
SAFE_PLACE_ADVANCED -> 1
SAFE_PLACE_EARLY_STOP -> 2
safe_place_method -> 0
UCT_UCB1 -> 0
UCT_UCB1_TURNED -> 1
uct_method -> 0
uctBias -> 0.0
progressiveUnpruningEnable -> true
progressiveUnpruningT -> 30
progressiveUnpruningKInit -> 2
progressiveUnpruningA -> 50.0
progressiveUnpruningB -> 1.3
WARNING: Invalid agent ID: 7
0-10-4--1-0-7-0-5 [DoNothing,MCV2,DoNothing,MCTS]
1636294116008, 29417, 0/40, [LOSS (0), WIN (1), LOSS (0), LOSS (0)]
1636294133691, 29417, 1/40, [LOSS (0), LOSS (1), LOSS (0), WIN (0)]
1636294146476, 29417, 2/40, [LOSS (0), LOSS (1), LOSS (0), WIN (0)]
1636294162202, 29417, 3/40, [LOSS (0), WIN (1), LOSS (0), LOSS (0)]
1636294175383, 77151, 4/40, [LOSS (0), LOSS (1), LOSS (0), WIN (0)]
1636294189825, 77151, 5/40, [LOSS (0), TIE (1), LOSS (0), TIE (0)]
1636294204705, 77151, 6/40, [LOSS (0), LOSS (1), LOSS (0), WIN (0)]
1636294219061, 77151, 7/40, [LOSS (0), LOSS (1), LOSS (0), WIN (0)]
1636294234633, 457, 8/40, [TIE (0), TIE (1), TIE (0), TIE (0)]
1636294247312, 457, 9/40, [TIE (0), TIE (1), TIE (0), TIE (0)]
1636294259907, 457, 10/40, [TIE (0), TIE (1), TIE (0), TIE (0)]
1636294272892, 457, 11/40, [TIE (0), TIE (1), TIE (0), TIE (0)]
1636294285706, 6063, 12/40, [LOSS (0), TIE (1), LOSS (0), TIE (0)]
1636294301643, 6063, 13/40, [LOSS (0), TIE (1), LOSS (0), TIE (0)]
1636294317619, 6063, 14/40, [LOSS (0), TIE (1), LOSS (0), TIE (0)]
1636294333578, 6063, 15/40, [LOSS (0), LOSS (1), LOSS (0), WIN (0)]
1636294347873, 57485, 16/40, [LOSS (0), WIN (1), LOSS (0), LOSS (0)]
1636294364080, 57485, 17/40, [LOSS (0), WIN (1), LOSS (0), LOSS (0)]
1636294379046, 57485, 18/40, [LOSS (0), LOSS (1), LOSS (0), WIN (0)]
1636294393278, 57485, 19/40, [LOSS (0), WIN (1), LOSS (0), LOSS (0)]
1636294408265, 91657, 20/40, [LOSS (0), WIN (1), LOSS (0), LOSS (0)]
1636294422029, 91657, 21/40, [LOSS (0), TIE (1), LOSS (0), TIE (0)]
1636294435793, 91657, 22/40, [LOSS (0), WIN (1), LOSS (0), LOSS (0)]
1636294449771, 91657, 23/40, [LOSS (0), WIN (1), LOSS (0), LOSS (0)]
1636294463834, 4299, 24/40, [LOSS (0), LOSS (1), LOSS (0), WIN (0)]
1636294477872, 4299, 25/40, [LOSS (0), WIN (1), LOSS (0), LOSS (0)]
1636294492401, 4299, 26/40, [LOSS (0), LOSS (1), LOSS (0), WIN (0)]
1636294507579, 4299, 27/40, [LOSS (0), WIN (1), LOSS (0), LOSS (0)]
1636294522125, 61960, 28/40, [LOSS (0), TIE (1), LOSS (0), TIE (0)]
1636294538113, 61960, 29/40, [LOSS (0), LOSS (1), LOSS (0), WIN (0)]
1636294553273, 61960, 30/40, [LOSS (0), WIN (1), LOSS (0), LOSS (0)]
1636294568546, 61960, 31/40, [LOSS (0), LOSS (1), LOSS (0), WIN (0)]
1636294584392, 14815, 32/40, [LOSS (0), LOSS (1), LOSS (0), WIN (0)]
1636294599544, 14815, 33/40, [LOSS (0), LOSS (1), LOSS (0), WIN (0)]
1636294615773, 14815, 34/40, [LOSS (0), LOSS (1), LOSS (0), WIN (0)]
1636294632968, 14815, 35/40, [LOSS (0), LOSS (1), LOSS (0), WIN (0)]
1636294648945, 59572, 36/40, [LOSS (0), TIE (1), LOSS (0), TIE (0)]
1636294662556, 59572, 37/40, [LOSS (0), TIE (1), LOSS (0), TIE (0)]
1636294676399, 59572, 38/40, [LOSS (0), TIE (1), LOSS (0), TIE (0)]
1636294690098, 59572, 39/40, [LOSS (0), TIE (1), LOSS (0), TIE (0)]
N 	Win 	Tie 	Loss 	Player (overtime average)
40	0.0%	10.0%	90.0%	players.DoNothingPlayer (0.0)
40	27.5%	35.0%	37.5%	players.mcts_v2.mcts.MCTSPlayer_V2 (1.0)
40	0.0%	10.0%	90.0%	players.DoNothingPlayer (0.0)
40	37.5%	35.0%	27.5%	players.mcts.MCTSPlayer (0.0)
java -jar out/eval/java-pommerman.jar 0 10 4 -1 0 7 0 5 200 12 UCT_UCB1 SAFE_PLACE_DEFAULT CUSTOM_HEURISTIC 0 true 30 2 50 1.3
