HUGE_NEGATIVE -> -1000.0
HUGE_POSITIVE -> 1000.0
STOP_TIME -> 0
STOP_ITERATIONS -> 1
STOP_FMCALLS -> 2
CUSTOM_HEURISTIC -> 0
ADVANCED_HEURISTIC -> 1
epsilon -> 1.0E-6
K -> 1.4142135623730951
rollout_depth -> 12
heuristic_method -> 0
stop_type -> 1
num_iterations -> 200
num_fmcalls -> 2000
num_time -> 40
SAFE_PLACE_DEFAULT -> 0
SAFE_PLACE_ADVANCED -> 1
SAFE_PLACE_EARLY_STOP -> 2
safe_place_method -> 0
UCT_UCB1 -> 0
UCT_UCB1_TURNED -> 1
uct_method -> 0
uctBias -> 0.0
progressiveUnpruningEnable -> true
progressiveUnpruningT -> 40
progressiveUnpruningKInit -> 3
progressiveUnpruningA -> 50.0
progressiveUnpruningB -> 1.3
WARNING: Invalid agent ID: 7
0-10-4--1-0-7-0-5 [DoNothing,MCV2,DoNothing,MCTS]
1636300648152, 48685, 0/40, [LOSS (0), LOSS (1), LOSS (0), WIN (0)]
1636300670963, 48685, 1/40, [LOSS (0), WIN (1), LOSS (0), LOSS (0)]
1636300694933, 48685, 2/40, [LOSS (0), TIE (1), LOSS (0), TIE (0)]
1636300715886, 48685, 3/40, [LOSS (0), LOSS (1), LOSS (0), WIN (0)]
1636300738155, 1639, 4/40, [LOSS (0), WIN (1), LOSS (0), LOSS (0)]
1636300763652, 1639, 5/40, [LOSS (0), LOSS (1), LOSS (0), WIN (0)]
1636300787260, 1639, 6/40, [LOSS (0), WIN (1), LOSS (0), LOSS (0)]
1636300810557, 1639, 7/40, [LOSS (0), WIN (1), LOSS (0), LOSS (0)]
1636300833641, 90807, 8/40, [LOSS (0), TIE (1), LOSS (0), TIE (0)]
1636300860856, 90807, 9/40, [LOSS (0), WIN (1), LOSS (0), LOSS (0)]
1636300883290, 90807, 10/40, [LOSS (0), TIE (1), LOSS (0), TIE (0)]
1636300907561, 90807, 11/40, [LOSS (0), TIE (1), LOSS (0), TIE (0)]
1636300930372, 13129, 12/40, [LOSS (0), TIE (1), LOSS (0), TIE (0)]
1636300956192, 13129, 13/40, [LOSS (0), TIE (1), LOSS (0), TIE (0)]
1636300982040, 13129, 14/40, [LOSS (0), TIE (1), LOSS (0), TIE (0)]
1636301005809, 13129, 15/40, [LOSS (0), TIE (1), LOSS (0), TIE (0)]
1636301027647, 98419, 16/40, [LOSS (0), WIN (1), LOSS (0), LOSS (0)]
1636301058566, 98419, 17/40, [LOSS (0), LOSS (1), LOSS (0), WIN (0)]
1636301079562, 98419, 18/40, [LOSS (0), LOSS (1), LOSS (0), WIN (0)]
1636301101568, 98419, 19/40, [LOSS (0), WIN (1), LOSS (0), LOSS (0)]
1636301125518, 64309, 20/40, [LOSS (0), TIE (1), LOSS (0), TIE (0)]
1636301148734, 64309, 21/40, [LOSS (0), TIE (1), LOSS (0), TIE (0)]
1636301172859, 64309, 22/40, [LOSS (0), TIE (1), LOSS (0), TIE (0)]
1636301197094, 64309, 23/40, [LOSS (0), TIE (1), LOSS (0), TIE (0)]
1636301216831, 97799, 24/40, [LOSS (0), TIE (1), LOSS (0), TIE (0)]
1636301238583, 97799, 25/40, [LOSS (0), TIE (1), LOSS (0), TIE (0)]
1636301262077, 97799, 26/40, [LOSS (0), WIN (1), LOSS (0), LOSS (0)]
1636301282455, 97799, 27/40, [LOSS (0), LOSS (1), LOSS (0), WIN (0)]
1636301305172, 57474, 28/40, [LOSS (0), LOSS (1), LOSS (0), WIN (0)]
1636301332550, 57474, 29/40, [LOSS (0), LOSS (1), LOSS (0), WIN (0)]
1636301363911, 57474, 30/40, [LOSS (0), WIN (1), LOSS (0), LOSS (0)]
1636301388159, 57474, 31/40, [LOSS (0), LOSS (1), LOSS (0), WIN (0)]
1636301412559, 81991, 32/40, [LOSS (0), WIN (1), LOSS (0), LOSS (0)]
1636301440875, 81991, 33/40, [LOSS (0), WIN (1), LOSS (0), LOSS (0)]
1636301470834, 81991, 34/40, [LOSS (0), WIN (1), LOSS (0), LOSS (0)]
1636301497263, 81991, 35/40, [LOSS (0), LOSS (1), LOSS (0), WIN (0)]
1636301525020, 79420, 36/40, [LOSS (0), WIN (1), LOSS (0), LOSS (0)]
1636301551152, 79420, 37/40, [LOSS (0), LOSS (1), LOSS (0), WIN (0)]
1636301583032, 79420, 38/40, [LOSS (0), WIN (1), LOSS (0), LOSS (0)]
1636301604744, 79420, 39/40, [LOSS (0), LOSS (1), LOSS (0), WIN (0)]
N 	Win 	Tie 	Loss 	Player (overtime average)
40	0.0%	0.0%	100.0%	players.DoNothingPlayer (0.0)
40	35.0%	35.0%	30.0%	players.mcts_v2.mcts.MCTSPlayer_V2 (1.0)
40	0.0%	0.0%	100.0%	players.DoNothingPlayer (0.0)
40	30.0%	35.0%	35.0%	players.mcts.MCTSPlayer (0.0)
java -jar out/eval/java-pommerman.jar 0 10 4 -1 0 7 0 5 200 12 UCT_UCB1 SAFE_PLACE_DEFAULT CUSTOM_HEURISTIC 0 true 40 3 50 1.3
