HUGE_NEGATIVE -> -1000.0
HUGE_POSITIVE -> 1000.0
STOP_TIME -> 0
STOP_ITERATIONS -> 1
STOP_FMCALLS -> 2
CUSTOM_HEURISTIC -> 0
ADVANCED_HEURISTIC -> 1
epsilon -> 1.0E-6
K -> 1.4142135623730951
rollout_depth -> 12
heuristic_method -> 0
stop_type -> 1
num_iterations -> 200
num_fmcalls -> 2000
num_time -> 40
SAFE_PLACE_DEFAULT -> 0
SAFE_PLACE_ADVANCED -> 1
SAFE_PLACE_EARLY_STOP -> 2
safe_place_method -> 0
UCT_UCB1 -> 0
UCT_UCB1_TURNED -> 1
uct_method -> 0
uctBias -> 0.0
progressiveUnpruningEnable -> true
progressiveUnpruningT -> 40
progressiveUnpruningKInit -> 3
progressiveUnpruningA -> 40.0
progressiveUnpruningB -> 1.3
WARNING: Invalid agent ID: 7
0-10-4--1-0-7-0-5 [DoNothing,MCV2,DoNothing,MCTS]
1636300440934, 88346, 0/40, [LOSS (0), TIE (1), LOSS (0), TIE (0)]
1636300477871, 88346, 1/40, [LOSS (0), TIE (1), LOSS (0), TIE (0)]
1636300508073, 88346, 2/40, [LOSS (0), TIE (1), LOSS (0), TIE (0)]
1636300533129, 88346, 3/40, [LOSS (0), TIE (1), LOSS (0), TIE (0)]
1636300555592, 59365, 4/40, [LOSS (0), WIN (1), LOSS (0), LOSS (0)]
1636300575722, 59365, 5/40, [LOSS (0), LOSS (1), LOSS (0), WIN (0)]
1636300601004, 59365, 6/40, [LOSS (0), LOSS (1), LOSS (0), WIN (0)]
1636300626962, 59365, 7/40, [LOSS (0), LOSS (1), LOSS (0), WIN (0)]
1636300651112, 6635, 8/40, [LOSS (0), TIE (1), LOSS (0), TIE (0)]
1636300672520, 6635, 9/40, [LOSS (0), TIE (1), LOSS (0), TIE (0)]
1636300695692, 6635, 10/40, [LOSS (0), TIE (1), LOSS (0), TIE (0)]
1636300715890, 6635, 11/40, [LOSS (0), TIE (1), LOSS (0), TIE (0)]
1636300738600, 61634, 12/40, [LOSS (0), LOSS (1), LOSS (0), WIN (0)]
1636300764164, 61634, 13/40, [LOSS (0), WIN (1), LOSS (0), LOSS (0)]
1636300788579, 61634, 14/40, [LOSS (0), LOSS (1), LOSS (0), WIN (0)]
1636300812645, 61634, 15/40, [LOSS (0), LOSS (1), LOSS (0), WIN (0)]
1636300835287, 38027, 16/40, [LOSS (0), WIN (1), LOSS (0), LOSS (0)]
1636300860527, 38027, 17/40, [LOSS (0), WIN (1), LOSS (0), LOSS (0)]
1636300885907, 38027, 18/40, [LOSS (0), LOSS (1), LOSS (0), WIN (0)]
1636300909599, 38027, 19/40, [LOSS (0), WIN (1), LOSS (0), LOSS (0)]
1636300932191, 22494, 20/40, [LOSS (0), TIE (1), LOSS (0), TIE (0)]
1636300958178, 22494, 21/40, [LOSS (0), TIE (1), LOSS (0), TIE (0)]
1636300987555, 22494, 22/40, [LOSS (0), WIN (1), LOSS (0), LOSS (0)]
1636301009080, 22494, 23/40, [LOSS (0), TIE (1), LOSS (0), TIE (0)]
1636301033247, 38610, 24/40, [LOSS (0), TIE (1), LOSS (0), TIE (0)]
1636301063398, 38610, 25/40, [LOSS (0), TIE (1), LOSS (0), TIE (0)]
1636301082574, 38610, 26/40, [LOSS (0), TIE (1), LOSS (0), TIE (0)]
1636301103721, 38610, 27/40, [LOSS (0), TIE (1), LOSS (0), TIE (0)]
1636301127793, 65062, 28/40, [LOSS (0), TIE (1), LOSS (0), TIE (0)]
1636301148344, 65062, 29/40, [LOSS (0), TIE (1), LOSS (0), TIE (0)]
1636301169522, 65062, 30/40, [LOSS (0), TIE (1), LOSS (0), TIE (0)]
1636301191643, 65062, 31/40, [LOSS (0), WIN (1), LOSS (0), LOSS (0)]
1636301210661, 64523, 32/40, [LOSS (0), WIN (1), LOSS (0), LOSS (0)]
1636301232811, 64523, 33/40, [LOSS (0), TIE (1), LOSS (0), TIE (0)]
1636301255562, 64523, 34/40, [LOSS (0), LOSS (1), LOSS (0), WIN (0)]
1636301279761, 64523, 35/40, [LOSS (0), WIN (1), LOSS (0), LOSS (0)]
1636301303411, 88482, 36/40, [LOSS (0), WIN (1), LOSS (0), LOSS (0)]
1636301329100, 88482, 37/40, [LOSS (0), WIN (1), LOSS (0), LOSS (0)]
1636301360461, 88482, 38/40, [LOSS (0), LOSS (1), LOSS (0), WIN (0)]
1636301388520, 88482, 39/40, [LOSS (0), LOSS (1), LOSS (0), WIN (0)]
N 	Win 	Tie 	Loss 	Player (overtime average)
40	0.0%	0.0%	100.0%	players.DoNothingPlayer (0.0)
40	27.5%	47.5%	25.0%	players.mcts_v2.mcts.MCTSPlayer_V2 (1.0)
40	0.0%	0.0%	100.0%	players.DoNothingPlayer (0.0)
40	25.0%	47.5%	27.5%	players.mcts.MCTSPlayer (0.0)
java -jar out/eval/java-pommerman.jar 0 10 4 -1 0 7 0 5 200 12 UCT_UCB1 SAFE_PLACE_DEFAULT CUSTOM_HEURISTIC 0 true 40 3 40 1.3
