HUGE_NEGATIVE -> -1000.0
HUGE_POSITIVE -> 1000.0
STOP_TIME -> 0
STOP_ITERATIONS -> 1
STOP_FMCALLS -> 2
CUSTOM_HEURISTIC -> 0
ADVANCED_HEURISTIC -> 1
epsilon -> 1.0E-6
K -> 1.4142135623730951
rollout_depth -> 12
heuristic_method -> 0
stop_type -> 1
num_iterations -> 200
num_fmcalls -> 2000
num_time -> 40
SAFE_PLACE_DEFAULT -> 0
SAFE_PLACE_ADVANCED -> 1
SAFE_PLACE_EARLY_STOP -> 2
safe_place_method -> 0
UCT_UCB1 -> 0
UCT_UCB1_TURNED -> 1
uct_method -> 0
uctBias -> 0.0
progressiveUnpruningEnable -> true
progressiveUnpruningT -> 40
progressiveUnpruningKInit -> 3
progressiveUnpruningA -> 60.0
progressiveUnpruningB -> 1.2
WARNING: Invalid agent ID: 7
0-10-4--1-0-7-0-5 [DoNothing,MCV2,DoNothing,MCTS]
1636301423794, 61087, 0/40, [LOSS (0), TIE (1), LOSS (0), TIE (0)]
1636301451629, 61087, 1/40, [LOSS (0), TIE (1), LOSS (0), TIE (0)]
1636301482220, 61087, 2/40, [LOSS (0), TIE (1), LOSS (0), TIE (0)]
1636301506592, 61087, 3/40, [LOSS (0), TIE (1), LOSS (0), TIE (0)]
1636301534417, 75229, 4/40, [LOSS (0), TIE (1), LOSS (0), TIE (0)]
1636301560917, 75229, 5/40, [LOSS (0), TIE (1), LOSS (0), TIE (0)]
1636301589196, 75229, 6/40, [LOSS (0), TIE (1), LOSS (0), TIE (0)]
1636301607341, 75229, 7/40, [LOSS (0), TIE (1), LOSS (0), TIE (0)]
1636301628421, 31800, 8/40, [LOSS (0), TIE (1), LOSS (0), TIE (0)]
1636301649484, 31800, 9/40, [LOSS (0), TIE (1), LOSS (0), TIE (0)]
1636301671281, 31800, 10/40, [LOSS (0), TIE (1), LOSS (0), TIE (0)]
1636301691121, 31800, 11/40, [LOSS (0), TIE (1), LOSS (0), TIE (0)]
1636301711023, 7252, 12/40, [LOSS (0), TIE (1), LOSS (0), TIE (0)]
1636301734962, 7252, 13/40, [LOSS (0), WIN (1), LOSS (0), LOSS (0)]
1636301757617, 7252, 14/40, [LOSS (0), TIE (1), LOSS (0), TIE (0)]
1636301785365, 7252, 15/40, [LOSS (0), TIE (1), LOSS (0), TIE (0)]
1636301809970, 32592, 16/40, [LOSS (0), TIE (1), LOSS (0), TIE (0)]
1636301833192, 32592, 17/40, [LOSS (0), TIE (1), LOSS (0), TIE (0)]
1636301856266, 32592, 18/40, [LOSS (0), WIN (1), LOSS (0), LOSS (0)]
1636301874171, 32592, 19/40, [LOSS (0), WIN (1), LOSS (0), LOSS (0)]
1636301896938, 31832, 20/40, [LOSS (0), TIE (1), LOSS (0), TIE (0)]
1636301922485, 31832, 21/40, [LOSS (0), TIE (1), LOSS (0), TIE (0)]
1636301951348, 31832, 22/40, [LOSS (0), TIE (1), LOSS (0), TIE (0)]
1636301972422, 31832, 23/40, [LOSS (0), LOSS (1), LOSS (0), WIN (0)]
1636301993735, 7043, 24/40, [LOSS (0), WIN (1), LOSS (0), LOSS (0)]
1636302017793, 7043, 25/40, [LOSS (0), WIN (1), LOSS (0), LOSS (0)]
1636302040685, 7043, 26/40, [LOSS (0), WIN (1), LOSS (0), LOSS (0)]
1636302061885, 7043, 27/40, [LOSS (0), LOSS (1), LOSS (0), WIN (0)]
1636302086615, 77561, 28/40, [LOSS (0), TIE (1), LOSS (0), TIE (0)]
1636302106955, 77561, 29/40, [LOSS (0), TIE (1), LOSS (0), TIE (0)]
1636302128797, 77561, 30/40, [LOSS (0), TIE (1), LOSS (0), TIE (0)]
1636302150808, 77561, 31/40, [LOSS (0), TIE (1), LOSS (0), TIE (0)]
1636302173681, 60106, 32/40, [LOSS (0), TIE (1), LOSS (0), TIE (0)]
1636302192891, 60106, 33/40, [LOSS (0), TIE (1), LOSS (0), TIE (0)]
1636302214328, 60106, 34/40, [LOSS (0), TIE (1), LOSS (0), TIE (0)]
1636302236516, 60106, 35/40, [LOSS (0), TIE (1), LOSS (0), TIE (0)]
1636302258460, 23940, 36/40, [TIE (0), TIE (1), TIE (0), TIE (0)]
1636302277821, 23940, 37/40, [TIE (0), TIE (1), TIE (0), TIE (0)]
1636302298887, 23940, 38/40, [TIE (0), TIE (1), TIE (0), TIE (0)]
1636302322012, 23940, 39/40, [TIE (0), TIE (1), TIE (0), TIE (0)]
N 	Win 	Tie 	Loss 	Player (overtime average)
40	0.0%	10.0%	90.0%	players.DoNothingPlayer (0.0)
40	15.0%	80.0%	5.0%	players.mcts_v2.mcts.MCTSPlayer_V2 (1.0)
40	0.0%	10.0%	90.0%	players.DoNothingPlayer (0.0)
40	5.0%	80.0%	15.0%	players.mcts.MCTSPlayer (0.0)
java -jar out/eval/java-pommerman.jar 0 10 4 -1 0 7 0 5 200 12 UCT_UCB1 SAFE_PLACE_DEFAULT CUSTOM_HEURISTIC 0 true 40 3 60 1.2
