HUGE_NEGATIVE -> -1000.0
HUGE_POSITIVE -> 1000.0
STOP_TIME -> 0
STOP_ITERATIONS -> 1
STOP_FMCALLS -> 2
CUSTOM_HEURISTIC -> 0
ADVANCED_HEURISTIC -> 1
epsilon -> 1.0E-6
K -> 1.4142135623730951
rollout_depth -> 12
heuristic_method -> 0
stop_type -> 1
num_iterations -> 200
num_fmcalls -> 2000
num_time -> 40
SAFE_PLACE_DEFAULT -> 0
SAFE_PLACE_ADVANCED -> 1
SAFE_PLACE_EARLY_STOP -> 2
safe_place_method -> 0
UCT_UCB1 -> 0
UCT_UCB1_TURNED -> 1
uct_method -> 0
uctBias -> 0.0
progressiveUnpruningEnable -> true
progressiveUnpruningT -> 40
progressiveUnpruningKInit -> 3
progressiveUnpruningA -> 40.0
progressiveUnpruningB -> 1.4
WARNING: Invalid agent ID: 7
0-10-4--1-0-7-0-5 [DoNothing,MCV2,DoNothing,MCTS]
1636300483816, 13833, 0/40, [LOSS (0), TIE (1), LOSS (0), TIE (0)]
1636300514329, 13833, 1/40, [LOSS (0), TIE (1), LOSS (0), TIE (0)]
1636300538361, 13833, 2/40, [LOSS (0), TIE (1), LOSS (0), TIE (0)]
1636300562565, 13833, 3/40, [LOSS (0), TIE (1), LOSS (0), TIE (0)]
1636300586932, 3148, 4/40, [LOSS (0), TIE (1), LOSS (0), TIE (0)]
1636300609745, 3148, 5/40, [LOSS (0), TIE (1), LOSS (0), TIE (0)]
1636300635963, 3148, 6/40, [LOSS (0), WIN (1), LOSS (0), LOSS (0)]
1636300657209, 3148, 7/40, [LOSS (0), TIE (1), LOSS (0), TIE (0)]
1636300681115, 46682, 8/40, [LOSS (0), TIE (1), LOSS (0), TIE (0)]
1636300702627, 46682, 9/40, [LOSS (0), TIE (1), LOSS (0), TIE (0)]
1636300721591, 46682, 10/40, [LOSS (0), TIE (1), LOSS (0), TIE (0)]
1636300743536, 46682, 11/40, [LOSS (0), TIE (1), LOSS (0), TIE (0)]
1636300765853, 39419, 12/40, [LOSS (0), LOSS (1), LOSS (0), WIN (0)]
1636300790153, 39419, 13/40, [LOSS (0), TIE (1), LOSS (0), TIE (0)]
1636300815337, 39419, 14/40, [LOSS (0), TIE (1), LOSS (0), TIE (0)]
1636300840263, 39419, 15/40, [LOSS (0), LOSS (1), LOSS (0), WIN (0)]
1636300867453, 90769, 16/40, [TIE (0), TIE (1), TIE (0), TIE (0)]
1636300888257, 90769, 17/40, [TIE (0), TIE (1), TIE (0), TIE (0)]
1636300908325, 90769, 18/40, [TIE (0), TIE (1), TIE (0), TIE (0)]
1636300926360, 90769, 19/40, [TIE (0), TIE (1), TIE (0), TIE (0)]
1636300947173, 27692, 20/40, [LOSS (0), TIE (1), LOSS (0), TIE (0)]
1636300968533, 27692, 21/40, [LOSS (0), LOSS (1), LOSS (0), WIN (0)]
1636300991685, 27692, 22/40, [LOSS (0), TIE (1), LOSS (0), TIE (0)]
1636301010586, 27692, 23/40, [LOSS (0), TIE (1), LOSS (0), TIE (0)]
1636301029899, 37658, 24/40, [LOSS (0), WIN (1), LOSS (0), LOSS (0)]
1636301062180, 37658, 25/40, [LOSS (0), WIN (1), LOSS (0), LOSS (0)]
1636301083106, 37658, 26/40, [LOSS (0), WIN (1), LOSS (0), LOSS (0)]
1636301104667, 37658, 27/40, [LOSS (0), WIN (1), LOSS (0), LOSS (0)]
1636301129546, 75329, 28/40, [LOSS (0), TIE (1), LOSS (0), TIE (0)]
1636301151985, 75329, 29/40, [LOSS (0), TIE (1), LOSS (0), TIE (0)]
1636301177226, 75329, 30/40, [LOSS (0), TIE (1), LOSS (0), TIE (0)]
1636301200996, 75329, 31/40, [LOSS (0), WIN (1), LOSS (0), LOSS (0)]
1636301217935, 68084, 32/40, [LOSS (0), LOSS (1), LOSS (0), WIN (0)]
1636301239559, 68084, 33/40, [LOSS (0), TIE (1), LOSS (0), TIE (0)]
1636301262888, 68084, 34/40, [LOSS (0), TIE (1), LOSS (0), TIE (0)]
1636301285649, 68084, 35/40, [LOSS (0), WIN (1), LOSS (0), LOSS (0)]
1636301307157, 47395, 36/40, [LOSS (0), LOSS (1), LOSS (0), WIN (0)]
1636301334409, 47395, 37/40, [LOSS (0), TIE (1), LOSS (0), TIE (0)]
1636301367723, 47395, 38/40, [LOSS (0), WIN (1), LOSS (0), LOSS (0)]
1636301394992, 47395, 39/40, [LOSS (0), TIE (1), LOSS (0), TIE (0)]
N 	Win 	Tie 	Loss 	Player (overtime average)
40	0.0%	10.0%	90.0%	players.DoNothingPlayer (0.0)
40	20.0%	67.5%	12.5%	players.mcts_v2.mcts.MCTSPlayer_V2 (1.0)
40	0.0%	10.0%	90.0%	players.DoNothingPlayer (0.0)
40	12.5%	67.5%	20.0%	players.mcts.MCTSPlayer (0.0)
java -jar out/eval/java-pommerman.jar 0 10 4 -1 0 7 0 5 200 12 UCT_UCB1 SAFE_PLACE_DEFAULT CUSTOM_HEURISTIC 0 true 40 3 40 1.4
