HUGE_NEGATIVE -> -1000.0
HUGE_POSITIVE -> 1000.0
STOP_TIME -> 0
STOP_ITERATIONS -> 1
STOP_FMCALLS -> 2
CUSTOM_HEURISTIC -> 0
ADVANCED_HEURISTIC -> 1
epsilon -> 1.0E-6
K -> 1.4142135623730951
rollout_depth -> 12
heuristic_method -> 0
stop_type -> 1
num_iterations -> 200
num_fmcalls -> 2000
num_time -> 40
SAFE_PLACE_DEFAULT -> 0
SAFE_PLACE_ADVANCED -> 1
SAFE_PLACE_EARLY_STOP -> 2
safe_place_method -> 0
UCT_UCB1 -> 0
UCT_UCB1_TURNED -> 1
uct_method -> 0
uctBias -> 0.0
progressiveUnpruningEnable -> true
progressiveUnpruningT -> 20
progressiveUnpruningKInit -> 4
progressiveUnpruningA -> 60.0
progressiveUnpruningB -> 1.4
WARNING: Invalid agent ID: 7
0-10-4--1-0-7-0-5 [DoNothing,MCV2,DoNothing,MCTS]
1636293490051, 12214, 0/40, [LOSS (0), LOSS (1), LOSS (0), WIN (0)]
1636293506627, 12214, 1/40, [LOSS (0), TIE (1), LOSS (0), TIE (0)]
1636293522965, 12214, 2/40, [LOSS (0), LOSS (1), LOSS (0), WIN (0)]
1636293538219, 12214, 3/40, [LOSS (0), LOSS (1), LOSS (0), WIN (0)]
1636293553439, 75494, 4/40, [LOSS (0), LOSS (1), LOSS (0), WIN (0)]
1636293568994, 75494, 5/40, [LOSS (0), LOSS (1), LOSS (0), WIN (0)]
1636293582824, 75494, 6/40, [LOSS (0), WIN (1), LOSS (0), LOSS (0)]
1636293597625, 75494, 7/40, [LOSS (0), LOSS (1), LOSS (0), WIN (0)]
1636293611960, 39567, 8/40, [LOSS (0), WIN (1), LOSS (0), LOSS (0)]
1636293626176, 39567, 9/40, [LOSS (0), LOSS (1), LOSS (0), WIN (0)]
1636293640525, 39567, 10/40, [LOSS (0), TIE (1), LOSS (0), TIE (0)]
1636293656846, 39567, 11/40, [LOSS (0), LOSS (1), LOSS (0), WIN (0)]
1636293673328, 96873, 12/40, [LOSS (0), TIE (1), LOSS (0), TIE (0)]
1636293689432, 96873, 13/40, [LOSS (0), LOSS (1), LOSS (0), WIN (0)]
1636293705785, 96873, 14/40, [LOSS (0), WIN (1), LOSS (0), LOSS (0)]
1636293721190, 96873, 15/40, [LOSS (0), LOSS (1), LOSS (0), WIN (0)]
1636293736610, 38905, 16/40, [LOSS (0), WIN (1), LOSS (0), LOSS (0)]
1636293751672, 38905, 17/40, [LOSS (0), LOSS (1), LOSS (0), WIN (0)]
1636293766530, 38905, 18/40, [LOSS (0), WIN (1), LOSS (0), LOSS (0)]
1636293781112, 38905, 19/40, [LOSS (0), TIE (1), LOSS (0), TIE (0)]
1636293797111, 31857, 20/40, [LOSS (0), TIE (1), LOSS (0), TIE (0)]
1636293813651, 31857, 21/40, [LOSS (0), TIE (1), LOSS (0), TIE (0)]
1636293829733, 31857, 22/40, [LOSS (0), WIN (1), LOSS (0), LOSS (0)]
1636293845243, 31857, 23/40, [LOSS (0), LOSS (1), LOSS (0), WIN (0)]
1636293860476, 69193, 24/40, [LOSS (0), TIE (1), LOSS (0), TIE (0)]
1636293874395, 69193, 25/40, [LOSS (0), TIE (1), LOSS (0), TIE (0)]
1636293889519, 69193, 26/40, [LOSS (0), TIE (1), LOSS (0), TIE (0)]
1636293904653, 69193, 27/40, [LOSS (0), TIE (1), LOSS (0), TIE (0)]
1636293919693, 2811, 28/40, [LOSS (0), LOSS (1), LOSS (0), WIN (0)]
1636293935392, 2811, 29/40, [LOSS (0), TIE (1), LOSS (0), TIE (0)]
1636293952595, 2811, 30/40, [LOSS (0), TIE (1), LOSS (0), TIE (0)]
1636293969112, 2811, 31/40, [LOSS (0), TIE (1), LOSS (0), TIE (0)]
1636293986288, 66812, 32/40, [LOSS (0), LOSS (1), LOSS (0), WIN (0)]
1636294002212, 66812, 33/40, [LOSS (0), TIE (1), LOSS (0), TIE (0)]
1636294019461, 66812, 34/40, [LOSS (0), WIN (1), LOSS (0), LOSS (0)]
1636294035589, 66812, 35/40, [LOSS (0), TIE (1), LOSS (0), TIE (0)]
1636294052817, 31698, 36/40, [LOSS (0), WIN (1), LOSS (0), LOSS (0)]
1636294069394, 31698, 37/40, [LOSS (0), LOSS (1), LOSS (0), WIN (0)]
1636294084589, 31698, 38/40, [LOSS (0), WIN (1), LOSS (0), LOSS (0)]
1636294100194, 31698, 39/40, [LOSS (0), LOSS (1), LOSS (0), WIN (0)]
N 	Win 	Tie 	Loss 	Player (overtime average)
40	0.0%	0.0%	100.0%	players.DoNothingPlayer (0.0)
40	22.5%	37.5%	40.0%	players.mcts_v2.mcts.MCTSPlayer_V2 (1.0)
40	0.0%	0.0%	100.0%	players.DoNothingPlayer (0.0)
40	40.0%	37.5%	22.5%	players.mcts.MCTSPlayer (0.0)
java -jar out/eval/java-pommerman.jar 0 10 4 -1 0 7 0 5 200 12 UCT_UCB1 SAFE_PLACE_DEFAULT CUSTOM_HEURISTIC 0 true 20 4 60 1.4
