HUGE_NEGATIVE -> -1000.0
HUGE_POSITIVE -> 1000.0
STOP_TIME -> 0
STOP_ITERATIONS -> 1
STOP_FMCALLS -> 2
CUSTOM_HEURISTIC -> 0
ADVANCED_HEURISTIC -> 1
epsilon -> 1.0E-6
K -> 1.4142135623730951
rollout_depth -> 12
heuristic_method -> 0
stop_type -> 1
num_iterations -> 200
num_fmcalls -> 2000
num_time -> 40
SAFE_PLACE_DEFAULT -> 0
SAFE_PLACE_ADVANCED -> 1
SAFE_PLACE_EARLY_STOP -> 2
safe_place_method -> 0
UCT_UCB1 -> 0
UCT_UCB1_TURNED -> 1
uct_method -> 0
uctBias -> 0.0
progressiveUnpruningEnable -> true
progressiveUnpruningT -> 20
progressiveUnpruningKInit -> 3
progressiveUnpruningA -> 40.0
progressiveUnpruningB -> 1.2
WARNING: Invalid agent ID: 7
0-10-4--1-0-7-0-5 [DoNothing,MCV2,DoNothing,MCTS]
1636289707326, 65, 0/40, [LOSS (0), TIE (1), LOSS (0), TIE (0)]
1636289738264, 65, 1/40, [LOSS (0), TIE (1), LOSS (0), TIE (0)]
1636289763542, 65, 2/40, [LOSS (0), TIE (1), LOSS (0), TIE (0)]
1636289791437, 65, 3/40, [LOSS (0), TIE (1), LOSS (0), TIE (0)]
1636289817461, 26334, 4/40, [LOSS (0), TIE (1), LOSS (0), TIE (0)]
1636289843879, 26334, 5/40, [LOSS (0), TIE (1), LOSS (0), TIE (0)]
1636289868894, 26334, 6/40, [LOSS (0), TIE (1), LOSS (0), TIE (0)]
1636289894754, 26334, 7/40, [LOSS (0), TIE (1), LOSS (0), TIE (0)]
1636289920351, 55201, 8/40, [TIE (0), TIE (1), TIE (0), TIE (0)]
1636289941971, 55201, 9/40, [TIE (0), TIE (1), TIE (0), TIE (0)]
1636289963803, 55201, 10/40, [LOSS (0), LOSS (1), LOSS (0), WIN (0)]
1636289986354, 55201, 11/40, [LOSS (0), LOSS (1), LOSS (0), WIN (0)]
1636290007262, 30443, 12/40, [LOSS (0), WIN (1), LOSS (0), LOSS (0)]
1636290032135, 30443, 13/40, [LOSS (0), WIN (1), LOSS (0), LOSS (0)]
1636290057602, 30443, 14/40, [LOSS (0), TIE (1), LOSS (0), TIE (0)]
1636290083866, 30443, 15/40, [LOSS (0), LOSS (1), LOSS (0), WIN (0)]
1636290109312, 94830, 16/40, [LOSS (0), LOSS (1), LOSS (0), WIN (0)]
1636290133555, 94830, 17/40, [LOSS (0), WIN (1), LOSS (0), LOSS (0)]
1636290159536, 94830, 18/40, [LOSS (0), TIE (1), LOSS (0), TIE (0)]
1636290185624, 94830, 19/40, [LOSS (0), LOSS (1), LOSS (0), WIN (0)]
1636290211082, 39085, 20/40, [LOSS (0), WIN (1), LOSS (0), LOSS (0)]
1636290235300, 39085, 21/40, [LOSS (0), LOSS (1), LOSS (0), WIN (0)]
1636290262702, 39085, 22/40, [LOSS (0), LOSS (1), LOSS (0), WIN (0)]
1636290290429, 39085, 23/40, [LOSS (0), WIN (1), LOSS (0), LOSS (0)]
1636290316436, 77423, 24/40, [LOSS (0), LOSS (1), LOSS (0), WIN (0)]
1636290342499, 77423, 25/40, [LOSS (0), WIN (1), LOSS (0), LOSS (0)]
1636290367531, 77423, 26/40, [LOSS (0), LOSS (1), LOSS (0), WIN (0)]
1636290392073, 77423, 27/40, [LOSS (0), WIN (1), LOSS (0), LOSS (0)]
1636290417187, 70183, 28/40, [LOSS (0), TIE (1), LOSS (0), TIE (0)]
1636290443497, 70183, 29/40, [LOSS (0), LOSS (1), LOSS (0), WIN (0)]
1636290466864, 70183, 30/40, [LOSS (0), LOSS (1), LOSS (0), WIN (0)]
1636290492261, 70183, 31/40, [LOSS (0), LOSS (1), LOSS (0), WIN (0)]
1636290517889, 82152, 32/40, [LOSS (0), LOSS (1), LOSS (0), WIN (0)]
1636290544399, 82152, 33/40, [LOSS (0), LOSS (1), LOSS (0), WIN (0)]
1636290569448, 82152, 34/40, [LOSS (0), WIN (1), LOSS (0), LOSS (0)]
1636290594948, 82152, 35/40, [LOSS (0), LOSS (1), LOSS (0), WIN (0)]
1636290618874, 25128, 36/40, [LOSS (0), WIN (1), LOSS (0), LOSS (0)]
1636290642482, 25128, 37/40, [LOSS (0), WIN (1), LOSS (0), LOSS (0)]
1636290666167, 25128, 38/40, [LOSS (0), LOSS (1), LOSS (0), WIN (0)]
1636290689039, 25128, 39/40, [LOSS (0), TIE (1), LOSS (0), TIE (0)]
N 	Win 	Tie 	Loss 	Player (overtime average)
40	0.0%	5.0%	95.0%	players.DoNothingPlayer (0.0)
40	25.0%	35.0%	40.0%	players.mcts_v2.mcts.MCTSPlayer_V2 (1.0)
40	0.0%	5.0%	95.0%	players.DoNothingPlayer (0.0)
40	40.0%	35.0%	25.0%	players.mcts.MCTSPlayer (0.0)
java -jar out/eval/java-pommerman.jar 0 10 4 -1 0 7 0 5 200 12 UCT_UCB1 SAFE_PLACE_DEFAULT CUSTOM_HEURISTIC 0 true 20 3 40 1.2
