HUGE_NEGATIVE -> -1000.0
HUGE_POSITIVE -> 1000.0
STOP_TIME -> 0
STOP_ITERATIONS -> 1
STOP_FMCALLS -> 2
CUSTOM_HEURISTIC -> 0
ADVANCED_HEURISTIC -> 1
epsilon -> 1.0E-6
K -> 1.4142135623730951
rollout_depth -> 12
heuristic_method -> 0
stop_type -> 1
num_iterations -> 200
num_fmcalls -> 2000
num_time -> 40
SAFE_PLACE_DEFAULT -> 0
SAFE_PLACE_ADVANCED -> 1
SAFE_PLACE_EARLY_STOP -> 2
safe_place_method -> 0
UCT_UCB1 -> 0
UCT_UCB1_TURNED -> 1
uct_method -> 0
uctBias -> 0.0
progressiveUnpruningEnable -> true
progressiveUnpruningT -> 40
progressiveUnpruningKInit -> 4
progressiveUnpruningA -> 40.0
progressiveUnpruningB -> 1.3
WARNING: Invalid agent ID: 7
0-10-4--1-0-7-0-5 [DoNothing,MCV2,DoNothing,MCTS]
1636302355775, 60577, 0/40, [LOSS (0), TIE (1), LOSS (0), TIE (0)]
1636302379092, 60577, 1/40, [LOSS (0), TIE (1), LOSS (0), TIE (0)]
1636302398228, 60577, 2/40, [LOSS (0), TIE (1), LOSS (0), TIE (0)]
1636302415448, 60577, 3/40, [LOSS (0), TIE (1), LOSS (0), TIE (0)]
1636302434241, 76269, 4/40, [LOSS (0), TIE (1), LOSS (0), TIE (0)]
1636302459182, 76269, 5/40, [LOSS (0), TIE (1), LOSS (0), TIE (0)]
1636302483747, 76269, 6/40, [LOSS (0), WIN (1), LOSS (0), LOSS (0)]
1636302502543, 76269, 7/40, [LOSS (0), TIE (1), LOSS (0), TIE (0)]
1636302522831, 78606, 8/40, [TIE (0), TIE (1), TIE (0), TIE (0)]
1636302537863, 78606, 9/40, [TIE (0), TIE (1), TIE (0), TIE (0)]
1636302552727, 78606, 10/40, [LOSS (0), WIN (1), LOSS (0), LOSS (0)]
1636302568004, 78606, 11/40, [TIE (0), TIE (1), TIE (0), TIE (0)]
1636302586705, 6872, 12/40, [LOSS (0), LOSS (1), LOSS (0), WIN (0)]
1636302607771, 6872, 13/40, [LOSS (0), TIE (1), LOSS (0), TIE (0)]
1636302636717, 6872, 14/40, [LOSS (0), TIE (1), LOSS (0), TIE (0)]
1636302658552, 6872, 15/40, [LOSS (0), TIE (1), LOSS (0), TIE (0)]
1636302679422, 22482, 16/40, [LOSS (0), TIE (1), LOSS (0), TIE (0)]
1636302703075, 22482, 17/40, [LOSS (0), TIE (1), LOSS (0), TIE (0)]
1636302723250, 22482, 18/40, [LOSS (0), TIE (1), LOSS (0), TIE (0)]
1636302741170, 22482, 19/40, [LOSS (0), TIE (1), LOSS (0), TIE (0)]
1636302759908, 93513, 20/40, [LOSS (0), TIE (1), LOSS (0), TIE (0)]
1636302788202, 93513, 21/40, [LOSS (0), TIE (1), LOSS (0), TIE (0)]
1636302816119, 93513, 22/40, [LOSS (0), TIE (1), LOSS (0), TIE (0)]
1636302838401, 93513, 23/40, [LOSS (0), TIE (1), LOSS (0), TIE (0)]
1636302860031, 44267, 24/40, [LOSS (0), WIN (1), LOSS (0), LOSS (0)]
1636302878423, 44267, 25/40, [LOSS (0), LOSS (1), LOSS (0), WIN (0)]
1636302897357, 44267, 26/40, [LOSS (0), TIE (1), LOSS (0), TIE (0)]
1636302916828, 44267, 27/40, [LOSS (0), LOSS (1), LOSS (0), WIN (0)]
1636302932627, 58921, 28/40, [LOSS (0), LOSS (1), LOSS (0), WIN (0)]
1636302950464, 58921, 29/40, [LOSS (0), WIN (1), LOSS (0), LOSS (0)]
1636302967529, 58921, 30/40, [LOSS (0), LOSS (1), LOSS (0), WIN (0)]
1636302989129, 58921, 31/40, [LOSS (0), WIN (1), LOSS (0), LOSS (0)]
1636303007226, 81526, 32/40, [LOSS (0), LOSS (1), LOSS (0), WIN (0)]
1636303025205, 81526, 33/40, [LOSS (0), TIE (1), LOSS (0), TIE (0)]
1636303046253, 81526, 34/40, [LOSS (0), LOSS (1), LOSS (0), WIN (0)]
1636303066825, 81526, 35/40, [LOSS (0), TIE (1), LOSS (0), TIE (0)]
1636303088265, 69677, 36/40, [LOSS (0), WIN (1), LOSS (0), LOSS (0)]
1636303109523, 69677, 37/40, [LOSS (0), LOSS (1), LOSS (0), WIN (0)]
1636303126810, 69677, 38/40, [LOSS (0), LOSS (1), LOSS (0), WIN (0)]
1636303145550, 69677, 39/40, [LOSS (0), LOSS (1), LOSS (0), WIN (0)]
N 	Win 	Tie 	Loss 	Player (overtime average)
40	0.0%	7.5%	92.5%	players.DoNothingPlayer (0.0)
40	15.0%	60.0%	25.0%	players.mcts_v2.mcts.MCTSPlayer_V2 (1.0)
40	0.0%	7.5%	92.5%	players.DoNothingPlayer (0.0)
40	25.0%	60.0%	15.0%	players.mcts.MCTSPlayer (0.0)
java -jar out/eval/java-pommerman.jar 0 10 4 -1 0 7 0 5 200 12 UCT_UCB1 SAFE_PLACE_DEFAULT CUSTOM_HEURISTIC 0 true 40 4 40 1.3
