HUGE_NEGATIVE -> -1000.0
HUGE_POSITIVE -> 1000.0
STOP_TIME -> 0
STOP_ITERATIONS -> 1
STOP_FMCALLS -> 2
CUSTOM_HEURISTIC -> 0
ADVANCED_HEURISTIC -> 1
epsilon -> 1.0E-6
K -> 1.4142135623730951
rollout_depth -> 12
heuristic_method -> 0
stop_type -> 1
num_iterations -> 200
num_fmcalls -> 2000
num_time -> 40
SAFE_PLACE_DEFAULT -> 0
SAFE_PLACE_ADVANCED -> 1
SAFE_PLACE_EARLY_STOP -> 2
safe_place_method -> 0
UCT_UCB1 -> 0
UCT_UCB1_TURNED -> 1
uct_method -> 0
uctBias -> 0.0
progressiveUnpruningEnable -> true
progressiveUnpruningT -> 20
progressiveUnpruningKInit -> 2
progressiveUnpruningA -> 60.0
progressiveUnpruningB -> 1.3
WARNING: Invalid agent ID: 7
0-10-4--1-0-7-0-5 [DoNothing,MCV2,DoNothing,MCTS]
1636288732069, 71192, 0/40, [LOSS (0), LOSS (1), LOSS (0), WIN (0)]
1636288763104, 71192, 1/40, [LOSS (0), LOSS (1), LOSS (0), WIN (0)]
1636288788414, 71192, 2/40, [LOSS (0), WIN (1), LOSS (0), LOSS (0)]
1636288813448, 71192, 3/40, [LOSS (0), LOSS (1), LOSS (0), WIN (0)]
1636288837627, 95257, 4/40, [LOSS (0), TIE (1), LOSS (0), TIE (0)]
1636288864952, 95257, 5/40, [LOSS (0), TIE (1), LOSS (0), TIE (0)]
1636288892854, 95257, 6/40, [LOSS (0), LOSS (1), LOSS (0), WIN (0)]
1636288915976, 95257, 7/40, [LOSS (0), WIN (1), LOSS (0), LOSS (0)]
1636288941746, 32016, 8/40, [LOSS (0), LOSS (1), LOSS (0), WIN (0)]
1636288968122, 32016, 9/40, [LOSS (0), TIE (1), LOSS (0), TIE (0)]
1636288993730, 32016, 10/40, [LOSS (0), LOSS (1), LOSS (0), WIN (0)]
1636289015865, 32016, 11/40, [LOSS (0), WIN (1), LOSS (0), LOSS (0)]
1636289041553, 15439, 12/40, [LOSS (0), LOSS (1), LOSS (0), WIN (0)]
1636289066861, 15439, 13/40, [LOSS (0), WIN (1), LOSS (0), LOSS (0)]
1636289091960, 15439, 14/40, [LOSS (0), WIN (1), LOSS (0), LOSS (0)]
1636289115455, 15439, 15/40, [LOSS (0), TIE (1), LOSS (0), TIE (0)]
1636289140282, 75567, 16/40, [LOSS (0), TIE (1), LOSS (0), TIE (0)]
1636289167805, 75567, 17/40, [LOSS (0), TIE (1), LOSS (0), TIE (0)]
1636289194853, 75567, 18/40, [LOSS (0), LOSS (1), LOSS (0), WIN (0)]
1636289220423, 75567, 19/40, [LOSS (0), LOSS (1), LOSS (0), WIN (0)]
1636289247190, 45191, 20/40, [LOSS (0), LOSS (1), LOSS (0), WIN (0)]
1636289272779, 45191, 21/40, [LOSS (0), LOSS (1), LOSS (0), WIN (0)]
1636289298277, 45191, 22/40, [LOSS (0), LOSS (1), LOSS (0), WIN (0)]
1636289323314, 45191, 23/40, [LOSS (0), LOSS (1), LOSS (0), WIN (0)]
1636289349909, 91050, 24/40, [LOSS (0), TIE (1), LOSS (0), TIE (0)]
1636289377137, 91050, 25/40, [LOSS (0), TIE (1), LOSS (0), TIE (0)]
1636289403736, 91050, 26/40, [LOSS (0), TIE (1), LOSS (0), TIE (0)]
1636289430725, 91050, 27/40, [LOSS (0), TIE (1), LOSS (0), TIE (0)]
1636289457608, 38321, 28/40, [LOSS (0), TIE (1), LOSS (0), TIE (0)]
1636289485292, 38321, 29/40, [LOSS (0), WIN (1), LOSS (0), LOSS (0)]
1636289510878, 38321, 30/40, [LOSS (0), TIE (1), LOSS (0), TIE (0)]
1636289537641, 38321, 31/40, [LOSS (0), TIE (1), LOSS (0), TIE (0)]
1636289565435, 72048, 32/40, [LOSS (0), TIE (1), LOSS (0), TIE (0)]
1636289588713, 72048, 33/40, [LOSS (0), TIE (1), LOSS (0), TIE (0)]
1636289612381, 72048, 34/40, [LOSS (0), TIE (1), LOSS (0), TIE (0)]
1636289635874, 72048, 35/40, [LOSS (0), WIN (1), LOSS (0), LOSS (0)]
1636289659964, 63233, 36/40, [LOSS (0), LOSS (1), LOSS (0), WIN (0)]
1636289685656, 63233, 37/40, [LOSS (0), WIN (1), LOSS (0), LOSS (0)]
1636289713002, 63233, 38/40, [LOSS (0), TIE (1), LOSS (0), TIE (0)]
1636289742564, 63233, 39/40, [LOSS (0), LOSS (1), LOSS (0), WIN (0)]
N 	Win 	Tie 	Loss 	Player (overtime average)
40	0.0%	0.0%	100.0%	players.DoNothingPlayer (0.0)
40	20.0%	42.5%	37.5%	players.mcts_v2.mcts.MCTSPlayer_V2 (1.0)
40	0.0%	0.0%	100.0%	players.DoNothingPlayer (0.0)
40	37.5%	42.5%	20.0%	players.mcts.MCTSPlayer (0.0)
java -jar out/eval/java-pommerman.jar 0 10 4 -1 0 7 0 5 200 12 UCT_UCB1 SAFE_PLACE_DEFAULT CUSTOM_HEURISTIC 0 true 20 2 60 1.3
