HUGE_NEGATIVE -> -1000.0
HUGE_POSITIVE -> 1000.0
STOP_TIME -> 0
STOP_ITERATIONS -> 1
STOP_FMCALLS -> 2
CUSTOM_HEURISTIC -> 0
ADVANCED_HEURISTIC -> 1
epsilon -> 1.0E-6
K -> 1.4142135623730951
rollout_depth -> 12
heuristic_method -> 0
stop_type -> 1
num_iterations -> 200
num_fmcalls -> 2000
num_time -> 40
SAFE_PLACE_DEFAULT -> 0
SAFE_PLACE_ADVANCED -> 1
SAFE_PLACE_EARLY_STOP -> 2
safe_place_method -> 0
UCT_UCB1 -> 0
UCT_UCB1_TURNED -> 1
uct_method -> 0
uctBias -> 0.0
progressiveUnpruningEnable -> true
progressiveUnpruningT -> 20
progressiveUnpruningKInit -> 2
progressiveUnpruningA -> 40.0
progressiveUnpruningB -> 1.3
WARNING: Invalid agent ID: 7
0-10-4--1-0-7-0-5 [DoNothing,MCV2,DoNothing,MCTS]
1636287707676, 69471, 0/40, [LOSS (0), TIE (1), LOSS (0), TIE (0)]
1636287737607, 69471, 1/40, [LOSS (0), WIN (1), LOSS (0), LOSS (0)]
1636287758942, 69471, 2/40, [LOSS (0), WIN (1), LOSS (0), LOSS (0)]
1636287782187, 69471, 3/40, [LOSS (0), LOSS (1), LOSS (0), WIN (0)]
1636287807303, 397, 4/40, [LOSS (0), TIE (1), LOSS (0), TIE (0)]
1636287833507, 397, 5/40, [LOSS (0), WIN (1), LOSS (0), LOSS (0)]
1636287859302, 397, 6/40, [LOSS (0), TIE (1), LOSS (0), TIE (0)]
1636287886176, 397, 7/40, [LOSS (0), TIE (1), LOSS (0), TIE (0)]
1636287914595, 64429, 8/40, [LOSS (0), TIE (1), LOSS (0), TIE (0)]
1636287941859, 64429, 9/40, [LOSS (0), LOSS (1), LOSS (0), WIN (0)]
1636287967697, 64429, 10/40, [LOSS (0), WIN (1), LOSS (0), LOSS (0)]
1636287994078, 64429, 11/40, [LOSS (0), LOSS (1), LOSS (0), WIN (0)]
1636288018574, 51206, 12/40, [LOSS (0), TIE (1), LOSS (0), TIE (0)]
1636288046385, 51206, 13/40, [LOSS (0), TIE (1), LOSS (0), TIE (0)]
1636288073835, 51206, 14/40, [LOSS (0), TIE (1), LOSS (0), TIE (0)]
1636288101520, 51206, 15/40, [LOSS (0), WIN (1), LOSS (0), LOSS (0)]
1636288124920, 85775, 16/40, [LOSS (0), LOSS (1), LOSS (0), WIN (0)]
1636288149517, 85775, 17/40, [LOSS (0), LOSS (1), LOSS (0), WIN (0)]
1636288173789, 85775, 18/40, [LOSS (0), TIE (1), LOSS (0), TIE (0)]
1636288201254, 85775, 19/40, [LOSS (0), WIN (1), LOSS (0), LOSS (0)]
1636288224402, 59635, 20/40, [LOSS (0), WIN (1), LOSS (0), LOSS (0)]
1636288250687, 59635, 21/40, [LOSS (0), LOSS (1), LOSS (0), WIN (0)]
1636288276101, 59635, 22/40, [LOSS (0), WIN (1), LOSS (0), LOSS (0)]
1636288302112, 59635, 23/40, [LOSS (0), WIN (1), LOSS (0), LOSS (0)]
1636288327218, 9835, 24/40, [LOSS (0), LOSS (1), LOSS (0), WIN (0)]
1636288353331, 9835, 25/40, [LOSS (0), TIE (1), LOSS (0), TIE (0)]
1636288381416, 9835, 26/40, [LOSS (0), WIN (1), LOSS (0), LOSS (0)]
1636288406755, 9835, 27/40, [LOSS (0), LOSS (1), LOSS (0), WIN (0)]
1636288431852, 41824, 28/40, [LOSS (0), TIE (1), LOSS (0), TIE (0)]
1636288455501, 41824, 29/40, [LOSS (0), TIE (1), LOSS (0), TIE (0)]
1636288479531, 41824, 30/40, [LOSS (0), TIE (1), LOSS (0), TIE (0)]
1636288502741, 41824, 31/40, [LOSS (0), TIE (1), LOSS (0), TIE (0)]
1636288526539, 16064, 32/40, [TIE (0), TIE (1), TIE (0), TIE (0)]
1636288547988, 16064, 33/40, [TIE (0), TIE (1), TIE (0), TIE (0)]
1636288569618, 16064, 34/40, [TIE (0), TIE (1), TIE (0), TIE (0)]
1636288591575, 16064, 35/40, [TIE (0), TIE (1), TIE (0), TIE (0)]
1636288614250, 8095, 36/40, [LOSS (0), TIE (1), LOSS (0), TIE (0)]
1636288639845, 8095, 37/40, [LOSS (0), WIN (1), LOSS (0), LOSS (0)]
1636288665979, 8095, 38/40, [LOSS (0), TIE (1), LOSS (0), TIE (0)]
1636288692849, 8095, 39/40, [LOSS (0), LOSS (1), LOSS (0), WIN (0)]
N 	Win 	Tie 	Loss 	Player (overtime average)
40	0.0%	10.0%	90.0%	players.DoNothingPlayer (0.0)
40	27.5%	50.0%	22.5%	players.mcts_v2.mcts.MCTSPlayer_V2 (1.0)
40	0.0%	10.0%	90.0%	players.DoNothingPlayer (0.0)
40	22.5%	50.0%	27.5%	players.mcts.MCTSPlayer (0.0)
java -jar out/eval/java-pommerman.jar 0 10 4 -1 0 7 0 5 200 12 UCT_UCB1 SAFE_PLACE_DEFAULT CUSTOM_HEURISTIC 0 true 20 2 40 1.3
