HUGE_NEGATIVE -> -1000.0
HUGE_POSITIVE -> 1000.0
STOP_TIME -> 0
STOP_ITERATIONS -> 1
STOP_FMCALLS -> 2
CUSTOM_HEURISTIC -> 0
ADVANCED_HEURISTIC -> 1
epsilon -> 1.0E-6
K -> 1.4142135623730951
rollout_depth -> 12
heuristic_method -> 0
stop_type -> 1
num_iterations -> 200
num_fmcalls -> 2000
num_time -> 40
SAFE_PLACE_DEFAULT -> 0
SAFE_PLACE_ADVANCED -> 1
SAFE_PLACE_EARLY_STOP -> 2
safe_place_method -> 0
UCT_UCB1 -> 0
UCT_UCB1_TURNED -> 1
uct_method -> 0
uctBias -> 0.0
progressiveUnpruningEnable -> true
progressiveUnpruningT -> 40
progressiveUnpruningKInit -> 4
progressiveUnpruningA -> 60.0
progressiveUnpruningB -> 1.2
WARNING: Invalid agent ID: 7
0-10-4--1-0-7-0-5 [DoNothing,MCV2,DoNothing,MCTS]
1636303173967, 54666, 0/40, [LOSS (0), LOSS (1), LOSS (0), WIN (0)]
1636303197773, 54666, 1/40, [LOSS (0), LOSS (1), LOSS (0), WIN (0)]
1636303218648, 54666, 2/40, [LOSS (0), WIN (1), LOSS (0), LOSS (0)]
1636303240788, 54666, 3/40, [LOSS (0), TIE (1), LOSS (0), TIE (0)]
1636303261442, 48869, 4/40, [LOSS (0), TIE (1), LOSS (0), TIE (0)]
1636303280853, 48869, 5/40, [LOSS (0), TIE (1), LOSS (0), TIE (0)]
1636303302470, 48869, 6/40, [LOSS (0), LOSS (1), LOSS (0), WIN (0)]
1636303322140, 48869, 7/40, [LOSS (0), TIE (1), LOSS (0), TIE (0)]
1636303343028, 78830, 8/40, [LOSS (0), TIE (1), LOSS (0), TIE (0)]
1636303360606, 78830, 9/40, [LOSS (0), LOSS (1), LOSS (0), WIN (0)]
1636303378912, 78830, 10/40, [LOSS (0), WIN (1), LOSS (0), LOSS (0)]
1636303400238, 78830, 11/40, [LOSS (0), WIN (1), LOSS (0), LOSS (0)]
1636303420324, 31129, 12/40, [LOSS (0), TIE (1), LOSS (0), TIE (0)]
1636303438957, 31129, 13/40, [LOSS (0), TIE (1), LOSS (0), TIE (0)]
1636303457883, 31129, 14/40, [LOSS (0), TIE (1), LOSS (0), TIE (0)]
1636303475840, 31129, 15/40, [LOSS (0), TIE (1), LOSS (0), TIE (0)]
1636303494513, 39114, 16/40, [LOSS (0), TIE (1), LOSS (0), TIE (0)]
1636303514596, 39114, 17/40, [LOSS (0), TIE (1), LOSS (0), TIE (0)]
1636303533422, 39114, 18/40, [LOSS (0), TIE (1), LOSS (0), TIE (0)]
1636303550977, 39114, 19/40, [LOSS (0), TIE (1), LOSS (0), TIE (0)]
1636303567993, 78202, 20/40, [LOSS (0), TIE (1), LOSS (0), TIE (0)]
1636303584045, 78202, 21/40, [LOSS (0), TIE (1), LOSS (0), TIE (0)]
1636303608145, 78202, 22/40, [LOSS (0), TIE (1), LOSS (0), TIE (0)]
1636303632459, 78202, 23/40, [LOSS (0), TIE (1), LOSS (0), TIE (0)]
1636303657306, 58298, 24/40, [LOSS (0), TIE (1), LOSS (0), TIE (0)]
1636303675998, 58298, 25/40, [LOSS (0), WIN (1), LOSS (0), LOSS (0)]
1636303696243, 58298, 26/40, [LOSS (0), LOSS (1), LOSS (0), WIN (0)]
1636303715392, 58298, 27/40, [LOSS (0), WIN (1), LOSS (0), LOSS (0)]
1636303734419, 55191, 28/40, [LOSS (0), TIE (1), LOSS (0), TIE (0)]
1636303759189, 55191, 29/40, [LOSS (0), TIE (1), LOSS (0), TIE (0)]
1636303782557, 55191, 30/40, [LOSS (0), LOSS (1), LOSS (0), WIN (0)]
1636303803977, 55191, 31/40, [LOSS (0), LOSS (1), LOSS (0), WIN (0)]
1636303825336, 52486, 32/40, [LOSS (0), LOSS (1), LOSS (0), WIN (0)]
1636303845172, 52486, 33/40, [LOSS (0), WIN (1), LOSS (0), LOSS (0)]
1636303865057, 52486, 34/40, [LOSS (0), WIN (1), LOSS (0), LOSS (0)]
1636303888548, 52486, 35/40, [LOSS (0), LOSS (1), LOSS (0), WIN (0)]
1636303906085, 74063, 36/40, [LOSS (0), TIE (1), LOSS (0), TIE (0)]
1636303931610, 74063, 37/40, [LOSS (0), TIE (1), LOSS (0), TIE (0)]
1636303956450, 74063, 38/40, [LOSS (0), WIN (1), LOSS (0), LOSS (0)]
1636303979217, 74063, 39/40, [LOSS (0), TIE (1), LOSS (0), TIE (0)]
N 	Win 	Tie 	Loss 	Player (overtime average)
40	0.0%	0.0%	100.0%	players.DoNothingPlayer (0.0)
40	20.0%	57.5%	22.5%	players.mcts_v2.mcts.MCTSPlayer_V2 (1.0)
40	0.0%	0.0%	100.0%	players.DoNothingPlayer (0.0)
40	22.5%	57.5%	20.0%	players.mcts.MCTSPlayer (0.0)
java -jar out/eval/java-pommerman.jar 0 10 4 -1 0 7 0 5 200 12 UCT_UCB1 SAFE_PLACE_DEFAULT CUSTOM_HEURISTIC 0 true 40 4 60 1.2
