HUGE_NEGATIVE -> -1000.0
HUGE_POSITIVE -> 1000.0
STOP_TIME -> 0
STOP_ITERATIONS -> 1
STOP_FMCALLS -> 2
CUSTOM_HEURISTIC -> 0
ADVANCED_HEURISTIC -> 1
epsilon -> 1.0E-6
K -> 1.4142135623730951
rollout_depth -> 12
heuristic_method -> 0
stop_type -> 1
num_iterations -> 200
num_fmcalls -> 2000
num_time -> 40
SAFE_PLACE_DEFAULT -> 0
SAFE_PLACE_ADVANCED -> 1
SAFE_PLACE_EARLY_STOP -> 2
safe_place_method -> 0
UCT_UCB1 -> 0
UCT_UCB1_TURNED -> 1
uct_method -> 0
uctBias -> 0.0
progressiveUnpruningEnable -> true
progressiveUnpruningT -> 30
progressiveUnpruningKInit -> 4
progressiveUnpruningA -> 40.0
progressiveUnpruningB -> 1.4
WARNING: Invalid agent ID: 7
0-10-4--1-0-7-0-5 [DoNothing,MCV2,DoNothing,MCTS]
1636296490194, 79970, 0/40, [LOSS (0), LOSS (1), LOSS (0), WIN (0)]
1636296507516, 79970, 1/40, [LOSS (0), LOSS (1), LOSS (0), WIN (0)]
1636296522770, 79970, 2/40, [LOSS (0), LOSS (1), LOSS (0), WIN (0)]
1636296537314, 79970, 3/40, [LOSS (0), LOSS (1), LOSS (0), WIN (0)]
1636296552662, 34067, 4/40, [LOSS (0), LOSS (1), LOSS (0), WIN (0)]
1636296565709, 34067, 5/40, [LOSS (0), TIE (1), LOSS (0), TIE (0)]
1636296579394, 34067, 6/40, [LOSS (0), TIE (1), LOSS (0), TIE (0)]
1636296593346, 34067, 7/40, [LOSS (0), TIE (1), LOSS (0), TIE (0)]
1636296607060, 55423, 8/40, [LOSS (0), WIN (1), LOSS (0), LOSS (0)]
1636296622475, 55423, 9/40, [LOSS (0), WIN (1), LOSS (0), LOSS (0)]
1636296638065, 55423, 10/40, [LOSS (0), LOSS (1), LOSS (0), WIN (0)]
1636296652546, 55423, 11/40, [LOSS (0), LOSS (1), LOSS (0), WIN (0)]
1636296667817, 40422, 12/40, [LOSS (0), TIE (1), LOSS (0), TIE (0)]
1636296684073, 40422, 13/40, [LOSS (0), TIE (1), LOSS (0), TIE (0)]
1636296700135, 40422, 14/40, [LOSS (0), TIE (1), LOSS (0), TIE (0)]
1636296716207, 40422, 15/40, [LOSS (0), TIE (1), LOSS (0), TIE (0)]
1636296732292, 39978, 16/40, [LOSS (0), LOSS (1), LOSS (0), WIN (0)]
1636296746867, 39978, 17/40, [LOSS (0), WIN (1), LOSS (0), LOSS (0)]
1636296761848, 39978, 18/40, [LOSS (0), WIN (1), LOSS (0), LOSS (0)]
1636296777019, 39978, 19/40, [LOSS (0), WIN (1), LOSS (0), LOSS (0)]
1636296792137, 70888, 20/40, [LOSS (0), TIE (1), LOSS (0), TIE (0)]
1636296810294, 70888, 21/40, [LOSS (0), TIE (1), LOSS (0), TIE (0)]
1636296826003, 70888, 22/40, [LOSS (0), WIN (1), LOSS (0), LOSS (0)]
1636296841951, 70888, 23/40, [LOSS (0), TIE (1), LOSS (0), TIE (0)]
1636296856807, 12541, 24/40, [LOSS (0), WIN (1), LOSS (0), LOSS (0)]
1636296870799, 12541, 25/40, [LOSS (0), LOSS (1), LOSS (0), WIN (0)]
1636296886479, 12541, 26/40, [LOSS (0), TIE (1), LOSS (0), TIE (0)]
1636296902265, 12541, 27/40, [LOSS (0), TIE (1), LOSS (0), TIE (0)]
1636296918204, 73688, 28/40, [LOSS (0), LOSS (1), LOSS (0), WIN (0)]
1636296933270, 73688, 29/40, [LOSS (0), WIN (1), LOSS (0), LOSS (0)]
1636296948722, 73688, 30/40, [LOSS (0), LOSS (1), LOSS (0), WIN (0)]
1636296963809, 73688, 31/40, [LOSS (0), LOSS (1), LOSS (0), WIN (0)]
1636296979577, 46555, 32/40, [LOSS (0), WIN (1), LOSS (0), LOSS (0)]
1636296998257, 46555, 33/40, [LOSS (0), LOSS (1), LOSS (0), WIN (0)]
1636297014213, 46555, 34/40, [LOSS (0), LOSS (1), LOSS (0), WIN (0)]
1636297029771, 46555, 35/40, [LOSS (0), WIN (1), LOSS (0), LOSS (0)]
1636297046355, 84400, 36/40, [LOSS (0), LOSS (1), LOSS (0), WIN (0)]
1636297062462, 84400, 37/40, [LOSS (0), LOSS (1), LOSS (0), WIN (0)]
1636297080397, 84400, 38/40, [LOSS (0), WIN (1), LOSS (0), LOSS (0)]
1636297098321, 84400, 39/40, [LOSS (0), LOSS (1), LOSS (0), WIN (0)]
N 	Win 	Tie 	Loss 	Player (overtime average)
40	0.0%	0.0%	100.0%	players.DoNothingPlayer (0.0)
40	27.5%	30.0%	42.5%	players.mcts_v2.mcts.MCTSPlayer_V2 (1.0)
40	0.0%	0.0%	100.0%	players.DoNothingPlayer (0.0)
40	42.5%	30.0%	27.5%	players.mcts.MCTSPlayer (0.0)
java -jar out/eval/java-pommerman.jar 0 10 4 -1 0 7 0 5 200 12 UCT_UCB1 SAFE_PLACE_DEFAULT CUSTOM_HEURISTIC 0 true 30 4 40 1.4
