HUGE_NEGATIVE -> -1000.0
HUGE_POSITIVE -> 1000.0
STOP_TIME -> 0
STOP_ITERATIONS -> 1
STOP_FMCALLS -> 2
CUSTOM_HEURISTIC -> 0
ADVANCED_HEURISTIC -> 1
epsilon -> 1.0E-6
K -> 1.4142135623730951
rollout_depth -> 12
heuristic_method -> 0
stop_type -> 1
num_iterations -> 200
num_fmcalls -> 2000
num_time -> 40
SAFE_PLACE_DEFAULT -> 0
SAFE_PLACE_ADVANCED -> 1
SAFE_PLACE_EARLY_STOP -> 2
safe_place_method -> 0
UCT_UCB1 -> 0
UCT_UCB1_TURNED -> 1
uct_method -> 0
uctBias -> 0.0
progressiveUnpruningEnable -> true
progressiveUnpruningT -> 40
progressiveUnpruningKInit -> 2
progressiveUnpruningA -> 40.0
progressiveUnpruningB -> 1.2
WARNING: Invalid agent ID: 7
0-10-4--1-0-7-0-5 [DoNothing,MCV2,DoNothing,MCTS]
1636297748414, 74038, 0/40, [LOSS (0), LOSS (1), LOSS (0), WIN (0)]
1636297777160, 74038, 1/40, [LOSS (0), WIN (1), LOSS (0), LOSS (0)]
1636297804559, 74038, 2/40, [LOSS (0), LOSS (1), LOSS (0), WIN (0)]
1636297821726, 74038, 3/40, [LOSS (0), LOSS (1), LOSS (0), WIN (0)]
1636297840005, 38073, 4/40, [TIE (0), TIE (1), TIE (0), TIE (0)]
1636297855018, 38073, 5/40, [LOSS (0), TIE (1), LOSS (0), TIE (0)]
1636297874557, 38073, 6/40, [LOSS (0), TIE (1), LOSS (0), TIE (0)]
1636297893957, 38073, 7/40, [LOSS (0), TIE (1), LOSS (0), TIE (0)]
1636297912053, 88271, 8/40, [LOSS (0), LOSS (1), LOSS (0), WIN (0)]
1636297928805, 88271, 9/40, [LOSS (0), LOSS (1), LOSS (0), WIN (0)]
1636297950150, 88271, 10/40, [LOSS (0), WIN (1), LOSS (0), LOSS (0)]
1636297985856, 88271, 11/40, [LOSS (0), LOSS (1), LOSS (0), WIN (0)]
1636298011871, 46708, 12/40, [LOSS (0), WIN (1), LOSS (0), LOSS (0)]
1636298040799, 46708, 13/40, [LOSS (0), LOSS (1), LOSS (0), WIN (0)]
1636298068550, 46708, 14/40, [LOSS (0), LOSS (1), LOSS (0), WIN (0)]
1636298103964, 46708, 15/40, [LOSS (0), WIN (1), LOSS (0), LOSS (0)]
1636298126501, 61113, 16/40, [LOSS (0), TIE (1), LOSS (0), TIE (0)]
1636298151135, 61113, 17/40, [LOSS (0), TIE (1), LOSS (0), TIE (0)]
1636298168548, 61113, 18/40, [LOSS (0), TIE (1), LOSS (0), TIE (0)]
1636298185047, 61113, 19/40, [LOSS (0), TIE (1), LOSS (0), TIE (0)]
1636298200748, 72408, 20/40, [LOSS (0), WIN (1), LOSS (0), LOSS (0)]
1636298216867, 72408, 21/40, [LOSS (0), WIN (1), LOSS (0), LOSS (0)]
1636298235569, 72408, 22/40, [LOSS (0), LOSS (1), LOSS (0), WIN (0)]
1636298253505, 72408, 23/40, [LOSS (0), LOSS (1), LOSS (0), WIN (0)]
1636298277519, 99713, 24/40, [LOSS (0), TIE (1), LOSS (0), TIE (0)]
1636298293740, 99713, 25/40, [LOSS (0), TIE (1), LOSS (0), TIE (0)]
1636298310217, 99713, 26/40, [LOSS (0), TIE (1), LOSS (0), TIE (0)]
1636298326809, 99713, 27/40, [LOSS (0), TIE (1), LOSS (0), TIE (0)]
1636298342756, 77103, 28/40, [LOSS (0), WIN (1), LOSS (0), LOSS (0)]
1636298359410, 77103, 29/40, [LOSS (0), TIE (1), LOSS (0), TIE (0)]
1636298389288, 77103, 30/40, [LOSS (0), WIN (1), LOSS (0), LOSS (0)]
1636298413308, 77103, 31/40, [LOSS (0), TIE (1), LOSS (0), TIE (0)]
1636298435466, 90543, 32/40, [LOSS (0), LOSS (1), LOSS (0), WIN (0)]
1636298453873, 90543, 33/40, [LOSS (0), LOSS (1), LOSS (0), WIN (0)]
1636298474446, 90543, 34/40, [LOSS (0), TIE (1), LOSS (0), TIE (0)]
1636298496666, 90543, 35/40, [LOSS (0), WIN (1), LOSS (0), LOSS (0)]
1636298516332, 31154, 36/40, [LOSS (0), LOSS (1), LOSS (0), WIN (0)]
1636298540378, 31154, 37/40, [LOSS (0), LOSS (1), LOSS (0), WIN (0)]
1636298567488, 31154, 38/40, [LOSS (0), WIN (1), LOSS (0), LOSS (0)]
1636298589132, 31154, 39/40, [LOSS (0), TIE (1), LOSS (0), TIE (0)]
N 	Win 	Tie 	Loss 	Player (overtime average)
40	0.0%	2.5%	97.5%	players.DoNothingPlayer (0.0)
40	25.0%	40.0%	35.0%	players.mcts_v2.mcts.MCTSPlayer_V2 (1.0)
40	0.0%	2.5%	97.5%	players.DoNothingPlayer (0.0)
40	35.0%	40.0%	25.0%	players.mcts.MCTSPlayer (0.0)
java -jar out/eval/java-pommerman.jar 0 10 4 -1 0 7 0 5 200 12 UCT_UCB1 SAFE_PLACE_DEFAULT CUSTOM_HEURISTIC 0 true 40 2 40 1.2
