HUGE_NEGATIVE -> -1000.0
HUGE_POSITIVE -> 1000.0
STOP_TIME -> 0
STOP_ITERATIONS -> 1
STOP_FMCALLS -> 2
CUSTOM_HEURISTIC -> 0
ADVANCED_HEURISTIC -> 1
epsilon -> 1.0E-6
K -> 1.4142135623730951
rollout_depth -> 12
heuristic_method -> 0
stop_type -> 1
num_iterations -> 200
num_fmcalls -> 2000
num_time -> 40
SAFE_PLACE_DEFAULT -> 0
SAFE_PLACE_ADVANCED -> 1
SAFE_PLACE_EARLY_STOP -> 2
safe_place_method -> 0
UCT_UCB1 -> 0
UCT_UCB1_TURNED -> 1
uct_method -> 0
uctBias -> 0.0
progressiveUnpruningEnable -> true
progressiveUnpruningT -> 40
progressiveUnpruningKInit -> 4
progressiveUnpruningA -> 50.0
progressiveUnpruningB -> 1.2
WARNING: Invalid agent ID: 7
0-10-4--1-0-7-0-5 [DoNothing,MCV2,DoNothing,MCTS]
1636302509867, 11640, 0/40, [LOSS (0), TIE (1), LOSS (0), TIE (0)]
1636302531472, 11640, 1/40, [LOSS (0), WIN (1), LOSS (0), LOSS (0)]
1636302548877, 11640, 2/40, [LOSS (0), LOSS (1), LOSS (0), WIN (0)]
1636302566690, 11640, 3/40, [LOSS (0), TIE (1), LOSS (0), TIE (0)]
1636302589628, 11162, 4/40, [LOSS (0), LOSS (1), LOSS (0), WIN (0)]
1636302611763, 11162, 5/40, [LOSS (0), TIE (1), LOSS (0), TIE (0)]
1636302639419, 11162, 6/40, [LOSS (0), WIN (1), LOSS (0), LOSS (0)]
1636302659240, 11162, 7/40, [LOSS (0), TIE (1), LOSS (0), TIE (0)]
1636302679760, 10640, 8/40, [LOSS (0), TIE (1), LOSS (0), TIE (0)]
1636302703469, 10640, 9/40, [LOSS (0), TIE (1), LOSS (0), TIE (0)]
1636302723588, 10640, 10/40, [LOSS (0), TIE (1), LOSS (0), TIE (0)]
1636302741191, 10640, 11/40, [LOSS (0), TIE (1), LOSS (0), TIE (0)]
1636302759780, 87113, 12/40, [LOSS (0), TIE (1), LOSS (0), TIE (0)]
1636302783940, 87113, 13/40, [LOSS (0), TIE (1), LOSS (0), TIE (0)]
1636302810090, 87113, 14/40, [LOSS (0), TIE (1), LOSS (0), TIE (0)]
1636302832255, 87113, 15/40, [LOSS (0), TIE (1), LOSS (0), TIE (0)]
1636302850593, 10097, 16/40, [LOSS (0), TIE (1), LOSS (0), TIE (0)]
1636302869180, 10097, 17/40, [LOSS (0), TIE (1), LOSS (0), TIE (0)]
1636302889366, 10097, 18/40, [LOSS (0), TIE (1), LOSS (0), TIE (0)]
1636302906424, 10097, 19/40, [LOSS (0), TIE (1), LOSS (0), TIE (0)]
1636302922631, 35047, 20/40, [LOSS (0), WIN (1), LOSS (0), LOSS (0)]
1636302940273, 35047, 21/40, [LOSS (0), TIE (1), LOSS (0), TIE (0)]
1636302959079, 35047, 22/40, [LOSS (0), TIE (1), LOSS (0), TIE (0)]
1636302979546, 35047, 23/40, [LOSS (0), TIE (1), LOSS (0), TIE (0)]
1636303000501, 30377, 24/40, [LOSS (0), TIE (1), LOSS (0), TIE (0)]
1636303016530, 30377, 25/40, [LOSS (0), TIE (1), LOSS (0), TIE (0)]
1636303033162, 30377, 26/40, [LOSS (0), TIE (1), LOSS (0), TIE (0)]
1636303052596, 30377, 27/40, [LOSS (0), TIE (1), LOSS (0), TIE (0)]
1636303070474, 668, 28/40, [LOSS (0), TIE (1), LOSS (0), TIE (0)]
1636303088244, 668, 29/40, [LOSS (0), TIE (1), LOSS (0), TIE (0)]
1636303106468, 668, 30/40, [LOSS (0), TIE (1), LOSS (0), TIE (0)]
1636303122371, 668, 31/40, [LOSS (0), TIE (1), LOSS (0), TIE (0)]
1636303139103, 76652, 32/40, [LOSS (0), TIE (1), LOSS (0), TIE (0)]
1636303156892, 76652, 33/40, [LOSS (0), TIE (1), LOSS (0), TIE (0)]
1636303179683, 76652, 34/40, [LOSS (0), TIE (1), LOSS (0), TIE (0)]
1636303199900, 76652, 35/40, [LOSS (0), TIE (1), LOSS (0), TIE (0)]
1636303219165, 52174, 36/40, [LOSS (0), TIE (1), LOSS (0), TIE (0)]
1636303238981, 52174, 37/40, [LOSS (0), TIE (1), LOSS (0), TIE (0)]
1636303256773, 52174, 38/40, [LOSS (0), TIE (1), LOSS (0), TIE (0)]
1636303272909, 52174, 39/40, [LOSS (0), TIE (1), LOSS (0), TIE (0)]
N 	Win 	Tie 	Loss 	Player (overtime average)
40	0.0%	0.0%	100.0%	players.DoNothingPlayer (0.0)
40	7.5%	87.5%	5.0%	players.mcts_v2.mcts.MCTSPlayer_V2 (1.0)
40	0.0%	0.0%	100.0%	players.DoNothingPlayer (0.0)
40	5.0%	87.5%	7.5%	players.mcts.MCTSPlayer (0.0)
java -jar out/eval/java-pommerman.jar 0 10 4 -1 0 7 0 5 200 12 UCT_UCB1 SAFE_PLACE_DEFAULT CUSTOM_HEURISTIC 0 true 40 4 50 1.2
