HUGE_NEGATIVE -> -1000.0
HUGE_POSITIVE -> 1000.0
STOP_TIME -> 0
STOP_ITERATIONS -> 1
STOP_FMCALLS -> 2
CUSTOM_HEURISTIC -> 0
ADVANCED_HEURISTIC -> 1
epsilon -> 1.0E-6
K -> 1.4142135623730951
rollout_depth -> 12
heuristic_method -> 0
stop_type -> 1
num_iterations -> 200
num_fmcalls -> 2000
num_time -> 40
SAFE_PLACE_DEFAULT -> 0
SAFE_PLACE_ADVANCED -> 1
SAFE_PLACE_EARLY_STOP -> 2
safe_place_method -> 0
UCT_UCB1 -> 0
UCT_UCB1_TURNED -> 1
uct_method -> 0
uctBias -> 0.0
progressiveUnpruningEnable -> true
progressiveUnpruningT -> 20
progressiveUnpruningKInit -> 4
progressiveUnpruningA -> 50.0
progressiveUnpruningB -> 1.2
WARNING: Invalid agent ID: 7
0-10-4--1-0-7-0-5 [DoNothing,MCV2,DoNothing,MCTS]
1636292779230, 44933, 0/40, [LOSS (0), WIN (1), LOSS (0), LOSS (0)]
1636292803631, 44933, 1/40, [LOSS (0), WIN (1), LOSS (0), LOSS (0)]
1636292825244, 44933, 2/40, [LOSS (0), LOSS (1), LOSS (0), WIN (0)]
1636292844640, 44933, 3/40, [LOSS (0), LOSS (1), LOSS (0), WIN (0)]
1636292862889, 16175, 4/40, [LOSS (0), TIE (1), LOSS (0), TIE (0)]
1636292880418, 16175, 5/40, [LOSS (0), TIE (1), LOSS (0), TIE (0)]
1636292897914, 16175, 6/40, [LOSS (0), TIE (1), LOSS (0), TIE (0)]
1636292914961, 16175, 7/40, [LOSS (0), TIE (1), LOSS (0), TIE (0)]
1636292931891, 65206, 8/40, [LOSS (0), LOSS (1), LOSS (0), WIN (0)]
1636292949636, 65206, 9/40, [LOSS (0), LOSS (1), LOSS (0), WIN (0)]
1636292967917, 65206, 10/40, [LOSS (0), TIE (1), LOSS (0), TIE (0)]
1636292987918, 65206, 11/40, [LOSS (0), TIE (1), LOSS (0), TIE (0)]
1636293008551, 74399, 12/40, [LOSS (0), TIE (1), LOSS (0), TIE (0)]
1636293024841, 74399, 13/40, [LOSS (0), TIE (1), LOSS (0), TIE (0)]
1636293041354, 74399, 14/40, [LOSS (0), TIE (1), LOSS (0), TIE (0)]
1636293058043, 74399, 15/40, [LOSS (0), TIE (1), LOSS (0), TIE (0)]
1636293074689, 39984, 16/40, [LOSS (0), WIN (1), LOSS (0), LOSS (0)]
1636293094939, 39984, 17/40, [LOSS (0), WIN (1), LOSS (0), LOSS (0)]
1636293113913, 39984, 18/40, [LOSS (0), LOSS (1), LOSS (0), WIN (0)]
1636293130585, 39984, 19/40, [LOSS (0), WIN (1), LOSS (0), LOSS (0)]
1636293150266, 52717, 20/40, [LOSS (0), WIN (1), LOSS (0), LOSS (0)]
1636293169210, 52717, 21/40, [LOSS (0), LOSS (1), LOSS (0), WIN (0)]
1636293185449, 52717, 22/40, [LOSS (0), WIN (1), LOSS (0), LOSS (0)]
1636293204616, 52717, 23/40, [LOSS (0), LOSS (1), LOSS (0), WIN (0)]
1636293224140, 50203, 24/40, [LOSS (0), WIN (1), LOSS (0), LOSS (0)]
1636293242767, 50203, 25/40, [LOSS (0), WIN (1), LOSS (0), LOSS (0)]
1636293259145, 50203, 26/40, [LOSS (0), TIE (1), LOSS (0), TIE (0)]
1636293277156, 50203, 27/40, [LOSS (0), WIN (1), LOSS (0), LOSS (0)]
1636293293592, 95743, 28/40, [LOSS (0), TIE (1), LOSS (0), TIE (0)]
1636293307143, 95743, 29/40, [LOSS (0), TIE (1), LOSS (0), TIE (0)]
1636293320859, 95743, 30/40, [LOSS (0), TIE (1), LOSS (0), TIE (0)]
1636293334276, 95743, 31/40, [LOSS (0), TIE (1), LOSS (0), TIE (0)]
1636293348003, 97448, 32/40, [LOSS (0), TIE (1), LOSS (0), TIE (0)]
1636293362220, 97448, 33/40, [LOSS (0), TIE (1), LOSS (0), TIE (0)]
1636293376188, 97448, 34/40, [LOSS (0), TIE (1), LOSS (0), TIE (0)]
1636293390973, 97448, 35/40, [LOSS (0), TIE (1), LOSS (0), TIE (0)]
1636293404667, 88096, 36/40, [TIE (0), TIE (1), TIE (0), TIE (0)]
1636293417313, 88096, 37/40, [TIE (0), TIE (1), TIE (0), TIE (0)]
1636293430316, 88096, 38/40, [TIE (0), TIE (1), TIE (0), TIE (0)]
1636293443808, 88096, 39/40, [TIE (0), TIE (1), TIE (0), TIE (0)]
N 	Win 	Tie 	Loss 	Player (overtime average)
40	0.0%	10.0%	90.0%	players.DoNothingPlayer (0.0)
40	25.0%	57.5%	17.5%	players.mcts_v2.mcts.MCTSPlayer_V2 (1.0)
40	0.0%	10.0%	90.0%	players.DoNothingPlayer (0.0)
40	17.5%	57.5%	25.0%	players.mcts.MCTSPlayer (0.0)
java -jar out/eval/java-pommerman.jar 0 10 4 -1 0 7 0 5 200 12 UCT_UCB1 SAFE_PLACE_DEFAULT CUSTOM_HEURISTIC 0 true 20 4 50 1.2
