HUGE_NEGATIVE -> -1000.0
HUGE_POSITIVE -> 1000.0
STOP_TIME -> 0
STOP_ITERATIONS -> 1
STOP_FMCALLS -> 2
CUSTOM_HEURISTIC -> 0
ADVANCED_HEURISTIC -> 1
epsilon -> 1.0E-6
K -> 1.4142135623730951
rollout_depth -> 12
heuristic_method -> 0
stop_type -> 1
num_iterations -> 200
num_fmcalls -> 2000
num_time -> 40
SAFE_PLACE_DEFAULT -> 0
SAFE_PLACE_ADVANCED -> 1
SAFE_PLACE_EARLY_STOP -> 2
safe_place_method -> 0
UCT_UCB1 -> 0
UCT_UCB1_TURNED -> 1
uct_method -> 0
uctBias -> 0.0
progressiveUnpruningEnable -> true
progressiveUnpruningT -> 20
progressiveUnpruningKInit -> 4
progressiveUnpruningA -> 60.0
progressiveUnpruningB -> 1.2
WARNING: Invalid agent ID: 7
0-10-4--1-0-7-0-5 [DoNothing,MCV2,DoNothing,MCTS]
1636293436912, 32956, 0/40, [TIE (0), TIE (1), TIE (0), TIE (0)]
1636293451734, 32956, 1/40, [TIE (0), TIE (1), TIE (0), TIE (0)]
1636293464410, 32956, 2/40, [TIE (0), TIE (1), TIE (0), TIE (0)]
1636293476781, 32956, 3/40, [TIE (0), TIE (1), TIE (0), TIE (0)]
1636293488961, 17701, 4/40, [TIE (0), TIE (1), TIE (0), TIE (0)]
1636293502521, 17701, 5/40, [TIE (0), TIE (1), TIE (0), TIE (0)]
1636293515363, 17701, 6/40, [TIE (0), TIE (1), TIE (0), TIE (0)]
1636293529230, 17701, 7/40, [TIE (0), TIE (1), TIE (0), TIE (0)]
1636293542116, 34401, 8/40, [LOSS (0), TIE (1), LOSS (0), TIE (0)]
1636293555606, 34401, 9/40, [LOSS (0), TIE (1), LOSS (0), TIE (0)]
1636293569047, 34401, 10/40, [LOSS (0), TIE (1), LOSS (0), TIE (0)]
1636293582286, 34401, 11/40, [LOSS (0), TIE (1), LOSS (0), TIE (0)]
1636293595577, 77960, 12/40, [LOSS (0), TIE (1), LOSS (0), TIE (0)]
1636293609240, 77960, 13/40, [LOSS (0), WIN (1), LOSS (0), LOSS (0)]
1636293621551, 77960, 14/40, [LOSS (0), TIE (1), LOSS (0), TIE (0)]
1636293635117, 77960, 15/40, [LOSS (0), TIE (1), LOSS (0), TIE (0)]
1636293648211, 98170, 16/40, [LOSS (0), LOSS (1), LOSS (0), WIN (0)]
1636293664539, 98170, 17/40, [LOSS (0), LOSS (1), LOSS (0), WIN (0)]
1636293678600, 98170, 18/40, [LOSS (0), WIN (1), LOSS (0), LOSS (0)]
1636293692514, 98170, 19/40, [LOSS (0), LOSS (1), LOSS (0), WIN (0)]
1636293707651, 38117, 20/40, [LOSS (0), TIE (1), LOSS (0), TIE (0)]
1636293723879, 38117, 21/40, [LOSS (0), TIE (1), LOSS (0), TIE (0)]
1636293740380, 38117, 22/40, [LOSS (0), TIE (1), LOSS (0), TIE (0)]
1636293756271, 38117, 23/40, [LOSS (0), TIE (1), LOSS (0), TIE (0)]
1636293772230, 61936, 24/40, [LOSS (0), LOSS (1), LOSS (0), WIN (0)]
1636293787307, 61936, 25/40, [LOSS (0), WIN (1), LOSS (0), LOSS (0)]
1636293801994, 61936, 26/40, [LOSS (0), WIN (1), LOSS (0), LOSS (0)]
1636293816008, 61936, 27/40, [LOSS (0), LOSS (1), LOSS (0), WIN (0)]
1636293830156, 63442, 28/40, [LOSS (0), WIN (1), LOSS (0), LOSS (0)]
1636293843536, 63442, 29/40, [LOSS (0), LOSS (1), LOSS (0), WIN (0)]
1636293856975, 63442, 30/40, [LOSS (0), LOSS (1), LOSS (0), WIN (0)]
1636293872695, 63442, 31/40, [LOSS (0), LOSS (1), LOSS (0), WIN (0)]
1636293890009, 25955, 32/40, [LOSS (0), WIN (1), LOSS (0), LOSS (0)]
1636293905212, 25955, 33/40, [LOSS (0), TIE (1), LOSS (0), TIE (0)]
1636293923456, 25955, 34/40, [LOSS (0), LOSS (1), LOSS (0), WIN (0)]
1636293938468, 25955, 35/40, [LOSS (0), TIE (1), LOSS (0), TIE (0)]
1636293955386, 65909, 36/40, [LOSS (0), TIE (1), LOSS (0), TIE (0)]
1636293969309, 65909, 37/40, [LOSS (0), TIE (1), LOSS (0), TIE (0)]
1636293983921, 65909, 38/40, [LOSS (0), TIE (1), LOSS (0), TIE (0)]
1636293997828, 65909, 39/40, [LOSS (0), TIE (1), LOSS (0), TIE (0)]
N 	Win 	Tie 	Loss 	Player (overtime average)
40	0.0%	20.0%	80.0%	players.DoNothingPlayer (0.0)
40	15.0%	62.5%	22.5%	players.mcts_v2.mcts.MCTSPlayer_V2 (1.0)
40	0.0%	20.0%	80.0%	players.DoNothingPlayer (0.0)
40	22.5%	62.5%	15.0%	players.mcts.MCTSPlayer (0.0)
java -jar out/eval/java-pommerman.jar 0 10 4 -1 0 7 0 5 200 12 UCT_UCB1 SAFE_PLACE_DEFAULT CUSTOM_HEURISTIC 0 true 20 4 60 1.2
