HUGE_NEGATIVE -> -1000.0
HUGE_POSITIVE -> 1000.0
STOP_TIME -> 0
STOP_ITERATIONS -> 1
STOP_FMCALLS -> 2
CUSTOM_HEURISTIC -> 0
ADVANCED_HEURISTIC -> 1
epsilon -> 1.0E-6
K -> 1.4142135623730951
rollout_depth -> 12
heuristic_method -> 0
stop_type -> 1
num_iterations -> 200
num_fmcalls -> 2000
num_time -> 40
SAFE_PLACE_DEFAULT -> 0
SAFE_PLACE_ADVANCED -> 1
SAFE_PLACE_EARLY_STOP -> 2
safe_place_method -> 0
UCT_UCB1 -> 0
UCT_UCB1_TURNED -> 1
uct_method -> 0
uctBias -> 0.0
progressiveUnpruningEnable -> true
progressiveUnpruningT -> 40
progressiveUnpruningKInit -> 3
progressiveUnpruningA -> 50.0
progressiveUnpruningB -> 1.2
WARNING: Invalid agent ID: 7
0-10-4--1-0-7-0-5 [DoNothing,MCV2,DoNothing,MCTS]
1636300502353, 9804, 0/40, [LOSS (0), TIE (1), LOSS (0), TIE (0)]
1636300529323, 9804, 1/40, [LOSS (0), TIE (1), LOSS (0), TIE (0)]
1636300551891, 9804, 2/40, [LOSS (0), LOSS (1), LOSS (0), WIN (0)]
1636300572930, 9804, 3/40, [LOSS (0), LOSS (1), LOSS (0), WIN (0)]
1636300597034, 11653, 4/40, [TIE (0), TIE (1), TIE (0), TIE (0)]
1636300615587, 11653, 5/40, [TIE (0), TIE (1), TIE (0), TIE (0)]
1636300637127, 11653, 6/40, [TIE (0), TIE (1), TIE (0), TIE (0)]
1636300657562, 11653, 7/40, [TIE (0), TIE (1), TIE (0), TIE (0)]
1636300676794, 69359, 8/40, [LOSS (0), LOSS (1), LOSS (0), WIN (0)]
1636300698947, 69359, 9/40, [LOSS (0), TIE (1), LOSS (0), TIE (0)]
1636300719682, 69359, 10/40, [LOSS (0), LOSS (1), LOSS (0), WIN (0)]
1636300741285, 69359, 11/40, [LOSS (0), TIE (1), LOSS (0), TIE (0)]
1636300764304, 81378, 12/40, [LOSS (0), TIE (1), LOSS (0), TIE (0)]
1636300787072, 81378, 13/40, [LOSS (0), TIE (1), LOSS (0), TIE (0)]
1636300811003, 81378, 14/40, [LOSS (0), WIN (1), LOSS (0), LOSS (0)]
1636300834070, 81378, 15/40, [LOSS (0), WIN (1), LOSS (0), LOSS (0)]
1636300859919, 51618, 16/40, [LOSS (0), LOSS (1), LOSS (0), WIN (0)]
1636300885151, 51618, 17/40, [LOSS (0), LOSS (1), LOSS (0), WIN (0)]
1636300908525, 51618, 18/40, [LOSS (0), LOSS (1), LOSS (0), WIN (0)]
1636300929598, 51618, 19/40, [LOSS (0), LOSS (1), LOSS (0), WIN (0)]
1636300953573, 28182, 20/40, [LOSS (0), LOSS (1), LOSS (0), WIN (0)]
1636300977716, 28182, 21/40, [LOSS (0), LOSS (1), LOSS (0), WIN (0)]
1636301000325, 28182, 22/40, [LOSS (0), WIN (1), LOSS (0), LOSS (0)]
1636301020339, 28182, 23/40, [LOSS (0), LOSS (1), LOSS (0), WIN (0)]
1636301048740, 6416, 24/40, [LOSS (0), LOSS (1), LOSS (0), WIN (0)]
1636301074278, 6416, 25/40, [LOSS (0), WIN (1), LOSS (0), LOSS (0)]
1636301095192, 6416, 26/40, [LOSS (0), WIN (1), LOSS (0), LOSS (0)]
1636301115989, 6416, 27/40, [LOSS (0), LOSS (1), LOSS (0), WIN (0)]
1636301139374, 75124, 28/40, [LOSS (0), WIN (1), LOSS (0), LOSS (0)]
1636301161938, 75124, 29/40, [LOSS (0), LOSS (1), LOSS (0), WIN (0)]
1636301185631, 75124, 30/40, [LOSS (0), WIN (1), LOSS (0), LOSS (0)]
1636301206515, 75124, 31/40, [LOSS (0), WIN (1), LOSS (0), LOSS (0)]
1636301226264, 15369, 32/40, [LOSS (0), LOSS (1), LOSS (0), WIN (0)]
1636301247308, 15369, 33/40, [LOSS (0), WIN (1), LOSS (0), LOSS (0)]
1636301270959, 15369, 34/40, [LOSS (0), TIE (1), LOSS (0), TIE (0)]
1636301295039, 15369, 35/40, [LOSS (0), TIE (1), LOSS (0), TIE (0)]
1636301320575, 21585, 36/40, [LOSS (0), TIE (1), LOSS (0), TIE (0)]
1636301349676, 21585, 37/40, [LOSS (0), LOSS (1), LOSS (0), WIN (0)]
1636301379216, 21585, 38/40, [LOSS (0), WIN (1), LOSS (0), LOSS (0)]
1636301404822, 21585, 39/40, [LOSS (0), WIN (1), LOSS (0), LOSS (0)]
N 	Win 	Tie 	Loss 	Player (overtime average)
40	0.0%	10.0%	90.0%	players.DoNothingPlayer (0.0)
40	27.5%	32.5%	40.0%	players.mcts_v2.mcts.MCTSPlayer_V2 (1.0)
40	0.0%	10.0%	90.0%	players.DoNothingPlayer (0.0)
40	40.0%	32.5%	27.5%	players.mcts.MCTSPlayer (0.0)
java -jar out/eval/java-pommerman.jar 0 10 4 -1 0 7 0 5 200 12 UCT_UCB1 SAFE_PLACE_DEFAULT CUSTOM_HEURISTIC 0 true 40 3 50 1.2
