HUGE_NEGATIVE -> -1000.0
HUGE_POSITIVE -> 1000.0
STOP_TIME -> 0
STOP_ITERATIONS -> 1
STOP_FMCALLS -> 2
CUSTOM_HEURISTIC -> 0
ADVANCED_HEURISTIC -> 1
epsilon -> 1.0E-6
K -> 1.4142135623730951
rollout_depth -> 12
heuristic_method -> 0
stop_type -> 1
num_iterations -> 200
num_fmcalls -> 2000
num_time -> 40
SAFE_PLACE_DEFAULT -> 0
SAFE_PLACE_ADVANCED -> 1
SAFE_PLACE_EARLY_STOP -> 2
safe_place_method -> 0
UCT_UCB1 -> 0
UCT_UCB1_TURNED -> 1
uct_method -> 0
uctBias -> 0.0
progressiveUnpruningEnable -> true
progressiveUnpruningT -> 20
progressiveUnpruningKInit -> 3
progressiveUnpruningA -> 60.0
progressiveUnpruningB -> 1.4
WARNING: Invalid agent ID: 7
0-10-4--1-0-7-0-5 [DoNothing,MCV2,DoNothing,MCTS]
1636291777721, 1181, 0/40, [LOSS (0), TIE (1), LOSS (0), TIE (0)]
1636291805034, 1181, 1/40, [LOSS (0), TIE (1), LOSS (0), TIE (0)]
1636291832245, 1181, 2/40, [LOSS (0), TIE (1), LOSS (0), TIE (0)]
1636291856968, 1181, 3/40, [LOSS (0), TIE (1), LOSS (0), TIE (0)]
1636291880424, 27249, 4/40, [LOSS (0), LOSS (1), LOSS (0), WIN (0)]
1636291907051, 27249, 5/40, [LOSS (0), LOSS (1), LOSS (0), WIN (0)]
1636291935413, 27249, 6/40, [LOSS (0), LOSS (1), LOSS (0), WIN (0)]
1636291960097, 27249, 7/40, [LOSS (0), LOSS (1), LOSS (0), WIN (0)]
1636291983577, 81792, 8/40, [LOSS (0), TIE (1), LOSS (0), TIE (0)]
1636292012069, 81792, 9/40, [LOSS (0), LOSS (1), LOSS (0), WIN (0)]
1636292039126, 81792, 10/40, [LOSS (0), WIN (1), LOSS (0), LOSS (0)]
1636292065575, 81792, 11/40, [LOSS (0), WIN (1), LOSS (0), LOSS (0)]
1636292093339, 34820, 12/40, [LOSS (0), WIN (1), LOSS (0), LOSS (0)]
1636292122666, 34820, 13/40, [LOSS (0), WIN (1), LOSS (0), LOSS (0)]
1636292150157, 34820, 14/40, [LOSS (0), WIN (1), LOSS (0), LOSS (0)]
1636292179085, 34820, 15/40, [LOSS (0), LOSS (1), LOSS (0), WIN (0)]
1636292207743, 73582, 16/40, [LOSS (0), TIE (1), LOSS (0), TIE (0)]
1636292235908, 73582, 17/40, [LOSS (0), TIE (1), LOSS (0), TIE (0)]
1636292266411, 73582, 18/40, [LOSS (0), TIE (1), LOSS (0), TIE (0)]
1636292295932, 73582, 19/40, [LOSS (0), TIE (1), LOSS (0), TIE (0)]
1636292323753, 53448, 20/40, [LOSS (0), WIN (1), LOSS (0), LOSS (0)]
1636292349274, 53448, 21/40, [LOSS (0), WIN (1), LOSS (0), LOSS (0)]
1636292375884, 53448, 22/40, [LOSS (0), LOSS (1), LOSS (0), WIN (0)]
1636292403852, 53448, 23/40, [LOSS (0), LOSS (1), LOSS (0), WIN (0)]
1636292429866, 10480, 24/40, [LOSS (0), WIN (1), LOSS (0), LOSS (0)]
1636292458054, 10480, 25/40, [LOSS (0), WIN (1), LOSS (0), LOSS (0)]
1636292482429, 10480, 26/40, [LOSS (0), WIN (1), LOSS (0), LOSS (0)]
1636292510300, 10480, 27/40, [LOSS (0), WIN (1), LOSS (0), LOSS (0)]
1636292542903, 40576, 28/40, [LOSS (0), TIE (1), LOSS (0), TIE (0)]
1636292569633, 40576, 29/40, [LOSS (0), TIE (1), LOSS (0), TIE (0)]
1636292594782, 40576, 30/40, [LOSS (0), TIE (1), LOSS (0), TIE (0)]
1636292615106, 40576, 31/40, [LOSS (0), LOSS (1), LOSS (0), WIN (0)]
1636292634371, 85265, 32/40, [TIE (0), TIE (1), TIE (0), TIE (0)]
1636292651058, 85265, 33/40, [TIE (0), TIE (1), TIE (0), TIE (0)]
1636292667829, 85265, 34/40, [TIE (0), TIE (1), TIE (0), TIE (0)]
1636292684547, 85265, 35/40, [TIE (0), TIE (1), TIE (0), TIE (0)]
1636292701069, 1195, 36/40, [LOSS (0), TIE (1), LOSS (0), TIE (0)]
1636292719794, 1195, 37/40, [LOSS (0), TIE (1), LOSS (0), TIE (0)]
1636292740371, 1195, 38/40, [LOSS (0), TIE (1), LOSS (0), TIE (0)]
1636292759581, 1195, 39/40, [LOSS (0), TIE (1), LOSS (0), TIE (0)]
N 	Win 	Tie 	Loss 	Player (overtime average)
40	0.0%	10.0%	90.0%	players.DoNothingPlayer (0.0)
40	27.5%	50.0%	22.5%	players.mcts_v2.mcts.MCTSPlayer_V2 (1.0)
40	0.0%	10.0%	90.0%	players.DoNothingPlayer (0.0)
40	22.5%	50.0%	27.5%	players.mcts.MCTSPlayer (0.0)
java -jar out/eval/java-pommerman.jar 0 10 4 -1 0 7 0 5 200 12 UCT_UCB1 SAFE_PLACE_DEFAULT CUSTOM_HEURISTIC 0 true 20 3 60 1.4
