HUGE_NEGATIVE -> -1000.0
HUGE_POSITIVE -> 1000.0
STOP_TIME -> 0
STOP_ITERATIONS -> 1
STOP_FMCALLS -> 2
CUSTOM_HEURISTIC -> 0
ADVANCED_HEURISTIC -> 1
epsilon -> 1.0E-6
K -> 1.4142135623730951
rollout_depth -> 12
heuristic_method -> 0
stop_type -> 1
num_iterations -> 200
num_fmcalls -> 2000
num_time -> 40
SAFE_PLACE_DEFAULT -> 0
SAFE_PLACE_ADVANCED -> 1
SAFE_PLACE_EARLY_STOP -> 2
safe_place_method -> 0
UCT_UCB1 -> 0
UCT_UCB1_TURNED -> 1
uct_method -> 0
uctBias -> 0.0
progressiveUnpruningEnable -> true
progressiveUnpruningT -> 20
progressiveUnpruningKInit -> 4
progressiveUnpruningA -> 50.0
progressiveUnpruningB -> 1.3
WARNING: Invalid agent ID: 7
0-10-4--1-0-7-0-5 [DoNothing,MCV2,DoNothing,MCTS]
1636292796421, 44729, 0/40, [LOSS (0), TIE (1), LOSS (0), TIE (0)]
1636292821606, 44729, 1/40, [LOSS (0), LOSS (1), LOSS (0), WIN (0)]
1636292842905, 44729, 2/40, [LOSS (0), TIE (1), LOSS (0), TIE (0)]
1636292863257, 44729, 3/40, [LOSS (0), LOSS (1), LOSS (0), WIN (0)]
1636292883760, 62300, 4/40, [LOSS (0), WIN (1), LOSS (0), LOSS (0)]
1636292902969, 62300, 5/40, [LOSS (0), TIE (1), LOSS (0), TIE (0)]
1636292923594, 62300, 6/40, [LOSS (0), TIE (1), LOSS (0), TIE (0)]
1636292943356, 62300, 7/40, [LOSS (0), TIE (1), LOSS (0), TIE (0)]
1636292964227, 43587, 8/40, [LOSS (0), TIE (1), LOSS (0), TIE (0)]
1636292984604, 43587, 9/40, [LOSS (0), TIE (1), LOSS (0), TIE (0)]
1636293005516, 43587, 10/40, [LOSS (0), WIN (1), LOSS (0), LOSS (0)]
1636293023298, 43587, 11/40, [LOSS (0), TIE (1), LOSS (0), TIE (0)]
1636293043140, 34098, 12/40, [LOSS (0), TIE (1), LOSS (0), TIE (0)]
1636293059959, 34098, 13/40, [LOSS (0), TIE (1), LOSS (0), TIE (0)]
1636293077544, 34098, 14/40, [LOSS (0), WIN (1), LOSS (0), LOSS (0)]
1636293093824, 34098, 15/40, [LOSS (0), TIE (1), LOSS (0), TIE (0)]
1636293111296, 75314, 16/40, [LOSS (0), WIN (1), LOSS (0), LOSS (0)]
1636293129423, 75314, 17/40, [LOSS (0), LOSS (1), LOSS (0), WIN (0)]
1636293148434, 75314, 18/40, [LOSS (0), TIE (1), LOSS (0), TIE (0)]
1636293167457, 75314, 19/40, [LOSS (0), WIN (1), LOSS (0), LOSS (0)]
1636293186567, 53437, 20/40, [LOSS (0), TIE (1), LOSS (0), TIE (0)]
1636293204699, 53437, 21/40, [LOSS (0), TIE (1), LOSS (0), TIE (0)]
1636293222618, 53437, 22/40, [LOSS (0), TIE (1), LOSS (0), TIE (0)]
1636293239991, 53437, 23/40, [LOSS (0), TIE (1), LOSS (0), TIE (0)]
1636293256842, 24738, 24/40, [LOSS (0), TIE (1), LOSS (0), TIE (0)]
1636293274810, 24738, 25/40, [LOSS (0), TIE (1), LOSS (0), TIE (0)]
1636293291916, 24738, 26/40, [LOSS (0), WIN (1), LOSS (0), LOSS (0)]
1636293307542, 24738, 27/40, [LOSS (0), LOSS (1), LOSS (0), WIN (0)]
1636293322985, 75966, 28/40, [LOSS (0), WIN (1), LOSS (0), LOSS (0)]
1636293338038, 75966, 29/40, [LOSS (0), WIN (1), LOSS (0), LOSS (0)]
1636293353702, 75966, 30/40, [LOSS (0), TIE (1), LOSS (0), TIE (0)]
1636293370385, 75966, 31/40, [LOSS (0), TIE (1), LOSS (0), TIE (0)]
1636293387114, 16433, 32/40, [LOSS (0), TIE (1), LOSS (0), TIE (0)]
1636293403263, 16433, 33/40, [LOSS (0), TIE (1), LOSS (0), TIE (0)]
1636293419625, 16433, 34/40, [LOSS (0), TIE (1), LOSS (0), TIE (0)]
1636293435832, 16433, 35/40, [LOSS (0), TIE (1), LOSS (0), TIE (0)]
1636293453319, 846, 36/40, [LOSS (0), WIN (1), LOSS (0), LOSS (0)]
1636293468974, 846, 37/40, [LOSS (0), LOSS (1), LOSS (0), WIN (0)]
1636293484708, 846, 38/40, [LOSS (0), LOSS (1), LOSS (0), WIN (0)]
1636293501395, 846, 39/40, [LOSS (0), LOSS (1), LOSS (0), WIN (0)]
N 	Win 	Tie 	Loss 	Player (overtime average)
40	0.0%	0.0%	100.0%	players.DoNothingPlayer (0.0)
40	22.5%	60.0%	17.5%	players.mcts_v2.mcts.MCTSPlayer_V2 (1.0)
40	0.0%	0.0%	100.0%	players.DoNothingPlayer (0.0)
40	17.5%	60.0%	22.5%	players.mcts.MCTSPlayer (0.0)
java -jar out/eval/java-pommerman.jar 0 10 4 -1 0 7 0 5 200 12 UCT_UCB1 SAFE_PLACE_DEFAULT CUSTOM_HEURISTIC 0 true 20 4 50 1.3
