HUGE_NEGATIVE -> -1000.0
HUGE_POSITIVE -> 1000.0
STOP_TIME -> 0
STOP_ITERATIONS -> 1
STOP_FMCALLS -> 2
CUSTOM_HEURISTIC -> 0
ADVANCED_HEURISTIC -> 1
epsilon -> 1.0E-6
K -> 1.4142135623730951
rollout_depth -> 12
heuristic_method -> 0
stop_type -> 1
num_iterations -> 200
num_fmcalls -> 2000
num_time -> 40
SAFE_PLACE_DEFAULT -> 0
SAFE_PLACE_ADVANCED -> 1
SAFE_PLACE_EARLY_STOP -> 2
safe_place_method -> 0
UCT_UCB1 -> 0
UCT_UCB1_TURNED -> 1
uct_method -> 0
uctBias -> 0.0
progressiveUnpruningEnable -> true
progressiveUnpruningT -> 20
progressiveUnpruningKInit -> 2
progressiveUnpruningA -> 40.0
progressiveUnpruningB -> 1.2
WARNING: Invalid agent ID: 7
0-10-4--1-0-7-0-5 [DoNothing,MCV2,DoNothing,MCTS]
1636287707682, 72987, 0/40, [LOSS (0), TIE (1), LOSS (0), TIE (0)]
1636287740906, 72987, 1/40, [LOSS (0), WIN (1), LOSS (0), LOSS (0)]
1636287761728, 72987, 2/40, [LOSS (0), WIN (1), LOSS (0), LOSS (0)]
1636287787386, 72987, 3/40, [LOSS (0), LOSS (1), LOSS (0), WIN (0)]
1636287812828, 47835, 4/40, [LOSS (0), TIE (1), LOSS (0), TIE (0)]
1636287838339, 47835, 5/40, [LOSS (0), WIN (1), LOSS (0), LOSS (0)]
1636287862559, 47835, 6/40, [LOSS (0), WIN (1), LOSS (0), LOSS (0)]
1636287886646, 47835, 7/40, [LOSS (0), TIE (1), LOSS (0), TIE (0)]
1636287911526, 7896, 8/40, [LOSS (0), LOSS (1), LOSS (0), WIN (0)]
1636287935900, 7896, 9/40, [LOSS (0), LOSS (1), LOSS (0), WIN (0)]
1636287961556, 7896, 10/40, [LOSS (0), LOSS (1), LOSS (0), WIN (0)]
1636287987187, 7896, 11/40, [LOSS (0), WIN (1), LOSS (0), LOSS (0)]
1636288013450, 67217, 12/40, [LOSS (0), WIN (1), LOSS (0), LOSS (0)]
1636288038924, 67217, 13/40, [LOSS (0), LOSS (1), LOSS (0), WIN (0)]
1636288063979, 67217, 14/40, [LOSS (0), WIN (1), LOSS (0), LOSS (0)]
1636288086172, 67217, 15/40, [LOSS (0), LOSS (1), LOSS (0), WIN (0)]
1636288111356, 35383, 16/40, [LOSS (0), LOSS (1), LOSS (0), WIN (0)]
1636288137079, 35383, 17/40, [LOSS (0), WIN (1), LOSS (0), LOSS (0)]
1636288162126, 35383, 18/40, [LOSS (0), WIN (1), LOSS (0), LOSS (0)]
1636288186793, 35383, 19/40, [LOSS (0), WIN (1), LOSS (0), LOSS (0)]
1636288213161, 4133, 20/40, [LOSS (0), TIE (1), LOSS (0), TIE (0)]
1636288235431, 4133, 21/40, [LOSS (0), WIN (1), LOSS (0), LOSS (0)]
1636288256432, 4133, 22/40, [LOSS (0), TIE (1), LOSS (0), TIE (0)]
1636288279410, 4133, 23/40, [LOSS (0), WIN (1), LOSS (0), LOSS (0)]
1636288302822, 45805, 24/40, [LOSS (0), TIE (1), LOSS (0), TIE (0)]
1636288327717, 45805, 25/40, [LOSS (0), TIE (1), LOSS (0), TIE (0)]
1636288353522, 45805, 26/40, [LOSS (0), TIE (1), LOSS (0), TIE (0)]
1636288379753, 45805, 27/40, [LOSS (0), WIN (1), LOSS (0), LOSS (0)]
1636288403252, 69926, 28/40, [LOSS (0), WIN (1), LOSS (0), LOSS (0)]
1636288427798, 69926, 29/40, [LOSS (0), WIN (1), LOSS (0), LOSS (0)]
1636288451948, 69926, 30/40, [LOSS (0), TIE (1), LOSS (0), TIE (0)]
1636288478745, 69926, 31/40, [LOSS (0), WIN (1), LOSS (0), LOSS (0)]
1636288502961, 65810, 32/40, [LOSS (0), WIN (1), LOSS (0), LOSS (0)]
1636288528226, 65810, 33/40, [LOSS (0), WIN (1), LOSS (0), LOSS (0)]
1636288552564, 65810, 34/40, [LOSS (0), WIN (1), LOSS (0), LOSS (0)]
1636288577765, 65810, 35/40, [LOSS (0), WIN (1), LOSS (0), LOSS (0)]
1636288600604, 21856, 36/40, [LOSS (0), TIE (1), LOSS (0), TIE (0)]
1636288625093, 21856, 37/40, [LOSS (0), TIE (1), LOSS (0), TIE (0)]
1636288650128, 21856, 38/40, [LOSS (0), TIE (1), LOSS (0), TIE (0)]
1636288673191, 21856, 39/40, [LOSS (0), TIE (1), LOSS (0), TIE (0)]
N 	Win 	Tie 	Loss 	Player (overtime average)
40	0.0%	0.0%	100.0%	players.DoNothingPlayer (0.0)
40	50.0%	32.5%	17.5%	players.mcts_v2.mcts.MCTSPlayer_V2 (1.0)
40	0.0%	0.0%	100.0%	players.DoNothingPlayer (0.0)
40	17.5%	32.5%	50.0%	players.mcts.MCTSPlayer (0.0)
java -jar out/eval/java-pommerman.jar 0 10 4 -1 0 7 0 5 200 12 UCT_UCB1 SAFE_PLACE_DEFAULT CUSTOM_HEURISTIC 0 true 20 2 40 1.2
