HUGE_NEGATIVE -> -1000.0
HUGE_POSITIVE -> 1000.0
STOP_TIME -> 0
STOP_ITERATIONS -> 1
STOP_FMCALLS -> 2
CUSTOM_HEURISTIC -> 0
ADVANCED_HEURISTIC -> 1
epsilon -> 1.0E-6
K -> 1.4142135623730951
rollout_depth -> 12
heuristic_method -> 0
stop_type -> 1
num_iterations -> 200
num_fmcalls -> 2000
num_time -> 40
SAFE_PLACE_DEFAULT -> 0
SAFE_PLACE_ADVANCED -> 1
SAFE_PLACE_EARLY_STOP -> 2
safe_place_method -> 0
UCT_UCB1 -> 0
UCT_UCB1_TURNED -> 1
uct_method -> 0
uctBias -> 0.0
progressiveUnpruningEnable -> true
progressiveUnpruningT -> 20
progressiveUnpruningKInit -> 2
progressiveUnpruningA -> 50.0
progressiveUnpruningB -> 1.3
WARNING: Invalid agent ID: 7
0-10-4--1-0-7-0-5 [DoNothing,MCV2,DoNothing,MCTS]
1636288697052, 53902, 0/40, [LOSS (0), WIN (1), LOSS (0), LOSS (0)]
1636288727273, 53902, 1/40, [LOSS (0), TIE (1), LOSS (0), TIE (0)]
1636288758888, 53902, 2/40, [LOSS (0), WIN (1), LOSS (0), LOSS (0)]
1636288781654, 53902, 3/40, [LOSS (0), WIN (1), LOSS (0), LOSS (0)]
1636288807629, 26365, 4/40, [LOSS (0), LOSS (1), LOSS (0), WIN (0)]
1636288834178, 26365, 5/40, [LOSS (0), WIN (1), LOSS (0), LOSS (0)]
1636288859910, 26365, 6/40, [LOSS (0), LOSS (1), LOSS (0), WIN (0)]
1636288886579, 26365, 7/40, [LOSS (0), LOSS (1), LOSS (0), WIN (0)]
1636288912232, 64286, 8/40, [LOSS (0), TIE (1), LOSS (0), TIE (0)]
1636288939244, 64286, 9/40, [LOSS (0), LOSS (1), LOSS (0), WIN (0)]
1636288964572, 64286, 10/40, [LOSS (0), TIE (1), LOSS (0), TIE (0)]
1636288991857, 64286, 11/40, [LOSS (0), TIE (1), LOSS (0), TIE (0)]
1636289020018, 21023, 12/40, [LOSS (0), LOSS (1), LOSS (0), WIN (0)]
1636289044869, 21023, 13/40, [LOSS (0), LOSS (1), LOSS (0), WIN (0)]
1636289068645, 21023, 14/40, [LOSS (0), LOSS (1), LOSS (0), WIN (0)]
1636289095280, 21023, 15/40, [LOSS (0), WIN (1), LOSS (0), LOSS (0)]
1636289121061, 46055, 16/40, [LOSS (0), LOSS (1), LOSS (0), WIN (0)]
1636289145470, 46055, 17/40, [LOSS (0), TIE (1), LOSS (0), TIE (0)]
1636289173697, 46055, 18/40, [LOSS (0), TIE (1), LOSS (0), TIE (0)]
1636289202022, 46055, 19/40, [LOSS (0), TIE (1), LOSS (0), TIE (0)]
1636289229692, 28771, 20/40, [LOSS (0), TIE (1), LOSS (0), TIE (0)]
1636289253213, 28771, 21/40, [LOSS (0), TIE (1), LOSS (0), TIE (0)]
1636289276061, 28771, 22/40, [LOSS (0), TIE (1), LOSS (0), TIE (0)]
1636289299294, 28771, 23/40, [LOSS (0), TIE (1), LOSS (0), TIE (0)]
1636289322527, 22015, 24/40, [LOSS (0), WIN (1), LOSS (0), LOSS (0)]
1636289345144, 22015, 25/40, [LOSS (0), TIE (1), LOSS (0), TIE (0)]
1636289368710, 22015, 26/40, [LOSS (0), TIE (1), LOSS (0), TIE (0)]
1636289391800, 22015, 27/40, [LOSS (0), TIE (1), LOSS (0), TIE (0)]
1636289414705, 73096, 28/40, [LOSS (0), WIN (1), LOSS (0), LOSS (0)]
1636289440325, 73096, 29/40, [LOSS (0), WIN (1), LOSS (0), LOSS (0)]
1636289466217, 73096, 30/40, [LOSS (0), WIN (1), LOSS (0), LOSS (0)]
1636289493191, 73096, 31/40, [LOSS (0), TIE (1), LOSS (0), TIE (0)]
1636289519946, 54028, 32/40, [LOSS (0), WIN (1), LOSS (0), LOSS (0)]
1636289545500, 54028, 33/40, [LOSS (0), TIE (1), LOSS (0), TIE (0)]
1636289571417, 54028, 34/40, [LOSS (0), LOSS (1), LOSS (0), WIN (0)]
1636289597385, 54028, 35/40, [LOSS (0), TIE (1), LOSS (0), TIE (0)]
1636289622859, 25278, 36/40, [LOSS (0), TIE (1), LOSS (0), TIE (0)]
1636289647529, 25278, 37/40, [LOSS (0), TIE (1), LOSS (0), TIE (0)]
1636289672480, 25278, 38/40, [LOSS (0), TIE (1), LOSS (0), TIE (0)]
1636289696186, 25278, 39/40, [LOSS (0), TIE (1), LOSS (0), TIE (0)]
N 	Win 	Tie 	Loss 	Player (overtime average)
40	0.0%	0.0%	100.0%	players.DoNothingPlayer (0.0)
40	25.0%	52.5%	22.5%	players.mcts_v2.mcts.MCTSPlayer_V2 (1.0)
40	0.0%	0.0%	100.0%	players.DoNothingPlayer (0.0)
40	22.5%	52.5%	25.0%	players.mcts.MCTSPlayer (0.0)
java -jar out/eval/java-pommerman.jar 0 10 4 -1 0 7 0 5 200 12 UCT_UCB1 SAFE_PLACE_DEFAULT CUSTOM_HEURISTIC 0 true 20 2 50 1.3
