HUGE_NEGATIVE -> -1000.0
HUGE_POSITIVE -> 1000.0
STOP_TIME -> 0
STOP_ITERATIONS -> 1
STOP_FMCALLS -> 2
CUSTOM_HEURISTIC -> 0
ADVANCED_HEURISTIC -> 1
epsilon -> 1.0E-6
K -> 1.4142135623730951
rollout_depth -> 12
heuristic_method -> 0
stop_type -> 1
num_iterations -> 200
num_fmcalls -> 2000
num_time -> 40
SAFE_PLACE_DEFAULT -> 0
SAFE_PLACE_ADVANCED -> 1
SAFE_PLACE_EARLY_STOP -> 2
safe_place_method -> 0
UCT_UCB1 -> 0
UCT_UCB1_TURNED -> 1
uct_method -> 0
uctBias -> 0.0
progressiveUnpruningEnable -> true
progressiveUnpruningT -> 20
progressiveUnpruningKInit -> 2
progressiveUnpruningA -> 60.0
progressiveUnpruningB -> 1.2
WARNING: Invalid agent ID: 7
0-10-4--1-0-7-0-5 [DoNothing,MCV2,DoNothing,MCTS]
1636288720574, 63934, 0/40, [LOSS (0), TIE (1), LOSS (0), TIE (0)]
1636288749554, 63934, 1/40, [LOSS (0), TIE (1), LOSS (0), TIE (0)]
1636288772609, 63934, 2/40, [LOSS (0), TIE (1), LOSS (0), TIE (0)]
1636288795105, 63934, 3/40, [LOSS (0), TIE (1), LOSS (0), TIE (0)]
1636288817014, 66874, 4/40, [LOSS (0), WIN (1), LOSS (0), LOSS (0)]
1636288842338, 66874, 5/40, [LOSS (0), LOSS (1), LOSS (0), WIN (0)]
1636288867524, 66874, 6/40, [LOSS (0), TIE (1), LOSS (0), TIE (0)]
1636288894571, 66874, 7/40, [LOSS (0), WIN (1), LOSS (0), LOSS (0)]
1636288918291, 42722, 8/40, [LOSS (0), LOSS (1), LOSS (0), WIN (0)]
1636288941275, 42722, 9/40, [LOSS (0), LOSS (1), LOSS (0), WIN (0)]
1636288967965, 42722, 10/40, [LOSS (0), WIN (1), LOSS (0), LOSS (0)]
1636288989664, 42722, 11/40, [LOSS (0), LOSS (1), LOSS (0), WIN (0)]
1636289015010, 25603, 12/40, [LOSS (0), TIE (1), LOSS (0), TIE (0)]
1636289037858, 25603, 13/40, [LOSS (0), TIE (1), LOSS (0), TIE (0)]
1636289060438, 25603, 14/40, [LOSS (0), TIE (1), LOSS (0), TIE (0)]
1636289082820, 25603, 15/40, [LOSS (0), TIE (1), LOSS (0), TIE (0)]
1636289104898, 22426, 16/40, [LOSS (0), LOSS (1), LOSS (0), WIN (0)]
1636289131491, 22426, 17/40, [LOSS (0), LOSS (1), LOSS (0), WIN (0)]
1636289154941, 22426, 18/40, [LOSS (0), WIN (1), LOSS (0), LOSS (0)]
1636289180434, 22426, 19/40, [LOSS (0), TIE (1), LOSS (0), TIE (0)]
1636289207209, 53228, 20/40, [LOSS (0), TIE (1), LOSS (0), TIE (0)]
1636289234660, 53228, 21/40, [LOSS (0), LOSS (1), LOSS (0), WIN (0)]
1636289261098, 53228, 22/40, [LOSS (0), TIE (1), LOSS (0), TIE (0)]
1636289287911, 53228, 23/40, [LOSS (0), TIE (1), LOSS (0), TIE (0)]
1636289315038, 39157, 24/40, [LOSS (0), LOSS (1), LOSS (0), WIN (0)]
1636289339450, 39157, 25/40, [LOSS (0), LOSS (1), LOSS (0), WIN (0)]
1636289365202, 39157, 26/40, [LOSS (0), WIN (1), LOSS (0), LOSS (0)]
1636289390247, 39157, 27/40, [LOSS (0), WIN (1), LOSS (0), LOSS (0)]
1636289414792, 17350, 28/40, [LOSS (0), TIE (1), LOSS (0), TIE (0)]
1636289439741, 17350, 29/40, [LOSS (0), TIE (1), LOSS (0), TIE (0)]
1636289464619, 17350, 30/40, [LOSS (0), TIE (1), LOSS (0), TIE (0)]
1636289490774, 17350, 31/40, [LOSS (0), LOSS (1), LOSS (0), WIN (0)]
1636289515984, 54837, 32/40, [LOSS (0), TIE (1), LOSS (0), TIE (0)]
1636289538953, 54837, 33/40, [LOSS (0), TIE (1), LOSS (0), TIE (0)]
1636289563385, 54837, 34/40, [LOSS (0), TIE (1), LOSS (0), TIE (0)]
1636289586489, 54837, 35/40, [LOSS (0), TIE (1), LOSS (0), TIE (0)]
1636289610287, 93839, 36/40, [LOSS (0), LOSS (1), LOSS (0), WIN (0)]
1636289635145, 93839, 37/40, [LOSS (0), LOSS (1), LOSS (0), WIN (0)]
1636289660381, 93839, 38/40, [LOSS (0), LOSS (1), LOSS (0), WIN (0)]
1636289683339, 93839, 39/40, [LOSS (0), LOSS (1), LOSS (0), WIN (0)]
N 	Win 	Tie 	Loss 	Player (overtime average)
40	0.0%	0.0%	100.0%	players.DoNothingPlayer (0.0)
40	15.0%	50.0%	35.0%	players.mcts_v2.mcts.MCTSPlayer_V2 (1.0)
40	0.0%	0.0%	100.0%	players.DoNothingPlayer (0.0)
40	35.0%	50.0%	15.0%	players.mcts.MCTSPlayer (0.0)
java -jar out/eval/java-pommerman.jar 0 10 4 -1 0 7 0 5 200 12 UCT_UCB1 SAFE_PLACE_DEFAULT CUSTOM_HEURISTIC 0 true 20 2 60 1.2
