HUGE_NEGATIVE -> -1000.0
HUGE_POSITIVE -> 1000.0
STOP_TIME -> 0
STOP_ITERATIONS -> 1
STOP_FMCALLS -> 2
CUSTOM_HEURISTIC -> 0
ADVANCED_HEURISTIC -> 1
epsilon -> 1.0E-6
K -> 1.4142135623730951
rollout_depth -> 12
heuristic_method -> 0
stop_type -> 1
num_iterations -> 200
num_fmcalls -> 2000
num_time -> 40
SAFE_PLACE_DEFAULT -> 0
SAFE_PLACE_ADVANCED -> 1
SAFE_PLACE_EARLY_STOP -> 2
safe_place_method -> 0
UCT_UCB1 -> 0
UCT_UCB1_TURNED -> 1
uct_method -> 0
uctBias -> 0.0
progressiveUnpruningEnable -> true
progressiveUnpruningT -> 20
progressiveUnpruningKInit -> 4
progressiveUnpruningA -> 60.0
progressiveUnpruningB -> 1.3
WARNING: Invalid agent ID: 7
0-10-4--1-0-7-0-5 [DoNothing,MCV2,DoNothing,MCTS]
1636293457345, 42241, 0/40, [LOSS (0), TIE (1), LOSS (0), TIE (0)]
1636293473589, 42241, 1/40, [LOSS (0), TIE (1), LOSS (0), TIE (0)]
1636293486928, 42241, 2/40, [LOSS (0), TIE (1), LOSS (0), TIE (0)]
1636293501782, 42241, 3/40, [LOSS (0), TIE (1), LOSS (0), TIE (0)]
1636293515780, 1404, 4/40, [LOSS (0), TIE (1), LOSS (0), TIE (0)]
1636293531000, 1404, 5/40, [LOSS (0), TIE (1), LOSS (0), TIE (0)]
1636293544646, 1404, 6/40, [LOSS (0), TIE (1), LOSS (0), TIE (0)]
1636293557844, 1404, 7/40, [LOSS (0), TIE (1), LOSS (0), TIE (0)]
1636293571147, 12948, 8/40, [LOSS (0), TIE (1), LOSS (0), TIE (0)]
1636293586808, 12948, 9/40, [LOSS (0), TIE (1), LOSS (0), TIE (0)]
1636293602811, 12948, 10/40, [LOSS (0), TIE (1), LOSS (0), TIE (0)]
1636293618329, 12948, 11/40, [LOSS (0), LOSS (1), LOSS (0), WIN (0)]
1636293633395, 59894, 12/40, [LOSS (0), TIE (1), LOSS (0), TIE (0)]
1636293646882, 59894, 13/40, [LOSS (0), TIE (1), LOSS (0), TIE (0)]
1636293660831, 59894, 14/40, [LOSS (0), TIE (1), LOSS (0), TIE (0)]
1636293674979, 59894, 15/40, [LOSS (0), TIE (1), LOSS (0), TIE (0)]
1636293688685, 81558, 16/40, [LOSS (0), WIN (1), LOSS (0), LOSS (0)]
1636293704539, 81558, 17/40, [LOSS (0), LOSS (1), LOSS (0), WIN (0)]
1636293720107, 81558, 18/40, [LOSS (0), TIE (1), LOSS (0), TIE (0)]
1636293736243, 81558, 19/40, [LOSS (0), WIN (1), LOSS (0), LOSS (0)]
1636293751544, 1092, 20/40, [LOSS (0), LOSS (1), LOSS (0), WIN (0)]
1636293765232, 1092, 21/40, [LOSS (0), LOSS (1), LOSS (0), WIN (0)]
1636293779185, 1092, 22/40, [LOSS (0), LOSS (1), LOSS (0), WIN (0)]
1636293794113, 1092, 23/40, [LOSS (0), LOSS (1), LOSS (0), WIN (0)]
1636293808594, 42572, 24/40, [LOSS (0), TIE (1), LOSS (0), TIE (0)]
1636293822897, 42572, 25/40, [LOSS (0), LOSS (1), LOSS (0), WIN (0)]
1636293836466, 42572, 26/40, [LOSS (0), WIN (1), LOSS (0), LOSS (0)]
1636293849298, 42572, 27/40, [LOSS (0), TIE (1), LOSS (0), TIE (0)]
1636293863786, 66105, 28/40, [LOSS (0), TIE (1), LOSS (0), TIE (0)]
1636293877481, 66105, 29/40, [LOSS (0), LOSS (1), LOSS (0), WIN (0)]
1636293893346, 66105, 30/40, [LOSS (0), LOSS (1), LOSS (0), WIN (0)]
1636293908134, 66105, 31/40, [LOSS (0), TIE (1), LOSS (0), TIE (0)]
1636293922934, 13422, 32/40, [LOSS (0), TIE (1), LOSS (0), TIE (0)]
1636293938229, 13422, 33/40, [LOSS (0), LOSS (1), LOSS (0), WIN (0)]
1636293953987, 13422, 34/40, [LOSS (0), LOSS (1), LOSS (0), WIN (0)]
1636293967675, 13422, 35/40, [LOSS (0), WIN (1), LOSS (0), LOSS (0)]
1636293983960, 67126, 36/40, [LOSS (0), LOSS (1), LOSS (0), WIN (0)]
1636293998988, 67126, 37/40, [LOSS (0), LOSS (1), LOSS (0), WIN (0)]
1636294014353, 67126, 38/40, [LOSS (0), LOSS (1), LOSS (0), WIN (0)]
1636294029966, 67126, 39/40, [LOSS (0), WIN (1), LOSS (0), LOSS (0)]
N 	Win 	Tie 	Loss 	Player (overtime average)
40	0.0%	0.0%	100.0%	players.DoNothingPlayer (0.0)
40	12.5%	52.5%	35.0%	players.mcts_v2.mcts.MCTSPlayer_V2 (1.0)
40	0.0%	0.0%	100.0%	players.DoNothingPlayer (0.0)
40	35.0%	52.5%	12.5%	players.mcts.MCTSPlayer (0.0)
java -jar out/eval/java-pommerman.jar 0 10 4 -1 0 7 0 5 200 12 UCT_UCB1 SAFE_PLACE_DEFAULT CUSTOM_HEURISTIC 0 true 20 4 60 1.3
