HUGE_NEGATIVE -> -1000.0
HUGE_POSITIVE -> 1000.0
STOP_TIME -> 0
STOP_ITERATIONS -> 1
STOP_FMCALLS -> 2
CUSTOM_HEURISTIC -> 0
ADVANCED_HEURISTIC -> 1
epsilon -> 1.0E-6
K -> 1.4142135623730951
rollout_depth -> 12
heuristic_method -> 0
stop_type -> 1
num_iterations -> 200
num_fmcalls -> 2000
num_time -> 40
SAFE_PLACE_DEFAULT -> 0
SAFE_PLACE_ADVANCED -> 1
SAFE_PLACE_EARLY_STOP -> 2
safe_place_method -> 0
UCT_UCB1 -> 0
UCT_UCB1_TURNED -> 1
uct_method -> 0
uctBias -> 0.0
progressiveUnpruningEnable -> true
progressiveUnpruningT -> 30
progressiveUnpruningKInit -> 4
progressiveUnpruningA -> 60.0
progressiveUnpruningB -> 1.2
WARNING: Invalid agent ID: 7
0-10-4--1-0-7-0-5 [DoNothing,MCV2,DoNothing,MCTS]
1636297117122, 51558, 0/40, [LOSS (0), TIE (1), LOSS (0), TIE (0)]
1636297136294, 51558, 1/40, [LOSS (0), TIE (1), LOSS (0), TIE (0)]
1636297152184, 51558, 2/40, [LOSS (0), LOSS (1), LOSS (0), WIN (0)]
1636297167094, 51558, 3/40, [LOSS (0), TIE (1), LOSS (0), TIE (0)]
1636297183443, 85470, 4/40, [LOSS (0), TIE (1), LOSS (0), TIE (0)]
1636297199334, 85470, 5/40, [LOSS (0), TIE (1), LOSS (0), TIE (0)]
1636297215149, 85470, 6/40, [LOSS (0), TIE (1), LOSS (0), TIE (0)]
1636297231081, 85470, 7/40, [LOSS (0), TIE (1), LOSS (0), TIE (0)]
1636297247210, 310, 8/40, [LOSS (0), WIN (1), LOSS (0), LOSS (0)]
1636297264001, 310, 9/40, [LOSS (0), WIN (1), LOSS (0), LOSS (0)]
1636297281941, 310, 10/40, [LOSS (0), TIE (1), LOSS (0), TIE (0)]
1636297300357, 310, 11/40, [LOSS (0), LOSS (1), LOSS (0), WIN (0)]
1636297318591, 97205, 12/40, [LOSS (0), TIE (1), LOSS (0), TIE (0)]
1636297336763, 97205, 13/40, [LOSS (0), TIE (1), LOSS (0), TIE (0)]
1636297355824, 97205, 14/40, [LOSS (0), WIN (1), LOSS (0), LOSS (0)]
1636297372859, 97205, 15/40, [LOSS (0), WIN (1), LOSS (0), LOSS (0)]
1636297391074, 72825, 16/40, [LOSS (0), WIN (1), LOSS (0), LOSS (0)]
1636297407304, 72825, 17/40, [LOSS (0), TIE (1), LOSS (0), TIE (0)]
1636297425388, 72825, 18/40, [LOSS (0), LOSS (1), LOSS (0), WIN (0)]
1636297444925, 72825, 19/40, [LOSS (0), WIN (1), LOSS (0), LOSS (0)]
1636297463035, 37069, 20/40, [LOSS (0), TIE (1), LOSS (0), TIE (0)]
1636297483176, 37069, 21/40, [LOSS (0), TIE (1), LOSS (0), TIE (0)]
1636297502488, 37069, 22/40, [LOSS (0), TIE (1), LOSS (0), TIE (0)]
1636297521593, 37069, 23/40, [LOSS (0), WIN (1), LOSS (0), LOSS (0)]
1636297539716, 96572, 24/40, [LOSS (0), TIE (1), LOSS (0), TIE (0)]
1636297558941, 96572, 25/40, [LOSS (0), WIN (1), LOSS (0), LOSS (0)]
1636297577704, 96572, 26/40, [LOSS (0), TIE (1), LOSS (0), TIE (0)]
1636297595781, 96572, 27/40, [LOSS (0), TIE (1), LOSS (0), TIE (0)]
1636297615096, 29142, 28/40, [LOSS (0), TIE (1), LOSS (0), TIE (0)]
1636297631746, 29142, 29/40, [LOSS (0), TIE (1), LOSS (0), TIE (0)]
1636297653106, 29142, 30/40, [LOSS (0), TIE (1), LOSS (0), TIE (0)]
1636297675797, 29142, 31/40, [LOSS (0), TIE (1), LOSS (0), TIE (0)]
1636297696821, 65489, 32/40, [LOSS (0), LOSS (1), LOSS (0), WIN (0)]
1636297717076, 65489, 33/40, [LOSS (0), TIE (1), LOSS (0), TIE (0)]
1636297735800, 65489, 34/40, [LOSS (0), WIN (1), LOSS (0), LOSS (0)]
1636297756185, 65489, 35/40, [LOSS (0), WIN (1), LOSS (0), LOSS (0)]
1636297784007, 41971, 36/40, [LOSS (0), LOSS (1), LOSS (0), WIN (0)]
1636297807136, 41971, 37/40, [LOSS (0), WIN (1), LOSS (0), LOSS (0)]
1636297823804, 41971, 38/40, [LOSS (0), LOSS (1), LOSS (0), WIN (0)]
1636297841991, 41971, 39/40, [LOSS (0), TIE (1), LOSS (0), TIE (0)]
N 	Win 	Tie 	Loss 	Player (overtime average)
40	0.0%	0.0%	100.0%	players.DoNothingPlayer (0.0)
40	27.5%	57.5%	15.0%	players.mcts_v2.mcts.MCTSPlayer_V2 (1.0)
40	0.0%	0.0%	100.0%	players.DoNothingPlayer (0.0)
40	15.0%	57.5%	27.5%	players.mcts.MCTSPlayer (0.0)
java -jar out/eval/java-pommerman.jar 0 10 4 -1 0 7 0 5 200 12 UCT_UCB1 SAFE_PLACE_DEFAULT CUSTOM_HEURISTIC 0 true 30 4 60 1.2
