HUGE_NEGATIVE -> -1000.0
HUGE_POSITIVE -> 1000.0
STOP_TIME -> 0
STOP_ITERATIONS -> 1
STOP_FMCALLS -> 2
CUSTOM_HEURISTIC -> 0
ADVANCED_HEURISTIC -> 1
epsilon -> 1.0E-6
K -> 1.4142135623730951
rollout_depth -> 12
heuristic_method -> 0
stop_type -> 1
num_iterations -> 200
num_fmcalls -> 2000
num_time -> 40
SAFE_PLACE_DEFAULT -> 0
SAFE_PLACE_ADVANCED -> 1
SAFE_PLACE_EARLY_STOP -> 2
safe_place_method -> 0
UCT_UCB1 -> 0
UCT_UCB1_TURNED -> 1
uct_method -> 0
uctBias -> 0.0
progressiveUnpruningEnable -> true
progressiveUnpruningT -> 30
progressiveUnpruningKInit -> 2
progressiveUnpruningA -> 50.0
progressiveUnpruningB -> 1.2
WARNING: Invalid agent ID: 7
0-10-4--1-0-7-0-5 [DoNothing,MCV2,DoNothing,MCTS]
1636294112128, 65271, 0/40, [LOSS (0), WIN (0), LOSS (0), LOSS (0)]
1636294131374, 65271, 1/40, [LOSS (0), WIN (0), LOSS (0), LOSS (0)]
1636294146350, 65271, 2/40, [LOSS (0), LOSS (0), LOSS (0), WIN (0)]
1636294160974, 65271, 3/40, [LOSS (0), LOSS (0), LOSS (0), WIN (0)]
1636294175774, 32897, 4/40, [LOSS (0), WIN (0), LOSS (0), LOSS (0)]
1636294190611, 32897, 5/40, [LOSS (0), WIN (0), LOSS (0), LOSS (0)]
1636294205003, 32897, 6/40, [LOSS (0), TIE (0), LOSS (0), TIE (0)]
1636294220584, 32897, 7/40, [LOSS (0), TIE (0), LOSS (0), TIE (0)]
1636294236994, 86595, 8/40, [LOSS (0), WIN (0), LOSS (0), LOSS (0)]
1636294250824, 86595, 9/40, [LOSS (0), WIN (0), LOSS (0), LOSS (0)]
1636294264850, 86595, 10/40, [LOSS (0), WIN (0), LOSS (0), LOSS (0)]
1636294278905, 86595, 11/40, [LOSS (0), LOSS (0), LOSS (0), WIN (0)]
1636294293264, 94459, 12/40, [LOSS (0), LOSS (0), LOSS (0), WIN (0)]
1636294308933, 94459, 13/40, [LOSS (0), TIE (0), LOSS (0), TIE (0)]
1636294324112, 94459, 14/40, [LOSS (0), TIE (0), LOSS (0), TIE (0)]
1636294339507, 94459, 15/40, [LOSS (0), TIE (0), LOSS (0), TIE (0)]
1636294355462, 45211, 16/40, [LOSS (0), WIN (0), LOSS (0), LOSS (0)]
1636294370048, 45211, 17/40, [LOSS (0), WIN (0), LOSS (0), LOSS (0)]
1636294385326, 45211, 18/40, [LOSS (0), LOSS (0), LOSS (0), WIN (0)]
1636294399341, 45211, 19/40, [LOSS (0), LOSS (0), LOSS (0), WIN (0)]
1636294412966, 21483, 20/40, [LOSS (0), TIE (0), LOSS (0), TIE (0)]
1636294426475, 21483, 21/40, [LOSS (0), WIN (0), LOSS (0), LOSS (0)]
1636294440110, 21483, 22/40, [LOSS (0), TIE (0), LOSS (0), TIE (0)]
1636294453903, 21483, 23/40, [LOSS (0), TIE (0), LOSS (0), TIE (0)]
1636294467538, 9799, 24/40, [LOSS (0), LOSS (0), LOSS (0), WIN (0)]
1636294482221, 9799, 25/40, [LOSS (0), WIN (0), LOSS (0), LOSS (0)]
1636294496056, 9799, 26/40, [LOSS (0), LOSS (0), LOSS (0), WIN (0)]
1636294511167, 9799, 27/40, [LOSS (0), WIN (0), LOSS (0), LOSS (0)]
1636294524898, 28453, 28/40, [LOSS (0), LOSS (0), LOSS (0), WIN (0)]
1636294538808, 28453, 29/40, [LOSS (0), LOSS (0), LOSS (0), WIN (0)]
1636294552519, 28453, 30/40, [LOSS (0), LOSS (0), LOSS (0), WIN (0)]
1636294566378, 28453, 31/40, [LOSS (0), WIN (0), LOSS (0), LOSS (0)]
1636294581716, 77559, 32/40, [LOSS (0), TIE (0), LOSS (0), TIE (0)]
1636294597594, 77559, 33/40, [LOSS (0), TIE (0), LOSS (0), TIE (0)]
1636294614296, 77559, 34/40, [LOSS (0), LOSS (0), LOSS (0), WIN (0)]
1636294631625, 77559, 35/40, [LOSS (0), TIE (0), LOSS (0), TIE (0)]
1636294647913, 97556, 36/40, [LOSS (0), LOSS (0), LOSS (0), WIN (0)]
1636294662779, 97556, 37/40, [LOSS (0), LOSS (0), LOSS (0), WIN (0)]
1636294676525, 97556, 38/40, [LOSS (0), LOSS (0), LOSS (0), WIN (0)]
1636294691082, 97556, 39/40, [LOSS (0), WIN (0), LOSS (0), LOSS (0)]
N 	Win 	Tie 	Loss 	Player (overtime average)
40	0.0%	0.0%	100.0%	players.DoNothingPlayer (0.0)
40	35.0%	27.5%	37.5%	players.mcts_v2.mcts.MCTSPlayer_V2 (0.0)
40	0.0%	0.0%	100.0%	players.DoNothingPlayer (0.0)
40	37.5%	27.5%	35.0%	players.mcts.MCTSPlayer (0.0)
java -jar out/eval/java-pommerman.jar 0 10 4 -1 0 7 0 5 200 12 UCT_UCB1 SAFE_PLACE_DEFAULT CUSTOM_HEURISTIC 0 true 30 2 50 1.2
