HUGE_NEGATIVE -> -1000.0
HUGE_POSITIVE -> 1000.0
STOP_TIME -> 0
STOP_ITERATIONS -> 1
STOP_FMCALLS -> 2
CUSTOM_HEURISTIC -> 0
ADVANCED_HEURISTIC -> 1
epsilon -> 1.0E-6
K -> 1.4142135623730951
rollout_depth -> 12
heuristic_method -> 0
stop_type -> 1
num_iterations -> 200
num_fmcalls -> 2000
num_time -> 40
SAFE_PLACE_DEFAULT -> 0
SAFE_PLACE_ADVANCED -> 1
SAFE_PLACE_EARLY_STOP -> 2
safe_place_method -> 0
UCT_UCB1 -> 0
UCT_UCB1_TURNED -> 1
uct_method -> 0
uctBias -> 0.0
progressiveUnpruningEnable -> true
progressiveUnpruningT -> 40
progressiveUnpruningKInit -> 2
progressiveUnpruningA -> 50.0
progressiveUnpruningB -> 1.2
WARNING: Invalid agent ID: 7
0-10-4--1-0-7-0-5 [DoNothing,MCV2,DoNothing,MCTS]
1636298601970, 18734, 0/40, [LOSS (0), LOSS (1), LOSS (0), WIN (0)]
1636298634663, 18734, 1/40, [LOSS (0), LOSS (1), LOSS (0), WIN (0)]
1636298655426, 18734, 2/40, [LOSS (0), LOSS (1), LOSS (0), WIN (0)]
1636298675105, 18734, 3/40, [LOSS (0), LOSS (1), LOSS (0), WIN (0)]
1636298700107, 41696, 4/40, [LOSS (0), TIE (1), LOSS (0), TIE (0)]
1636298734615, 41696, 5/40, [LOSS (0), TIE (1), LOSS (0), TIE (0)]
1636298758321, 41696, 6/40, [LOSS (0), TIE (1), LOSS (0), TIE (0)]
1636298783468, 41696, 7/40, [LOSS (0), TIE (1), LOSS (0), TIE (0)]
1636298804970, 20909, 8/40, [LOSS (0), TIE (1), LOSS (0), TIE (0)]
1636298822019, 20909, 9/40, [LOSS (0), TIE (1), LOSS (0), TIE (0)]
1636298839273, 20909, 10/40, [LOSS (0), TIE (1), LOSS (0), TIE (0)]
1636298855983, 20909, 11/40, [LOSS (0), TIE (1), LOSS (0), TIE (0)]
1636298873576, 85072, 12/40, [LOSS (0), TIE (1), LOSS (0), TIE (0)]
1636298896884, 85072, 13/40, [LOSS (0), TIE (1), LOSS (0), TIE (0)]
1636298920140, 85072, 14/40, [LOSS (0), TIE (1), LOSS (0), TIE (0)]
1636298949139, 85072, 15/40, [LOSS (0), WIN (1), LOSS (0), LOSS (0)]
1636298968559, 33436, 16/40, [LOSS (0), TIE (1), LOSS (0), TIE (0)]
1636298989415, 33436, 17/40, [LOSS (0), TIE (1), LOSS (0), TIE (0)]
1636299013274, 33436, 18/40, [LOSS (0), TIE (1), LOSS (0), TIE (0)]
1636299042163, 33436, 19/40, [LOSS (0), LOSS (1), LOSS (0), WIN (0)]
1636299061504, 39469, 20/40, [LOSS (0), LOSS (1), LOSS (0), WIN (0)]
1636299079835, 39469, 21/40, [TIE (0), TIE (1), TIE (0), TIE (0)]
1636299098699, 39469, 22/40, [TIE (0), TIE (1), TIE (0), TIE (0)]
1636299118363, 39469, 23/40, [LOSS (0), WIN (1), LOSS (0), LOSS (0)]
1636299139097, 37132, 24/40, [LOSS (0), WIN (1), LOSS (0), LOSS (0)]
1636299167897, 37132, 25/40, [LOSS (0), LOSS (1), LOSS (0), WIN (0)]
1636299192881, 37132, 26/40, [LOSS (0), LOSS (1), LOSS (0), WIN (0)]
1636299220982, 37132, 27/40, [LOSS (0), LOSS (1), LOSS (0), WIN (0)]
1636299245952, 18485, 28/40, [LOSS (0), TIE (1), LOSS (0), TIE (0)]
1636299274259, 18485, 29/40, [LOSS (0), WIN (1), LOSS (0), LOSS (0)]
1636299299407, 18485, 30/40, [LOSS (0), TIE (1), LOSS (0), TIE (0)]
1636299325096, 18485, 31/40, [LOSS (0), TIE (1), LOSS (0), TIE (0)]
1636299350133, 14095, 32/40, [LOSS (0), TIE (1), LOSS (0), TIE (0)]
1636299371825, 14095, 33/40, [LOSS (0), TIE (1), LOSS (0), TIE (0)]
1636299396576, 14095, 34/40, [LOSS (0), TIE (1), LOSS (0), TIE (0)]
1636299419711, 14095, 35/40, [LOSS (0), TIE (1), LOSS (0), TIE (0)]
1636299441937, 7795, 36/40, [LOSS (0), TIE (1), LOSS (0), TIE (0)]
1636299472407, 7795, 37/40, [LOSS (0), TIE (1), LOSS (0), TIE (0)]
1636299495917, 7795, 38/40, [LOSS (0), TIE (1), LOSS (0), TIE (0)]
1636299517994, 7795, 39/40, [LOSS (0), TIE (1), LOSS (0), TIE (0)]
N 	Win 	Tie 	Loss 	Player (overtime average)
40	0.0%	5.0%	95.0%	players.DoNothingPlayer (0.0)
40	10.0%	67.5%	22.5%	players.mcts_v2.mcts.MCTSPlayer_V2 (1.0)
40	0.0%	5.0%	95.0%	players.DoNothingPlayer (0.0)
40	22.5%	67.5%	10.0%	players.mcts.MCTSPlayer (0.0)
java -jar out/eval/java-pommerman.jar 0 10 4 -1 0 7 0 5 200 12 UCT_UCB1 SAFE_PLACE_DEFAULT CUSTOM_HEURISTIC 0 true 40 2 50 1.2
