HUGE_NEGATIVE -> -1000.0
HUGE_POSITIVE -> 1000.0
STOP_TIME -> 0
STOP_ITERATIONS -> 1
STOP_FMCALLS -> 2
CUSTOM_HEURISTIC -> 0
ADVANCED_HEURISTIC -> 1
epsilon -> 1.0E-6
K -> 1.4142135623730951
rollout_depth -> 12
heuristic_method -> 0
stop_type -> 1
num_iterations -> 200
num_fmcalls -> 2000
num_time -> 40
SAFE_PLACE_DEFAULT -> 0
SAFE_PLACE_ADVANCED -> 1
SAFE_PLACE_EARLY_STOP -> 2
safe_place_method -> 0
UCT_UCB1 -> 0
UCT_UCB1_TURNED -> 1
uct_method -> 0
uctBias -> 0.0
progressiveUnpruningEnable -> true
progressiveUnpruningT -> 20
progressiveUnpruningKInit -> 2
progressiveUnpruningA -> 60.0
progressiveUnpruningB -> 1.4
WARNING: Invalid agent ID: 7
0-10-4--1-0-7-0-5 [DoNothing,MCV2,DoNothing,MCTS]
1636289707324, 86044, 0/40, [LOSS (0), WIN (1), LOSS (0), LOSS (0)]
1636289737429, 86044, 1/40, [LOSS (0), WIN (1), LOSS (0), LOSS (0)]
1636289762203, 86044, 2/40, [LOSS (0), TIE (1), LOSS (0), TIE (0)]
1636289792550, 86044, 3/40, [LOSS (0), LOSS (1), LOSS (0), WIN (0)]
1636289820770, 88802, 4/40, [LOSS (0), LOSS (1), LOSS (0), WIN (0)]
1636289846203, 88802, 5/40, [LOSS (0), LOSS (1), LOSS (0), WIN (0)]
1636289871079, 88802, 6/40, [LOSS (0), TIE (1), LOSS (0), TIE (0)]
1636289897827, 88802, 7/40, [LOSS (0), TIE (1), LOSS (0), TIE (0)]
1636289924340, 22204, 8/40, [LOSS (0), LOSS (1), LOSS (0), WIN (0)]
1636289950498, 22204, 9/40, [LOSS (0), LOSS (1), LOSS (0), WIN (0)]
1636289977641, 22204, 10/40, [LOSS (0), LOSS (1), LOSS (0), WIN (0)]
1636290003811, 22204, 11/40, [LOSS (0), WIN (1), LOSS (0), LOSS (0)]
1636290029303, 75220, 12/40, [LOSS (0), TIE (1), LOSS (0), TIE (0)]
1636290055826, 75220, 13/40, [LOSS (0), LOSS (1), LOSS (0), WIN (0)]
1636290080307, 75220, 14/40, [LOSS (0), WIN (1), LOSS (0), LOSS (0)]
1636290103062, 75220, 15/40, [LOSS (0), TIE (1), LOSS (0), TIE (0)]
1636290129649, 37006, 16/40, [LOSS (0), TIE (1), LOSS (0), TIE (0)]
1636290157747, 37006, 17/40, [LOSS (0), TIE (1), LOSS (0), TIE (0)]
1636290185641, 37006, 18/40, [LOSS (0), TIE (1), LOSS (0), TIE (0)]
1636290212793, 37006, 19/40, [LOSS (0), TIE (1), LOSS (0), TIE (0)]
1636290240144, 59226, 20/40, [LOSS (0), WIN (1), LOSS (0), LOSS (0)]
1636290268061, 59226, 21/40, [LOSS (0), WIN (1), LOSS (0), LOSS (0)]
1636290294246, 59226, 22/40, [LOSS (0), TIE (1), LOSS (0), TIE (0)]
1636290321097, 59226, 23/40, [LOSS (0), WIN (1), LOSS (0), LOSS (0)]
1636290347235, 93217, 24/40, [LOSS (0), WIN (1), LOSS (0), LOSS (0)]
1636290371311, 93217, 25/40, [LOSS (0), WIN (1), LOSS (0), LOSS (0)]
1636290397620, 93217, 26/40, [LOSS (0), TIE (1), LOSS (0), TIE (0)]
1636290424815, 93217, 27/40, [LOSS (0), LOSS (1), LOSS (0), WIN (0)]
1636290449640, 64102, 28/40, [LOSS (0), LOSS (1), LOSS (0), WIN (0)]
1636290476158, 64102, 29/40, [LOSS (0), LOSS (1), LOSS (0), WIN (0)]
1636290500262, 64102, 30/40, [LOSS (0), WIN (1), LOSS (0), LOSS (0)]
1636290522957, 64102, 31/40, [LOSS (0), WIN (1), LOSS (0), LOSS (0)]
1636290551385, 32212, 32/40, [LOSS (0), WIN (1), LOSS (0), LOSS (0)]
1636290574621, 32212, 33/40, [LOSS (0), TIE (1), LOSS (0), TIE (0)]
1636290600117, 32212, 34/40, [LOSS (0), LOSS (1), LOSS (0), WIN (0)]
1636290624026, 32212, 35/40, [LOSS (0), TIE (1), LOSS (0), TIE (0)]
1636290650288, 62353, 36/40, [LOSS (0), WIN (1), LOSS (0), LOSS (0)]
1636290675701, 62353, 37/40, [LOSS (0), WIN (1), LOSS (0), LOSS (0)]
1636290700276, 62353, 38/40, [LOSS (0), WIN (1), LOSS (0), LOSS (0)]
1636290727444, 62353, 39/40, [LOSS (0), TIE (1), LOSS (0), TIE (0)]
N 	Win 	Tie 	Loss 	Player (overtime average)
40	0.0%	0.0%	100.0%	players.DoNothingPlayer (0.0)
40	37.5%	35.0%	27.5%	players.mcts_v2.mcts.MCTSPlayer_V2 (1.0)
40	0.0%	0.0%	100.0%	players.DoNothingPlayer (0.0)
40	27.5%	35.0%	37.5%	players.mcts.MCTSPlayer (0.0)
java -jar out/eval/java-pommerman.jar 0 10 4 -1 0 7 0 5 200 12 UCT_UCB1 SAFE_PLACE_DEFAULT CUSTOM_HEURISTIC 0 true 20 2 60 1.4
