HUGE_NEGATIVE -> -1000.0
HUGE_POSITIVE -> 1000.0
STOP_TIME -> 0
STOP_ITERATIONS -> 1
STOP_FMCALLS -> 2
CUSTOM_HEURISTIC -> 0
ADVANCED_HEURISTIC -> 1
epsilon -> 1.0E-6
K -> 1.4142135623730951
rollout_depth -> 12
heuristic_method -> 0
stop_type -> 1
num_iterations -> 200
num_fmcalls -> 2000
num_time -> 40
SAFE_PLACE_DEFAULT -> 0
SAFE_PLACE_ADVANCED -> 1
SAFE_PLACE_EARLY_STOP -> 2
safe_place_method -> 0
UCT_UCB1 -> 0
UCT_UCB1_TURNED -> 1
uct_method -> 0
uctBias -> 0.0
progressiveUnpruningEnable -> true
progressiveUnpruningT -> 40
progressiveUnpruningKInit -> 4
progressiveUnpruningA -> 40.0
progressiveUnpruningB -> 1.4
WARNING: Invalid agent ID: 7
0-10-4--1-0-7-0-5 [DoNothing,MCV2,DoNothing,MCTS]
1636302360709, 52458, 0/40, [LOSS (0), TIE (1), LOSS (0), TIE (0)]
1636302383823, 52458, 1/40, [LOSS (0), TIE (1), LOSS (0), TIE (0)]
1636302399902, 52458, 2/40, [LOSS (0), TIE (1), LOSS (0), TIE (0)]
1636302415938, 52458, 3/40, [LOSS (0), TIE (1), LOSS (0), TIE (0)]
1636302434759, 75621, 4/40, [LOSS (0), TIE (1), LOSS (0), TIE (0)]
1636302455298, 75621, 5/40, [LOSS (0), TIE (1), LOSS (0), TIE (0)]
1636302475865, 75621, 6/40, [LOSS (0), TIE (1), LOSS (0), TIE (0)]
1636302496889, 75621, 7/40, [LOSS (0), TIE (1), LOSS (0), TIE (0)]
1636302514808, 37696, 8/40, [LOSS (0), LOSS (1), LOSS (0), WIN (0)]
1636302533227, 37696, 9/40, [LOSS (0), LOSS (1), LOSS (0), WIN (0)]
1636302551437, 37696, 10/40, [LOSS (0), WIN (1), LOSS (0), LOSS (0)]
1636302570468, 37696, 11/40, [LOSS (0), WIN (1), LOSS (0), LOSS (0)]
1636302593648, 80711, 12/40, [LOSS (0), TIE (1), LOSS (0), TIE (0)]
1636302621708, 80711, 13/40, [LOSS (0), TIE (1), LOSS (0), TIE (0)]
1636302648331, 80711, 14/40, [LOSS (0), TIE (1), LOSS (0), TIE (0)]
1636302670140, 80711, 15/40, [LOSS (0), WIN (1), LOSS (0), LOSS (0)]
1636302691774, 19908, 16/40, [LOSS (0), WIN (1), LOSS (0), LOSS (0)]
1636302714525, 19908, 17/40, [LOSS (0), TIE (1), LOSS (0), TIE (0)]
1636302735835, 19908, 18/40, [LOSS (0), WIN (1), LOSS (0), LOSS (0)]
1636302754534, 19908, 19/40, [LOSS (0), LOSS (1), LOSS (0), WIN (0)]
1636302776690, 53556, 20/40, [LOSS (0), LOSS (1), LOSS (0), WIN (0)]
1636302804384, 53556, 21/40, [LOSS (0), LOSS (1), LOSS (0), WIN (0)]
1636302828843, 53556, 22/40, [LOSS (0), WIN (1), LOSS (0), LOSS (0)]
1636302845843, 53556, 23/40, [LOSS (0), WIN (1), LOSS (0), LOSS (0)]
1636302867185, 24378, 24/40, [LOSS (0), TIE (1), LOSS (0), TIE (0)]
1636302887269, 24378, 25/40, [LOSS (0), TIE (1), LOSS (0), TIE (0)]
1636302904731, 24378, 26/40, [LOSS (0), TIE (1), LOSS (0), TIE (0)]
1636302921195, 24378, 27/40, [LOSS (0), TIE (1), LOSS (0), TIE (0)]
1636302937167, 12804, 28/40, [LOSS (0), TIE (1), LOSS (0), TIE (0)]
1636302956262, 12804, 29/40, [LOSS (0), TIE (1), LOSS (0), TIE (0)]
1636302975587, 12804, 30/40, [LOSS (0), TIE (1), LOSS (0), TIE (0)]
1636302997921, 12804, 31/40, [LOSS (0), TIE (1), LOSS (0), TIE (0)]
1636303016811, 84655, 32/40, [LOSS (0), WIN (1), LOSS (0), LOSS (0)]
1636303035533, 84655, 33/40, [LOSS (0), LOSS (1), LOSS (0), WIN (0)]
1636303056243, 84655, 34/40, [LOSS (0), LOSS (1), LOSS (0), WIN (0)]
1636303075427, 84655, 35/40, [LOSS (0), WIN (1), LOSS (0), LOSS (0)]
1636303095445, 2089, 36/40, [LOSS (0), TIE (1), LOSS (0), TIE (0)]
1636303116003, 2089, 37/40, [LOSS (0), LOSS (1), LOSS (0), WIN (0)]
1636303134758, 2089, 38/40, [LOSS (0), LOSS (1), LOSS (0), WIN (0)]
1636303151542, 2089, 39/40, [LOSS (0), LOSS (1), LOSS (0), WIN (0)]
N 	Win 	Tie 	Loss 	Player (overtime average)
40	0.0%	0.0%	100.0%	players.DoNothingPlayer (0.0)
40	22.5%	52.5%	25.0%	players.mcts_v2.mcts.MCTSPlayer_V2 (1.0)
40	0.0%	0.0%	100.0%	players.DoNothingPlayer (0.0)
40	25.0%	52.5%	22.5%	players.mcts.MCTSPlayer (0.0)
java -jar out/eval/java-pommerman.jar 0 10 4 -1 0 7 0 5 200 12 UCT_UCB1 SAFE_PLACE_DEFAULT CUSTOM_HEURISTIC 0 true 40 4 40 1.4
