HUGE_NEGATIVE -> -1000.0
HUGE_POSITIVE -> 1000.0
STOP_TIME -> 0
STOP_ITERATIONS -> 1
STOP_FMCALLS -> 2
CUSTOM_HEURISTIC -> 0
ADVANCED_HEURISTIC -> 1
epsilon -> 1.0E-6
K -> 1.4142135623730951
rollout_depth -> 12
heuristic_method -> 0
stop_type -> 1
num_iterations -> 200
num_fmcalls -> 2000
num_time -> 40
SAFE_PLACE_DEFAULT -> 0
SAFE_PLACE_ADVANCED -> 1
SAFE_PLACE_EARLY_STOP -> 2
safe_place_method -> 0
UCT_UCB1 -> 0
UCT_UCB1_TURNED -> 1
uct_method -> 0
uctBias -> 0.0
progressiveUnpruningEnable -> true
progressiveUnpruningT -> 40
progressiveUnpruningKInit -> 3
progressiveUnpruningA -> 50.0
progressiveUnpruningB -> 1.4
WARNING: Invalid agent ID: 7
0-10-4--1-0-7-0-5 [DoNothing,MCV2,DoNothing,MCTS]
1636301414602, 96820, 0/40, [LOSS (0), LOSS (1), LOSS (0), WIN (0)]
1636301444759, 96820, 1/40, [LOSS (0), TIE (1), LOSS (0), TIE (0)]
1636301474573, 96820, 2/40, [LOSS (0), TIE (1), LOSS (0), TIE (0)]
1636301499733, 96820, 3/40, [LOSS (0), TIE (1), LOSS (0), TIE (0)]
1636301527079, 77588, 4/40, [LOSS (0), TIE (1), LOSS (0), TIE (0)]
1636301558905, 77588, 5/40, [LOSS (0), LOSS (1), LOSS (0), WIN (0)]
1636301590048, 77588, 6/40, [LOSS (0), TIE (1), LOSS (0), TIE (0)]
1636301612743, 77588, 7/40, [LOSS (0), TIE (1), LOSS (0), TIE (0)]
1636301638053, 27759, 8/40, [LOSS (0), LOSS (1), LOSS (0), WIN (0)]
1636301659322, 27759, 9/40, [LOSS (0), LOSS (1), LOSS (0), WIN (0)]
1636301680777, 27759, 10/40, [LOSS (0), LOSS (1), LOSS (0), WIN (0)]
1636301701123, 27759, 11/40, [LOSS (0), LOSS (1), LOSS (0), WIN (0)]
1636301722349, 50357, 12/40, [LOSS (0), TIE (1), LOSS (0), TIE (0)]
1636301745555, 50357, 13/40, [LOSS (0), TIE (1), LOSS (0), TIE (0)]
1636301769792, 50357, 14/40, [LOSS (0), TIE (1), LOSS (0), TIE (0)]
1636301794154, 50357, 15/40, [LOSS (0), TIE (1), LOSS (0), TIE (0)]
1636301816444, 23990, 16/40, [LOSS (0), TIE (1), LOSS (0), TIE (0)]
1636301836029, 23990, 17/40, [LOSS (0), TIE (1), LOSS (0), TIE (0)]
1636301855211, 23990, 18/40, [LOSS (0), TIE (1), LOSS (0), TIE (0)]
1636301872252, 23990, 19/40, [LOSS (0), TIE (1), LOSS (0), TIE (0)]
1636301891928, 5049, 20/40, [LOSS (0), WIN (1), LOSS (0), LOSS (0)]
1636301916010, 5049, 21/40, [LOSS (0), TIE (1), LOSS (0), TIE (0)]
1636301942175, 5049, 22/40, [LOSS (0), WIN (1), LOSS (0), LOSS (0)]
1636301965723, 5049, 23/40, [LOSS (0), TIE (1), LOSS (0), TIE (0)]
1636301986578, 40676, 24/40, [LOSS (0), TIE (1), LOSS (0), TIE (0)]
1636302007391, 40676, 25/40, [LOSS (0), TIE (1), LOSS (0), TIE (0)]
1636302027644, 40676, 26/40, [LOSS (0), TIE (1), LOSS (0), TIE (0)]
1636302049095, 40676, 27/40, [LOSS (0), TIE (1), LOSS (0), TIE (0)]
1636302070884, 88801, 28/40, [LOSS (0), TIE (1), LOSS (0), TIE (0)]
1636302096346, 88801, 29/40, [LOSS (0), TIE (1), LOSS (0), TIE (0)]
1636302119245, 88801, 30/40, [LOSS (0), LOSS (1), LOSS (0), WIN (0)]
1636302142891, 88801, 31/40, [LOSS (0), TIE (1), LOSS (0), TIE (0)]
1636302169211, 54973, 32/40, [LOSS (0), TIE (1), LOSS (0), TIE (0)]
1636302192052, 54973, 33/40, [LOSS (0), LOSS (1), LOSS (0), WIN (0)]
1636302214939, 54973, 34/40, [LOSS (0), WIN (1), LOSS (0), LOSS (0)]
1636302240132, 54973, 35/40, [LOSS (0), LOSS (1), LOSS (0), WIN (0)]
1636302264979, 56305, 36/40, [LOSS (0), WIN (1), LOSS (0), LOSS (0)]
1636302284648, 56305, 37/40, [LOSS (0), TIE (1), LOSS (0), TIE (0)]
1636302309088, 56305, 38/40, [LOSS (0), TIE (1), LOSS (0), TIE (0)]
1636302331617, 56305, 39/40, [LOSS (0), TIE (1), LOSS (0), TIE (0)]
N 	Win 	Tie 	Loss 	Player (overtime average)
40	0.0%	0.0%	100.0%	players.DoNothingPlayer (0.0)
40	10.0%	67.5%	22.5%	players.mcts_v2.mcts.MCTSPlayer_V2 (1.0)
40	0.0%	0.0%	100.0%	players.DoNothingPlayer (0.0)
40	22.5%	67.5%	10.0%	players.mcts.MCTSPlayer (0.0)
java -jar out/eval/java-pommerman.jar 0 10 4 -1 0 7 0 5 200 12 UCT_UCB1 SAFE_PLACE_DEFAULT CUSTOM_HEURISTIC 0 true 40 3 50 1.4
