HUGE_NEGATIVE -> -1000.0
HUGE_POSITIVE -> 1000.0
STOP_TIME -> 0
STOP_ITERATIONS -> 1
STOP_FMCALLS -> 2
CUSTOM_HEURISTIC -> 0
ADVANCED_HEURISTIC -> 1
epsilon -> 1.0E-6
K -> 1.4142135623730951
rollout_depth -> 12
heuristic_method -> 0
stop_type -> 1
num_iterations -> 200
num_fmcalls -> 2000
num_time -> 40
SAFE_PLACE_DEFAULT -> 0
SAFE_PLACE_ADVANCED -> 1
SAFE_PLACE_EARLY_STOP -> 2
safe_place_method -> 0
UCT_UCB1 -> 0
UCT_UCB1_TURNED -> 1
uct_method -> 0
uctBias -> 0.0
progressiveUnpruningEnable -> true
progressiveUnpruningT -> 40
progressiveUnpruningKInit -> 4
progressiveUnpruningA -> 50.0
progressiveUnpruningB -> 1.3
WARNING: Invalid agent ID: 7
0-10-4--1-0-7-0-5 [DoNothing,MCV2,DoNothing,MCTS]
1636303163451, 76669, 0/40, [LOSS (0), TIE (1), LOSS (0), TIE (0)]
1636303187527, 76669, 1/40, [LOSS (0), TIE (1), LOSS (0), TIE (0)]
1636303207014, 76669, 2/40, [LOSS (0), TIE (1), LOSS (0), TIE (0)]
1636303226166, 76669, 3/40, [LOSS (0), TIE (1), LOSS (0), TIE (0)]
1636303247303, 35584, 4/40, [LOSS (0), TIE (1), LOSS (0), TIE (0)]
1636303265614, 35584, 5/40, [LOSS (0), WIN (1), LOSS (0), LOSS (0)]
1636303283056, 35584, 6/40, [LOSS (0), WIN (1), LOSS (0), LOSS (0)]
1636303301581, 35584, 7/40, [LOSS (0), WIN (1), LOSS (0), LOSS (0)]
1636303320375, 45308, 8/40, [LOSS (0), LOSS (1), LOSS (0), WIN (0)]
1636303338564, 45308, 9/40, [LOSS (0), LOSS (1), LOSS (0), WIN (0)]
1636303357581, 45308, 10/40, [LOSS (0), LOSS (1), LOSS (0), WIN (0)]
1636303376664, 45308, 11/40, [LOSS (0), TIE (1), LOSS (0), TIE (0)]
1636303401406, 20388, 12/40, [LOSS (0), LOSS (1), LOSS (0), WIN (0)]
1636303420934, 20388, 13/40, [LOSS (0), TIE (1), LOSS (0), TIE (0)]
1636303441156, 20388, 14/40, [LOSS (0), TIE (1), LOSS (0), TIE (0)]
1636303461684, 20388, 15/40, [LOSS (0), TIE (1), LOSS (0), TIE (0)]
1636303480779, 73806, 16/40, [LOSS (0), TIE (1), LOSS (0), TIE (0)]
1636303501408, 73806, 17/40, [LOSS (0), TIE (1), LOSS (0), TIE (0)]
1636303522977, 73806, 18/40, [LOSS (0), WIN (1), LOSS (0), LOSS (0)]
1636303541509, 73806, 19/40, [LOSS (0), LOSS (1), LOSS (0), WIN (0)]
1636303559787, 34361, 20/40, [LOSS (0), TIE (1), LOSS (0), TIE (0)]
1636303575953, 34361, 21/40, [LOSS (0), TIE (1), LOSS (0), TIE (0)]
1636303592734, 34361, 22/40, [LOSS (0), TIE (1), LOSS (0), TIE (0)]
1636303619484, 34361, 23/40, [LOSS (0), TIE (1), LOSS (0), TIE (0)]
1636303648048, 10993, 24/40, [LOSS (0), WIN (1), LOSS (0), LOSS (0)]
1636303668221, 10993, 25/40, [LOSS (0), WIN (1), LOSS (0), LOSS (0)]
1636303686777, 10993, 26/40, [LOSS (0), WIN (1), LOSS (0), LOSS (0)]
1636303707489, 10993, 27/40, [LOSS (0), TIE (1), LOSS (0), TIE (0)]
1636303728583, 5088, 28/40, [LOSS (0), WIN (1), LOSS (0), LOSS (0)]
1636303747285, 5088, 29/40, [LOSS (0), WIN (1), LOSS (0), LOSS (0)]
1636303769063, 5088, 30/40, [LOSS (0), LOSS (1), LOSS (0), WIN (0)]
1636303788763, 5088, 31/40, [LOSS (0), LOSS (1), LOSS (0), WIN (0)]
1636303807930, 91228, 32/40, [LOSS (0), WIN (1), LOSS (0), LOSS (0)]
1636303831657, 91228, 33/40, [LOSS (0), TIE (1), LOSS (0), TIE (0)]
1636303855952, 91228, 34/40, [LOSS (0), TIE (1), LOSS (0), TIE (0)]
1636303882260, 91228, 35/40, [LOSS (0), TIE (1), LOSS (0), TIE (0)]
1636303902323, 37786, 36/40, [LOSS (0), WIN (1), LOSS (0), LOSS (0)]
1636303923317, 37786, 37/40, [LOSS (0), WIN (1), LOSS (0), LOSS (0)]
1636303946300, 37786, 38/40, [LOSS (0), LOSS (1), LOSS (0), WIN (0)]
1636303971116, 37786, 39/40, [LOSS (0), LOSS (1), LOSS (0), WIN (0)]
N 	Win 	Tie 	Loss 	Player (overtime average)
40	0.0%	0.0%	100.0%	players.DoNothingPlayer (0.0)
40	30.0%	47.5%	22.5%	players.mcts_v2.mcts.MCTSPlayer_V2 (1.0)
40	0.0%	0.0%	100.0%	players.DoNothingPlayer (0.0)
40	22.5%	47.5%	30.0%	players.mcts.MCTSPlayer (0.0)
java -jar out/eval/java-pommerman.jar 0 10 4 -1 0 7 0 5 200 12 UCT_UCB1 SAFE_PLACE_DEFAULT CUSTOM_HEURISTIC 0 true 40 4 50 1.3
