HUGE_NEGATIVE -> -1000.0
HUGE_POSITIVE -> 1000.0
STOP_TIME -> 0
STOP_ITERATIONS -> 1
STOP_FMCALLS -> 2
CUSTOM_HEURISTIC -> 0
ADVANCED_HEURISTIC -> 1
epsilon -> 1.0E-6
K -> 1.4142135623730951
rollout_depth -> 12
heuristic_method -> 0
stop_type -> 1
num_iterations -> 200
num_fmcalls -> 2000
num_time -> 40
SAFE_PLACE_DEFAULT -> 0
SAFE_PLACE_ADVANCED -> 1
SAFE_PLACE_EARLY_STOP -> 2
safe_place_method -> 0
UCT_UCB1 -> 0
UCT_UCB1_TURNED -> 1
uct_method -> 0
uctBias -> 0.0
progressiveUnpruningEnable -> true
progressiveUnpruningT -> 20
progressiveUnpruningKInit -> 4
progressiveUnpruningA -> 50.0
progressiveUnpruningB -> 1.4
WARNING: Invalid agent ID: 7
0-10-4--1-0-7-0-5 [DoNothing,MCV2,DoNothing,MCTS]
1636292806806, 21648, 0/40, [LOSS (0), LOSS (1), LOSS (0), WIN (0)]
1636292828419, 21648, 1/40, [LOSS (0), LOSS (1), LOSS (0), WIN (0)]
1636292847055, 21648, 2/40, [LOSS (0), WIN (1), LOSS (0), LOSS (0)]
1636292863306, 21648, 3/40, [LOSS (0), LOSS (1), LOSS (0), WIN (0)]
1636292881177, 11934, 4/40, [LOSS (0), TIE (1), LOSS (0), TIE (0)]
1636292900941, 11934, 5/40, [LOSS (0), WIN (1), LOSS (0), LOSS (0)]
1636292920087, 11934, 6/40, [LOSS (0), TIE (1), LOSS (0), TIE (0)]
1636292939213, 11934, 7/40, [LOSS (0), WIN (1), LOSS (0), LOSS (0)]
1636292958911, 4590, 8/40, [LOSS (0), LOSS (1), LOSS (0), WIN (0)]
1636292977712, 4590, 9/40, [LOSS (0), LOSS (1), LOSS (0), WIN (0)]
1636292994910, 4590, 10/40, [LOSS (0), WIN (1), LOSS (0), LOSS (0)]
1636293013072, 4590, 11/40, [LOSS (0), LOSS (1), LOSS (0), WIN (0)]
1636293029574, 71339, 12/40, [LOSS (0), TIE (1), LOSS (0), TIE (0)]
1636293046075, 71339, 13/40, [LOSS (0), TIE (1), LOSS (0), TIE (0)]
1636293062675, 71339, 14/40, [LOSS (0), TIE (1), LOSS (0), TIE (0)]
1636293080160, 71339, 15/40, [LOSS (0), TIE (1), LOSS (0), TIE (0)]
1636293097146, 41112, 16/40, [LOSS (0), TIE (1), LOSS (0), TIE (0)]
1636293117124, 41112, 17/40, [LOSS (0), TIE (1), LOSS (0), TIE (0)]
1636293136807, 41112, 18/40, [LOSS (0), TIE (1), LOSS (0), TIE (0)]
1636293156306, 41112, 19/40, [LOSS (0), TIE (1), LOSS (0), TIE (0)]
1636293176187, 89183, 20/40, [LOSS (0), WIN (1), LOSS (0), LOSS (0)]
1636293195805, 89183, 21/40, [LOSS (0), LOSS (1), LOSS (0), WIN (0)]
1636293213875, 89183, 22/40, [LOSS (0), LOSS (1), LOSS (0), WIN (0)]
1636293232963, 89183, 23/40, [LOSS (0), LOSS (1), LOSS (0), WIN (0)]
1636293251021, 74223, 24/40, [LOSS (0), LOSS (1), LOSS (0), WIN (0)]
1636293266820, 74223, 25/40, [LOSS (0), LOSS (1), LOSS (0), WIN (0)]
1636293283737, 74223, 26/40, [LOSS (0), TIE (1), LOSS (0), TIE (0)]
1636293299207, 74223, 27/40, [LOSS (0), LOSS (1), LOSS (0), WIN (0)]
1636293313829, 85966, 28/40, [LOSS (0), LOSS (1), LOSS (0), WIN (0)]
1636293326414, 85966, 29/40, [LOSS (0), WIN (1), LOSS (0), LOSS (0)]
1636293340779, 85966, 30/40, [LOSS (0), LOSS (1), LOSS (0), WIN (0)]
1636293355909, 85966, 31/40, [LOSS (0), LOSS (1), LOSS (0), WIN (0)]
1636293370974, 30321, 32/40, [LOSS (0), TIE (1), LOSS (0), TIE (0)]
1636293386474, 30321, 33/40, [LOSS (0), TIE (1), LOSS (0), TIE (0)]
1636293401139, 30321, 34/40, [LOSS (0), TIE (1), LOSS (0), TIE (0)]
1636293415803, 30321, 35/40, [LOSS (0), TIE (1), LOSS (0), TIE (0)]
1636293430717, 18454, 36/40, [LOSS (0), WIN (1), LOSS (0), LOSS (0)]
1636293445533, 18454, 37/40, [LOSS (0), WIN (1), LOSS (0), LOSS (0)]
1636293459876, 18454, 38/40, [LOSS (0), LOSS (1), LOSS (0), WIN (0)]
1636293474963, 18454, 39/40, [LOSS (0), LOSS (1), LOSS (0), WIN (0)]
N 	Win 	Tie 	Loss 	Player (overtime average)
40	0.0%	0.0%	100.0%	players.DoNothingPlayer (0.0)
40	20.0%	37.5%	42.5%	players.mcts_v2.mcts.MCTSPlayer_V2 (1.0)
40	0.0%	0.0%	100.0%	players.DoNothingPlayer (0.0)
40	42.5%	37.5%	20.0%	players.mcts.MCTSPlayer (0.0)
java -jar out/eval/java-pommerman.jar 0 10 4 -1 0 7 0 5 200 12 UCT_UCB1 SAFE_PLACE_DEFAULT CUSTOM_HEURISTIC 0 true 20 4 50 1.4
