HUGE_NEGATIVE -> -1000.0
HUGE_POSITIVE -> 1000.0
STOP_TIME -> 0
STOP_ITERATIONS -> 1
STOP_FMCALLS -> 2
CUSTOM_HEURISTIC -> 0
ADVANCED_HEURISTIC -> 1
epsilon -> 1.0E-6
K -> 1.4142135623730951
rollout_depth -> 12
heuristic_method -> 0
stop_type -> 1
num_iterations -> 200
num_fmcalls -> 2000
num_time -> 40
SAFE_PLACE_DEFAULT -> 0
SAFE_PLACE_ADVANCED -> 1
SAFE_PLACE_EARLY_STOP -> 2
safe_place_method -> 0
UCT_UCB1 -> 0
UCT_UCB1_TURNED -> 1
uct_method -> 0
uctBias -> 0.0
progressiveUnpruningEnable -> true
progressiveUnpruningT -> 30
progressiveUnpruningKInit -> 3
progressiveUnpruningA -> 40.0
progressiveUnpruningB -> 1.3
WARNING: Invalid agent ID: 7
0-10-4--1-0-7-0-5 [DoNothing,MCV2,DoNothing,MCTS]
1636295228494, 9155, 0/40, [LOSS (0), TIE (1), LOSS (0), TIE (0)]
1636295243102, 9155, 1/40, [LOSS (0), TIE (1), LOSS (0), TIE (0)]
1636295256009, 9155, 2/40, [LOSS (0), TIE (1), LOSS (0), TIE (0)]
1636295268724, 9155, 3/40, [LOSS (0), TIE (1), LOSS (0), TIE (0)]
1636295282304, 87304, 4/40, [LOSS (0), TIE (1), LOSS (0), TIE (0)]
1636295298662, 87304, 5/40, [LOSS (0), TIE (1), LOSS (0), TIE (0)]
1636295315433, 87304, 6/40, [LOSS (0), LOSS (1), LOSS (0), WIN (0)]
1636295329704, 87304, 7/40, [LOSS (0), WIN (1), LOSS (0), LOSS (0)]
1636295344654, 81665, 8/40, [LOSS (0), WIN (1), LOSS (0), LOSS (0)]
1636295358472, 81665, 9/40, [LOSS (0), WIN (1), LOSS (0), LOSS (0)]
1636295373255, 81665, 10/40, [LOSS (0), TIE (1), LOSS (0), TIE (0)]
1636295388602, 81665, 11/40, [LOSS (0), LOSS (1), LOSS (0), WIN (0)]
1636295402850, 49653, 12/40, [LOSS (0), TIE (1), LOSS (0), TIE (0)]
1636295416390, 49653, 13/40, [LOSS (0), TIE (1), LOSS (0), TIE (0)]
1636295429752, 49653, 14/40, [LOSS (0), TIE (1), LOSS (0), TIE (0)]
1636295443134, 49653, 15/40, [LOSS (0), TIE (1), LOSS (0), TIE (0)]
1636295456571, 99492, 16/40, [LOSS (0), TIE (1), LOSS (0), TIE (0)]
1636295471489, 99492, 17/40, [LOSS (0), LOSS (1), LOSS (0), WIN (0)]
1636295487506, 99492, 18/40, [LOSS (0), WIN (1), LOSS (0), LOSS (0)]
1636295501414, 99492, 19/40, [LOSS (0), LOSS (1), LOSS (0), WIN (0)]
1636295515033, 27088, 20/40, [LOSS (0), LOSS (1), LOSS (0), WIN (0)]
1636295529911, 27088, 21/40, [LOSS (0), WIN (1), LOSS (0), LOSS (0)]
1636295544965, 27088, 22/40, [LOSS (0), LOSS (1), LOSS (0), WIN (0)]
1636295559847, 27088, 23/40, [LOSS (0), LOSS (1), LOSS (0), WIN (0)]
1636295574569, 2166, 24/40, [LOSS (0), TIE (1), LOSS (0), TIE (0)]
1636295589064, 2166, 25/40, [LOSS (0), TIE (1), LOSS (0), TIE (0)]
1636295603543, 2166, 26/40, [LOSS (0), LOSS (1), LOSS (0), WIN (0)]
1636295617206, 2166, 27/40, [LOSS (0), LOSS (1), LOSS (0), WIN (0)]
1636295630699, 21011, 28/40, [LOSS (0), LOSS (1), LOSS (0), WIN (0)]
1636295644833, 21011, 29/40, [LOSS (0), LOSS (1), LOSS (0), WIN (0)]
1636295659811, 21011, 30/40, [LOSS (0), WIN (1), LOSS (0), LOSS (0)]
1636295673451, 21011, 31/40, [LOSS (0), LOSS (1), LOSS (0), WIN (0)]
1636295688080, 72950, 32/40, [LOSS (0), TIE (1), LOSS (0), TIE (0)]
1636295703845, 72950, 33/40, [LOSS (0), WIN (1), LOSS (0), LOSS (0)]
1636295718745, 72950, 34/40, [LOSS (0), TIE (1), LOSS (0), TIE (0)]
1636295733747, 72950, 35/40, [LOSS (0), LOSS (1), LOSS (0), WIN (0)]
1636295748793, 18785, 36/40, [LOSS (0), TIE (1), LOSS (0), TIE (0)]
1636295764361, 18785, 37/40, [LOSS (0), TIE (1), LOSS (0), TIE (0)]
1636295780834, 18785, 38/40, [LOSS (0), TIE (1), LOSS (0), TIE (0)]
1636295796490, 18785, 39/40, [LOSS (0), TIE (1), LOSS (0), TIE (0)]
N 	Win 	Tie 	Loss 	Player (overtime average)
40	0.0%	0.0%	100.0%	players.DoNothingPlayer (0.0)
40	17.5%	50.0%	32.5%	players.mcts_v2.mcts.MCTSPlayer_V2 (1.0)
40	0.0%	0.0%	100.0%	players.DoNothingPlayer (0.0)
40	32.5%	50.0%	17.5%	players.mcts.MCTSPlayer (0.0)
java -jar out/eval/java-pommerman.jar 0 10 4 -1 0 7 0 5 200 12 UCT_UCB1 SAFE_PLACE_DEFAULT CUSTOM_HEURISTIC 0 true 30 3 40 1.3
