HUGE_NEGATIVE -> -1000.0
HUGE_POSITIVE -> 1000.0
STOP_TIME -> 0
STOP_ITERATIONS -> 1
STOP_FMCALLS -> 2
CUSTOM_HEURISTIC -> 0
ADVANCED_HEURISTIC -> 1
epsilon -> 1.0E-6
K -> 1.4142135623730951
rollout_depth -> 12
heuristic_method -> 0
stop_type -> 1
num_iterations -> 200
num_fmcalls -> 2000
num_time -> 40
SAFE_PLACE_DEFAULT -> 0
SAFE_PLACE_ADVANCED -> 1
SAFE_PLACE_EARLY_STOP -> 2
safe_place_method -> 0
UCT_UCB1 -> 0
UCT_UCB1_TURNED -> 1
uct_method -> 0
uctBias -> 0.0
progressiveUnpruningEnable -> true
progressiveUnpruningT -> 30
progressiveUnpruningKInit -> 4
progressiveUnpruningA -> 50.0
progressiveUnpruningB -> 1.4
WARNING: Invalid agent ID: 7
0-10-4--1-0-7-0-5 [DoNothing,MCV2,DoNothing,MCTS]
1636297042597, 19419, 0/40, [LOSS (0), WIN (1), LOSS (0), LOSS (0)]
1636297058950, 19419, 1/40, [LOSS (0), LOSS (1), LOSS (0), WIN (0)]
1636297076219, 19419, 2/40, [LOSS (0), WIN (1), LOSS (0), LOSS (0)]
1636297092710, 19419, 3/40, [LOSS (0), LOSS (1), LOSS (0), WIN (0)]
1636297108415, 99351, 4/40, [LOSS (0), TIE (1), LOSS (0), TIE (0)]
1636297125632, 99351, 5/40, [LOSS (0), TIE (1), LOSS (0), TIE (0)]
1636297142367, 99351, 6/40, [LOSS (0), TIE (1), LOSS (0), TIE (0)]
1636297158706, 99351, 7/40, [LOSS (0), TIE (1), LOSS (0), TIE (0)]
1636297175452, 6325, 8/40, [LOSS (0), TIE (1), LOSS (0), TIE (0)]
1636297191597, 6325, 9/40, [LOSS (0), TIE (1), LOSS (0), TIE (0)]
1636297207581, 6325, 10/40, [LOSS (0), TIE (1), LOSS (0), TIE (0)]
1636297223629, 6325, 11/40, [LOSS (0), TIE (1), LOSS (0), TIE (0)]
1636297239797, 4053, 12/40, [LOSS (0), LOSS (1), LOSS (0), WIN (0)]
1636297257385, 4053, 13/40, [LOSS (0), LOSS (1), LOSS (0), WIN (0)]
1636297274813, 4053, 14/40, [LOSS (0), WIN (1), LOSS (0), LOSS (0)]
1636297292018, 4053, 15/40, [LOSS (0), LOSS (1), LOSS (0), WIN (0)]
1636297309293, 67236, 16/40, [LOSS (0), LOSS (1), LOSS (0), WIN (0)]
1636297327393, 67236, 17/40, [LOSS (0), WIN (1), LOSS (0), LOSS (0)]
1636297345142, 67236, 18/40, [LOSS (0), WIN (1), LOSS (0), LOSS (0)]
1636297363581, 67236, 19/40, [LOSS (0), LOSS (1), LOSS (0), WIN (0)]
1636297380392, 20540, 20/40, [LOSS (0), LOSS (1), LOSS (0), WIN (0)]
1636297397817, 20540, 21/40, [LOSS (0), LOSS (1), LOSS (0), WIN (0)]
1636297414380, 20540, 22/40, [LOSS (0), LOSS (1), LOSS (0), WIN (0)]
1636297431442, 20540, 23/40, [LOSS (0), LOSS (1), LOSS (0), WIN (0)]
1636297450615, 7374, 24/40, [LOSS (0), LOSS (1), LOSS (0), WIN (0)]
1636297468882, 7374, 25/40, [LOSS (0), WIN (1), LOSS (0), LOSS (0)]
1636297487281, 7374, 26/40, [LOSS (0), LOSS (1), LOSS (0), WIN (0)]
1636297503306, 7374, 27/40, [LOSS (0), LOSS (1), LOSS (0), WIN (0)]
1636297521312, 15736, 28/40, [LOSS (0), LOSS (1), LOSS (0), WIN (0)]
1636297537815, 15736, 29/40, [LOSS (0), LOSS (1), LOSS (0), WIN (0)]
1636297555333, 15736, 30/40, [LOSS (0), LOSS (1), LOSS (0), WIN (0)]
1636297572200, 15736, 31/40, [LOSS (0), WIN (1), LOSS (0), LOSS (0)]
1636297590644, 47216, 32/40, [LOSS (0), TIE (1), LOSS (0), TIE (0)]
1636297609487, 47216, 33/40, [LOSS (0), LOSS (1), LOSS (0), WIN (0)]
1636297626314, 47216, 34/40, [LOSS (0), TIE (1), LOSS (0), TIE (0)]
1636297647371, 47216, 35/40, [LOSS (0), WIN (1), LOSS (0), LOSS (0)]
1636297670749, 56232, 36/40, [LOSS (0), TIE (1), LOSS (0), TIE (0)]
1636297692679, 56232, 37/40, [LOSS (0), TIE (1), LOSS (0), TIE (0)]
1636297712188, 56232, 38/40, [LOSS (0), TIE (1), LOSS (0), TIE (0)]
1636297730569, 56232, 39/40, [LOSS (0), TIE (1), LOSS (0), TIE (0)]
N 	Win 	Tie 	Loss 	Player (overtime average)
40	0.0%	0.0%	100.0%	players.DoNothingPlayer (0.0)
40	20.0%	35.0%	45.0%	players.mcts_v2.mcts.MCTSPlayer_V2 (1.0)
40	0.0%	0.0%	100.0%	players.DoNothingPlayer (0.0)
40	45.0%	35.0%	20.0%	players.mcts.MCTSPlayer (0.0)
java -jar out/eval/java-pommerman.jar 0 10 4 -1 0 7 0 5 200 12 UCT_UCB1 SAFE_PLACE_DEFAULT CUSTOM_HEURISTIC 0 true 30 4 50 1.4
