HUGE_NEGATIVE -> -1000.0
HUGE_POSITIVE -> 1000.0
STOP_TIME -> 0
STOP_ITERATIONS -> 1
STOP_FMCALLS -> 2
CUSTOM_HEURISTIC -> 0
ADVANCED_HEURISTIC -> 1
epsilon -> 1.0E-6
K -> 1.4142135623730951
rollout_depth -> 12
heuristic_method -> 0
stop_type -> 1
num_iterations -> 200
num_fmcalls -> 2000
num_time -> 40
SAFE_PLACE_DEFAULT -> 0
SAFE_PLACE_ADVANCED -> 1
SAFE_PLACE_EARLY_STOP -> 2
safe_place_method -> 0
UCT_UCB1 -> 0
UCT_UCB1_TURNED -> 1
uct_method -> 0
uctBias -> 0.0
progressiveUnpruningEnable -> true
progressiveUnpruningT -> 20
progressiveUnpruningKInit -> 4
progressiveUnpruningA -> 40.0
progressiveUnpruningB -> 1.4
WARNING: Invalid agent ID: 7
0-10-4--1-0-7-0-5 [DoNothing,MCV2,DoNothing,MCTS]
1636292731759, 21509, 0/40, [LOSS (0), TIE (1), LOSS (0), TIE (0)]
1636292754792, 21509, 1/40, [LOSS (0), TIE (1), LOSS (0), TIE (0)]
1636292774782, 21509, 2/40, [LOSS (0), TIE (1), LOSS (0), TIE (0)]
1636292796554, 21509, 3/40, [LOSS (0), TIE (1), LOSS (0), TIE (0)]
1636292819818, 35143, 4/40, [LOSS (0), LOSS (1), LOSS (0), WIN (0)]
1636292840306, 35143, 5/40, [LOSS (0), LOSS (1), LOSS (0), WIN (0)]
1636292858543, 35143, 6/40, [LOSS (0), WIN (1), LOSS (0), LOSS (0)]
1636292877939, 35143, 7/40, [LOSS (0), TIE (1), LOSS (0), TIE (0)]
1636292898172, 21669, 8/40, [LOSS (0), WIN (1), LOSS (0), LOSS (0)]
1636292917003, 21669, 9/40, [LOSS (0), WIN (1), LOSS (0), LOSS (0)]
1636292935504, 21669, 10/40, [LOSS (0), WIN (1), LOSS (0), LOSS (0)]
1636292954519, 21669, 11/40, [LOSS (0), LOSS (1), LOSS (0), WIN (0)]
1636292973561, 32772, 12/40, [LOSS (0), LOSS (1), LOSS (0), WIN (0)]
1636292992832, 32772, 13/40, [LOSS (0), WIN (1), LOSS (0), LOSS (0)]
1636293012156, 32772, 14/40, [LOSS (0), WIN (1), LOSS (0), LOSS (0)]
1636293028833, 32772, 15/40, [LOSS (0), LOSS (1), LOSS (0), WIN (0)]
1636293044632, 35377, 16/40, [LOSS (0), TIE (1), LOSS (0), TIE (0)]
1636293064475, 35377, 17/40, [LOSS (0), TIE (1), LOSS (0), TIE (0)]
1636293085525, 35377, 18/40, [LOSS (0), TIE (1), LOSS (0), TIE (0)]
1636293105920, 35377, 19/40, [LOSS (0), TIE (1), LOSS (0), TIE (0)]
1636293125437, 2045, 20/40, [LOSS (0), TIE (1), LOSS (0), TIE (0)]
1636293143203, 2045, 21/40, [LOSS (0), TIE (1), LOSS (0), TIE (0)]
1636293159983, 2045, 22/40, [LOSS (0), TIE (1), LOSS (0), TIE (0)]
1636293177457, 2045, 23/40, [LOSS (0), TIE (1), LOSS (0), TIE (0)]
1636293195325, 51344, 24/40, [LOSS (0), TIE (1), LOSS (0), TIE (0)]
1636293212070, 51344, 25/40, [LOSS (0), TIE (1), LOSS (0), TIE (0)]
1636293229765, 51344, 26/40, [LOSS (0), TIE (1), LOSS (0), TIE (0)]
1636293246135, 51344, 27/40, [LOSS (0), TIE (1), LOSS (0), TIE (0)]
1636293262415, 24248, 28/40, [LOSS (0), TIE (1), LOSS (0), TIE (0)]
1636293280014, 24248, 29/40, [LOSS (0), WIN (1), LOSS (0), LOSS (0)]
1636293295807, 24248, 30/40, [LOSS (0), LOSS (1), LOSS (0), WIN (0)]
1636293310662, 24248, 31/40, [LOSS (0), LOSS (1), LOSS (0), WIN (0)]
1636293325017, 18440, 32/40, [TIE (0), TIE (1), TIE (0), TIE (0)]
1636293337542, 18440, 33/40, [TIE (0), TIE (1), TIE (0), TIE (0)]
1636293350251, 18440, 34/40, [TIE (0), TIE (1), TIE (0), TIE (0)]
1636293363223, 18440, 35/40, [TIE (0), TIE (1), TIE (0), TIE (0)]
1636293375848, 31402, 36/40, [LOSS (0), WIN (1), LOSS (0), LOSS (0)]
1636293391728, 31402, 37/40, [LOSS (0), LOSS (1), LOSS (0), WIN (0)]
1636293406546, 31402, 38/40, [LOSS (0), WIN (1), LOSS (0), LOSS (0)]
1636293421578, 31402, 39/40, [LOSS (0), LOSS (1), LOSS (0), WIN (0)]
N 	Win 	Tie 	Loss 	Player (overtime average)
40	0.0%	10.0%	90.0%	players.DoNothingPlayer (0.0)
40	22.5%	55.0%	22.5%	players.mcts_v2.mcts.MCTSPlayer_V2 (1.0)
40	0.0%	10.0%	90.0%	players.DoNothingPlayer (0.0)
40	22.5%	55.0%	22.5%	players.mcts.MCTSPlayer (0.0)
java -jar out/eval/java-pommerman.jar 0 10 4 -1 0 7 0 5 200 12 UCT_UCB1 SAFE_PLACE_DEFAULT CUSTOM_HEURISTIC 0 true 20 4 40 1.4
