HUGE_NEGATIVE -> -1000.0
HUGE_POSITIVE -> 1000.0
STOP_TIME -> 0
STOP_ITERATIONS -> 1
STOP_FMCALLS -> 2
CUSTOM_HEURISTIC -> 0
ADVANCED_HEURISTIC -> 1
epsilon -> 1.0E-6
K -> 1.4142135623730951
rollout_depth -> 12
heuristic_method -> 0
stop_type -> 1
num_iterations -> 200
num_fmcalls -> 2000
num_time -> 40
SAFE_PLACE_DEFAULT -> 0
SAFE_PLACE_ADVANCED -> 1
SAFE_PLACE_EARLY_STOP -> 2
safe_place_method -> 0
UCT_UCB1 -> 0
UCT_UCB1_TURNED -> 1
uct_method -> 0
uctBias -> 0.0
progressiveUnpruningEnable -> true
progressiveUnpruningT -> 40
progressiveUnpruningKInit -> 4
progressiveUnpruningA -> 50.0
progressiveUnpruningB -> 1.4
WARNING: Invalid agent ID: 7
0-10-4--1-0-7-0-5 [DoNothing,MCV2,DoNothing,MCTS]
1636303165000, 94569, 0/40, [LOSS (0), LOSS (1), LOSS (0), WIN (0)]
1636303187927, 94569, 1/40, [LOSS (0), LOSS (1), LOSS (0), WIN (0)]
1636303206707, 94569, 2/40, [LOSS (0), WIN (1), LOSS (0), LOSS (0)]
1636303225042, 94569, 3/40, [LOSS (0), TIE (1), LOSS (0), TIE (0)]
1636303247008, 26930, 4/40, [LOSS (0), LOSS (1), LOSS (0), WIN (0)]
1636303264482, 26930, 5/40, [LOSS (0), WIN (1), LOSS (0), LOSS (0)]
1636303282717, 26930, 6/40, [LOSS (0), LOSS (1), LOSS (0), WIN (0)]
1636303300374, 26930, 7/40, [LOSS (0), WIN (1), LOSS (0), LOSS (0)]
1636303320910, 41266, 8/40, [LOSS (0), TIE (1), LOSS (0), TIE (0)]
1636303338940, 41266, 9/40, [LOSS (0), TIE (1), LOSS (0), TIE (0)]
1636303355929, 41266, 10/40, [LOSS (0), TIE (1), LOSS (0), TIE (0)]
1636303372826, 41266, 11/40, [LOSS (0), TIE (1), LOSS (0), TIE (0)]
1636303393531, 41436, 12/40, [LOSS (0), TIE (1), LOSS (0), TIE (0)]
1636303414820, 41436, 13/40, [LOSS (0), LOSS (1), LOSS (0), WIN (0)]
1636303433503, 41436, 14/40, [LOSS (0), LOSS (1), LOSS (0), WIN (0)]
1636303453064, 41436, 15/40, [LOSS (0), LOSS (1), LOSS (0), WIN (0)]
1636303471542, 75560, 16/40, [LOSS (0), WIN (1), LOSS (0), LOSS (0)]
1636303488327, 75560, 17/40, [LOSS (0), WIN (1), LOSS (0), LOSS (0)]
1636303504883, 75560, 18/40, [LOSS (0), TIE (1), LOSS (0), TIE (0)]
1636303525440, 75560, 19/40, [LOSS (0), LOSS (1), LOSS (0), WIN (0)]
1636303543551, 2906, 20/40, [LOSS (0), WIN (1), LOSS (0), LOSS (0)]
1636303560902, 2906, 21/40, [LOSS (0), WIN (1), LOSS (0), LOSS (0)]
1636303578236, 2906, 22/40, [LOSS (0), WIN (1), LOSS (0), LOSS (0)]
1636303601556, 2906, 23/40, [LOSS (0), LOSS (1), LOSS (0), WIN (0)]
1636303621448, 94102, 24/40, [LOSS (0), WIN (1), LOSS (0), LOSS (0)]
1636303652309, 94102, 25/40, [LOSS (0), WIN (1), LOSS (0), LOSS (0)]
1636303671563, 94102, 26/40, [LOSS (0), WIN (1), LOSS (0), LOSS (0)]
1636303690405, 94102, 27/40, [LOSS (0), WIN (1), LOSS (0), LOSS (0)]
1636303708278, 16418, 28/40, [LOSS (0), TIE (1), LOSS (0), TIE (0)]
1636303727611, 16418, 29/40, [LOSS (0), TIE (1), LOSS (0), TIE (0)]
1636303747297, 16418, 30/40, [LOSS (0), TIE (1), LOSS (0), TIE (0)]
1636303769338, 16418, 31/40, [LOSS (0), TIE (1), LOSS (0), TIE (0)]
1636303789843, 92678, 32/40, [LOSS (0), TIE (1), LOSS (0), TIE (0)]
1636303809982, 92678, 33/40, [LOSS (0), TIE (1), LOSS (0), TIE (0)]
1636303830363, 92678, 34/40, [LOSS (0), TIE (1), LOSS (0), TIE (0)]
1636303851650, 92678, 35/40, [LOSS (0), WIN (1), LOSS (0), LOSS (0)]
1636303871589, 44990, 36/40, [LOSS (0), LOSS (1), LOSS (0), WIN (0)]
1636303893766, 44990, 37/40, [LOSS (0), TIE (1), LOSS (0), TIE (0)]
1636303914720, 44990, 38/40, [LOSS (0), LOSS (1), LOSS (0), WIN (0)]
1636303938897, 44990, 39/40, [LOSS (0), TIE (1), LOSS (0), TIE (0)]
N 	Win 	Tie 	Loss 	Player (overtime average)
40	0.0%	0.0%	100.0%	players.DoNothingPlayer (0.0)
40	32.5%	40.0%	27.5%	players.mcts_v2.mcts.MCTSPlayer_V2 (1.0)
40	0.0%	0.0%	100.0%	players.DoNothingPlayer (0.0)
40	27.5%	40.0%	32.5%	players.mcts.MCTSPlayer (0.0)
java -jar out/eval/java-pommerman.jar 0 10 4 -1 0 7 0 5 200 12 UCT_UCB1 SAFE_PLACE_DEFAULT CUSTOM_HEURISTIC 0 true 40 4 50 1.4
