HUGE_NEGATIVE -> -1000.0
HUGE_POSITIVE -> 1000.0
STOP_TIME -> 0
STOP_ITERATIONS -> 1
STOP_FMCALLS -> 2
CUSTOM_HEURISTIC -> 0
ADVANCED_HEURISTIC -> 1
epsilon -> 1.0E-6
K -> 1.4142135623730951
rollout_depth -> 12
heuristic_method -> 0
stop_type -> 1
num_iterations -> 200
num_fmcalls -> 2000
num_time -> 40
SAFE_PLACE_DEFAULT -> 0
SAFE_PLACE_ADVANCED -> 1
SAFE_PLACE_EARLY_STOP -> 2
safe_place_method -> 0
UCT_UCB1 -> 0
UCT_UCB1_TURNED -> 1
uct_method -> 0
uctBias -> 0.0
progressiveUnpruningEnable -> true
progressiveUnpruningT -> 30
progressiveUnpruningKInit -> 3
progressiveUnpruningA -> 50.0
progressiveUnpruningB -> 1.4
WARNING: Invalid agent ID: 7
0-10-4--1-0-7-0-5 [DoNothing,MCV2,DoNothing,MCTS]
1636295813051, 6292, 0/40, [LOSS (0), WIN (1), LOSS (0), LOSS (0)]
1636295830653, 6292, 1/40, [LOSS (0), WIN (1), LOSS (0), LOSS (0)]
1636295845711, 6292, 2/40, [LOSS (0), WIN (1), LOSS (0), LOSS (0)]
1636295860072, 6292, 3/40, [LOSS (0), WIN (1), LOSS (0), LOSS (0)]
1636295874796, 41639, 4/40, [LOSS (0), LOSS (1), LOSS (0), WIN (0)]
1636295889826, 41639, 5/40, [LOSS (0), TIE (1), LOSS (0), TIE (0)]
1636295904947, 41639, 6/40, [LOSS (0), LOSS (1), LOSS (0), WIN (0)]
1636295921079, 41639, 7/40, [LOSS (0), LOSS (1), LOSS (0), WIN (0)]
1636295935771, 18069, 8/40, [LOSS (0), TIE (1), LOSS (0), TIE (0)]
1636295949658, 18069, 9/40, [LOSS (0), TIE (1), LOSS (0), TIE (0)]
1636295963291, 18069, 10/40, [LOSS (0), TIE (1), LOSS (0), TIE (0)]
1636295976987, 18069, 11/40, [LOSS (0), TIE (1), LOSS (0), TIE (0)]
1636295991064, 47356, 12/40, [LOSS (0), LOSS (1), LOSS (0), WIN (0)]
1636296004898, 47356, 13/40, [LOSS (0), WIN (1), LOSS (0), LOSS (0)]
1636296019093, 47356, 14/40, [LOSS (0), WIN (1), LOSS (0), LOSS (0)]
1636296034011, 47356, 15/40, [LOSS (0), TIE (1), LOSS (0), TIE (0)]
1636296048897, 60881, 16/40, [LOSS (0), TIE (1), LOSS (0), TIE (0)]
1636296064055, 60881, 17/40, [LOSS (0), TIE (1), LOSS (0), TIE (0)]
1636296079305, 60881, 18/40, [LOSS (0), TIE (1), LOSS (0), TIE (0)]
1636296094710, 60881, 19/40, [LOSS (0), TIE (1), LOSS (0), TIE (0)]
1636296109631, 69796, 20/40, [LOSS (0), TIE (1), LOSS (0), TIE (0)]
1636296124280, 69796, 21/40, [LOSS (0), LOSS (1), LOSS (0), WIN (0)]
1636296138927, 69796, 22/40, [LOSS (0), TIE (1), LOSS (0), TIE (0)]
1636296153445, 69796, 23/40, [LOSS (0), TIE (1), LOSS (0), TIE (0)]
1636296167889, 60308, 24/40, [LOSS (0), TIE (1), LOSS (0), TIE (0)]
1636296181635, 60308, 25/40, [LOSS (0), TIE (1), LOSS (0), TIE (0)]
1636296195716, 60308, 26/40, [LOSS (0), TIE (1), LOSS (0), TIE (0)]
1636296209445, 60308, 27/40, [LOSS (0), TIE (1), LOSS (0), TIE (0)]
1636296223316, 7785, 28/40, [LOSS (0), TIE (1), LOSS (0), TIE (0)]
1636296237115, 7785, 29/40, [LOSS (0), TIE (1), LOSS (0), TIE (0)]
1636296250939, 7785, 30/40, [LOSS (0), TIE (1), LOSS (0), TIE (0)]
1636296265180, 7785, 31/40, [LOSS (0), TIE (1), LOSS (0), TIE (0)]
1636296278999, 81065, 32/40, [LOSS (0), TIE (1), LOSS (0), TIE (0)]
1636296292512, 81065, 33/40, [LOSS (0), TIE (1), LOSS (0), TIE (0)]
1636296306282, 81065, 34/40, [LOSS (0), TIE (1), LOSS (0), TIE (0)]
1636296319937, 81065, 35/40, [LOSS (0), TIE (1), LOSS (0), TIE (0)]
1636296333483, 80725, 36/40, [LOSS (0), WIN (1), LOSS (0), LOSS (0)]
1636296347520, 80725, 37/40, [LOSS (0), WIN (1), LOSS (0), LOSS (0)]
1636296361823, 80725, 38/40, [LOSS (0), WIN (1), LOSS (0), LOSS (0)]
1636296375936, 80725, 39/40, [LOSS (0), TIE (1), LOSS (0), TIE (0)]
N 	Win 	Tie 	Loss 	Player (overtime average)
40	0.0%	0.0%	100.0%	players.DoNothingPlayer (0.0)
40	22.5%	65.0%	12.5%	players.mcts_v2.mcts.MCTSPlayer_V2 (1.0)
40	0.0%	0.0%	100.0%	players.DoNothingPlayer (0.0)
40	12.5%	65.0%	22.5%	players.mcts.MCTSPlayer (0.0)
java -jar out/eval/java-pommerman.jar 0 10 4 -1 0 7 0 5 200 12 UCT_UCB1 SAFE_PLACE_DEFAULT CUSTOM_HEURISTIC 0 true 30 3 50 1.4
