HUGE_NEGATIVE -> -1000.0
HUGE_POSITIVE -> 1000.0
STOP_TIME -> 0
STOP_ITERATIONS -> 1
STOP_FMCALLS -> 2
CUSTOM_HEURISTIC -> 0
ADVANCED_HEURISTIC -> 1
epsilon -> 1.0E-6
K -> 1.4142135623730951
rollout_depth -> 12
heuristic_method -> 0
stop_type -> 1
num_iterations -> 200
num_fmcalls -> 2000
num_time -> 40
SAFE_PLACE_DEFAULT -> 0
SAFE_PLACE_ADVANCED -> 1
SAFE_PLACE_EARLY_STOP -> 2
safe_place_method -> 0
UCT_UCB1 -> 0
UCT_UCB1_TURNED -> 1
uct_method -> 0
uctBias -> 0.0
progressiveUnpruningEnable -> true
progressiveUnpruningT -> 40
progressiveUnpruningKInit -> 3
progressiveUnpruningA -> 60.0
progressiveUnpruningB -> 1.4
WARNING: Invalid agent ID: 7
0-10-4--1-0-7-0-5 [DoNothing,MCV2,DoNothing,MCTS]
1636301629266, 53345, 0/40, [LOSS (0), TIE (1), LOSS (0), TIE (0)]
1636301651117, 53345, 1/40, [LOSS (0), WIN (1), LOSS (0), LOSS (0)]
1636301671929, 53345, 2/40, [LOSS (0), TIE (1), LOSS (0), TIE (0)]
1636301690965, 53345, 3/40, [LOSS (0), LOSS (1), LOSS (0), WIN (0)]
1636301710467, 68700, 4/40, [LOSS (0), LOSS (1), LOSS (0), WIN (0)]
1636301732954, 68700, 5/40, [LOSS (0), LOSS (1), LOSS (0), WIN (0)]
1636301755722, 68700, 6/40, [LOSS (0), WIN (1), LOSS (0), LOSS (0)]
1636301780105, 68700, 7/40, [LOSS (0), LOSS (1), LOSS (0), WIN (0)]
1636301801687, 29488, 8/40, [LOSS (0), LOSS (1), LOSS (0), WIN (0)]
1636301821742, 29488, 9/40, [LOSS (0), WIN (1), LOSS (0), LOSS (0)]
1636301843964, 29488, 10/40, [LOSS (0), WIN (1), LOSS (0), LOSS (0)]
1636301862639, 29488, 11/40, [LOSS (0), TIE (1), LOSS (0), TIE (0)]
1636301881260, 85021, 12/40, [LOSS (0), WIN (1), LOSS (0), LOSS (0)]
1636301905345, 85021, 13/40, [LOSS (0), WIN (1), LOSS (0), LOSS (0)]
1636301927156, 85021, 14/40, [LOSS (0), LOSS (1), LOSS (0), WIN (0)]
1636301954431, 85021, 15/40, [LOSS (0), LOSS (1), LOSS (0), WIN (0)]
1636301972009, 95044, 16/40, [LOSS (0), TIE (1), LOSS (0), TIE (0)]
1636301993503, 95044, 17/40, [LOSS (0), TIE (1), LOSS (0), TIE (0)]
1636302018199, 95044, 18/40, [LOSS (0), TIE (1), LOSS (0), TIE (0)]
1636302041874, 95044, 19/40, [LOSS (0), TIE (1), LOSS (0), TIE (0)]
1636302066165, 26174, 20/40, [LOSS (0), TIE (1), LOSS (0), TIE (0)]
1636302090375, 26174, 21/40, [LOSS (0), LOSS (1), LOSS (0), WIN (0)]
1636302112123, 26174, 22/40, [LOSS (0), LOSS (1), LOSS (0), WIN (0)]
1636302136363, 26174, 23/40, [LOSS (0), LOSS (1), LOSS (0), WIN (0)]
1636302158793, 42426, 24/40, [LOSS (0), TIE (1), LOSS (0), TIE (0)]
1636302182063, 42426, 25/40, [LOSS (0), LOSS (1), LOSS (0), WIN (0)]
1636302205794, 42426, 26/40, [LOSS (0), WIN (1), LOSS (0), LOSS (0)]
1636302230176, 42426, 27/40, [LOSS (0), LOSS (1), LOSS (0), WIN (0)]
1636302253954, 91937, 28/40, [LOSS (0), LOSS (1), LOSS (0), WIN (0)]
1636302274212, 91937, 29/40, [LOSS (0), WIN (1), LOSS (0), LOSS (0)]
1636302298523, 91937, 30/40, [LOSS (0), TIE (1), LOSS (0), TIE (0)]
1636302325319, 91937, 31/40, [LOSS (0), LOSS (1), LOSS (0), WIN (0)]
1636302352826, 76275, 32/40, [LOSS (0), LOSS (1), LOSS (0), WIN (0)]
1636302374571, 76275, 33/40, [LOSS (0), WIN (1), LOSS (0), LOSS (0)]
1636302395054, 76275, 34/40, [LOSS (0), WIN (1), LOSS (0), LOSS (0)]
1636302412070, 76275, 35/40, [LOSS (0), LOSS (1), LOSS (0), WIN (0)]
1636302430904, 81647, 36/40, [LOSS (0), TIE (1), LOSS (0), TIE (0)]
1636302450906, 81647, 37/40, [LOSS (0), TIE (1), LOSS (0), TIE (0)]
1636302471326, 81647, 38/40, [LOSS (0), LOSS (1), LOSS (0), WIN (0)]
1636302492187, 81647, 39/40, [LOSS (0), TIE (1), LOSS (0), TIE (0)]
N 	Win 	Tie 	Loss 	Player (overtime average)
40	0.0%	0.0%	100.0%	players.DoNothingPlayer (0.0)
40	25.0%	32.5%	42.5%	players.mcts_v2.mcts.MCTSPlayer_V2 (1.0)
40	0.0%	0.0%	100.0%	players.DoNothingPlayer (0.0)
40	42.5%	32.5%	25.0%	players.mcts.MCTSPlayer (0.0)
java -jar out/eval/java-pommerman.jar 0 10 4 -1 0 7 0 5 200 12 UCT_UCB1 SAFE_PLACE_DEFAULT CUSTOM_HEURISTIC 0 true 40 3 60 1.4
